2014-12-08 01:47:00,756 : [ERROR] - Error Message  : Invalid amount
2014-12-08 01:49:42,643 : [ERROR] - Error Message  : Invalid amount
2014-12-08 01:50:04,212 : [ERROR] - Error Message  : Invalid amount
2014-12-08 01:50:29,357 : [ERROR] - Error Message  : Invalid amount
2014-12-08 04:21:52,797 : [ERROR] - SendSMS | Error : Invalid template or template mismatch
2014-12-08 04:28:08,677 : [ERROR] - Error Message  : Invalid amount
2014-12-08 04:38:23,425 : [ERROR] - Error Message  : Invalid amount
2014-12-08 04:42:29,061 : [ERROR] - Error Message  : Invalid amount
2014-12-08 04:43:03,449 : [ERROR] - Error Message  : Invalid amount
2014-12-08 04:44:30,522 : [ERROR] - Error Message  : Invalid amount
2014-12-08 04:55:49,770 : [ERROR] - Error Message  : No license is available for accepting payments to the benefit of this operator.
2014-12-08 04:57:43,967 : [ERROR] - Error Message  : No license is available for accepting payments to the benefit of this operator.
2014-12-08 05:02:41,283 : [ERROR] - Exception : Procedure or function 'DHS_API_GetTransactionSearch' expects parameter '@Value', which was not supplied.
2014-12-08 05:07:45,066 : [ERROR] - SendSMS | Error : Invalid template or template mismatch
2014-12-08 05:19:41,761 : [ERROR] - Error Message  : Invalid amount
2014-12-08 05:36:08,895 : [ERROR] - Error Message  : Invalid Operator Number
2014-12-08 05:36:38,407 : [ERROR] - Error Message  : Invalid Operator Number
2014-12-08 05:49:36,333 : [ERROR] - Error Message  : Invalid Operator Number
2014-12-08 05:51:19,163 : [ERROR] - Exception : Procedure or function 'DHS_API_GetTransactionSearch' expects parameter '@Value', which was not supplied.
2014-12-08 05:51:39,602 : [ERROR] - Exception : Procedure or function 'DHS_API_GetTransactionSearch' expects parameter '@Value', which was not supplied.
2014-12-08 06:07:41,078 : [ERROR] - SendSMS | Error : Invalid template or template mismatch
2014-12-08 06:10:51,669 : [ERROR] - Error Message  : Try after one hour
2014-12-08 06:12:00,123 : [ERROR] - Error Message  : Invalid amount
2014-12-08 06:13:15,964 : [ERROR] - Error Message  : Invalid Operator Number
2014-12-08 06:14:34,018 : [ERROR] - SendSMS | Error : Invalid template or template mismatch
2014-12-08 06:25:14,093 : [ERROR] - Error Message  : No license is available for accepting payments to the benefit of this operator.
2014-12-08 06:30:02,034 : [ERROR] - Error Message  : UnKnown Error
2014-12-08 06:30:19,540 : [ERROR] - Error Message  : Invalid amount
2014-12-08 06:30:41,151 : [ERROR] - Error Message  : Invalid amount
2014-12-08 07:01:25,400 : [ERROR] - SendSMS | Error : Invalid template or template mismatch
2014-12-08 07:05:39,009 : [ERROR] - Error Message  : Try after one hour
2014-12-08 07:05:57,717 : [ERROR] - Error Message  : Try after one hour
2014-12-08 07:06:22,414 : [ERROR] - SendSMS | Error : Invalid template or template mismatch
2014-12-08 07:07:04,523 : [ERROR] - Error Message  : Try after one hour
2014-12-08 07:28:45,800 : [ERROR] - Exception : Procedure or function 'DHS_API_GetTransactionSearch' expects parameter '@Value', which was not supplied.
2014-12-08 07:57:07,459 : [ERROR] - Error Message  : UnKnown Error
2014-12-08 07:57:17,968 : [FATAL] - Bad Request
2014-12-08 08:01:44,310 : [ERROR] - Exception : There is no row at position 0.
2014-12-08 08:13:16,286 : [ERROR] - Error Message  : Try after one hour
2014-12-08 08:24:10,608 : [ERROR] - Error Message  : Try after one hour
2014-12-08 08:43:02,795 : [ERROR] - Error Message  : Try after one hour
2014-12-08 09:19:42,828 : [ERROR] - Error Message  : Error of connection with the provider’s server or a routine break in CyberPlat®.
2014-12-08 09:26:22,683 : [ERROR] - Error Message  : Invalid amount
2014-12-08 09:41:44,413 : [ERROR] - Error Message  : Invalid amount
2014-12-08 09:52:58,352 : [FATAL] - Bad Request
2014-12-08 09:53:21,353 : [FATAL] - Bad Request
2014-12-08 09:54:26,543 : [ERROR] - SendSMS | Error : Invalid template or template mismatch
2014-12-08 10:11:50,681 : [FATAL] - Bad Request
2014-12-08 10:20:32,651 : [ERROR] - SendSMS | Error : Invalid template or template mismatch
2014-12-08 10:21:47,837 : [ERROR] - Error Message  : Invalid amount
2014-12-08 10:22:02,379 : [ERROR] - Exception : Procedure or function 'DHS_API_GetTransactionSearch' expects parameter '@Value', which was not supplied.
2014-12-08 10:22:11,862 : [ERROR] - Error Message  : Invalid amount
2014-12-08 10:25:21,720 : [ERROR] - Exception : There is no row at position 0.
2014-12-08 10:25:40,334 : [ERROR] - Exception : There is no row at position 0.
2014-12-08 10:26:45,475 : [ERROR] - Exception : Procedure or function 'DHS_API_GetTransactionSearch' expects parameter '@Value', which was not supplied.
2014-12-08 10:27:02,234 : [ERROR] - Exception : Procedure or function 'DHS_API_GetTransactionSearch' expects parameter '@Value', which was not supplied.
2014-12-08 10:27:56,988 : [ERROR] - Exception : Procedure or function 'DHS_API_GetTransactionSearch' expects parameter '@Value', which was not supplied.
2014-12-08 10:28:47,368 : [ERROR] - Exception : Procedure or function 'DHS_API_GetTransactionSearch' expects parameter '@Value', which was not supplied.
2014-12-08 10:29:23,306 : [ERROR] - Error Message  : Invalid Operator Number
2014-12-08 10:29:58,102 : [ERROR] - Error Message  : Invalid Operator Number
2014-12-08 10:32:00,326 : [ERROR] - Error Message  : Try after one hour
2014-12-08 10:32:38,950 : [ERROR] - Exception : There is no row at position 0.
2014-12-08 10:34:43,740 : [FATAL] - Bad Request
2014-12-08 10:36:03,915 : [ERROR] - Exception : Procedure or function 'DHS_API_GetTransactionSearch' expects parameter '@Value', which was not supplied.
2014-12-08 10:37:22,665 : [ERROR] - Error Message  : Invalid amount
2014-12-08 10:38:03,197 : [ERROR] - Exception : Procedure or function 'DHS_API_GetTransactionSearch' expects parameter '@Value', which was not supplied.
2014-12-08 10:49:02,411 : [ERROR] - Exception : Procedure or function 'DHS_API_GetTransactionSearch' expects parameter '@Value', which was not supplied.
2014-12-08 10:49:54,404 : [ERROR] - Error Message  : Invalid amount
2014-12-08 10:50:17,685 : [ERROR] - Error Message  : Invalid amount
2014-12-08 10:52:00,056 : [ERROR] - Error Message  : Invalid amount
2014-12-08 10:53:42,853 : [ERROR] - Error Message  : Invalid amount
2014-12-08 10:57:53,579 : [ERROR] - Error Message  : Invalid amount
2014-12-08 11:18:16,286 : [ERROR] - Error Message  : Invalid amount
2014-12-08 11:19:15,536 : [ERROR] - Error Message  : Invalid Operator Number
2014-12-08 11:22:13,348 : [ERROR] - Error Message  : Invalid Operator Number
2014-12-08 11:27:33,927 : [ERROR] - Exception : Procedure or function 'DHS_API_GetTransactionSearch' expects parameter '@Value', which was not supplied.
2014-12-08 11:47:11,877 : [ERROR] - Error Message  : UnKnown Error
2014-12-08 11:51:20,886 : [ERROR] - Error Message  : Invalid amount
2014-12-08 11:51:21,058 : [ERROR] - @Service | Exception : Cannot insert the value NULL into column 'PrevBal', table 'Blue014.dbo.Cb_Profit'; column does not allow nulls. INSERT fails.
The statement has been terminated.
2014-12-08 11:57:03,327 : [FATAL] - Bad Request
2014-12-08 11:57:20,531 : [FATAL] - Bad Request
2014-12-08 11:57:27,110 : [FATAL] - Bad Request
2014-12-08 12:00:04,738 : [FATAL] - Bad Request
2014-12-08 12:00:12,525 : [FATAL] - Bad Request
2014-12-08 12:12:09,364 : [FATAL] - Bad Request
2014-12-08 12:12:19,754 : [FATAL] - Bad Request
2014-12-08 12:14:21,535 : [FATAL] - Bad Request
2014-12-08 12:15:42,012 : [FATAL] - Bad Request
2014-12-08 12:16:07,832 : [FATAL] - Bad Request
2014-12-08 12:16:56,768 : [FATAL] - Bad Request
2014-12-08 12:17:19,671 : [FATAL] - Bad Request
2014-12-08 12:30:00,838 : [ERROR] - Error Message  : UnKnown Error
2014-12-08 12:36:06,700 : [ERROR] - Error Message  : Invalid phone number format.
2014-12-08 12:37:37,668 : [ERROR] - Error Message  : Invalid Operator Number
2014-12-08 12:39:08,998 : [ERROR] - Error Message  : UnKnown Error
2014-12-08 12:44:49,718 : [ERROR] - Error Message  : Invalid amount
2014-12-08 12:45:28,257 : [ERROR] - Error Message  : Invalid amount
2014-12-08 12:56:31,014 : [FATAL] - Bad Request
2014-12-08 13:00:37,457 : [FATAL] - Bad Request
2014-12-08 13:07:53,609 : [ERROR] - Error Message  : UnKnown Error
2014-12-08 13:09:07,460 : [ERROR] - Error Message  : Invalid amount
2014-12-08 13:12:46,789 : [FATAL] - Bad Request
2014-12-08 13:14:49,050 : [FATAL] - Bad Request
2014-12-08 13:16:22,510 : [FATAL] - Bad Request
2014-12-08 13:20:10,272 : [FATAL] - Bad Request
2014-12-08 13:22:44,904 : [ERROR] - Error Message  : Invalid Operator Number
2014-12-08 13:24:56,464 : [ERROR] - Error Message  : Invalid amount
2014-12-08 13:30:45,003 : [FATAL] - Bad Request
2014-12-08 13:36:53,322 : [FATAL] - Bad Request
2014-12-08 13:37:45,721 : [ERROR] - Error Message  : Invalid Operator Number
2014-12-08 13:38:03,613 : [ERROR] - SendSMS | Error : Invalid template or template mismatch
2014-12-08 13:38:12,097 : [ERROR] - Error Message  : Invalid Operator Number
2014-12-08 13:39:40,155 : [ERROR] - Error Message  : Invalid amount
2014-12-08 13:41:54,865 : [ERROR] - Error Message  : Invalid amount
2014-12-08 13:46:08,165 : [ERROR] - Error Message  : Invalid amount
2014-12-08 13:49:25,502 : [ERROR] - Error Message  : Invalid amount
2014-12-08 13:51:03,391 : [ERROR] - Error Message  : Invalid amount
2014-12-08 13:51:47,554 : [ERROR] - Exception : Procedure or function 'DHS_API_GetTransactionSearch' expects parameter '@Value', which was not supplied.
2014-12-08 13:51:55,681 : [ERROR] - Exception : Procedure or function 'DHS_API_GetTransactionSearch' expects parameter '@Value', which was not supplied.
2014-12-08 13:52:16,680 : [FATAL] - Bad Request
2014-12-08 13:53:59,470 : [ERROR] - Error Message  : Invalid amount
2014-12-08 14:11:37,140 : [ERROR] - Error Message  : Invalid phone number format.
2014-12-08 14:13:04,690 : [ERROR] - Error Message  : UnKnown Error
2014-12-08 14:13:22,191 : [ERROR] - SendSMS | Error : Invalid template or template mismatch
2014-12-08 14:23:40,310 : [ERROR] - Exception : There is no row at position 0.
2014-12-08 14:34:37,526 : [ERROR] - Error Message  : Invalid amount
2014-12-08 14:36:23,199 : [ERROR] - Error Message  : Try after one hour
2014-12-08 14:37:51,818 : [ERROR] - Exception : There is no row at position 0.
2014-12-08 14:55:34,941 : [ERROR] - Error Message  : UnKnown Error
2014-12-08 14:56:24,297 : [ERROR] - Error Message  : UnKnown Error
2014-12-08 14:57:57,634 : [ERROR] - Error Message  : Invalid amount
2014-12-08 14:59:58,762 : [ERROR] - SendSMS | Error : Invalid template or template mismatch
2014-12-08 15:02:54,079 : [ERROR] - SendSMS | Error : Invalid template or template mismatch
2014-12-08 15:07:03,670 : [ERROR] - Error Message  : UnKnown Error
2014-12-08 15:08:49,729 : [ERROR] - Error Message  : Invalid amount
2014-12-08 15:11:59,456 : [ERROR] - SendSMS | Error : Invalid template or template mismatch
2014-12-08 15:17:52,754 : [ERROR] - SendSMS | Error : Invalid template or template mismatch
2014-12-08 15:33:56,999 : [ERROR] - Error Message  : Invalid amount
2014-12-08 15:48:43,089 : [ERROR] - Exception : Procedure or function 'DHS_API_GetTransactionSearch' expects parameter '@Value', which was not supplied.
2014-12-08 15:56:30,016 : [ERROR] - SendSMS | Error : Invalid template or template mismatch
2014-12-08 15:56:41,809 : [ERROR] - SendSMS | Error : Invalid template or template mismatch
2014-12-08 15:58:30,796 : [ERROR] - SendSMS | Error : Invalid template or template mismatch
2014-12-08 17:26:11,532 : [FATAL] - Bad Request
2014-12-08 17:31:17,133 : [ERROR] - Error Message  : Invalid amount
2014-12-08 17:31:47,664 : [ERROR] - Error Message  : Invalid amount
2014-12-08 17:32:10,516 : [ERROR] - Error Message  : Invalid amount
2014-12-08 17:37:37,521 : [ERROR] - Exception : There is no row at position 0.
2014-12-08 17:37:43,366 : [ERROR] - Exception : There is no row at position 0.
2014-12-08 17:37:45,689 : [ERROR] - Exception : There is no row at position 0.
2014-12-08 17:56:44,651 : [ERROR] - Exception : Procedure or function 'DHS_API_GetTransactionSearch' expects parameter '@Value', which was not supplied.
2014-12-08 18:32:55,510 : [ERROR] - Error Message  : Error of connection with the provider’s server or a routine break in CyberPlat®.
2014-12-08 18:33:51,105 : [ERROR] - Error Message  : Error of connection with the provider’s server or a routine break in CyberPlat®.
