2014-07-12 23:27:00,113 : [INFO ] - CalledService api
2014-07-12 23:27:02,062 : [INFO ] - Params | UserId : ret23UserType :4 TransactionType : postpaid Source :androidOperatorId : 234 Number: 4950000003 InsuranceDob : Amount :100
2014-07-12 23:27:02,105 : [INFO ] - Going to Process
2014-07-12 23:27:09,080 : [INFO ] - Inside Service method.
2014-07-12 23:27:09,082 : [INFO ] - Check Balance in the account 
2014-07-12 23:27:09,083 : [INFO ] - Param => userId : ret23 UserType : 4
2014-07-12 23:27:09,087 : [INFO ] - Inside GetDataSet Method
2014-07-12 23:27:09,089 : [INFO ] - ConnStr : Data Source=dhsrecharge.db.9223203.hostedresource.com;database=DhsRecharge;uid=dhsrecharge;password=DHS009rch!
2014-07-12 23:27:09,103 : [INFO ] - Params : @UserId value :ret23
2014-07-12 23:27:09,104 : [INFO ] - Params : @UserType value :4
2014-07-12 23:27:09,105 : [INFO ] - Now Fill SqlDataAdapter
2014-07-12 23:27:11,034 : [INFO ] - Return Ds
2014-07-12 23:27:11,035 : [INFO ] - Got Data from Db
2014-07-12 23:27:11,037 : [INFO ] - Avaialable balance : 8481 Service Status : true
2014-07-12 23:27:11,038 : [INFO ] - Going to process the Transaction.
2014-07-12 23:27:22,837 : [INFO ] - Inside Process request Method.
2014-07-12 23:27:22,846 : [INFO ] - Session : 6vDCZKl7UYKjDrYixYoM
2014-07-12 23:27:22,855 : [INFO ] - SD : 105539 |AP : 175413 |OP : 175447 |SubscriberMobile : 7506260128
2014-07-12 23:27:56,532 : [INFO ] - reqStr : inputmessage=0000047301SM000001200000012000000217%0d%0aoper105541++++++++++00039263%0d%0a++++++++++++++++++++00000000%0d%0aBEGIN%0d%0aSD%3d105539%0d%0aAP%3d175413%0d%0aOP%3d175447%0d%0aSESSION%3d6vDCZKl7UYKjDrYixYoM%0d%0aNUMBER%3d7506260128%0d%0aAMOUNT%3d100%0d%0aAMOUNT_ALL%3d100%0d%0aCOMMENT%3d%0d%0a%0d%0aEND%0d%0aBEGIN+SIGNATURE%0d%0aiQCRAwkBAACZX1PBdyMBAZuDA%2f9Z%2bNOu%2f%2fJZFsE9a3lVCrem%2bYnLqKGtYEEZGGCP%0d%0aS%2fgU%2fSke43ztuBpIk6jEKpnnQx%2b%2fT37ygwMpcbUn8JFcIYHgxC6vmCItg3woiQ62%0d%0amf1WLQ8%2bRLEg3B6ZLzLih4TDdjkoMb5dqusrInhBmX7Et0a9ehVI8y%2f501dwIyJZ%0d%0asTLEN7ABxw%3d%3d%0d%0a%3ds%2b84%0d%0aEND+SIGNATURE
2014-07-12 23:27:58,352 : [INFO ] - Done
2014-07-12 23:28:01,007 : [INFO ] - inputMessageforValidatSubscriberNumber : inputmessage=0000047301SM000001200000012000000217%0d%0aoper105541++++++++++00039263%0d%0a++++++++++++++++++++00000000%0d%0aBEGIN%0d%0aSD%3d105539%0d%0aAP%3d175413%0d%0aOP%3d175447%0d%0aSESSION%3d6vDCZKl7UYKjDrYixYoM%0d%0aNUMBER%3d7506260128%0d%0aAMOUNT%3d100%0d%0aAMOUNT_ALL%3d100%0d%0aCOMMENT%3d%0d%0a%0d%0aEND%0d%0aBEGIN+SIGNATURE%0d%0aiQCRAwkBAACZX1PBdyMBAZuDA%2f9Z%2bNOu%2f%2fJZFsE9a3lVCrem%2bYnLqKGtYEEZGGCP%0d%0aS%2fgU%2fSke43ztuBpIk6jEKpnnQx%2b%2fT37ygwMpcbUn8JFcIYHgxC6vmCItg3woiQ62%0d%0amf1WLQ8%2bRLEg3B6ZLzLih4TDdjkoMb5dqusrInhBmX7Et0a9ehVI8y%2f501dwIyJZ%0d%0asTLEN7ABxw%3d%3d%0d%0a%3ds%2b84%0d%0aEND+SIGNATURE
2014-07-12 23:28:44,295 : [INFO ] - requestUrl : https://in.cyberplat.com/cgi-bin/bu/bu_pay_check.cgi/234
2014-07-12 23:28:47,221 : [INFO ] - Inside the Process Method.
2014-07-12 23:28:47,231 : [INFO ] -  URL : https://in.cyberplat.com/cgi-bin/bu/bu_pay_check.cgi/234
2014-07-12 23:28:49,135 : [INFO ] - Response str : 0000042001SM000000670000006700000217
inist_in            00000040
                    00000000
BEGIN
DATE=12.07.2014 23:28:53
SESSION=
ERROR=134
RESULT=1
TRANSID=

END
BEGIN SIGNATURE
iQCRAwkBAAAAKFPBd10BASc8BACbUczFFynFrm00X6wbeluq6jiZp3+WnwILtrqB
7xO+EWv5tosrg4b0u30NbbSGhyOgCvlJASVnYcIY0FaFGbNV7tm4OlrU9wm8mRFE
UMlPHhVuFwXe9D8wmXjpKsEjNAD4y9IL6CzaK379ShO6QuULBmswODuDbqULyEL+
gdwVrLABxw==
=dDes
END SIGNATURE
2014-07-12 23:29:03,067 : [INFO ] - requestUrl : http://ru-demo.cyberplat.com/cgi-bin/DealerSertification/de_pay_check.cgi
2014-07-12 23:30:13,657 : [INFO ] - Inside the Process Method.
2014-07-12 23:30:16,251 : [INFO ] -  URL : https://in.cyberplat.com/cgi-bin/bu/bu_pay_check.cgi/234
