2014-08-21 23:46:20,458 : [INFO ] - CalledService api
2014-08-21 23:46:20,468 : [INFO ] - Params | UserId : 7506260128UserType :4 TransactionType : 1 Source :androidOperatorId : 21 Number: 9665474728 InsuranceDob : Amount :10
2014-08-21 23:46:27,192 : [INFO ] - Going to Process
2014-08-21 23:46:51,309 : [INFO ] - Param => userId : 7506260128 UserType : 4
2014-08-21 23:46:53,586 : [INFO ] - Inside GetDataSet Method
2014-08-21 23:46:53,586 : [INFO ] - ConnStr : Data Source=dhsrecharge.db.9223203.hostedresource.com;database=DhsRecharge;uid=dhsrecharge;password=DHS009rch!
2014-08-21 23:46:53,591 : [INFO ] - Params : @UserId value :7506260128
2014-08-21 23:46:53,591 : [INFO ] - Params : @UserType value :4
2014-08-21 23:46:53,592 : [INFO ] - Params : @OpId value :21
2014-08-21 23:46:53,592 : [INFO ] - Now Fill SqlDataAdapter
2014-08-21 23:46:56,531 : [INFO ] - Return Ds
2014-08-21 23:47:14,592 : [INFO ] - Got Data from Db
2014-08-21 23:47:17,006 : [INFO ] - Avaialable balance : 200 Service Status : true Margin0
2014-08-21 23:47:19,269 : [INFO ] - Going to process the Transaction.
2014-08-21 23:47:24,486 : [INFO ] - Inside Process request Method.
2014-08-21 23:47:28,561 : [INFO ] - Session : igiBUrLeQ5V84zzwh9PZ
2014-08-21 23:47:30,435 : [INFO ] - SD : 105539 |AP : 175413 |OP : 175447 |Mobile : 9665474728
2014-08-21 23:47:31,366 : [INFO ] - reqStr : inputmessage=0000047101SM000001180000011800000217%0d%0aapi175413+++++++++++00039311%0d%0a++++++++++++++++++++00000000%0d%0aBEGIN%0d%0aSD%3d105539%0d%0aAP%3d175413%0d%0aOP%3d175447%0d%0aSESSION%3digiBUrLeQ5V84zzwh9PZ%0d%0aNUMBER%3d9665474728%0d%0aAMOUNT%3d10%0d%0aAMOUNT_ALL%3d10%0d%0aCOMMENT%3d%0d%0a%0d%0aEND%0d%0aBEGIN+SIGNATURE%0d%0aiQCRAwkBAACZj1P2N7sBAVb4BAC4At0pSvd1Rs5KbH7QHrsbX8%2fvv%2fYotlukzfyU%0d%0a0Nu0e45f3F3%2bAEhgedSyNvpiijN%2bS6ToVDhkrcPTtie4LkpPJBjY0C2CY4jzAW5N%0d%0aB9RqzkYsM8IowyIIzxzWcS3VqIodc24Yuoh5x7xlRB3BWjs8XqC2nBmNE3S6Rizy%0d%0aTWuz07ABxw%3d%3d%0d%0a%3dW8U%2f%0d%0aEND+SIGNATURE
2014-08-21 23:47:31,367 : [INFO ] - Done
2014-08-21 23:49:09,846 : [INFO ] - Inside the Process Method.
2014-08-21 23:49:11,237 : [INFO ] -  URL : https://in.cyberplat.com/cgi-bin/dc/dc_pay_check.cgi
2014-08-21 23:49:21,984 : [INFO ] - Response str : 0000043901SM000000860000008600000217
inist_in            00000040
                    00000000
BEGIN
DATE=21.08.2014 23:49:20
SESSION=igiBUrLeQ5V84zzwh9PZ
ERROR=23
RESULT=1
TRANSID=

END
BEGIN SIGNATURE
iQCRAwkBAAAAKFP2OCgBAR6QBAC9jfBzdTH7ELxaO46Is/XFglHA4PB94vp7H9MX
93dTm4hPMcdUZNxaoKHpoyRJlygp8De1K+imrolFaFtdqfEWUliHv5AAUH/Q5+CW
q7K/mltivn/MupByM6w9LNKRSHMT+zAUx8U1v8oUzUW+K12LCz+dMnCGIdeXyc5Z
7hfrS7ABxw==
=uk2j
END SIGNATURE
2014-08-21 23:49:45,128 : [ERROR] - Error Message  : Invalid Operator Number
2014-08-21 23:49:48,083 : [WARN ] - cyber-plate error : Validation Error- Invalid Operator Number
2014-08-21 23:49:55,190 : [INFO ] - Inside GetDataSet Method
2014-08-21 23:49:55,191 : [INFO ] - ConnStr : Data Source=dhsrecharge.db.9223203.hostedresource.com;database=DhsRecharge;uid=dhsrecharge;password=DHS009rch!
2014-08-21 23:49:55,192 : [INFO ] - Params : @UserId value :7506260128
2014-08-21 23:49:55,192 : [INFO ] - Params : @UserType value :4
2014-08-21 23:49:55,192 : [INFO ] - Params : @Number value :9665474728
2014-08-21 23:49:55,193 : [INFO ] - Params : @Amount value :0
2014-08-21 23:49:55,213 : [INFO ] - Params : @Profit value :0
2014-08-21 23:49:55,215 : [INFO ] - Params : @TransactionType value :1
2014-08-21 23:49:55,218 : [INFO ] - Params : @InsuranceDob value :
2014-08-21 23:49:55,219 : [INFO ] - Params : @TransactionId value :-1
2014-08-21 23:49:55,219 : [INFO ] - Params : @OperaterId value :21
2014-08-21 23:49:55,220 : [INFO ] - Params : @Status value :0
2014-08-21 23:49:55,220 : [INFO ] - Params : @Source value :android
2014-08-21 23:49:55,221 : [INFO ] - Params : @ApiId value :CyberPate
2014-08-21 23:49:55,221 : [INFO ] - Params : @BillRecieptId value :
2014-08-21 23:49:55,221 : [INFO ] - Now Fill SqlDataAdapter
2014-08-21 23:49:55,568 : [INFO ] - Return Ds
2014-08-21 23:52:16,874 : [INFO ] - CalledService api
2014-08-21 23:52:16,875 : [INFO ] - Params | UserId : 7506260128UserType :4 TransactionType : 1 Source :androidOperatorId : 26 Number: 9665474728 InsuranceDob : Amount :10
2014-08-21 23:52:18,817 : [INFO ] - Going to Process
2014-08-21 23:52:19,086 : [INFO ] - Param => userId : 7506260128 UserType : 4
2014-08-21 23:52:19,087 : [INFO ] - Inside GetDataSet Method
2014-08-21 23:52:19,087 : [INFO ] - ConnStr : Data Source=dhsrecharge.db.9223203.hostedresource.com;database=DhsRecharge;uid=dhsrecharge;password=DHS009rch!
2014-08-21 23:52:19,087 : [INFO ] - Params : @UserId value :7506260128
2014-08-21 23:52:19,088 : [INFO ] - Params : @UserType value :4
2014-08-21 23:52:19,088 : [INFO ] - Params : @OpId value :26
2014-08-21 23:52:19,088 : [INFO ] - Now Fill SqlDataAdapter
2014-08-21 23:52:19,402 : [INFO ] - Return Ds
2014-08-21 23:52:19,403 : [INFO ] - Got Data from Db
2014-08-21 23:52:19,403 : [INFO ] - Avaialable balance : 2 Service Status : true Margin3.1
2014-08-21 23:52:24,367 : [INFO ] - CalledService api
2014-08-21 23:52:24,368 : [INFO ] - Params | UserId : 7506260128UserType :4 TransactionType : 1 Source :androidOperatorId : 26 Number: 9665474728 InsuranceDob : Amount :10
2014-08-21 23:52:27,308 : [INFO ] - Going to Process
2014-08-21 23:52:27,640 : [INFO ] - Param => userId : 7506260128 UserType : 4
2014-08-21 23:52:27,641 : [INFO ] - Inside GetDataSet Method
2014-08-21 23:52:27,641 : [INFO ] - ConnStr : Data Source=dhsrecharge.db.9223203.hostedresource.com;database=DhsRecharge;uid=dhsrecharge;password=DHS009rch!
2014-08-21 23:52:27,642 : [INFO ] - Params : @UserId value :7506260128
2014-08-21 23:52:27,642 : [INFO ] - Params : @UserType value :4
2014-08-21 23:52:27,643 : [INFO ] - Params : @OpId value :26
2014-08-21 23:52:27,643 : [INFO ] - Now Fill SqlDataAdapter
2014-08-21 23:52:27,958 : [INFO ] - Return Ds
2014-08-21 23:52:27,959 : [INFO ] - Got Data from Db
2014-08-21 23:52:27,959 : [INFO ] - Avaialable balance : 2 Service Status : true Margin3.1
2014-08-21 23:52:33,036 : [INFO ] - Going to Process
2014-08-21 23:52:35,493 : [INFO ] - Param => userId : 7506260128 UserType : 4
2014-08-21 23:52:36,984 : [INFO ] - Inside GetDataSet Method
2014-08-21 23:52:36,986 : [INFO ] - ConnStr : Data Source=dhsrecharge.db.9223203.hostedresource.com;database=DhsRecharge;uid=dhsrecharge;password=DHS009rch!
2014-08-21 23:52:36,986 : [INFO ] - Params : @UserId value :7506260128
2014-08-21 23:52:36,986 : [INFO ] - Params : @UserType value :4
2014-08-21 23:52:36,986 : [INFO ] - Params : @OpId value :26
2014-08-21 23:52:36,987 : [INFO ] - Now Fill SqlDataAdapter
2014-08-21 23:52:37,300 : [INFO ] - Return Ds
2014-08-21 23:52:51,540 : [INFO ] - Got Data from Db
2014-08-21 23:52:52,839 : [INFO ] - Avaialable balance : 200 Service Status : true Margin3.1
2014-08-21 23:52:53,689 : [INFO ] - Going to process the Transaction.
2014-08-21 23:52:54,605 : [INFO ] - Inside Process request Method.
2014-08-21 23:52:55,500 : [INFO ] - Session : quQM2RvzjVdhL3RtcqwF
2014-08-21 23:52:57,243 : [INFO ] - SD : 105539 |AP : 175413 |OP : 175447 |Mobile : 9665474728
2014-08-21 23:52:57,455 : [INFO ] - reqStr : inputmessage=0000047101SM000001180000011800000217%0d%0aapi175413+++++++++++00039311%0d%0a++++++++++++++++++++00000000%0d%0aBEGIN%0d%0aSD%3d105539%0d%0aAP%3d175413%0d%0aOP%3d175447%0d%0aSESSION%3dquQM2RvzjVdhL3RtcqwF%0d%0aNUMBER%3d9665474728%0d%0aAMOUNT%3d10%0d%0aAMOUNT_ALL%3d10%0d%0aCOMMENT%3d%0d%0a%0d%0aEND%0d%0aBEGIN+SIGNATURE%0d%0aiQCRAwkBAACZj1P2OQEBAZ8IBACjnc1kwz7QzCoPsZ0hnxNEqx5GLPdK8OTqI%2b5z%0d%0ap7I25p1Qun3FhxVqO2PNEFwLCvsTm5CvgoPTm%2fe4Pye7BMWgrRtoFzlHw99zcpYJ%0d%0ayuwVdNINFbx3%2bSNdVQutKrqkPmYgzOnWhiplUq2FEU%2fC6OhEqfywNNaBOmWmrPkX%0d%0aLgyunbABxw%3d%3d%0d%0a%3dURR3%0d%0aEND+SIGNATURE
2014-08-21 23:52:57,455 : [INFO ] - Done
2014-08-21 23:52:57,675 : [INFO ] - Inside the Process Method.
2014-08-21 23:52:57,676 : [INFO ] -  URL : https://in.cyberplat.com/cgi-bin/un/un_pay_check.cgi
2014-08-21 23:52:58,052 : [INFO ] - Response str : 0000043901SM000000860000008600000217
inist_in            00000040
                    00000000
BEGIN
DATE=21.08.2014 23:52:59
SESSION=quQM2RvzjVdhL3RtcqwF
ERROR=23
RESULT=1
TRANSID=

END
BEGIN SIGNATURE
iQCRAwkBAAAAKFP2OQMBAfEgA/9CpgP0RkXYJVTOg4DHtKaDsPoylX3u6grXvyvV
P3FBNFY0ra6d0xptFYUYEPFiCTn58mZ74Dpf6aYukcOdrw78VR9KfkouAjtOO8js
xzwWznQ1mFbgY5BnlZVjHySDEWbEZYXfyRcd3TA1T3aypEfwJpPe9wsEQQOPb9vj
h/w7LrABxw==
=Gy4O
END SIGNATURE
2014-08-21 23:53:06,203 : [ERROR] - Error Message  : Invalid Operator Number
2014-08-21 23:53:06,611 : [WARN ] - cyber-plate error : Validation Error- Invalid Operator Number
2014-08-21 23:53:10,157 : [INFO ] - Inside GetDataSet Method
2014-08-21 23:53:10,158 : [INFO ] - ConnStr : Data Source=dhsrecharge.db.9223203.hostedresource.com;database=DhsRecharge;uid=dhsrecharge;password=DHS009rch!
2014-08-21 23:53:10,158 : [INFO ] - Params : @UserId value :7506260128
2014-08-21 23:53:10,159 : [INFO ] - Params : @UserType value :4
2014-08-21 23:53:10,159 : [INFO ] - Params : @Number value :9665474728
2014-08-21 23:53:10,159 : [INFO ] - Params : @Amount value :0
2014-08-21 23:53:10,159 : [INFO ] - Params : @Profit value :0
2014-08-21 23:53:10,160 : [INFO ] - Params : @TransactionType value :1
2014-08-21 23:53:10,160 : [INFO ] - Params : @InsuranceDob value :
2014-08-21 23:53:10,161 : [INFO ] - Params : @TransactionId value :-1
2014-08-21 23:53:10,161 : [INFO ] - Params : @OperaterId value :26
2014-08-21 23:53:10,162 : [INFO ] - Params : @Status value :0
2014-08-21 23:53:10,162 : [INFO ] - Params : @Source value :android
2014-08-21 23:53:10,162 : [INFO ] - Params : @ApiId value :CyberPate
2014-08-21 23:53:10,163 : [INFO ] - Params : @BillRecieptId value :
2014-08-21 23:53:10,180 : [INFO ] - Now Fill SqlDataAdapter
2014-08-21 23:53:10,495 : [INFO ] - Return Ds
