2014-08-02 12:39:30,121 : [INFO ] - CalledService api
2014-08-02 12:39:30,129 : [INFO ] - Params | UserId : 7506260128UserType :4 TransactionType : 1 Source :androidOperatorId : 35 Number: 9665474728 InsuranceDob : Amount :10
2014-08-02 12:39:34,086 : [INFO ] - Going to Process
2014-08-02 12:39:36,559 : [INFO ] - Inside Service method.
2014-08-02 12:39:37,984 : [INFO ] - Check Balance in the account 
2014-08-02 12:39:38,491 : [INFO ] - Param => userId : 7506260128 UserType : 4
2014-08-02 12:39:41,086 : [INFO ] - Inside GetDataSet Method
2014-08-02 12:39:41,086 : [INFO ] - ConnStr : Data Source=dhsrecharge.db.9223203.hostedresource.com;database=DhsRecharge;uid=dhsrecharge;password=DHS009rch!
2014-08-02 12:39:41,092 : [INFO ] - Params : @UserId value :7506260128
2014-08-02 12:39:41,093 : [INFO ] - Params : @UserType value :4
2014-08-02 12:39:41,093 : [INFO ] - Params : @OpId value :35
2014-08-02 12:39:41,117 : [INFO ] - Now Fill SqlDataAdapter
2014-08-02 12:39:43,273 : [INFO ] - Return Ds
2014-08-02 12:39:46,564 : [INFO ] - Got Data from Db
2014-08-02 12:39:49,140 : [INFO ] - Avaialable balance : 25 Service Status : true Margin1.8
2014-08-02 12:39:51,556 : [INFO ] - Going to process the Transaction.
2014-08-02 12:39:54,565 : [INFO ] - Inside Process request Method.
2014-08-02 12:39:55,579 : [INFO ] - Session : wAQDVLmakMmWxGlqyik9
2014-08-02 12:39:57,738 : [INFO ] - SD : 105539 |AP : 175413 |OP : 175447 |Mobile : 9665474728
2014-08-02 12:40:03,755 : [INFO ] - reqStr : inputmessage=0000047101SM000001180000011800000217%0d%0aapi175413+++++++++++00039311%0d%0a++++++++++++++++++++00000000%0d%0aBEGIN%0d%0aSD%3d105539%0d%0aAP%3d175413%0d%0aOP%3d175447%0d%0aSESSION%3dwAQDVLmakMmWxGlqyik9%0d%0aNUMBER%3d9665474728%0d%0aAMOUNT%3d10%0d%0aAMOUNT_ALL%3d10%0d%0aCOMMENT%3d%0d%0a%0d%0aEND%0d%0aBEGIN+SIGNATURE%0d%0aiQCRAwkBAACZj1PcjssBARMiA%2f0V2h4PFz1NDcB0ZMMi9c9sqIqxlRx5NYokaUKF%0d%0ay0MmQmIgkjSmNUmfOllrQDolTa2RYYtKarm1tOFdcbeCvdADPm8CYLjW8Jq74ZL2%0d%0aFUTckZSzBHluStt66pMIB0p64CGqXvC%2f8ePgnuV5eLIdTvUNm370W105zKJRzXKB%0d%0aYay9AbABxw%3d%3d%0d%0a%3dYYfz%0d%0aEND+SIGNATURE
2014-08-02 12:40:04,573 : [INFO ] - Done
2014-08-02 12:40:05,977 : [INFO ] - inputMessageforValidateNumber : inputmessage=0000047101SM000001180000011800000217%0d%0aapi175413+++++++++++00039311%0d%0a++++++++++++++++++++00000000%0d%0aBEGIN%0d%0aSD%3d105539%0d%0aAP%3d175413%0d%0aOP%3d175447%0d%0aSESSION%3dwAQDVLmakMmWxGlqyik9%0d%0aNUMBER%3d9665474728%0d%0aAMOUNT%3d10%0d%0aAMOUNT_ALL%3d10%0d%0aCOMMENT%3d%0d%0a%0d%0aEND%0d%0aBEGIN+SIGNATURE%0d%0aiQCRAwkBAACZj1PcjssBARMiA%2f0V2h4PFz1NDcB0ZMMi9c9sqIqxlRx5NYokaUKF%0d%0ay0MmQmIgkjSmNUmfOllrQDolTa2RYYtKarm1tOFdcbeCvdADPm8CYLjW8Jq74ZL2%0d%0aFUTckZSzBHluStt66pMIB0p64CGqXvC%2f8ePgnuV5eLIdTvUNm370W105zKJRzXKB%0d%0aYay9AbABxw%3d%3d%0d%0a%3dYYfz%0d%0aEND+SIGNATURE
2014-08-02 12:40:16,047 : [INFO ] - Inside the Process Method.
2014-08-02 12:40:16,999 : [INFO ] -  URL : https://in.cyberplat.com/cgi-bin/at/at_pay_check.cgi
2014-08-02 12:40:32,262 : [INFO ] - Response str : 0000045101SM000000980000009800000217
inist_in            00000040
                    00000000
BEGIN
DATE=02.08.2014 12:40:24
SESSION=wAQDVLmakMmWxGlqyik9
ERROR=0
RESULT=0
TRANSID=1000397372500

END
BEGIN SIGNATURE
iQCRAwkBAAAAKFPcjuABAd0/A/0RFpCqJozJkF+ViJwp6ofqA0z/QOX41Qybc7KD
KnqBVvZZDX7tOMDeMNRoOBht5hk/ZxUA9OBUFtEX7xDCkvwqKb3nWkuhebtGJtGc
dZXwgMafeCzx8pJUGBn/EWkb2SqdtVO8XSbZuC5GKLmNN/WwfmOwn5Xn1+9GkOAr
dTnSS7ABxw==
=fIKg
END SIGNATURE
2014-08-02 12:40:35,162 : [INFO ] - ValidateResponse : 0000045101SM000000980000009800000217
inist_in            00000040
                    00000000
BEGIN
DATE=02.08.2014 12:40:24
SESSION=wAQDVLmakMmWxGlqyik9
ERROR=0
RESULT=0
TRANSID=1000397372500

END
BEGIN SIGNATURE
iQCRAwkBAAAAKFPcjuABAd0/A/0RFpCqJozJkF+ViJwp6ofqA0z/QOX41Qybc7KD
KnqBVvZZDX7tOMDeMNRoOBht5hk/ZxUA9OBUFtEX7xDCkvwqKb3nWkuhebtGJtGc
dZXwgMafeCzx8pJUGBn/EWkb2SqdtVO8XSbZuC5GKLmNN/WwfmOwn5Xn1+9GkOAr
dTnSS7ABxw==
=fIKg
END SIGNATURE
2014-08-02 12:40:37,926 : [INFO ] - Go for payment
2014-08-02 12:40:56,962 : [INFO ] - stringInputMsgPayment : inputmessage=0000044601SM000000930000009300000217%0d%0aapi175413+++++++++++00039311%0d%0a++++++++++++++++++++00000000%0d%0aBEGIN%0d%0aSD%3d105539%0d%0aAP%3d175413%0d%0aOP%3d175447%0d%0aSESSION%3dwAQDVLmakMmWxGlqyik9%0d%0aNUMBER%3d9665474728%0d%0aAMOUNT%3d10%0d%0a%0d%0aEND%0d%0aBEGIN+SIGNATURE%0d%0aiQCRAwkBAACZj1PcjvYBAT3iBACEzCUQwQxHxXoamOD1rrLXz7AKW6XyUUlIzRAX%0d%0ad0UvAkI2w5Y%2b8MdjModaIS%2bqo4w5kEYHI73eDixCOKb6tWCsDgG3thdWIbkgaQxF%0d%0avKwEOubU%2f6RNOywhaRLNRpImw%2bxS%2bYbqlwBDIFOzkQGaz7Jjgt4OyxTbw8dxCEaK%0d%0aYNiYn7ABxw%3d%3d%0d%0a%3dFX8x%0d%0aEND+SIGNATURE
2014-08-02 12:40:58,074 : [INFO ] - Inside the Process Method.
2014-08-02 12:40:58,074 : [INFO ] -  URL : https://in.cyberplat.com/cgi-bin/at/at_pay.cgi
2014-08-02 12:40:58,577 : [INFO ] - Response str : 0000047301SM000001200000012000000217
inist_in            00000040
                    00000000
BEGIN
DATE=02.08.2014 12:41:03
SESSION=wAQDVLmakMmWxGlqyik9
ERROR=224
RESULT=1
TRANSID=1000397372500
AUTHCODE=984316565

END
BEGIN SIGNATURE
iQCRAwkBAAAAKFPcjwcBAd2EA/9SoPwVO4o6QAeH+Kg7amCWkq6By2f91MdkfIEk
aIU+5ToMlWFT4bCT0/Lqa5pqI5ZOqSiRgAWOTk99GrSTFdNQD4RPGMY6YzrOC/fu
D7ALaI0aUfzYUOIEtDKHwpdPHAx0JhjptwsbO+Z/jJCx6i4xnSgyvbAHOtZPCu9l
30qOH7ABxw==
=NPtG
END SIGNATURE
2014-08-02 12:41:11,924 : [INFO ] - PaymentResponse : 0000047301SM000001200000012000000217
inist_in            00000040
                    00000000
BEGIN
DATE=02.08.2014 12:41:03
SESSION=wAQDVLmakMmWxGlqyik9
ERROR=224
RESULT=1
TRANSID=1000397372500
AUTHCODE=984316565

END
BEGIN SIGNATURE
iQCRAwkBAAAAKFPcjwcBAd2EA/9SoPwVO4o6QAeH+Kg7amCWkq6By2f91MdkfIEk
aIU+5ToMlWFT4bCT0/Lqa5pqI5ZOqSiRgAWOTk99GrSTFdNQD4RPGMY6YzrOC/fu
D7ALaI0aUfzYUOIEtDKHwpdPHAx0JhjptwsbO+Z/jJCx6i4xnSgyvbAHOtZPCu9l
30qOH7ABxw==
=NPtG
END SIGNATURE
2014-08-02 12:42:13,559 : [ERROR] - Error Message  : UnKnown Error
2014-08-02 12:42:15,965 : [WARN ] - cyberplate-error  : Payment Error- UnKnown Error
2014-08-02 12:42:21,233 : [INFO ] - Inside GetDataSet Method
2014-08-02 12:42:21,233 : [INFO ] - ConnStr : Data Source=dhsrecharge.db.9223203.hostedresource.com;database=DhsRecharge;uid=dhsrecharge;password=DHS009rch!
2014-08-02 12:42:21,234 : [INFO ] - Params : @UserId value :7506260128
2014-08-02 12:42:21,234 : [INFO ] - Params : @UserType value :4
2014-08-02 12:42:21,234 : [INFO ] - Params : @Number value :9665474728
2014-08-02 12:42:21,235 : [INFO ] - Params : @Amount value :0
2014-08-02 12:42:21,235 : [INFO ] - Params : @Profit value :0
2014-08-02 12:42:21,235 : [INFO ] - Params : @TransactionType value :1
2014-08-02 12:42:21,235 : [INFO ] - Params : @InsuranceDob value :
2014-08-02 12:42:21,236 : [INFO ] - Params : @TransactionId value :-1
2014-08-02 12:42:21,236 : [INFO ] - Params : @OperaterId value :35
2014-08-02 12:42:21,236 : [INFO ] - Params : @Status value :0
2014-08-02 12:42:21,236 : [INFO ] - Params : @Source value :android
2014-08-02 12:42:21,236 : [INFO ] - Params : @ApiId value :CyberPate
2014-08-02 12:42:21,238 : [INFO ] - Params : @BillRecieptId value :
2014-08-02 12:42:21,238 : [INFO ] - Now Fill SqlDataAdapter
2014-08-02 12:42:21,769 : [INFO ] - Return Ds
2014-08-02 12:43:00,294 : [INFO ] - CalledService api
2014-08-02 12:43:00,295 : [INFO ] - Params | UserId : 7506260128UserType :4 TransactionType : 2 Source :androidOperatorId : 35 Number: 9665474728 InsuranceDob : Amount :10
2014-08-02 12:43:02,874 : [INFO ] - Going to Process
2014-08-02 12:43:03,078 : [INFO ] - Inside Service method.
2014-08-02 12:43:03,173 : [INFO ] - Check Balance in the account 
2014-08-02 12:43:03,183 : [INFO ] - Param => userId : 7506260128 UserType : 4
2014-08-02 12:43:03,184 : [INFO ] - Inside GetDataSet Method
2014-08-02 12:43:03,185 : [INFO ] - ConnStr : Data Source=dhsrecharge.db.9223203.hostedresource.com;database=DhsRecharge;uid=dhsrecharge;password=DHS009rch!
2014-08-02 12:43:03,185 : [INFO ] - Params : @UserId value :7506260128
2014-08-02 12:43:03,186 : [INFO ] - Params : @UserType value :4
2014-08-02 12:43:03,186 : [INFO ] - Params : @OpId value :35
2014-08-02 12:43:03,187 : [INFO ] - Now Fill SqlDataAdapter
2014-08-02 12:43:03,504 : [INFO ] - Return Ds
2014-08-02 12:43:03,506 : [INFO ] - Got Data from Db
2014-08-02 12:43:03,507 : [INFO ] - Avaialable balance : 25 Service Status : true Margin1.8
2014-08-02 12:43:03,508 : [INFO ] - Going to process the Transaction.
2014-08-02 12:43:03,681 : [INFO ] - Inside Process request Method.
2014-08-02 12:43:04,524 : [INFO ] - Session : ulLUsaIy0lAgFte7mikW
2014-08-02 12:43:06,080 : [INFO ] - SD : 105539 |AP : 175413 |OP : 175447 |Mobile : 9665474728
2014-08-02 12:43:06,547 : [INFO ] - reqStr : inputmessage=0000047101SM000001180000011800000217%0d%0aapi175413+++++++++++00039311%0d%0a++++++++++++++++++++00000000%0d%0aBEGIN%0d%0aSD%3d105539%0d%0aAP%3d175413%0d%0aOP%3d175447%0d%0aSESSION%3dulLUsaIy0lAgFte7mikW%0d%0aNUMBER%3d9665474728%0d%0aAMOUNT%3d10%0d%0aAMOUNT_ALL%3d10%0d%0aCOMMENT%3d%0d%0a%0d%0aEND%0d%0aBEGIN+SIGNATURE%0d%0aiQCRAwkBAACZj1Pcj4IBAaSoBACJnutsleXOTr0IvJBjnBK0YaDPqqVHJG%2felGkx%0d%0a%2fwv1SxAkFGt30Dwzij%2bO29yJQnFNx6AuagCcccSXFywqKYDCXAmOkdbyifizLUJR%0d%0adDAztBRIP%2b8PlVj0G8zN9NTb9UQZu7YPDW77A345oCIim4o8dE514MhrinsVSvS3%0d%0aez9JM7ABxw%3d%3d%0d%0a%3dAu4C%0d%0aEND+SIGNATURE
2014-08-02 12:43:06,548 : [INFO ] - Done
2014-08-02 12:43:06,619 : [INFO ] - inputMessageforValidateNumber : inputmessage=0000047101SM000001180000011800000217%0d%0aapi175413+++++++++++00039311%0d%0a++++++++++++++++++++00000000%0d%0aBEGIN%0d%0aSD%3d105539%0d%0aAP%3d175413%0d%0aOP%3d175447%0d%0aSESSION%3dulLUsaIy0lAgFte7mikW%0d%0aNUMBER%3d9665474728%0d%0aAMOUNT%3d10%0d%0aAMOUNT_ALL%3d10%0d%0aCOMMENT%3d%0d%0a%0d%0aEND%0d%0aBEGIN+SIGNATURE%0d%0aiQCRAwkBAACZj1Pcj4IBAaSoBACJnutsleXOTr0IvJBjnBK0YaDPqqVHJG%2felGkx%0d%0a%2fwv1SxAkFGt30Dwzij%2bO29yJQnFNx6AuagCcccSXFywqKYDCXAmOkdbyifizLUJR%0d%0adDAztBRIP%2b8PlVj0G8zN9NTb9UQZu7YPDW77A345oCIim4o8dE514MhrinsVSvS3%0d%0aez9JM7ABxw%3d%3d%0d%0a%3dAu4C%0d%0aEND+SIGNATURE
2014-08-02 12:43:07,682 : [INFO ] - Inside the Process Method.
2014-08-02 12:43:07,683 : [INFO ] -  URL : https://in.cyberplat.com/cgi-bin/at/at_pay_check.cgi
2014-08-02 12:43:08,050 : [INFO ] - Response str : 0000045101SM000000980000009800000217
inist_in            00000040
                    00000000
BEGIN
DATE=02.08.2014 12:43:13
SESSION=ulLUsaIy0lAgFte7mikW
ERROR=0
RESULT=0
TRANSID=1000397373625

END
BEGIN SIGNATURE
iQCRAwkBAAAAKFPcj4kBASw5BACYDTVKQy7M1rHHOzgSb4t+Rb6ACeuXJJwwBkD6
tBgF8Q+8bPVxmCMqw7A9Xr1VYGAqWvEPOJceaHgSE0BlC+wDXaCQb5h+BD3nN4/g
PExOSPMpd9By2J/GT1KYuDMyuBljyA2uIwj7SVRhsouBVhiAE8ihwnSwZktOc07j
CEmFKbABxw==
=Ja7e
END SIGNATURE
2014-08-02 12:43:19,306 : [INFO ] - ValidateResponse : 0000045101SM000000980000009800000217
inist_in            00000040
                    00000000
BEGIN
DATE=02.08.2014 12:43:13
SESSION=ulLUsaIy0lAgFte7mikW
ERROR=0
RESULT=0
TRANSID=1000397373625

END
BEGIN SIGNATURE
iQCRAwkBAAAAKFPcj4kBASw5BACYDTVKQy7M1rHHOzgSb4t+Rb6ACeuXJJwwBkD6
tBgF8Q+8bPVxmCMqw7A9Xr1VYGAqWvEPOJceaHgSE0BlC+wDXaCQb5h+BD3nN4/g
PExOSPMpd9By2J/GT1KYuDMyuBljyA2uIwj7SVRhsouBVhiAE8ihwnSwZktOc07j
CEmFKbABxw==
=Ja7e
END SIGNATURE
2014-08-02 12:43:22,018 : [INFO ] - Go for payment
2014-08-02 12:43:25,536 : [INFO ] - stringInputMsgPayment : inputmessage=0000044601SM000000930000009300000217%0d%0aapi175413+++++++++++00039311%0d%0a++++++++++++++++++++00000000%0d%0aBEGIN%0d%0aSD%3d105539%0d%0aAP%3d175413%0d%0aOP%3d175447%0d%0aSESSION%3dulLUsaIy0lAgFte7mikW%0d%0aNUMBER%3d9665474728%0d%0aAMOUNT%3d10%0d%0a%0d%0aEND%0d%0aBEGIN+SIGNATURE%0d%0aiQCRAwkBAACZj1Pcj5IBAWu%2bA%2f463KjZ9PK2O4oJNy0ty3mF9uHE1EaQPYBe3HFs%0d%0aQ12VTetP5iXsNl3fojXhFEi6F5akKCglkBygcEujy30TKfhccthvIffd2ucMOCO0%0d%0aECs4vGwtaE9wswdP%2fHLlE6wiXcNTa%2fe8XO6dWK8zsWzq2fuWdpdwZbKtwp79KmjO%0d%0aUfgdLrABxw%3d%3d%0d%0a%3d%2fQat%0d%0aEND+SIGNATURE
2014-08-02 12:45:04,052 : [INFO ] - Inside the Process Method.
2014-08-02 12:45:04,075 : [INFO ] -  URL : https://in.cyberplat.com/cgi-bin/at/at_pay.cgi
2014-08-02 12:45:04,947 : [INFO ] - Response str : 0000047301SM000001200000012000000217
inist_in            00000040
                    00000000
BEGIN
DATE=02.08.2014 12:45:10
SESSION=ulLUsaIy0lAgFte7mikW
ERROR=224
RESULT=1
TRANSID=1000397373625
AUTHCODE=984324935

END
BEGIN SIGNATURE
iQCRAwkBAAAAKFPcj/4BAXl7A/99HPK+q22K7esEGOw6DBJXpBNMr3Gdf+yamwpq
oQZhhk3ydB/bWlSJ34o8uKGM/hEYB+4Fy0BZTwWI1RBHpDSpLjKN98JGXJwonRWm
kICk12BwLzxmC5/dLAG7Fnvij9zX6b1F97GbRFVSiW3nJ4NYD2/9BAAqfK7dw0q2
qOT0GbABxw==
=vo3J
END SIGNATURE
2014-08-02 12:45:13,647 : [INFO ] - PaymentResponse : 0000047301SM000001200000012000000217
inist_in            00000040
                    00000000
BEGIN
DATE=02.08.2014 12:45:10
SESSION=ulLUsaIy0lAgFte7mikW
ERROR=224
RESULT=1
TRANSID=1000397373625
AUTHCODE=984324935

END
BEGIN SIGNATURE
iQCRAwkBAAAAKFPcj/4BAXl7A/99HPK+q22K7esEGOw6DBJXpBNMr3Gdf+yamwpq
oQZhhk3ydB/bWlSJ34o8uKGM/hEYB+4Fy0BZTwWI1RBHpDSpLjKN98JGXJwonRWm
kICk12BwLzxmC5/dLAG7Fnvij9zX6b1F97GbRFVSiW3nJ4NYD2/9BAAqfK7dw0q2
qOT0GbABxw==
=vo3J
END SIGNATURE
2014-08-02 12:45:13,649 : [ERROR] - Error Message  : UnKnown Error
2014-08-02 12:45:13,650 : [WARN ] - cyberplate-error  : Payment Error- UnKnown Error
2014-08-02 12:45:13,650 : [INFO ] - Inside GetDataSet Method
2014-08-02 12:45:13,651 : [INFO ] - ConnStr : Data Source=dhsrecharge.db.9223203.hostedresource.com;database=DhsRecharge;uid=dhsrecharge;password=DHS009rch!
2014-08-02 12:45:13,651 : [INFO ] - Params : @UserId value :7506260128
2014-08-02 12:45:13,652 : [INFO ] - Params : @UserType value :4
2014-08-02 12:45:13,652 : [INFO ] - Params : @Number value :9665474728
2014-08-02 12:45:13,676 : [INFO ] - Params : @Amount value :0
2014-08-02 12:45:13,676 : [INFO ] - Params : @Profit value :0
2014-08-02 12:45:13,677 : [INFO ] - Params : @TransactionType value :2
2014-08-02 12:45:13,677 : [INFO ] - Params : @InsuranceDob value :
2014-08-02 12:45:13,677 : [INFO ] - Params : @TransactionId value :-1
2014-08-02 12:45:13,677 : [INFO ] - Params : @OperaterId value :35
2014-08-02 12:45:13,678 : [INFO ] - Params : @Status value :0
2014-08-02 12:45:13,678 : [INFO ] - Params : @Source value :android
2014-08-02 12:45:13,678 : [INFO ] - Params : @ApiId value :CyberPate
2014-08-02 12:45:13,678 : [INFO ] - Params : @BillRecieptId value :
2014-08-02 12:45:13,679 : [INFO ] - Now Fill SqlDataAdapter
2014-08-02 12:45:13,996 : [INFO ] - Return Ds
2014-08-02 12:58:07,608 : [INFO ] - CalledService api
2014-08-02 12:58:07,609 : [INFO ] - Params | UserId : 7506260128UserType :4 TransactionType : 2 Source :androidOperatorId : 35 Number: 9665474728 InsuranceDob : Amount :50
2014-08-02 12:58:09,828 : [INFO ] - Going to Process
2014-08-02 12:58:09,850 : [INFO ] - Inside Service method.
2014-08-02 12:58:09,851 : [INFO ] - Check Balance in the account 
2014-08-02 12:58:09,852 : [INFO ] - Param => userId : 7506260128 UserType : 4
2014-08-02 12:58:09,854 : [INFO ] - Inside GetDataSet Method
2014-08-02 12:58:09,855 : [INFO ] - ConnStr : Data Source=dhsrecharge.db.9223203.hostedresource.com;database=DhsRecharge;uid=dhsrecharge;password=DHS009rch!
2014-08-02 12:58:09,856 : [INFO ] - Params : @UserId value :7506260128
2014-08-02 12:58:09,857 : [INFO ] - Params : @UserType value :4
2014-08-02 12:58:09,858 : [INFO ] - Params : @OpId value :35
2014-08-02 12:58:09,859 : [INFO ] - Now Fill SqlDataAdapter
2014-08-02 12:58:11,659 : [INFO ] - Return Ds
2014-08-02 12:58:11,660 : [INFO ] - Got Data from Db
2014-08-02 12:58:11,662 : [INFO ] - Avaialable balance : 25 Service Status : true Margin1.8
2014-08-02 12:59:05,053 : [INFO ] - CalledService api
2014-08-02 12:59:05,068 : [INFO ] - Params | UserId : 7506260128UserType :4 TransactionType : 2 Source :androidOperatorId : 35 Number: 9665474728 InsuranceDob : Amount :50
2014-08-02 12:59:07,397 : [INFO ] - Going to Process
2014-08-02 12:59:07,719 : [INFO ] - Inside Service method.
2014-08-02 12:59:07,720 : [INFO ] - Check Balance in the account 
2014-08-02 12:59:07,720 : [INFO ] - Param => userId : 7506260128 UserType : 4
2014-08-02 12:59:07,721 : [INFO ] - Inside GetDataSet Method
2014-08-02 12:59:07,722 : [INFO ] - ConnStr : Data Source=dhsrecharge.db.9223203.hostedresource.com;database=DhsRecharge;uid=dhsrecharge;password=DHS009rch!
2014-08-02 12:59:07,723 : [INFO ] - Params : @UserId value :7506260128
2014-08-02 12:59:07,723 : [INFO ] - Params : @UserType value :4
2014-08-02 12:59:07,724 : [INFO ] - Params : @OpId value :35
2014-08-02 12:59:07,725 : [INFO ] - Now Fill SqlDataAdapter
2014-08-02 12:59:08,224 : [INFO ] - Return Ds
2014-08-02 12:59:08,226 : [INFO ] - Got Data from Db
2014-08-02 12:59:08,227 : [INFO ] - Avaialable balance : 25 Service Status : true Margin1.8
2014-08-02 12:59:13,518 : [INFO ] - CalledService api
2014-08-02 12:59:13,519 : [INFO ] - Params | UserId : 7506260128UserType :4 TransactionType : 2 Source :androidOperatorId : 35 Number: 9665474728 InsuranceDob : Amount :50
2014-08-02 12:59:16,072 : [INFO ] - Going to Process
2014-08-02 12:59:17,554 : [INFO ] - Inside Service method.
2014-08-02 12:59:18,335 : [INFO ] - Check Balance in the account 
2014-08-02 12:59:18,559 : [INFO ] - Param => userId : 7506260128 UserType : 4
2014-08-02 12:59:20,206 : [INFO ] - Inside GetDataSet Method
2014-08-02 12:59:20,208 : [INFO ] - ConnStr : Data Source=dhsrecharge.db.9223203.hostedresource.com;database=DhsRecharge;uid=dhsrecharge;password=DHS009rch!
2014-08-02 12:59:20,208 : [INFO ] - Params : @UserId value :7506260128
2014-08-02 12:59:20,209 : [INFO ] - Params : @UserType value :4
2014-08-02 12:59:20,210 : [INFO ] - Params : @OpId value :35
2014-08-02 12:59:20,212 : [INFO ] - Now Fill SqlDataAdapter
2014-08-02 12:59:20,574 : [INFO ] - Return Ds
2014-08-02 12:59:22,972 : [INFO ] - Got Data from Db
2014-08-02 12:59:34,368 : [INFO ] - Avaialable balance : 100 Service Status : true Margin1.8
2014-08-02 12:59:35,932 : [INFO ] - Going to process the Transaction.
2014-08-02 12:59:41,752 : [INFO ] - Inside Process request Method.
2014-08-02 12:59:42,313 : [INFO ] - Session : KyLffCYhglC4XsYNwixn
2014-08-02 12:59:43,770 : [INFO ] - SD : 105539 |AP : 175413 |OP : 175447 |Mobile : 9665474728
2014-08-02 12:59:43,911 : [INFO ] - reqStr : inputmessage=0000047101SM000001180000011800000217%0d%0aapi175413+++++++++++00039311%0d%0a++++++++++++++++++++00000000%0d%0aBEGIN%0d%0aSD%3d105539%0d%0aAP%3d175413%0d%0aOP%3d175447%0d%0aSESSION%3dKyLffCYhglC4XsYNwixn%0d%0aNUMBER%3d9665474728%0d%0aAMOUNT%3d50%0d%0aAMOUNT_ALL%3d50%0d%0aCOMMENT%3d%0d%0a%0d%0aEND%0d%0aBEGIN+SIGNATURE%0d%0aiQCRAwkBAACZj1Pck2cBARxSA%2f0XPxnWMEliJeaATUr%2bnRnUYwC1bynwJMJ8nWbc%0d%0abGLvZDSIJB3H5YRmQjfwmHv1gBqSjEKfeYccIMZSURtn9zpPWWoumBgPcalHjRP1%0d%0a8mXZSULob56%2fbSR3idJcStOjqZ6Ry0KOtAf8fMiRrWuD8Wwm5ZwOAx9JRugc9yKH%0d%0a0VKPbLABxw%3d%3d%0d%0a%3dxvbv%0d%0aEND+SIGNATURE
2014-08-02 12:59:43,912 : [INFO ] - Done
2014-08-02 12:59:44,083 : [INFO ] - inputMessageforValidateNumber : inputmessage=0000047101SM000001180000011800000217%0d%0aapi175413+++++++++++00039311%0d%0a++++++++++++++++++++00000000%0d%0aBEGIN%0d%0aSD%3d105539%0d%0aAP%3d175413%0d%0aOP%3d175447%0d%0aSESSION%3dKyLffCYhglC4XsYNwixn%0d%0aNUMBER%3d9665474728%0d%0aAMOUNT%3d50%0d%0aAMOUNT_ALL%3d50%0d%0aCOMMENT%3d%0d%0a%0d%0aEND%0d%0aBEGIN+SIGNATURE%0d%0aiQCRAwkBAACZj1Pck2cBARxSA%2f0XPxnWMEliJeaATUr%2bnRnUYwC1bynwJMJ8nWbc%0d%0abGLvZDSIJB3H5YRmQjfwmHv1gBqSjEKfeYccIMZSURtn9zpPWWoumBgPcalHjRP1%0d%0a8mXZSULob56%2fbSR3idJcStOjqZ6Ry0KOtAf8fMiRrWuD8Wwm5ZwOAx9JRugc9yKH%0d%0a0VKPbLABxw%3d%3d%0d%0a%3dxvbv%0d%0aEND+SIGNATURE
2014-08-02 12:59:46,605 : [INFO ] - Inside the Process Method.
2014-08-02 12:59:46,606 : [INFO ] -  URL : https://in.cyberplat.com/cgi-bin/at/at_pay_check.cgi
2014-08-02 12:59:47,213 : [INFO ] - Response str : 0000045101SM000000980000009800000217
inist_in            00000040
                    00000000
BEGIN
DATE=02.08.2014 12:59:52
SESSION=KyLffCYhglC4XsYNwixn
ERROR=0
RESULT=0
TRANSID=1000397380243

END
BEGIN SIGNATURE
iQCRAwkBAAAAKFPck3ABAXBDA/9qAZer3EVZVl+ppFOQyPxxvBDE+0+HxGRGcYCb
IeRN1EI+LId+YBdd4ZYDcd/lZb13l4zYnOyP+RND1gZMqfXivb7blSST4/u4eqB7
dPAV5ITYK84x5kp5pmzlTXqM/7IgayvgGJ6qYx4MQ3PI0guu12FP6tLUjVPRlvfV
6l6UIbABxw==
=PiQz
END SIGNATURE
2014-08-02 13:00:07,634 : [INFO ] - ValidateResponse : 0000045101SM000000980000009800000217
inist_in            00000040
                    00000000
BEGIN
DATE=02.08.2014 12:59:52
SESSION=KyLffCYhglC4XsYNwixn
ERROR=0
RESULT=0
TRANSID=1000397380243

END
BEGIN SIGNATURE
iQCRAwkBAAAAKFPck3ABAXBDA/9qAZer3EVZVl+ppFOQyPxxvBDE+0+HxGRGcYCb
IeRN1EI+LId+YBdd4ZYDcd/lZb13l4zYnOyP+RND1gZMqfXivb7blSST4/u4eqB7
dPAV5ITYK84x5kp5pmzlTXqM/7IgayvgGJ6qYx4MQ3PI0guu12FP6tLUjVPRlvfV
6l6UIbABxw==
=PiQz
END SIGNATURE
2014-08-02 13:00:10,090 : [INFO ] - Go for payment
2014-08-02 13:00:11,214 : [INFO ] - stringInputMsgPayment : inputmessage=0000044601SM000000930000009300000217%0d%0aapi175413+++++++++++00039311%0d%0a++++++++++++++++++++00000000%0d%0aBEGIN%0d%0aSD%3d105539%0d%0aAP%3d175413%0d%0aOP%3d175447%0d%0aSESSION%3dKyLffCYhglC4XsYNwixn%0d%0aNUMBER%3d9665474728%0d%0aAMOUNT%3d50%0d%0a%0d%0aEND%0d%0aBEGIN+SIGNATURE%0d%0aiQCRAwkBAACZj1Pck4IBAabDBACgHrf99kayfxPW9kpPz%2bHO%2fo72DjdFyprzdbRw%0d%0aPqHgSF2Pinfewdn7blayt6Yxm6BG8EZK25crh6ITUKxKJKnDaMkZHV8kZvW6z2mp%0d%0aZegZ5MTDkyzk%2b2DPHAH5Sp8u27KJLlc3AQ216mc8ae1lvCuhsUvZoyPEwWOtT6X8%0d%0abS8lqbABxw%3d%3d%0d%0a%3dNBRa%0d%0aEND+SIGNATURE
2014-08-02 13:00:11,792 : [INFO ] - Inside the Process Method.
2014-08-02 13:00:11,792 : [INFO ] -  URL : https://in.cyberplat.com/cgi-bin/at/at_pay.cgi
2014-08-02 13:00:12,809 : [INFO ] - Response str : 0000047301SM000001200000012000000217
inist_in            00000040
                    00000000
BEGIN
DATE=02.08.2014 13:00:17
SESSION=KyLffCYhglC4XsYNwixn
ERROR=224
RESULT=1
TRANSID=1000397380243
AUTHCODE=984355235

END
BEGIN SIGNATURE
iQCRAwkBAAAAKFPck4kBAYd9A/4pgaIHCwM5pgwFQRkdDGRbNgfJfpLX8rNC1xEQ
9viKyw3MZJmkNQCd8uBwAr2QuyVxELwmgXZvPActx+LxFj6neOHJ7/GRx54wDTb2
FHz8qaUo59nlgLO4GufTs8T0a2sW3W44Ifi0VJOyvbBDRh0gcbc6pYmXDs8YmM1i
DmKjo7ABxw==
=GZZU
END SIGNATURE
2014-08-02 13:00:13,829 : [INFO ] - PaymentResponse : 0000047301SM000001200000012000000217
inist_in            00000040
                    00000000
BEGIN
DATE=02.08.2014 13:00:17
SESSION=KyLffCYhglC4XsYNwixn
ERROR=224
RESULT=1
TRANSID=1000397380243
AUTHCODE=984355235

END
BEGIN SIGNATURE
iQCRAwkBAAAAKFPck4kBAYd9A/4pgaIHCwM5pgwFQRkdDGRbNgfJfpLX8rNC1xEQ
9viKyw3MZJmkNQCd8uBwAr2QuyVxELwmgXZvPActx+LxFj6neOHJ7/GRx54wDTb2
FHz8qaUo59nlgLO4GufTs8T0a2sW3W44Ifi0VJOyvbBDRh0gcbc6pYmXDs8YmM1i
DmKjo7ABxw==
=GZZU
END SIGNATURE
2014-08-02 13:00:45,463 : [ERROR] - Error Message  : UnKnown Error
2014-08-02 13:00:47,433 : [WARN ] - cyberplate-error  : Payment Error- UnKnown Error
2014-08-02 13:00:54,207 : [INFO ] - Inside GetDataSet Method
2014-08-02 13:00:54,208 : [INFO ] - ConnStr : Data Source=dhsrecharge.db.9223203.hostedresource.com;database=DhsRecharge;uid=dhsrecharge;password=DHS009rch!
2014-08-02 13:00:54,209 : [INFO ] - Params : @UserId value :7506260128
2014-08-02 13:00:54,210 : [INFO ] - Params : @UserType value :4
2014-08-02 13:00:54,210 : [INFO ] - Params : @Number value :9665474728
2014-08-02 13:00:54,211 : [INFO ] - Params : @Amount value :0
2014-08-02 13:00:54,212 : [INFO ] - Params : @Profit value :0
2014-08-02 13:00:54,212 : [INFO ] - Params : @TransactionType value :2
2014-08-02 13:00:54,213 : [INFO ] - Params : @InsuranceDob value :
2014-08-02 13:00:54,213 : [INFO ] - Params : @TransactionId value :-1
2014-08-02 13:00:54,214 : [INFO ] - Params : @OperaterId value :35
2014-08-02 13:00:54,215 : [INFO ] - Params : @Status value :0
2014-08-02 13:00:54,215 : [INFO ] - Params : @Source value :android
2014-08-02 13:00:54,216 : [INFO ] - Params : @ApiId value :CyberPate
2014-08-02 13:00:54,217 : [INFO ] - Params : @BillRecieptId value :
2014-08-02 13:00:54,217 : [INFO ] - Now Fill SqlDataAdapter
2014-08-02 13:00:54,580 : [INFO ] - Return Ds
2014-08-02 13:18:59,045 : [INFO ] - CalledService api
2014-08-02 13:18:59,053 : [INFO ] - Params | UserId : 7506260128UserType :4 TransactionType : 2 Source :androidOperatorId : 35 Number: 9665474728 InsuranceDob : Amount :50
2014-08-02 13:19:01,690 : [INFO ] - Going to Process
2014-08-02 13:19:03,310 : [INFO ] - Inside Service method.
2014-08-02 13:19:04,331 : [INFO ] - Check Balance in the account 
2014-08-02 13:19:04,599 : [INFO ] - Param => userId : 7506260128 UserType : 4
2014-08-02 13:19:06,340 : [INFO ] - Inside GetDataSet Method
2014-08-02 13:19:06,341 : [INFO ] - ConnStr : Data Source=dhsrecharge.db.9223203.hostedresource.com;database=DhsRecharge;uid=dhsrecharge;password=DHS009rch!
2014-08-02 13:19:06,345 : [INFO ] - Params : @UserId value :7506260128
2014-08-02 13:19:06,346 : [INFO ] - Params : @UserType value :4
2014-08-02 13:19:06,346 : [INFO ] - Params : @OpId value :35
2014-08-02 13:19:06,347 : [INFO ] - Now Fill SqlDataAdapter
2014-08-02 13:19:08,526 : [INFO ] - Return Ds
2014-08-02 13:19:14,416 : [INFO ] - Got Data from Db
2014-08-02 13:19:24,508 : [INFO ] - Avaialable balance : 100 Service Status : true Margin1.8
2014-08-02 13:19:25,811 : [INFO ] - Going to process the Transaction.
2014-08-02 13:19:28,066 : [INFO ] - Inside Process request Method.
2014-08-02 13:19:28,664 : [INFO ] - Session : 9ZcJil7vCsqq1uAcGHpp
2014-08-02 13:19:30,243 : [INFO ] - SD : 105539 |AP : 175413 |OP : 175447 |Mobile : 9665474728
2014-08-02 13:19:30,479 : [INFO ] - reqStr : inputmessage=0000047101SM000001180000011800000217%0d%0aapi175413+++++++++++00039311%0d%0a++++++++++++++++++++00000000%0d%0aBEGIN%0d%0aSD%3d105539%0d%0aAP%3d175413%0d%0aOP%3d175447%0d%0aSESSION%3d9ZcJil7vCsqq1uAcGHpp%0d%0aNUMBER%3d9665474728%0d%0aAMOUNT%3d50%0d%0aAMOUNT_ALL%3d50%0d%0aCOMMENT%3d%0d%0a%0d%0aEND%0d%0aBEGIN+SIGNATURE%0d%0aiQCRAwkBAACZj1PcmAoBAYQhA%2f9pfhHUvOtWTHasCsEYS6x8XWkIcNCfj6hZUjFm%0d%0agrDnpfmltKmM1MI7Pg7L4C7f1hOXCZbhc3nVYjCZUcyjxdaYgqJsIbNSA5ZKMXwC%0d%0a4pYMIBpw6PsOKdYH6gaVcnCgJHMTFilJ0qYZR%2fRFwwnhruIFTXbEsl%2f0xL6KTkRu%0d%0aBrjhnbABxw%3d%3d%0d%0a%3dbAMA%0d%0aEND+SIGNATURE
2014-08-02 13:19:30,482 : [INFO ] - Done
2014-08-02 13:19:30,632 : [INFO ] - inputMessageforValidateNumber : inputmessage=0000047101SM000001180000011800000217%0d%0aapi175413+++++++++++00039311%0d%0a++++++++++++++++++++00000000%0d%0aBEGIN%0d%0aSD%3d105539%0d%0aAP%3d175413%0d%0aOP%3d175447%0d%0aSESSION%3d9ZcJil7vCsqq1uAcGHpp%0d%0aNUMBER%3d9665474728%0d%0aAMOUNT%3d50%0d%0aAMOUNT_ALL%3d50%0d%0aCOMMENT%3d%0d%0a%0d%0aEND%0d%0aBEGIN+SIGNATURE%0d%0aiQCRAwkBAACZj1PcmAoBAYQhA%2f9pfhHUvOtWTHasCsEYS6x8XWkIcNCfj6hZUjFm%0d%0agrDnpfmltKmM1MI7Pg7L4C7f1hOXCZbhc3nVYjCZUcyjxdaYgqJsIbNSA5ZKMXwC%0d%0a4pYMIBpw6PsOKdYH6gaVcnCgJHMTFilJ0qYZR%2fRFwwnhruIFTXbEsl%2f0xL6KTkRu%0d%0aBrjhnbABxw%3d%3d%0d%0a%3dbAMA%0d%0aEND+SIGNATURE
2014-08-02 13:19:30,837 : [INFO ] - Inside the Process Method.
2014-08-02 13:19:30,838 : [INFO ] -  URL : https://in.cyberplat.com/cgi-bin/at/at_pay_check.cgi/209
2014-08-02 13:19:31,304 : [INFO ] - Response str : 0000041901SM000000660000006600000217
inist_in            00000040
                    00000000
BEGIN
DATE=02.08.2014 13:19:36
SESSION=
ERROR=45
RESULT=1
TRANSID=

END
BEGIN SIGNATURE
iQCRAwkBAAAAKFPcmBABAXsIBACvNl2/l++tFGNbIngMmoU/WEFPNgQD6+Nm1s0c
whjynawsq9iAMmpXVGOpEX2GszTGDXjXuiLfKkCDLle+3jt8eMktJpI66hg9ATj3
8hphD6mm0/VKXlpy1ymRFbIqQgJyYM56yv1iGDnMmNpyTbOIPti2vN9lf7MCv7IZ
zFdGObABxw==
=dy1Q
END SIGNATURE
2014-08-02 13:19:31,399 : [INFO ] - ValidateResponse : 0000041901SM000000660000006600000217
inist_in            00000040
                    00000000
BEGIN
DATE=02.08.2014 13:19:36
SESSION=
ERROR=45
RESULT=1
TRANSID=

END
BEGIN SIGNATURE
iQCRAwkBAAAAKFPcmBABAXsIBACvNl2/l++tFGNbIngMmoU/WEFPNgQD6+Nm1s0c
whjynawsq9iAMmpXVGOpEX2GszTGDXjXuiLfKkCDLle+3jt8eMktJpI66hg9ATj3
8hphD6mm0/VKXlpy1ymRFbIqQgJyYM56yv1iGDnMmNpyTbOIPti2vN9lf7MCv7IZ
zFdGObABxw==
=dy1Q
END SIGNATURE
2014-08-02 13:19:40,597 : [ERROR] - Error Message  : No license is available for accepting payments to the benefit of this operator.
2014-08-02 13:19:41,043 : [WARN ] - cyber-plate error : Validation Error- No license is available for accepting payments to the benefit of this operator.
2014-08-02 22:45:37,353 : [INFO ] - Inside GetDataSet Method
2014-08-02 22:45:37,400 : [INFO ] - ConnStr : Data Source=dhsrecharge.db.9223203.hostedresource.com;database=DhsRecharge;uid=dhsrecharge;password=DHS009rch!
2014-08-02 22:45:37,486 : [INFO ] - Params : @Name value :ranjeet
2014-08-02 22:45:37,487 : [INFO ] - Params : @Password value :123
2014-08-02 22:45:37,487 : [INFO ] - Params : @Mobile value :7506260128
2014-08-02 22:45:37,488 : [INFO ] - Params : @UserType value :4
2014-08-02 22:45:37,509 : [INFO ] - Now Fill SqlDataAdapter
2014-08-02 22:45:40,072 : [INFO ] - Return Ds
2014-08-02 22:57:14,876 : [INFO ] - Inside GetDataSet Method
2014-08-02 22:57:14,907 : [INFO ] - ConnStr : Data Source=dhsrecharge.db.9223203.hostedresource.com;database=DhsRecharge;uid=dhsrecharge;password=DHS009rch!
2014-08-02 22:57:14,919 : [INFO ] - Params : @Name value :ranjeet
2014-08-02 22:57:14,920 : [INFO ] - Params : @Password value :123
2014-08-02 22:57:14,921 : [INFO ] - Params : @Mobile value :7506260128
2014-08-02 22:57:14,921 : [INFO ] - Params : @UserType value :4
2014-08-02 22:57:14,922 : [INFO ] - Now Fill SqlDataAdapter
2014-08-02 22:57:17,089 : [INFO ] - Return Ds
2014-08-02 23:15:27,170 : [ERROR] - Got  TransferFund req. 
2014-08-02 23:16:49,178 : [INFO ] - Inside GetDataSet Method
2014-08-02 23:16:49,180 : [INFO ] - ConnStr : Data Source=dhsrecharge.db.9223203.hostedresource.com;database=DhsRecharge;uid=dhsrecharge;password=DHS009rch!
2014-08-02 23:16:49,198 : [INFO ] - Params : @UserId value :7506260128
2014-08-02 23:16:49,198 : [INFO ] - Params : @UserType value :4
2014-08-02 23:16:49,199 : [INFO ] - Params : @MobileTo value :7506260128
2014-08-02 23:16:49,199 : [INFO ] - Params : @Amount value :1
2014-08-02 23:16:49,200 : [INFO ] - Now Fill SqlDataAdapter
2014-08-02 23:16:51,477 : [INFO ] - Return Ds
2014-08-02 23:20:25,430 : [ERROR] - SendSMS | Error : Invalid template or template mismatch
2014-08-02 23:44:17,723 : [INFO ] - Called ForgotPassword api
2014-08-02 23:44:28,895 : [INFO ] - Inside GetDataSet Method
2014-08-02 23:44:28,896 : [INFO ] - ConnStr : Data Source=dhsrecharge.db.9223203.hostedresource.com;database=DhsRecharge;uid=dhsrecharge;password=DHS009rch!
2014-08-02 23:44:28,941 : [INFO ] - Params : @Mobile value :7506260128
2014-08-02 23:44:28,949 : [INFO ] - Now Fill SqlDataAdapter
2014-08-02 23:44:31,022 : [INFO ] - Return Ds
2014-08-02 23:50:24,660 : [INFO ] - Called ForgotPassword api
2014-08-02 23:50:31,481 : [INFO ] - Inside GetDataSet Method
2014-08-02 23:50:31,482 : [INFO ] - ConnStr : Data Source=dhsrecharge.db.9223203.hostedresource.com;database=DhsRecharge;uid=dhsrecharge;password=DHS009rch!
2014-08-02 23:50:31,492 : [INFO ] - Params : @Mobile value :7506260128
2014-08-02 23:50:31,493 : [INFO ] - Now Fill SqlDataAdapter
2014-08-02 23:50:42,499 : [INFO ] - Return Ds
