2014-07-09 01:54:07,798 [7] INFO  api.dhs.Logging.Logger [(null)] - Called GetOperators : 
2014-07-09 01:56:01,444  INFO  :  - Called GetOperators : 
2014-07-09 02:00:44,078 : [INFO ] - Called GetOperators : 
2014-07-09 02:30:47,871 : [INFO ] - Called GetOperators api
2014-07-09 02:30:48,758 : [INFO ] - Reqhttp://localhost:52811/dhs/operators
2014-07-09 02:41:49,448 : [INFO ] - Called GetOperators api
2014-07-09 02:41:52,914 : [INFO ] - Request : http://localhost:52811/dhs/operators
2014-07-09 02:41:55,696 : [INFO ] - Inside GetOperators Method
2014-07-09 02:41:55,698 : [INFO ] - SpName :GetOperaters
2014-07-09 02:41:55,700 : [INFO ] - GetDataSet Method
2014-07-09 02:41:55,701 : [INFO ] - ConnStr : Data Source=dhsrecharge.db.9223203.hostedresource.com;database=DhsRecharge;uid=dhsrecharge;password=DHS009rch!
2014-07-09 02:41:55,722 : [INFO ] - Now Fill SqlDataAdapter
2014-07-09 02:41:57,854 : [INFO ] - Return Ds
2014-07-09 02:41:57,856 : [INFO ] - table count : 1
2014-07-09 02:41:58,144 : [INFO ] - Json Data : [{"Id":2,"OperaterId":"AT ","OperaterName":"Airtel","ServiceType":2},{"Id":3,"OperaterId":"AP","OperaterName":"Airtel PCO","ServiceType":2},{"Id":4,"OperaterId":"ID","OperaterName":"Idea","ServiceType":2},{"Id":5,"OperaterId":"IP","OperaterName":"Idea PCO","ServiceType":2},{"Id":6,"OperaterId":"BS","OperaterName":"BSNL","ServiceType":2},{"Id":7,"OperaterId":"BT","OperaterName":"BSNL Validity","ServiceType":2},{"Id":8,"OperaterId":"BP","OperaterName":"BPL Prepaid","ServiceType":2},{"Id":9,"OperaterId":"RG","OperaterName":"Reliance GSM","ServiceType":2},{"Id":10,"OperaterId":"RC","OperaterName":"Reliance CDMA","ServiceType":2},{"Id":11,"OperaterId":"RW","OperaterName":"Reliance Walky","ServiceType":2},{"Id":12,"OperaterId":"AC","OperaterName":"Aircel","ServiceType":2},{"Id":13,"OperaterId":"MT","OperaterName":"MTS","ServiceType":2},{"Id":14,"OperaterId":"TI","OperaterName":"Tata Indicom","ServiceType":2},{"Id":15,"OperaterId":"DT","OperaterName":"Tata Docomo","ServiceType":2},{"Id":16,"OperaterId":"DS","OperaterName":"Tata Docomo Special","ServiceType":2},{"Id":17,"OperaterId":"TP","OperaterName":"Tata CDMA PCO","ServiceType":2},{"Id":18,"OperaterId":"TW","OperaterName":"Tata Walky","ServiceType":2},{"Id":19,"OperaterId":"TF","OperaterName":"T24 Flexi","ServiceType":2},{"Id":20,"OperaterId":"TL","OperaterName":"T24 Special","ServiceType":2},{"Id":21,"OperaterId":"LP","OperaterName":"Loop Mobile","ServiceType":2},{"Id":22,"OperaterId":"VF","OperaterName":"Vodafone","ServiceType":2},{"Id":23,"OperaterId":"VP","OperaterName":"Vodafone PCO","ServiceType":2},{"Id":24,"OperaterId":"UN","OperaterName":"Uninor","ServiceType":2},{"Id":25,"OperaterId":"US","OperaterName":"Uninor Special","ServiceType":2},{"Id":26,"OperaterId":"MM","OperaterName":"MTNL Topup Mumbai","ServiceType":2},{"Id":27,"OperaterId":"MD","OperaterName":"MTNL Topup Delhi","ServiceType":2},{"Id":28,"OperaterId":"MV","OperaterName":"MTNL Validity Mumbai","ServiceType":2},{"Id":29,"OperaterId":"VC","OperaterName":"Vergin CDMA","ServiceType":2},{"Id":30,"OperaterId":"VL","OperaterName":"Vergin GSM","ServiceType":2},{"Id":31,"OperaterId":"VS","OperaterName":"Videocon Special","ServiceType":2},{"Id":32,"OperaterId":"VT","OperaterName":"Videocon (Flexi)","ServiceType":2},{"Id":33,"OperaterId":"ST","OperaterName":"STEL","ServiceType":2},{"Id":34,"OperaterId":"BG","OperaterName":"DTH Big TV","ServiceType":3},{"Id":35,"OperaterId":"DH","OperaterName":"DTH Dish TV","ServiceType":3},{"Id":36,"OperaterId":"AH","OperaterName":"DTH Airtel","ServiceType":3},{"Id":37,"OperaterId":" SD","OperaterName":"DTH SUN TV","ServiceType":3},{"Id":38,"OperaterId":"VD","OperaterName":"DTH VideoconD2h","ServiceType":3},{"Id":39,"OperaterId":"TS","OperaterName":"DTH Tata Sky","ServiceType":3},{"Id":40,"OperaterId":"PB","OperaterName":"Cellone PostPaid","ServiceType":1},{"Id":41,"OperaterId":"Idea Postpaid","OperaterName":"Idea Postpaid","ServiceType":1},{"Id":42,"OperaterId":"PA","OperaterName":"Airtel Postpaid","ServiceType":1},{"Id":43,"OperaterId":"PL","OperaterName":"Airtel Landline","ServiceType":1},{"Id":45,"OperaterId":"PV","OperaterName":"Vodafone Postpaid","ServiceType":1},{"Id":44,"OperaterId":"PO","OperaterName":"Tata Docomo","ServiceType":1},{"Id":46,"OperaterId":"PM","OperaterName":"Loop Mobile Postpaid","ServiceType":1},{"Id":47,"OperaterId":"Tata TeleServices PostPaid","OperaterName":"Tata TeleServices PostPaid","ServiceType":1}]
2014-07-09 02:51:09,805 : [INFO ] - Inside GetDataSet Method
2014-07-09 02:51:09,842 : [INFO ] - ConnStr : Data Source=dhsrecharge.db.9223203.hostedresource.com;database=DhsRecharge;uid=dhsrecharge;password=DHS009rch!
2014-07-09 02:51:09,866 : [INFO ] - Params : @UserName
2014-07-09 02:51:09,867 : [INFO ] - Params : @Password
2014-07-09 02:51:09,867 : [INFO ] - Params : @Version
2014-07-09 02:51:09,868 : [INFO ] - Params : @UserType
2014-07-09 02:51:09,880 : [INFO ] - Now Fill SqlDataAdapter
2014-07-09 02:51:12,015 : [INFO ] - Return Ds
2014-07-09 02:52:34,946 : [INFO ] - Inside GetDataSet Method
2014-07-09 02:52:34,978 : [INFO ] - ConnStr : Data Source=dhsrecharge.db.9223203.hostedresource.com;database=DhsRecharge;uid=dhsrecharge;password=DHS009rch!
2014-07-09 02:52:34,992 : [INFO ] - Params : @UserName
2014-07-09 02:52:34,993 : [INFO ] - Params : ret23
2014-07-09 02:52:34,994 : [INFO ] - Params : @Password
2014-07-09 02:52:34,994 : [INFO ] - Params : 1234
2014-07-09 02:52:34,995 : [INFO ] - Params : @Version
2014-07-09 02:52:34,996 : [INFO ] - Params : 1.0
2014-07-09 02:52:34,997 : [INFO ] - Params : @UserType
2014-07-09 02:52:34,997 : [INFO ] - Params : 4
2014-07-09 02:52:34,998 : [INFO ] - Now Fill SqlDataAdapter
2014-07-09 02:52:36,813 : [INFO ] - Return Ds
