2014-08-23 11:45:47,114 : [INFO ] - CalledService api
2014-08-23 11:45:47,127 : [INFO ] - Params | UserId : 7506260128UserType :4 TransactionType : 1 Source :androidOperatorId : 14 Number: 1109410836 InsuranceDob : Amount :10
2014-08-23 11:45:57,235 : [INFO ] - Going to Process
2014-08-23 11:45:57,765 : [INFO ] - Param => userId : 7506260128 UserType : 4
2014-08-23 11:45:57,767 : [INFO ] - Inside GetDataSet Method
2014-08-23 11:45:57,768 : [INFO ] - ConnStr : Data Source=dhsrecharge.db.9223203.hostedresource.com;database=DhsRecharge;uid=dhsrecharge;password=DHS009rch!
2014-08-23 11:45:57,984 : [INFO ] - Params : @UserId value :7506260128
2014-08-23 11:45:57,985 : [INFO ] - Params : @UserType value :4
2014-08-23 11:45:57,985 : [INFO ] - Params : @OpId value :14
2014-08-23 11:45:57,990 : [INFO ] - Now Fill SqlDataAdapter
2014-08-23 11:46:01,075 : [INFO ] - Return Ds
2014-08-23 11:46:01,079 : [INFO ] - Got Data from Db
2014-08-23 11:46:01,080 : [INFO ] - Avaialable balance : 0 Service Status : true Margin0
2014-08-23 11:46:13,454 : [INFO ] - Going to Process
2014-08-23 11:46:17,729 : [INFO ] - Param => userId : 7506260128 UserType : 4
2014-08-23 11:46:20,882 : [INFO ] - Inside GetDataSet Method
2014-08-23 11:46:20,888 : [INFO ] - ConnStr : Data Source=dhsrecharge.db.9223203.hostedresource.com;database=DhsRecharge;uid=dhsrecharge;password=DHS009rch!
2014-08-23 11:46:20,888 : [INFO ] - Params : @UserId value :7506260128
2014-08-23 11:46:20,889 : [INFO ] - Params : @UserType value :4
2014-08-23 11:46:20,889 : [INFO ] - Params : @OpId value :14
2014-08-23 11:46:20,889 : [INFO ] - Now Fill SqlDataAdapter
2014-08-23 11:46:21,200 : [INFO ] - Return Ds
2014-08-23 11:46:47,026 : [INFO ] - Got Data from Db
2014-08-23 11:46:52,662 : [INFO ] - Avaialable balance : 200 Service Status : true Margin0
2014-08-23 11:46:57,326 : [INFO ] - Going to process the Transaction.
2014-08-23 11:47:07,498 : [INFO ] - Inside Process request Method.
2014-08-23 11:47:08,925 : [INFO ] - Session : sIiOhttPnv22c4elpxrQ
2014-08-23 11:47:12,910 : [INFO ] - SD : 105539 |AP : 175413 |OP : 175447 |Mobile : 1109410836
2014-08-23 11:47:55,991 : [INFO ] - reqStr : inputmessage=0000047101SM000001180000011800000217%0d%0aapi175413+++++++++++00039311%0d%0a++++++++++++++++++++00000000%0d%0aBEGIN%0d%0aSD%3d105539%0d%0aAP%3d175413%0d%0aOP%3d175447%0d%0aSESSION%3dsIiOhttPnv22c4elpxrQ%0d%0aNUMBER%3d1109410836%0d%0aAMOUNT%3d10%0d%0aAMOUNT_ALL%3d10%0d%0aCOMMENT%3d%0d%0a%0d%0aEND%0d%0aBEGIN+SIGNATURE%0d%0aiQCRAwkBAACZj1P4MhMBASIlBAC5dZbNbrruEDlUqfj42BIKCs5%2fFFZRfQN47S4B%0d%0aRQTjJmkFFJdVDwQCGQ1t0YrgEmtKG3YaKdBcCPaNaqe0YW%2bCBTY4SNUE2y6Z0Q%2fm%0d%0a74r2nlGRsvnexp8E5RdbUYdvMcMqPzrEWkiJuLtASEx4ivLP48Ri24kLJrd%2bjZgG%0d%0a4gRN5rABxw%3d%3d%0d%0a%3d6wax%0d%0aEND+SIGNATURE
2014-08-23 11:47:58,278 : [INFO ] - Done
2014-08-23 11:48:02,642 : [INFO ] - Inside the Process Method.
2014-08-23 11:48:02,643 : [INFO ] -  URL : https://in.cyberplat.com/cgi-bin/tk/tk_pay_check.cgi/261
2014-08-23 11:48:23,871 : [INFO ] - Response str : 0000045101SM000000980000009800000217
inist_in            00000040
                    00000000
BEGIN
DATE=23.08.2014 11:48:25
SESSION=sIiOhttPnv22c4elpxrQ
ERROR=0
RESULT=0
TRANSID=1000405472359

END
BEGIN SIGNATURE
iQCRAwkBAAAAKFP4MjEBAeM+BACm0UU8NGEsdy/uKK6TkcgMTARKsSoZZ0EsodH3
ZDg6YbGvUSpjEeVcHNXxgrX9OHylF1Iz4DRSyArg25pktgARSPHnDdEk6wo9m7rN
BGOYxXQt6geUT5vgE8kDWoeDxU2iAdBWn5vRtnEDjMaq4XwXE9fNK6PqqhFHxrwz
QIZSxrABxw==
=6uyp
END SIGNATURE
2014-08-23 11:48:38,532 : [INFO ] - Go for payment
2014-08-23 11:49:03,809 : [INFO ] - Inside the Process Method.
2014-08-23 11:49:04,331 : [INFO ] -  URL : https://in.cyberplat.com/cgi-bin/tk/tk_pay.cgi/261
2014-08-23 11:49:30,348 : [INFO ] - Response str : 0000045101SM000000980000009800000217
inist_in            00000040
                    00000000
BEGIN
DATE=23.08.2014 11:49:09
SESSION=sIiOhttPnv22c4elpxrQ
ERROR=0
RESULT=0
TRANSID=1000405472359

END
BEGIN SIGNATURE
iQCRAwkBAAAAKFP4Ml0BAbrmA/4lLQixzAenEsbZ5ScE0n8eTS7UHl3WYS8OsZvf
z3vKeATUoCqH81OFL68wRxEewWaW5hLLp/jkGIB+ecfwGATem59nZ62QA+BrYjof
PmPy1TxO5aVCCqSr9bZDNHbGJyOXnrLhwKXASCUob6AzkwNki7+BwaNftUVp79pU
2KLtyLABxw==
=KXav
END SIGNATURE
2014-08-23 11:49:32,945 : [INFO ] - Success : Check Transaction status
2014-08-23 11:49:44,565 : [INFO ] - TransactionId: 1000405472359
2014-08-23 11:50:04,163 : [INFO ] - Inside the Process Method.
2014-08-23 11:50:04,166 : [INFO ] -  URL : https://in.cyberplat.com/cgi-bin/tk/tk_pay_status.cgi
2014-08-23 11:50:04,197 : [INFO ] - Response str : 0000046201SM000001090000010900000217
inist_in            00000040
                    00000000
BEGIN
DATE=23.08.2014 11:48:21
SESSION=sIiOhttPnv22c4elpxrQ
ERROR=0
RESULT=7
AUTHCODE=
TRANSID=1000405472359

END
BEGIN SIGNATURE
iQCRAwkBAAAAKFP4MpUBAdngA/9ZyAsnx2nc4oa/GJwteJY8WFUtf6X7YPIgyp7f
qbiL2NU6ye3y9ETpW8M9sYI01EKdF69gnvPcUDxyVI2SgtZPCmfyT7cNVCnAdrrr
fB65obYmY1O/RCYHsyKuVXtbvu56VbEMsXbp7A6Kh8SVY3wJ4F8a8R4L/bd40MVj
VR7ry7ABxw==
=nxDi
END SIGNATURE
2014-08-23 11:50:20,863 : [INFO ] - Finally Success recharge => TransactionId : 1000405472359
2014-08-23 11:50:40,145 : [INFO ] - Inside GetDataSet Method
2014-08-23 11:50:40,145 : [INFO ] - ConnStr : Data Source=dhsrecharge.db.9223203.hostedresource.com;database=DhsRecharge;uid=dhsrecharge;password=DHS009rch!
2014-08-23 11:50:40,147 : [INFO ] - Params : @UserId value :7506260128
2014-08-23 11:50:40,147 : [INFO ] - Params : @UserType value :4
2014-08-23 11:50:40,147 : [INFO ] - Params : @Number value :1109410836
2014-08-23 11:50:40,147 : [INFO ] - Params : @Amount value :15
2014-08-23 11:50:40,148 : [INFO ] - Params : @Profit value :0
2014-08-23 11:50:40,148 : [INFO ] - Params : @TransactionType value :1
2014-08-23 11:50:40,148 : [INFO ] - Params : @InsuranceDob value :
2014-08-23 11:50:40,148 : [INFO ] - Params : @TransactionId value :1000405472359
2014-08-23 11:50:40,149 : [INFO ] - Params : @OperaterId value :14
2014-08-23 11:50:40,149 : [INFO ] - Params : @Status value :1
2014-08-23 11:50:40,149 : [INFO ] - Params : @Source value :android
2014-08-23 11:50:40,149 : [INFO ] - Params : @ApiId value :CyberPate
2014-08-23 11:50:40,150 : [INFO ] - Params : @BillRecieptId value :
2014-08-23 11:50:40,153 : [INFO ] - Now Fill SqlDataAdapter
2014-08-23 11:50:40,602 : [INFO ] - Return Ds
2014-08-23 12:05:12,043 : [INFO ] - CalledService api
2014-08-23 12:05:12,044 : [INFO ] - Params | UserId : 7506260128UserType :4 TransactionType : 1 Source :androidOperatorId : 26 Number: 9665474728 InsuranceDob : Amount :5
2014-08-23 12:05:13,952 : [INFO ] - Going to Process
2014-08-23 12:05:13,956 : [INFO ] - Param => userId : 7506260128 UserType : 4
2014-08-23 12:05:13,960 : [INFO ] - Inside GetDataSet Method
2014-08-23 12:05:13,963 : [INFO ] - ConnStr : Data Source=dhsrecharge.db.9223203.hostedresource.com;database=DhsRecharge;uid=dhsrecharge;password=DHS009rch!
2014-08-23 12:05:13,967 : [INFO ] - Params : @UserId value :7506260128
2014-08-23 12:05:13,971 : [INFO ] - Params : @UserType value :4
2014-08-23 12:05:13,974 : [INFO ] - Params : @OpId value :26
2014-08-23 12:05:13,977 : [INFO ] - Now Fill SqlDataAdapter
2014-08-23 12:05:15,588 : [INFO ] - Return Ds
2014-08-23 12:05:15,588 : [INFO ] - Got Data from Db
2014-08-23 12:05:15,588 : [INFO ] - Avaialable balance : 95 Service Status : true Margin3.1
2014-08-23 12:05:15,588 : [INFO ] - Going to process the Transaction.
2014-08-23 12:05:16,893 : [INFO ] - Inside Process request Method.
2014-08-23 12:05:16,893 : [INFO ] - Session : Fo70VIykuv35Wa0PifT1
2014-08-23 12:05:16,894 : [INFO ] - SD : 105539 |AP : 175413 |OP : 175447 |Mobile : 9665474728
2014-08-23 12:05:16,938 : [INFO ] - reqStr : inputmessage=0000046901SM000001160000011600000217%0d%0aapi175413+++++++++++00039311%0d%0a++++++++++++++++++++00000000%0d%0aBEGIN%0d%0aSD%3d105539%0d%0aAP%3d175413%0d%0aOP%3d175447%0d%0aSESSION%3dFo70VIykuv35Wa0PifT1%0d%0aNUMBER%3d9665474728%0d%0aAMOUNT%3d5%0d%0aAMOUNT_ALL%3d5%0d%0aCOMMENT%3d%0d%0a%0d%0aEND%0d%0aBEGIN+SIGNATURE%0d%0aiQCRAwkBAACZj1P4NiQBAckHA%2fwIzP%2fAGoBf78JQnIeMu%2f2dJFoRlO0NdpYMGRgl%0d%0aRDB1PQXVLhvyg8mrTHKHN%2fT%2fhqLnK2xXiaw7tNtZLwnv46evwkq3qpE6KLmHj1y2%0d%0aMIDJN8JxRavz6tEHzWDEM6gDW7fzjf1vW%2bwsoOmbt0fPZMGcdNnSNRATwWFl6SE4%0d%0aHKV957ABxw%3d%3d%0d%0a%3dNm9K%0d%0aEND+SIGNATURE
2014-08-23 12:05:16,938 : [INFO ] - Done
2014-08-23 12:05:16,938 : [INFO ] - Inside the Process Method.
2014-08-23 12:05:16,939 : [INFO ] -  URL : https://in.cyberplat.com/cgi-bin/un/un_pay_check.cgi
2014-08-23 12:05:17,261 : [INFO ] - Response str : 0000043901SM000000860000008600000217
inist_in            00000040
                    00000000
BEGIN
DATE=23.08.2014 12:05:18
SESSION=Fo70VIykuv35Wa0PifT1
ERROR=23
RESULT=1
TRANSID=

END
BEGIN SIGNATURE
iQCRAwkBAAAAKFP4NiYBARQcA/9cpwuu8DUmxKLKixreM4pU0bvcP43W2m/o+/u9
3QNBNEHyXiiEnul5KELCOfMStcWk9QhTzTKIn1/FHg2cWHrng5h/Hy0NlMlzk1q6
CA0spSN84Rbu7H0nsqfN0xbD7o6ij56y/ymWOL6HbohmN8po7y4odcnM6ARmQaNq
2DoH8rABxw==
=PvnW
END SIGNATURE
2014-08-23 12:05:17,262 : [ERROR] - Error Message  : Invalid Operator Number
2014-08-23 12:05:17,263 : [WARN ] - cyber-plate error : Validation Error- Invalid Operator Number
2014-08-23 12:05:17,263 : [INFO ] - Inside GetDataSet Method
2014-08-23 12:05:17,263 : [INFO ] - ConnStr : Data Source=dhsrecharge.db.9223203.hostedresource.com;database=DhsRecharge;uid=dhsrecharge;password=DHS009rch!
2014-08-23 12:05:17,264 : [INFO ] - Params : @UserId value :7506260128
2014-08-23 12:05:17,264 : [INFO ] - Params : @UserType value :4
2014-08-23 12:05:17,264 : [INFO ] - Params : @Number value :9665474728
2014-08-23 12:05:17,264 : [INFO ] - Params : @Amount value :0
2014-08-23 12:05:17,265 : [INFO ] - Params : @Profit value :0
2014-08-23 12:05:17,265 : [INFO ] - Params : @TransactionType value :1
2014-08-23 12:05:17,265 : [INFO ] - Params : @InsuranceDob value :
2014-08-23 12:05:17,265 : [INFO ] - Params : @TransactionId value :-1
2014-08-23 12:05:17,265 : [INFO ] - Params : @OperaterId value :26
2014-08-23 12:05:17,265 : [INFO ] - Params : @Status value :0
2014-08-23 12:05:17,266 : [INFO ] - Params : @Source value :android
2014-08-23 12:05:17,268 : [INFO ] - Params : @ApiId value :CyberPate
2014-08-23 12:05:17,268 : [INFO ] - Params : @BillRecieptId value :
2014-08-23 12:05:17,268 : [INFO ] - Now Fill SqlDataAdapter
2014-08-23 12:05:17,589 : [INFO ] - Return Ds
2014-08-23 12:20:46,773 : [INFO ] - CalledService api
2014-08-23 12:20:46,774 : [INFO ] - Params | UserId : 7506260128UserType :4 TransactionType : 1 Source :androidOperatorId : 26 Number: 9035097324 InsuranceDob : Amount :5
2014-08-23 12:20:50,963 : [INFO ] - Going to Process
2014-08-23 12:20:51,143 : [INFO ] - Param => userId : 7506260128 UserType : 4
2014-08-23 12:20:51,144 : [INFO ] - Inside GetDataSet Method
2014-08-23 12:20:51,144 : [INFO ] - ConnStr : Data Source=dhsrecharge.db.9223203.hostedresource.com;database=DhsRecharge;uid=dhsrecharge;password=DHS009rch!
2014-08-23 12:20:51,144 : [INFO ] - Params : @UserId value :7506260128
2014-08-23 12:20:51,145 : [INFO ] - Params : @UserType value :4
2014-08-23 12:20:51,145 : [INFO ] - Params : @OpId value :26
2014-08-23 12:20:51,145 : [INFO ] - Now Fill SqlDataAdapter
2014-08-23 12:20:52,754 : [INFO ] - Return Ds
2014-08-23 12:20:52,754 : [INFO ] - Got Data from Db
2014-08-23 12:20:52,755 : [INFO ] - Avaialable balance : 95 Service Status : true Margin3.1
2014-08-23 12:20:52,755 : [INFO ] - Going to process the Transaction.
2014-08-23 12:20:54,303 : [INFO ] - Inside Process request Method.
2014-08-23 12:20:55,384 : [INFO ] - Session : GIZpkOZ4qFqmkkUJXcdL
2014-08-23 12:20:58,425 : [INFO ] - SD : 105539 |AP : 175413 |OP : 175447 |Mobile : 9035097324
2014-08-23 12:21:07,168 : [INFO ] - reqStr : inputmessage=0000046901SM000001160000011600000217%0d%0aapi175413+++++++++++00039311%0d%0a++++++++++++++++++++00000000%0d%0aBEGIN%0d%0aSD%3d105539%0d%0aAP%3d175413%0d%0aOP%3d175447%0d%0aSESSION%3dGIZpkOZ4qFqmkkUJXcdL%0d%0aNUMBER%3d9035097324%0d%0aAMOUNT%3d5%0d%0aAMOUNT_ALL%3d5%0d%0aCOMMENT%3d%0d%0a%0d%0aEND%0d%0aBEGIN+SIGNATURE%0d%0aiQCRAwkBAACZj1P4OdoBAcl1A%2f9mZ0YxreTHrQLoXINK0ulzkIQn8oOK4hZmkpFl%0d%0aqzmWhLVkpavhfvjTfadtKunI7iwTAtbbtPA2lTYMIlSlLyEz3KvhVelYUCTIW%2fL0%0d%0au0V%2fKr951lf%2fZs8M52b%2fwSivx17ETH7akF3u2FzWgCcL3y9i6mU4uCN7Zx04RBTl%0d%0a%2f%2bmhV7ABxw%3d%3d%0d%0a%3dtq81%0d%0aEND+SIGNATURE
2014-08-23 12:21:08,774 : [INFO ] - Done
2014-08-23 12:21:57,848 : [INFO ] - Inside the Process Method.
2014-08-23 12:21:57,853 : [INFO ] -  URL : https://in.cyberplat.com/cgi-bin/dc/dc_pay_check.cgi
2014-08-23 12:21:58,207 : [INFO ] - Response str : 0000043901SM000000860000008600000217
inist_in            00000040
                    00000000
BEGIN
DATE=23.08.2014 12:21:59
SESSION=GIZpkOZ4qFqmkkUJXcdL
ERROR=23
RESULT=1
TRANSID=

END
BEGIN SIGNATURE
iQCRAwkBAAAAKFP4Og8BAU4rA/4j5hX5Tk5dnTtrucJUfHfxDj93tbVBnEHOYpPq
ExxLRa4dkruQM4zXSYJGsszxu0ULR7FGU/BfDwV2E6XYSaTszqLSOyxtTFCLFYhm
1ieq6LqmzPjGauwWacIb3t/+a4ac1zNxhN98NyXxz9HgEcz8EPnEht5uzvNqYfIE
PDFhvbABxw==
=G5Nv
END SIGNATURE
2014-08-23 12:22:19,053 : [ERROR] - Error Message  : Invalid Operator Number
2014-08-23 12:22:20,376 : [WARN ] - cyber-plate error : Validation Error- Invalid Operator Number
2014-08-23 12:22:24,918 : [INFO ] - Inside GetDataSet Method
2014-08-23 12:22:24,919 : [INFO ] - ConnStr : Data Source=dhsrecharge.db.9223203.hostedresource.com;database=DhsRecharge;uid=dhsrecharge;password=DHS009rch!
2014-08-23 12:22:24,921 : [INFO ] - Params : @UserId value :7506260128
2014-08-23 12:22:24,922 : [INFO ] - Params : @UserType value :4
2014-08-23 12:22:24,922 : [INFO ] - Params : @Number value :9035097324
2014-08-23 12:22:24,922 : [INFO ] - Params : @Amount value :0
2014-08-23 12:22:24,922 : [INFO ] - Params : @Profit value :0
2014-08-23 12:22:24,923 : [INFO ] - Params : @TransactionType value :1
2014-08-23 12:22:24,923 : [INFO ] - Params : @InsuranceDob value :
2014-08-23 12:22:24,923 : [INFO ] - Params : @TransactionId value :-1
2014-08-23 12:22:24,923 : [INFO ] - Params : @OperaterId value :26
2014-08-23 12:22:24,923 : [INFO ] - Params : @Status value :0
2014-08-23 12:22:24,924 : [INFO ] - Params : @Source value :android
2014-08-23 12:22:24,924 : [INFO ] - Params : @ApiId value :CyberPate
2014-08-23 12:22:24,924 : [INFO ] - Params : @BillRecieptId value :
2014-08-23 12:22:24,925 : [INFO ] - Now Fill SqlDataAdapter
2014-08-23 12:22:25,271 : [INFO ] - Return Ds
