2014-07-24 21:33:31,387 : [INFO ] - Called SignUp api
2014-07-24 21:33:31,452 : [INFO ] - Inside GetDataSet Method
2014-07-24 21:33:31,453 : [INFO ] - ConnStr : Data Source=dhsrecharge.db.9223203.hostedresource.com;database=DhsRecharge;uid=dhsrecharge;password=DHS009rch!
2014-07-24 21:33:31,518 : [INFO ] - Params : @SupDisId value :
2014-07-24 21:33:31,519 : [INFO ] - Params : @UserType value :4
2014-07-24 21:33:31,520 : [INFO ] - Params : @FirstName value :TestRR
2014-07-24 21:33:31,521 : [INFO ] - Params : @LastName value :Lata Last
2014-07-24 21:33:31,522 : [INFO ] - Params : @UserName value :TestME
2014-07-24 21:33:31,524 : [INFO ] - Params : @Password value :123
2014-07-24 21:33:31,524 : [INFO ] - Params : @Mobile value :7506060128
2014-07-24 21:33:31,525 : [INFO ] - Params : @Email value :test@test.com
2014-07-24 21:33:31,526 : [INFO ] - Params : @Address value :Navi
2014-07-24 21:33:31,527 : [INFO ] - Params : @Zip value :400706
2014-07-24 21:33:32,667 : [ERROR] - SignUp | Exception : The SqlParameterCollection only accepts non-null SqlParameter type objects.
Parameter name: value
2014-07-24 21:33:53,504 : [INFO ] - Called SignUp api
2014-07-24 21:34:04,165 : [INFO ] - Inside GetDataSet Method
2014-07-24 21:34:04,165 : [INFO ] - ConnStr : Data Source=dhsrecharge.db.9223203.hostedresource.com;database=DhsRecharge;uid=dhsrecharge;password=DHS009rch!
2014-07-24 21:34:04,167 : [INFO ] - Params : @SupDisId value :
2014-07-24 21:34:04,167 : [INFO ] - Params : @UserType value :4
2014-07-24 21:34:04,168 : [INFO ] - Params : @FirstName value :TestRR
2014-07-24 21:34:04,169 : [INFO ] - Params : @LastName value :Lata Last
2014-07-24 21:34:04,172 : [INFO ] - Params : @UserName value :TestME
2014-07-24 21:34:04,175 : [INFO ] - Params : @Password value :123
2014-07-24 21:34:04,176 : [INFO ] - Params : @Mobile value :7506060128
2014-07-24 21:34:04,178 : [INFO ] - Params : @Email value :test@test.com
2014-07-24 21:34:04,180 : [INFO ] - Params : @Address value :Navi
2014-07-24 21:34:04,190 : [INFO ] - Params : @Zip value :400706
2014-07-24 21:34:38,532 : [ERROR] - SignUp | Exception : The SqlParameterCollection only accepts non-null SqlParameter type objects.
Parameter name: value
2014-07-24 21:34:43,137 : [INFO ] - Called SignUp api
2014-07-24 21:35:53,344 : [INFO ] - Called SignUp api
2014-07-24 21:36:02,287 : [INFO ] - Inside GetDataSet Method
2014-07-24 21:36:02,295 : [INFO ] - ConnStr : Data Source=dhsrecharge.db.9223203.hostedresource.com;database=DhsRecharge;uid=dhsrecharge;password=DHS009rch!
2014-07-24 21:36:02,328 : [INFO ] - Params : @SupDisId value :
2014-07-24 21:36:02,334 : [INFO ] - Params : @DisId value :
2014-07-24 21:36:02,334 : [INFO ] - Params : @FirstName value :TestRR
2014-07-24 21:36:02,335 : [INFO ] - Params : @LastName value :Lata Last
2014-07-24 21:36:02,335 : [INFO ] - Params : @UserName value :TestME
2014-07-24 21:36:02,336 : [INFO ] - Params : @Password value :123
2014-07-24 21:36:02,336 : [INFO ] - Params : @Mobile value :7506060128
2014-07-24 21:36:02,337 : [INFO ] - Params : @Email value :test@test.com
2014-07-24 21:36:02,337 : [INFO ] - Params : @Address value :Navi
2014-07-24 21:36:02,338 : [INFO ] - Params : @Zip value :400706
2014-07-24 21:36:02,338 : [INFO ] - Params : @UserType value :4
2014-07-24 21:36:02,468 : [INFO ] - Now Fill SqlDataAdapter
2014-07-24 21:36:05,381 : [INFO ] - Return Ds
