2014-08-07 00:29:36,681 : [INFO ] - CalledService api
2014-08-07 00:29:36,689 : [INFO ] - Params | UserId : 7506260128UserType :4 TransactionType : 1 Source :androidOperatorId : 35 Number: 7739481613 InsuranceDob : Amount :10
2014-08-07 00:29:39,292 : [INFO ] - Going to Process
2014-08-07 00:29:39,769 : [INFO ] - Param => userId : 7506260128 UserType : 4
2014-08-07 00:29:39,774 : [INFO ] - Inside GetDataSet Method
2014-08-07 00:29:39,775 : [INFO ] - ConnStr : Data Source=dhsrecharge.db.9223203.hostedresource.com;database=DhsRecharge;uid=dhsrecharge;password=DHS009rch!
2014-08-07 00:29:39,780 : [INFO ] - Params : @UserId value :7506260128
2014-08-07 00:29:39,780 : [INFO ] - Params : @UserType value :4
2014-08-07 00:29:39,780 : [INFO ] - Params : @OpId value :35
2014-08-07 00:29:39,781 : [INFO ] - Now Fill SqlDataAdapter
2014-08-07 00:29:42,072 : [INFO ] - Return Ds
2014-08-07 00:29:42,074 : [INFO ] - Got Data from Db
2014-08-07 00:29:42,074 : [INFO ] - Avaialable balance : 95 Service Status : true Margin1.8
2014-08-07 00:29:42,075 : [INFO ] - Going to process the Transaction.
2014-08-07 00:29:43,042 : [INFO ] - Inside Process request Method.
2014-08-07 00:29:43,686 : [INFO ] - Session : 9BYBlTxCkmhnUYKcB7WH
2014-08-07 00:29:45,243 : [INFO ] - SD : 105539 |AP : 175413 |OP : 175447 |Mobile : 7739481613
2014-08-07 00:29:45,502 : [INFO ] - reqStr : inputmessage=0000048701SM000001340000013400000217%0d%0aapi175413+++++++++++00039311%0d%0a++++++++++++++++++++00000000%0d%0aBEGIN%0d%0aSD%3d105539%0d%0aAP%3d175413%0d%0aOP%3d175447%0d%0aTERM_ID%3d105549%0d%0aSESSION%3d9BYBlTxCkmhnUYKcB7WH%0d%0aNUMBER%3d7739481613%0d%0aAMOUNT%3d10%0d%0aAMOUNT_ALL%3d10%0d%0aCOMMENT%3d%0d%0a%0d%0aEND%0d%0aBEGIN+SIGNATURE%0d%0aiQCRAwkBAACZj1PieyEBAS6aA%2f9EgRaNlOwt6lw%2fVJAw%2feYxmEp7Wb1LkjhQwTUu%0d%0aPt8pPCEAElA7NHgFldy6xSDvfTtrzdFl33Vac6aDbQ0Lx2DRnYphRXoOs57XrTbm%0d%0aoY0Mf6JXd9hJ186l0gbr%2b7ZBhYRi2B8FbLF9HV9Xf3p7hxIGzYecLe0jEmjIXZFq%0d%0a%2bVD8yLABxw%3d%3d%0d%0a%3dHr22%0d%0aEND+SIGNATURE
2014-08-07 00:29:45,503 : [INFO ] - Done
2014-08-07 00:29:45,673 : [INFO ] - Inside the Process Method.
2014-08-07 00:29:45,674 : [INFO ] -  URL : https://in.cyberplat.com/cgi-bin/at/at_pay_check.cgi
2014-08-07 00:29:45,993 : [INFO ] - Response str : 0000045101SM000000980000009800000217
inist_in            00000040
                    00000000
BEGIN
DATE=07.08.2014 00:29:47
SESSION=9BYBlTxCkmhnUYKcB7WH
ERROR=0
RESULT=0
TRANSID=1000399167505

END
BEGIN SIGNATURE
iQCRAwkBAAAAKFPieyMBAR1zA/wPRwZwAWr6znqd+DWbcYyapa51559kqt/HS23e
Rq9QvOiuawlPO7h3/AnZAsHrMy8wntOaAgX8Hff2GDi796HTqjQFDebYJAWRTIlA
WFF0QxUEamjptJoqM+TNEoEfylRAxHHlQPrN6XeJ5LIpZxP5Sv9vpGqj8qwm9S/+
HyQ3GrABxw==
=Zyzj
END SIGNATURE
2014-08-07 00:29:46,938 : [INFO ] - Go for payment
2014-08-07 00:29:52,024 : [INFO ] - Inside the Process Method.
2014-08-07 00:29:52,025 : [INFO ] -  URL : https://in.cyberplat.com/cgi-bin/at/at_pay.cgi
2014-08-07 00:29:52,577 : [INFO ] - Response str : 0000047201SM000001190000011900000217
inist_in            00000040
                    00000000
BEGIN
DATE=07.08.2014 00:29:54
SESSION=9BYBlTxCkmhnUYKcB7WH
ERROR=23
RESULT=1
TRANSID=1000399167505
AUTHCODE=992971137

END
BEGIN SIGNATURE
iQCRAwkBAAAAKFPieyoBAVfnA/9ZLpyeQT1TlTvQHkfRWlUv6/J3Pa7EGnAIqoWt
57kowsQnNe7CVByv7j23hxCt5TzybBZG87g9jNttOK5SY2eAD8Z9fzIo1XOlFTTV
BGekD6703Rq/jhSLYDHeDBhXMbohoJ6zSUwHbqOjISfL2NCtuouGgH2Hqq+ZixLW
LAM5w7ABxw==
=xM8X
END SIGNATURE
2014-08-07 00:29:53,022 : [ERROR] - Error Message  : Invalid Operator Number
2014-08-07 00:29:53,500 : [WARN ] - cyberplate-error  : Payment Error- Invalid Operator Number
2014-08-07 00:32:48,421 : [INFO ] - Inside GetDataSet Method
2014-08-07 00:32:48,422 : [INFO ] - ConnStr : Data Source=dhsrecharge.db.9223203.hostedresource.com;database=DhsRecharge;uid=dhsrecharge;password=DHS009rch!
2014-08-07 00:32:48,422 : [INFO ] - Params : @UserId value :7506260128
2014-08-07 00:32:48,423 : [INFO ] - Params : @UserType value :4
2014-08-07 00:32:48,424 : [INFO ] - Params : @Number value :7739481613
2014-08-07 00:32:48,424 : [INFO ] - Params : @Amount value :0
2014-08-07 00:32:48,424 : [INFO ] - Params : @Profit value :0
2014-08-07 00:32:48,424 : [INFO ] - Params : @TransactionType value :1
2014-08-07 00:32:48,425 : [INFO ] - Params : @InsuranceDob value :
2014-08-07 00:32:48,425 : [INFO ] - Params : @TransactionId value :-1
2014-08-07 00:32:48,425 : [INFO ] - Params : @OperaterId value :35
2014-08-07 00:32:48,427 : [INFO ] - Params : @Status value :0
2014-08-07 00:32:48,427 : [INFO ] - Params : @Source value :android
2014-08-07 00:32:48,429 : [INFO ] - Params : @ApiId value :CyberPate
2014-08-07 00:32:48,430 : [INFO ] - Params : @BillRecieptId value :
2014-08-07 00:32:48,430 : [INFO ] - Now Fill SqlDataAdapter
2014-08-07 00:32:48,769 : [INFO ] - Return Ds
2014-08-07 00:33:02,004 : [INFO ] - CalledService api
2014-08-07 00:33:02,005 : [INFO ] - Params | UserId : 7506260128UserType :4 TransactionType : 1 Source :androidOperatorId : 35 Number: 7739481613 InsuranceDob : Amount :10
2014-08-07 00:33:03,741 : [INFO ] - Going to Process
2014-08-07 00:33:04,163 : [INFO ] - Param => userId : 7506260128 UserType : 4
2014-08-07 00:33:04,164 : [INFO ] - Inside GetDataSet Method
2014-08-07 00:33:04,164 : [INFO ] - ConnStr : Data Source=dhsrecharge.db.9223203.hostedresource.com;database=DhsRecharge;uid=dhsrecharge;password=DHS009rch!
2014-08-07 00:33:04,165 : [INFO ] - Params : @UserId value :7506260128
2014-08-07 00:33:04,165 : [INFO ] - Params : @UserType value :4
2014-08-07 00:33:04,165 : [INFO ] - Params : @OpId value :35
2014-08-07 00:33:04,166 : [INFO ] - Now Fill SqlDataAdapter
2014-08-07 00:33:04,695 : [INFO ] - Return Ds
2014-08-07 00:33:04,697 : [INFO ] - Got Data from Db
2014-08-07 00:33:04,698 : [INFO ] - Avaialable balance : 95 Service Status : true Margin1.8
2014-08-07 00:33:04,699 : [INFO ] - Going to process the Transaction.
2014-08-07 00:33:05,250 : [INFO ] - Inside Process request Method.
2014-08-07 00:33:05,944 : [INFO ] - Session : UNrhBUtGYf3nGWbXgDnO
2014-08-07 00:33:07,923 : [INFO ] - SD : 105539 |AP : 175413 |OP : 175447 |Mobile : 7739481613
2014-08-07 00:33:08,423 : [INFO ] - reqStr : inputmessage=0000048701SM000001340000013400000217%0d%0aapi175413+++++++++++00039311%0d%0a++++++++++++++++++++00000000%0d%0aBEGIN%0d%0aSD%3d105539%0d%0aAP%3d175413%0d%0aOP%3d175447%0d%0aTERM_ID%3d105549%0d%0aSESSION%3dUNrhBUtGYf3nGWbXgDnO%0d%0aNUMBER%3d7739481613%0d%0aAMOUNT%3d10%0d%0aAMOUNT_ALL%3d10%0d%0aCOMMENT%3d%0d%0a%0d%0aEND%0d%0aBEGIN+SIGNATURE%0d%0aiQCRAwkBAACZj1Pie%2bwBAdlTA%2f0SidKf5KBF%2bOIuvt6zfV5l%2bicfocWWe%2ffen5vC%0d%0antWn2djM8ppmbhLBRt88ot4AmGy%2bkPU0LUu%2fOeTfSwa7Et4eO95HCaDzTC9WWLgA%0d%0afNpAiZ8vGMLvG8XPaHsjid2%2fxpT0%2fLFxNzR3Rl3JKPogNpb6TZsSjgpzwAMg1E10%0d%0aRYaHzrABxw%3d%3d%0d%0a%3dwDTl%0d%0aEND+SIGNATURE
2014-08-07 00:33:08,424 : [INFO ] - Done
2014-08-07 00:33:09,061 : [INFO ] - Inside the Process Method.
2014-08-07 00:33:09,061 : [INFO ] -  URL : https://in.cyberplat.com/cgi-bin/at/at_pay_check.cgi
2014-08-07 00:33:09,298 : [INFO ] - Response str : 0000045101SM000000980000009800000217
inist_in            00000040
                    00000000
BEGIN
DATE=07.08.2014 00:33:10
SESSION=UNrhBUtGYf3nGWbXgDnO
ERROR=0
RESULT=0
TRANSID=1000399167658

END
BEGIN SIGNATURE
iQCRAwkBAAAAKFPie+4BATAWA/0d5/Ln+2gPkdZJnBhkszfK9dFHcbCzVagwF5pM
l51jf6vJHzEoByQKDer85wFGmFgxM/c9qZ0jvUJ7luaC7Q6IXVU0WGgtPaimNGor
/zJvieWpH528TRx5ecOV8GDehZ2IC3z/2tX8T5mm3VHM4dHRnMoAuLKMwIuvGJ4s
wMz8V7ABxw==
=NQDq
END SIGNATURE
2014-08-07 00:33:16,435 : [INFO ] - Go for payment
2014-08-07 00:33:35,614 : [INFO ] - Inside the Process Method.
2014-08-07 00:33:35,615 : [INFO ] -  URL : https://in.cyberplat.com/cgi-bin/at/at_pay.cgi
2014-08-07 00:33:36,263 : [INFO ] - Response str : 0000047201SM000001190000011900000217
inist_in            00000040
                    00000000
BEGIN
DATE=07.08.2014 00:33:37
SESSION=UNrhBUtGYf3nGWbXgDnO
ERROR=23
RESULT=1
TRANSID=1000399167658
AUTHCODE=992973107

END
BEGIN SIGNATURE
iQCRAwkBAAAAKFPifAkBAbdBBAC5y8HtR3pFfmMjOJur8txDtn0XKZBwl4CM9xxx
K0ApFFI9xY5FDT1krdWI2K3yqNWxknuTPlVQ4mNfK9dvDTAAxNYbhzq9LqA8+Cpj
kDMpA2+oP8GXsmcdJ8i7FNHcSlY3UXKx1Wt+nVuv/Nc3oGbMovjMVmwSapK4gF8s
ZlTKN7ABxw==
=h9DU
END SIGNATURE
2014-08-07 00:34:37,447 : [ERROR] - Error Message  : Invalid Operator Number
2014-08-07 00:34:38,307 : [WARN ] - cyberplate-error  : Payment Error- Invalid Operator Number
2014-08-07 00:34:45,522 : [INFO ] - Inside GetDataSet Method
2014-08-07 00:34:45,522 : [INFO ] - ConnStr : Data Source=dhsrecharge.db.9223203.hostedresource.com;database=DhsRecharge;uid=dhsrecharge;password=DHS009rch!
2014-08-07 00:34:45,523 : [INFO ] - Params : @UserId value :7506260128
2014-08-07 00:34:45,523 : [INFO ] - Params : @UserType value :4
2014-08-07 00:34:45,523 : [INFO ] - Params : @Number value :7739481613
2014-08-07 00:34:45,524 : [INFO ] - Params : @Amount value :0
2014-08-07 00:34:45,524 : [INFO ] - Params : @Profit value :0
2014-08-07 00:34:45,524 : [INFO ] - Params : @TransactionType value :1
2014-08-07 00:34:45,524 : [INFO ] - Params : @InsuranceDob value :
2014-08-07 00:34:45,524 : [INFO ] - Params : @TransactionId value :-1
2014-08-07 00:34:45,524 : [INFO ] - Params : @OperaterId value :35
2014-08-07 00:34:45,525 : [INFO ] - Params : @Status value :0
2014-08-07 00:34:45,525 : [INFO ] - Params : @Source value :android
2014-08-07 00:34:45,525 : [INFO ] - Params : @ApiId value :CyberPate
2014-08-07 00:34:45,525 : [INFO ] - Params : @BillRecieptId value :
2014-08-07 00:34:45,525 : [INFO ] - Now Fill SqlDataAdapter
2014-08-07 00:34:45,849 : [INFO ] - Return Ds
2014-08-07 00:40:21,682 : [INFO ] - CalledService api
2014-08-07 00:40:21,683 : [INFO ] - Params | UserId : 7506260128UserType :4 TransactionType : 1 Source :androidOperatorId : 35 Number: 7739481613 InsuranceDob : Amount :10
2014-08-07 00:40:23,296 : [INFO ] - Going to Process
2014-08-07 00:40:28,452 : [INFO ] - Param => userId : 7506260128 UserType : 4
2014-08-07 00:40:28,465 : [INFO ] - Inside GetDataSet Method
2014-08-07 00:40:28,468 : [INFO ] - ConnStr : Data Source=dhsrecharge.db.9223203.hostedresource.com;database=DhsRecharge;uid=dhsrecharge;password=DHS009rch!
2014-08-07 00:40:28,469 : [INFO ] - Params : @UserId value :7506260128
2014-08-07 00:40:28,469 : [INFO ] - Params : @UserType value :4
2014-08-07 00:40:28,470 : [INFO ] - Params : @OpId value :35
2014-08-07 00:40:28,470 : [INFO ] - Now Fill SqlDataAdapter
2014-08-07 00:40:30,460 : [INFO ] - Return Ds
2014-08-07 00:40:30,461 : [INFO ] - Got Data from Db
2014-08-07 00:40:30,461 : [INFO ] - Avaialable balance : 95 Service Status : true Margin1.8
2014-08-07 00:40:30,462 : [INFO ] - Going to process the Transaction.
2014-08-07 00:40:31,314 : [INFO ] - Inside Process request Method.
2014-08-07 00:40:32,589 : [INFO ] - Session : 53DHURc1xsMmYROHXQgk
2014-08-07 00:41:05,907 : [INFO ] - SD : 105539 |AP : 175413 |OP : 175447 |Mobile : 7739481613
2014-08-07 00:41:06,338 : [INFO ] - reqStr : inputmessage=0000048701SM000001340000013400000217%0d%0aapi175413+++++++++++00039311%0d%0a++++++++++++++++++++00000000%0d%0aBEGIN%0d%0aSD%3d105539%0d%0aAP%3d175413%0d%0aOP%3d175447%0d%0aTERM_ID%3d175413%0d%0aSESSION%3d53DHURc1xsMmYROHXQgk%0d%0aNUMBER%3d7739481613%0d%0aAMOUNT%3d10%0d%0aAMOUNT_ALL%3d10%0d%0aCOMMENT%3d%0d%0a%0d%0aEND%0d%0aBEGIN+SIGNATURE%0d%0aiQCRAwkBAACZj1PifcoBAXXDBACUibrwvNYXbYsx5OyVT0NErYrFF3VyS9yOLjBv%0d%0aUFtNoLYElzS3CkugT3IvoZbKXcKYiDQlQjCBmjFsbCC52zt13llITkH4%2bBCmaIhf%0d%0arQ2Y1wn99GvC2ZT0AWFykIRQXvjH8DoIU8Ph8CH3pTKmDhxcfw52yMfWdtyX%2bjMT%0d%0aBCSZM7ABxw%3d%3d%0d%0a%3dST5E%0d%0aEND+SIGNATURE
2014-08-07 00:41:06,338 : [INFO ] - Done
2014-08-07 00:41:06,634 : [INFO ] - Inside the Process Method.
2014-08-07 00:41:06,634 : [INFO ] -  URL : https://in.cyberplat.com/cgi-bin/at/at_pay_check.cgi
2014-08-07 00:41:06,941 : [INFO ] - Response str : 0000045101SM000000980000009800000217
inist_in            00000040
                    00000000
BEGIN
DATE=07.08.2014 00:41:08
SESSION=53DHURc1xsMmYROHXQgk
ERROR=0
RESULT=0
TRANSID=1000399167922

END
BEGIN SIGNATURE
iQCRAwkBAAAAKFPifcwBAZvLA/498KSl8WSyzmdt3PUlL/BAOpo9Fuw/a3FnCx9V
cEPCz2pDgUkvJMjnQLY/YCIeV7kxKxNFfYEpUcgVeCH1KTbb0BBYetEML2LUhZK6
U8935e00rkGFjbFh+BC75Fz5E8+o1TgNyTr7+CepQXKWtiuG2hRMEkGi2U0qqeTw
RXPHL7ABxw==
=sPo3
END SIGNATURE
2014-08-07 00:41:15,799 : [INFO ] - Go for payment
2014-08-07 00:41:24,608 : [INFO ] - Inside the Process Method.
2014-08-07 00:41:24,608 : [INFO ] -  URL : https://in.cyberplat.com/cgi-bin/at/at_pay.cgi
2014-08-07 00:41:25,320 : [INFO ] - Response str : 0000047301SM000001200000012000000217
inist_in            00000040
                    00000000
BEGIN
DATE=07.08.2014 00:41:26
SESSION=53DHURc1xsMmYROHXQgk
ERROR=224
RESULT=1
TRANSID=1000399167922
AUTHCODE=992976955

END
BEGIN SIGNATURE
iQCRAwkBAAAAKFPifd4BAfL1BACPU/4hXYuomu2vfdQrMnXwRJsFQe4/6iXPOg0q
3424N2R9n0k0ho57iUKbZTih3gbv0X0A4gbAS0KEU0PhASvFvKXhOwkthB0Otxhe
VE2Ckidg7KL6yt9m7Qw4AkPLXKOjYmwGZrIsWZQ68Akm+ZgiKYU8VCUSy6l2kpHv
CuGECrABxw==
=FMsh
END SIGNATURE
2014-08-07 00:41:43,200 : [ERROR] - Error Message  : UnKnown Error
2014-08-07 00:44:42,889 : [INFO ] - SD : 105539 |AP : 175413 |OP : 175447 |Mobile : 7739481613
2014-08-07 00:44:43,201 : [INFO ] - reqStr : inputmessage=0000048701SM000001340000013400000217%0d%0aapi175413+++++++++++00039311%0d%0a++++++++++++++++++++00000000%0d%0aBEGIN%0d%0aSD%3d105539%0d%0aAP%3d175413%0d%0aOP%3d175447%0d%0aTERM_ID%3d105539%0d%0aSESSION%3d53DHURc1xsMmYROHXQgk%0d%0aNUMBER%3d7739481613%0d%0aAMOUNT%3d10%0d%0aAMOUNT_ALL%3d10%0d%0aCOMMENT%3d%0d%0a%0d%0aEND%0d%0aBEGIN+SIGNATURE%0d%0aiQCRAwkBAACZj1PifqMBAbYpA%2f9FBkN%2bHyyAukC%2bEEeWnaasyogOGNezyZa9cYo7%0d%0aHUGduo%2foInwLQgYPw5IsoWF7rffNCKKmBcfAnmQ3PpGYv%2b%2fKvkzy2QoPwBoyyYA9%0d%0a1dE9wTh7lXouRBVe1YsiMn1cPw84qHDru659YNJcjQeyF6z%2fC3I%2fe7FVnY%2bk2JR%2f%0d%0aX8CFcbABxw%3d%3d%0d%0a%3dk%2bYS%0d%0aEND+SIGNATURE
2014-08-07 00:44:43,201 : [INFO ] - Done
2014-08-07 00:44:43,557 : [INFO ] - Inside the Process Method.
2014-08-07 00:44:43,557 : [INFO ] -  URL : https://in.cyberplat.com/cgi-bin/at/at_pay_check.cgi
2014-08-07 00:44:43,710 : [INFO ] - Response str : 0000041801SM000000650000006500000217
inist_in            00000040
                    00000000
BEGIN
DATE=07.08.2014 00:44:45
SESSION=
ERROR=1
RESULT=1
TRANSID=

END
BEGIN SIGNATURE
iQCRAwkBAAAAKFPifqUBARmJA/9HEZLqEYgD9yb1kEn4hoBrPEQwl9FE6aoNoZ+3
2D2jiyA8ruKsLYpvVyazg23o4Pp3f+s5d/XodTRabEmvrml9A/+ZT4FzDLIYL2sj
QEzxKuEzz/xYYbisfmts4Vpr5ycNNa3/bTlxX1Zh7e9nNTT5C51lnbl7XFWQigac
d4kn5LABxw==
=fQnw
END SIGNATURE
2014-08-07 00:44:44,583 : [ERROR] - Error Message  : Session with this number already exists.
2014-08-07 00:45:00,629 : [INFO ] - Inside Process request Method.
2014-08-07 00:45:01,406 : [INFO ] - Session : Y9hELXgkbuqMfpX2jHl8
2014-08-07 00:45:13,690 : [INFO ] - SD : 105539 |AP : 175413 |OP : 175447 |Mobile : 7739481613
2014-08-07 00:45:13,947 : [INFO ] - reqStr : inputmessage=0000048701SM000001340000013400000217%0d%0aapi175413+++++++++++00039311%0d%0a++++++++++++++++++++00000000%0d%0aBEGIN%0d%0aSD%3d105539%0d%0aAP%3d175413%0d%0aOP%3d175447%0d%0aTERM_ID%3d105539%0d%0aSESSION%3dY9hELXgkbuqMfpX2jHl8%0d%0aNUMBER%3d7739481613%0d%0aAMOUNT%3d10%0d%0aAMOUNT_ALL%3d10%0d%0aCOMMENT%3d%0d%0a%0d%0aEND%0d%0aBEGIN+SIGNATURE%0d%0aiQCRAwkBAACZj1PifsEBAcAVA%2f9zwLKzjY4sMQgqWPh1keCfJZpcp3nv6rhddZKh%0d%0asGcwVkxSKVWkeoqWIZefgUvG3SM9Ljbb852q3PBGILL5FYukE5BPDV%2bjuzD3YSms%0d%0aGIinDu3gpNOTA%2f29c2k92Zo18iFZGjs0HKzFMQGKu47f7uFZPelifK8%2fVULVrOTz%0d%0a6Tq637ABxw%3d%3d%0d%0a%3dOiDl%0d%0aEND+SIGNATURE
2014-08-07 00:45:13,947 : [INFO ] - Done
2014-08-07 00:45:14,281 : [INFO ] - Inside the Process Method.
2014-08-07 00:45:14,281 : [INFO ] -  URL : https://in.cyberplat.com/cgi-bin/at/at_pay_check.cgi
2014-08-07 00:45:16,514 : [INFO ] - Response str : 0000045101SM000000980000009800000217
inist_in            00000040
                    00000000
BEGIN
DATE=07.08.2014 00:45:18
SESSION=Y9hELXgkbuqMfpX2jHl8
ERROR=0
RESULT=0
TRANSID=1000399168028

END
BEGIN SIGNATURE
iQCRAwkBAAAAKFPifsYBAb8tBACVfx/XzhMm/8YB6x4x+/ERN5hxVXr3Qos+s6iJ
FFDbYFwp8+GWxJQoKGxwEiLFiz3m9kbCAhCDwL5nlftzb2Onh3j5Es8NiYCeELDv
T9GFR3ZRTkzUvf03SeDOu/MbZlOWkahRb24ezKoRITOsRFGDagrYRZHkFbnKYjen
E1yivrABxw==
=F17v
END SIGNATURE
2014-08-07 00:45:18,238 : [INFO ] - Go for payment
2014-08-07 00:45:24,147 : [INFO ] - Inside the Process Method.
2014-08-07 00:45:24,147 : [INFO ] -  URL : https://in.cyberplat.com/cgi-bin/at/at_pay.cgi
2014-08-07 00:45:24,690 : [INFO ] - Response str : 0000047301SM000001200000012000000217
inist_in            00000040
                    00000000
BEGIN
DATE=07.08.2014 00:45:26
SESSION=Y9hELXgkbuqMfpX2jHl8
ERROR=224
RESULT=1
TRANSID=1000399168028
AUTHCODE=992978799

END
BEGIN SIGNATURE
iQCRAwkBAAAAKFPifs4BAU6CA/43pBfO4NgQLRX1u6jEYlJsdl++ZLDXlpdRRRa8
551Pvcas31cV5j0MOHX3mpqspoKSr5cbhFdD3cJ6rfl6pC7VX6Fcz/HTmpi/xnXj
4nn199PlZldjSd2f+REU9amyppyeTflKvoPGnUHuzHAktvdojqVkqmeSZn3hAvrp
z+NV97ABxw==
=iAUF
END SIGNATURE
2014-08-07 00:46:11,912 : [ERROR] - Error Message  : UnKnown Error
2014-08-07 00:46:11,935 : [WARN ] - cyberplate-error  : Payment Error- UnKnown Error
2014-08-07 00:46:11,939 : [INFO ] - Inside GetDataSet Method
2014-08-07 00:46:11,939 : [INFO ] - ConnStr : Data Source=dhsrecharge.db.9223203.hostedresource.com;database=DhsRecharge;uid=dhsrecharge;password=DHS009rch!
2014-08-07 00:46:11,940 : [INFO ] - Params : @UserId value :7506260128
2014-08-07 00:46:11,940 : [INFO ] - Params : @UserType value :4
2014-08-07 00:46:11,940 : [INFO ] - Params : @Number value :7739481613
2014-08-07 00:46:11,940 : [INFO ] - Params : @Amount value :0
2014-08-07 00:46:11,940 : [INFO ] - Params : @Profit value :0
2014-08-07 00:46:11,941 : [INFO ] - Params : @TransactionType value :1
2014-08-07 00:46:11,941 : [INFO ] - Params : @InsuranceDob value :
2014-08-07 00:46:11,942 : [INFO ] - Params : @TransactionId value :-1
2014-08-07 00:46:11,942 : [INFO ] - Params : @OperaterId value :35
2014-08-07 00:46:11,942 : [INFO ] - Params : @Status value :0
2014-08-07 00:46:11,943 : [INFO ] - Params : @Source value :android
2014-08-07 00:46:11,943 : [INFO ] - Params : @ApiId value :CyberPate
2014-08-07 00:46:11,943 : [INFO ] - Params : @BillRecieptId value :
2014-08-07 00:46:11,943 : [INFO ] - Now Fill SqlDataAdapter
2014-08-07 00:46:12,247 : [INFO ] - Return Ds
2014-08-07 00:46:20,316 : [INFO ] - CalledService api
2014-08-07 00:46:20,316 : [INFO ] - Params | UserId : 7506260128UserType :4 TransactionType : 1 Source :androidOperatorId : 35 Number: 7739481613 InsuranceDob : Amount :10
2014-08-07 00:46:24,664 : [INFO ] - Going to Process
2014-08-07 00:46:24,919 : [INFO ] - Param => userId : 7506260128 UserType : 4
2014-08-07 00:46:24,920 : [INFO ] - Inside GetDataSet Method
2014-08-07 00:46:24,921 : [INFO ] - ConnStr : Data Source=dhsrecharge.db.9223203.hostedresource.com;database=DhsRecharge;uid=dhsrecharge;password=DHS009rch!
2014-08-07 00:46:24,921 : [INFO ] - Params : @UserId value :7506260128
2014-08-07 00:46:24,922 : [INFO ] - Params : @UserType value :4
2014-08-07 00:46:24,923 : [INFO ] - Params : @OpId value :35
2014-08-07 00:46:24,924 : [INFO ] - Now Fill SqlDataAdapter
2014-08-07 00:46:25,221 : [INFO ] - Return Ds
2014-08-07 00:46:25,222 : [INFO ] - Got Data from Db
2014-08-07 00:46:25,223 : [INFO ] - Avaialable balance : 95 Service Status : true Margin1.8
2014-08-07 00:46:25,224 : [INFO ] - Going to process the Transaction.
2014-08-07 00:46:25,415 : [INFO ] - Inside Process request Method.
2014-08-07 00:46:26,384 : [INFO ] - Session : nuzX4E9ZLhpW1oQrcO2h
2014-08-07 00:49:52,542 : [INFO ] - SD : 105539 |AP : 175413 |OP : 175447 |Mobile : 7739481613
2014-08-07 00:49:52,936 : [INFO ] - reqStr : inputmessage=0000048701SM000001340000013400000217%0d%0aapi175413+++++++++++00039311%0d%0a++++++++++++++++++++00000000%0d%0aBEGIN%0d%0aSD%3d105539%0d%0aAP%3d175413%0d%0aOP%3d175447%0d%0aTERM_ID%3d175413%0d%0aSESSION%3dnuzX4E9ZLhpW1oQrcO2h%0d%0aNUMBER%3d7739481613%0d%0aAMOUNT%3d10%0d%0aAMOUNT_ALL%3d10%0d%0aCOMMENT%3d%0d%0a%0d%0aEND%0d%0aBEGIN+SIGNATURE%0d%0aiQCRAwkBAACZj1Pif9gBAcwGA%2f4uvnOrF6R5apfNFOkvGI5iR0ZI091KElmIxTOz%0d%0ak9B1ovTHq78cvwnoDh5MThXT6JHKyAXBokVudNUG9mfZLEun7wGh3cPwrLcpnYk6%0d%0aRgm4Tqck9ZmX%2fzsR70HbTeZpQV4sn%2fRT8luGwUcMKJd4fEa%2bIPlQClQck9strLBj%0d%0aCmFywrABxw%3d%3d%0d%0a%3dd%2f2b%0d%0aEND+SIGNATURE
2014-08-07 00:49:52,937 : [INFO ] - Done
2014-08-07 00:49:53,519 : [INFO ] - Inside the Process Method.
2014-08-07 00:49:53,520 : [INFO ] -  URL : https://in.cyberplat.com/cgi-bin/at/at_pay_check.cgi
2014-08-07 00:49:54,056 : [INFO ] - Response str : 0000045101SM000000980000009800000217
inist_in            00000040
                    00000000
BEGIN
DATE=07.08.2014 00:49:55
SESSION=nuzX4E9ZLhpW1oQrcO2h
ERROR=0
RESULT=0
TRANSID=1000399168142

END
BEGIN SIGNATURE
iQCRAwkBAAAAKFPif9sBAUeqA/0Q2uhChTOUZuE348HD0byCIyhO/Ny26e2Ng/Sv
gE4rRfY92k20noGdGU/HtpXGOkN9gnZE9leT5QY8Ji5ISiWWnnuTHVu38TMmuF83
JkV3aDRIZCkpJLwUucYuIvBjYxzInTrmdfm3ZSA5p+jRJDGS76mWPDFaZEKlUMxi
iSlmHbABxw==
=GCuH
END SIGNATURE
2014-08-07 00:49:55,136 : [INFO ] - Go for payment
2014-08-07 00:50:00,582 : [INFO ] - Inside the Process Method.
2014-08-07 00:50:00,582 : [INFO ] -  URL : https://in.cyberplat.com/cgi-bin/at/at_pay.cgi
2014-08-07 00:50:01,179 : [INFO ] - Response str : 0000047301SM000001200000012000000217
inist_in            00000040
                    00000000
BEGIN
DATE=07.08.2014 00:50:02
SESSION=nuzX4E9ZLhpW1oQrcO2h
ERROR=224
RESULT=1
TRANSID=1000399168142
AUTHCODE=992980663

END
BEGIN SIGNATURE
iQCRAwkBAAAAKFPif+IBAfkSBACpfo+4kJcKVBEGPOsyBqZzxL7pXvrd3I+Nsr9s
gESLHCPTHaPh+BNpYYyM3GovONaGVyTbMhIqCHkw37VAWqo6hZK5qJBcliekM9xS
OW/ntgU/rV36ruRpSXIWeeIqrh4S1zzQpv0gMnMjqPn6IuRWGRyWosnm0O/YvBb5
Girr3rABxw==
=sb7u
END SIGNATURE
2014-08-07 00:50:02,422 : [ERROR] - Error Message  : UnKnown Error
2014-08-07 00:55:14,808 : [INFO ] - CalledService api
2014-08-07 00:55:14,815 : [INFO ] - Params | UserId : 7506260128UserType :4 TransactionType : 1 Source :androidOperatorId : 35 Number: 7739481613 InsuranceDob : Amount :10
2014-08-07 00:55:16,703 : [INFO ] - Going to Process
2014-08-07 00:55:17,197 : [INFO ] - Param => userId : 7506260128 UserType : 4
2014-08-07 00:55:17,200 : [INFO ] - Inside GetDataSet Method
2014-08-07 00:55:17,201 : [INFO ] - ConnStr : Data Source=dhsrecharge.db.9223203.hostedresource.com;database=DhsRecharge;uid=dhsrecharge;password=DHS009rch!
2014-08-07 00:55:17,206 : [INFO ] - Params : @UserId value :7506260128
2014-08-07 00:55:17,211 : [INFO ] - Params : @UserType value :4
2014-08-07 00:55:17,211 : [INFO ] - Params : @OpId value :35
2014-08-07 00:55:17,212 : [INFO ] - Now Fill SqlDataAdapter
2014-08-07 00:55:19,181 : [INFO ] - Return Ds
2014-08-07 00:55:19,183 : [INFO ] - Got Data from Db
2014-08-07 00:55:19,188 : [INFO ] - Avaialable balance : 95 Service Status : true Margin1.8
2014-08-07 00:55:19,191 : [INFO ] - Going to process the Transaction.
2014-08-07 00:55:19,864 : [INFO ] - Inside Process request Method.
2014-08-07 00:55:20,537 : [INFO ] - Session : DR6g3wseCtBHWvWosw2N
2014-08-07 00:55:22,325 : [INFO ] - SD : 105539 |AP : 175413 |OP : 175447 |Mobile : 7739481613
2014-08-07 00:55:22,574 : [INFO ] - reqStr : inputmessage=0000048701SM000001340000013400000217%0d%0aapi175413+++++++++++00039311%0d%0a++++++++++++++++++++00000000%0d%0aBEGIN%0d%0aSD%3d105539%0d%0aAP%3d175413%0d%0aOP%3d175447%0d%0aTERM_ID%3d105549%0d%0aSESSION%3dDR6g3wseCtBHWvWosw2N%0d%0aNUMBER%3d7739481613%0d%0aAMOUNT%3d10%0d%0aAMOUNT_ALL%3d10%0d%0aCOMMENT%3d%0d%0a%0d%0aEND%0d%0aBEGIN+SIGNATURE%0d%0aiQCRAwkBAACZj1PigSIBAYHkA%2f9Ph9B3yxrbu9H11NTkVowN3WDlvDycoGcBV4jn%0d%0aiB65s46ypEK%2bWv71kvUKl1CV0DVjnBUFQQYJQwRY4Tr8sdCUVBF7oOlFOCcYyC%2bL%0d%0amBqiAnsyi1pYQfdlIWoHTdRk7FmMi6yI%2b5R9C8CKdxamVYUSY2kXMbnZ0LrZWZ83%0d%0ac451y7ABxw%3d%3d%0d%0a%3dpwrH%0d%0aEND+SIGNATURE
2014-08-07 00:55:22,575 : [INFO ] - Done
2014-08-07 00:55:22,715 : [INFO ] - Inside the Process Method.
2014-08-07 00:55:22,715 : [INFO ] -  URL : https://in.cyberplat.com/cgi-bin/at/at_pay_check.cgi
2014-08-07 00:55:23,027 : [INFO ] - Response str : 0000045101SM000000980000009800000217
inist_in            00000040
                    00000000
BEGIN
DATE=07.08.2014 00:55:24
SESSION=DR6g3wseCtBHWvWosw2N
ERROR=0
RESULT=0
TRANSID=1000399168280

END
BEGIN SIGNATURE
iQCRAwkBAAAAKFPigSQBAYxhA/9OLw1c1dJtadK9qX0QKfnChFVX/im9CZdA4p1P
WpbzsKKavdUxjnGmsODGNOYKSUjKi4Rb0Mfx7mdlX9lbbyFvSZAKbwdVenlw3FZ3
SJAT69ge7YOylAQu0WPiw4GMzzrD/Cef/XVf/IRpQxnwf5SxvHkrdMNUTS4DObqz
PNbsbbABxw==
=viBW
END SIGNATURE
2014-08-07 00:55:23,766 : [INFO ] - Go for payment
2014-08-07 00:55:30,618 : [INFO ] - Inside the Process Method.
2014-08-07 00:55:30,620 : [INFO ] -  URL : https://in.cyberplat.com/cgi-bin/at/at_pay.cgi
2014-08-07 00:55:31,177 : [INFO ] - Response str : 0000047201SM000001190000011900000217
inist_in            00000040
                    00000000
BEGIN
DATE=07.08.2014 00:55:32
SESSION=DR6g3wseCtBHWvWosw2N
ERROR=23
RESULT=1
TRANSID=1000399168280
AUTHCODE=992982307

END
BEGIN SIGNATURE
iQCRAwkBAAAAKFPigSwBAcp3BACq97or5Udgynw2SLeF3VGLzZRpmHgMhWpn8aBq
OTYC4jtkEgxVSfN3EsOwCnvn1pnrVGrJfdr1Ybcb2p43jzEv9zbLnctjCXOw56OZ
K+qK6W40pe4GYEorq/+EU6mvW1IwZ198y4o4mf4vkJqnyZio2nSDHZv8RmUevSSE
FTvAhLABxw==
=KNVA
END SIGNATURE
2014-08-07 00:55:44,343 : [ERROR] - Error Message  : Invalid Operator Number
2014-08-07 00:55:47,351 : [WARN ] - cyberplate-error  : Payment Error- Invalid Operator Number
2014-08-07 00:55:51,806 : [INFO ] - Inside GetDataSet Method
2014-08-07 00:55:51,806 : [INFO ] - ConnStr : Data Source=dhsrecharge.db.9223203.hostedresource.com;database=DhsRecharge;uid=dhsrecharge;password=DHS009rch!
2014-08-07 00:55:51,807 : [INFO ] - Params : @UserId value :7506260128
2014-08-07 00:55:51,807 : [INFO ] - Params : @UserType value :4
2014-08-07 00:55:51,808 : [INFO ] - Params : @Number value :7739481613
2014-08-07 00:55:51,808 : [INFO ] - Params : @Amount value :0
2014-08-07 00:55:51,809 : [INFO ] - Params : @Profit value :0
2014-08-07 00:55:51,809 : [INFO ] - Params : @TransactionType value :1
2014-08-07 00:55:51,809 : [INFO ] - Params : @InsuranceDob value :
2014-08-07 00:55:51,809 : [INFO ] - Params : @TransactionId value :-1
2014-08-07 00:55:51,810 : [INFO ] - Params : @OperaterId value :35
2014-08-07 00:55:51,810 : [INFO ] - Params : @Status value :0
2014-08-07 00:55:51,810 : [INFO ] - Params : @Source value :android
2014-08-07 00:55:51,810 : [INFO ] - Params : @ApiId value :CyberPate
2014-08-07 00:55:51,810 : [INFO ] - Params : @BillRecieptId value :
2014-08-07 00:55:51,811 : [INFO ] - Now Fill SqlDataAdapter
2014-08-07 00:55:52,131 : [INFO ] - Return Ds
2014-08-07 00:55:57,341 : [INFO ] - CalledService api
2014-08-07 00:55:57,342 : [INFO ] - Params | UserId : 7506260128UserType :4 TransactionType : 1 Source :androidOperatorId : 35 Number: 7739481613 InsuranceDob : Amount :10
2014-08-07 00:55:58,667 : [INFO ] - Going to Process
2014-08-07 00:55:58,976 : [INFO ] - Param => userId : 7506260128 UserType : 4
2014-08-07 00:55:58,981 : [INFO ] - Inside GetDataSet Method
2014-08-07 00:55:58,997 : [INFO ] - ConnStr : Data Source=dhsrecharge.db.9223203.hostedresource.com;database=DhsRecharge;uid=dhsrecharge;password=DHS009rch!
2014-08-07 00:55:59,002 : [INFO ] - Params : @UserId value :7506260128
2014-08-07 00:55:59,008 : [INFO ] - Params : @UserType value :4
2014-08-07 00:55:59,010 : [INFO ] - Params : @OpId value :35
2014-08-07 00:55:59,010 : [INFO ] - Now Fill SqlDataAdapter
2014-08-07 00:55:59,382 : [INFO ] - Return Ds
2014-08-07 00:55:59,393 : [INFO ] - Got Data from Db
2014-08-07 00:55:59,400 : [INFO ] - Avaialable balance : 95 Service Status : true Margin1.8
2014-08-07 00:55:59,408 : [INFO ] - Going to process the Transaction.
2014-08-07 00:56:00,128 : [INFO ] - Inside Process request Method.
2014-08-07 00:56:00,730 : [INFO ] - Session : cTN6FYeXi0DZQNcoJJjd
2014-08-07 00:58:31,013 : [INFO ] - SD : 105539 |AP : 175413 |OP : 175447 |Mobile : 7739481613
2014-08-07 00:58:31,071 : [INFO ] - reqStr : inputmessage=0000048701SM000001340000013400000217%0d%0aapi175413+++++++++++00039311%0d%0a++++++++++++++++++++00000000%0d%0aBEGIN%0d%0aSD%3d105539%0d%0aAP%3d175413%0d%0aOP%3d175447%0d%0aTERM_ID%3d105549%0d%0aSESSION%3dcTN6FYeXi0DZQNcoJJjd%0d%0aNUMBER%3d7739481613%0d%0aAMOUNT%3d10%0d%0aAMOUNT_ALL%3d10%0d%0aCOMMENT%3d%0d%0a%0d%0aEND%0d%0aBEGIN+SIGNATURE%0d%0aiQCRAwkBAACZj1Pigd8BAfj5BACWf77MdNrfNu%2bmwyM%2bsXMjUtAZaFS5nuC1lX0o%0d%0aakSbzG7Uwp1EV1un6t2NPfWHKXKH4LDxGtTDXwHUbIyjtG6WbHgNbAEkkd8D84dv%0d%0appHGcgvRvI6K%2b%2bTADjzOgVozfXUjXTKTVuQdaJ5WJgA%2fWZW6BdvlKvn8paZGoaVK%0d%0aa1RvWrABxw%3d%3d%0d%0a%3dpiSm%0d%0aEND+SIGNATURE
2014-08-07 00:58:31,071 : [INFO ] - Done
2014-08-07 00:58:31,072 : [INFO ] - Inside the Process Method.
2014-08-07 00:58:31,072 : [INFO ] -  URL : https://in.cyberplat.com/cgi-bin/at/at_pay_check.cgi
2014-08-07 00:58:31,324 : [INFO ] - Response str : 0000045101SM000000980000009800000217
inist_in            00000040
                    00000000
BEGIN
DATE=07.08.2014 00:58:32
SESSION=cTN6FYeXi0DZQNcoJJjd
ERROR=0
RESULT=0
TRANSID=1000399168359

END
BEGIN SIGNATURE
iQCRAwkBAAAAKFPigeABAUq4A/4sJ7HSzBofyJiGMZ42mTBatn72B78EQ0DqXK4Y
QkLh41i7KhrVJMG3th18VZvgeWAFbuZH2orOFqQmPmgK9exTwiiJAC6bTlI9AUe+
gy7inn3TSgAO1PEBK89q4380jPeuAMX4oy7rnrbhmqEEl20j+hXUJPword/jetFL
0QwmCbABxw==
=cbxn
END SIGNATURE
2014-08-07 00:58:31,325 : [INFO ] - Go for payment
2014-08-07 00:58:32,071 : [INFO ] - Inside the Process Method.
2014-08-07 00:58:32,071 : [INFO ] -  URL : https://in.cyberplat.com/cgi-bin/at/at_pay.cgi
2014-08-07 00:58:32,680 : [INFO ] - Response str : 0000047201SM000001190000011900000217
inist_in            00000040
                    00000000
BEGIN
DATE=07.08.2014 00:58:34
SESSION=cTN6FYeXi0DZQNcoJJjd
ERROR=23
RESULT=1
TRANSID=1000399168359
AUTHCODE=992983207

END
BEGIN SIGNATURE
iQCRAwkBAAAAKFPigeIBAS1eBADEBanfNvvbMHysTWT2cL3cuNpWDU8G6ssXWLSX
3sa35tcbQKZUSzV8et/mEp3SpYM/rfiPcaLEmN1FDyaunohCB12986vxd7GeF1w5
wNT+v3B1y169QJZ5VgW/HEZ/vFJ9f76rGw1DXcqdOgBXrg0/LPfa7p/olejMS05D
2jR1crABxw==
=d1Lm
END SIGNATURE
2014-08-07 00:58:32,681 : [ERROR] - Error Message  : Invalid Operator Number
2014-08-07 00:58:32,681 : [WARN ] - cyberplate-error  : Payment Error- Invalid Operator Number
2014-08-07 00:58:32,681 : [INFO ] - Inside GetDataSet Method
2014-08-07 00:58:32,682 : [INFO ] - ConnStr : Data Source=dhsrecharge.db.9223203.hostedresource.com;database=DhsRecharge;uid=dhsrecharge;password=DHS009rch!
2014-08-07 00:58:32,682 : [INFO ] - Params : @UserId value :7506260128
2014-08-07 00:58:32,682 : [INFO ] - Params : @UserType value :4
2014-08-07 00:58:32,682 : [INFO ] - Params : @Number value :7739481613
2014-08-07 00:58:32,682 : [INFO ] - Params : @Amount value :0
2014-08-07 00:58:32,683 : [INFO ] - Params : @Profit value :0
2014-08-07 00:58:32,683 : [INFO ] - Params : @TransactionType value :1
2014-08-07 00:58:32,683 : [INFO ] - Params : @InsuranceDob value :
2014-08-07 00:58:32,683 : [INFO ] - Params : @TransactionId value :-1
2014-08-07 00:58:32,683 : [INFO ] - Params : @OperaterId value :35
2014-08-07 00:58:32,684 : [INFO ] - Params : @Status value :0
2014-08-07 00:58:32,684 : [INFO ] - Params : @Source value :android
2014-08-07 00:58:32,684 : [INFO ] - Params : @ApiId value :CyberPate
2014-08-07 00:58:32,684 : [INFO ] - Params : @BillRecieptId value :
2014-08-07 00:58:32,684 : [INFO ] - Now Fill SqlDataAdapter
2014-08-07 00:58:33,025 : [INFO ] - Return Ds
2014-08-07 00:58:51,973 : [INFO ] - CalledService api
2014-08-07 00:58:51,995 : [INFO ] - Params | UserId : 7506260128UserType :4 TransactionType : 1 Source :androidOperatorId : 35 Number: 7506260128 InsuranceDob : Amount :10
2014-08-07 00:58:53,921 : [INFO ] - Going to Process
2014-08-07 00:58:54,162 : [INFO ] - Param => userId : 7506260128 UserType : 4
2014-08-07 00:58:54,163 : [INFO ] - Inside GetDataSet Method
2014-08-07 00:58:54,163 : [INFO ] - ConnStr : Data Source=dhsrecharge.db.9223203.hostedresource.com;database=DhsRecharge;uid=dhsrecharge;password=DHS009rch!
2014-08-07 00:58:54,164 : [INFO ] - Params : @UserId value :7506260128
2014-08-07 00:58:54,164 : [INFO ] - Params : @UserType value :4
2014-08-07 00:58:54,165 : [INFO ] - Params : @OpId value :35
2014-08-07 00:58:54,165 : [INFO ] - Now Fill SqlDataAdapter
2014-08-07 00:58:54,471 : [INFO ] - Return Ds
2014-08-07 00:58:54,471 : [INFO ] - Got Data from Db
2014-08-07 00:58:54,471 : [INFO ] - Avaialable balance : 95 Service Status : true Margin1.8
2014-08-07 00:58:54,471 : [INFO ] - Going to process the Transaction.
2014-08-07 00:58:54,614 : [INFO ] - Inside Process request Method.
2014-08-07 00:58:55,508 : [INFO ] - Session : p4x6Wkck1UyTiMTE3Klf
2014-08-07 00:58:57,110 : [INFO ] - SD : 105539 |AP : 175413 |OP : 175447 |Mobile : 7506260128
2014-08-07 00:58:57,291 : [INFO ] - reqStr : inputmessage=0000048701SM000001340000013400000217%0d%0aapi175413+++++++++++00039311%0d%0a++++++++++++++++++++00000000%0d%0aBEGIN%0d%0aSD%3d105539%0d%0aAP%3d175413%0d%0aOP%3d175447%0d%0aTERM_ID%3d105549%0d%0aSESSION%3dp4x6Wkck1UyTiMTE3Klf%0d%0aNUMBER%3d7506260128%0d%0aAMOUNT%3d10%0d%0aAMOUNT_ALL%3d10%0d%0aCOMMENT%3d%0d%0a%0d%0aEND%0d%0aBEGIN+SIGNATURE%0d%0aiQCRAwkBAACZj1PigfkBAZraA%2f9TmzNCCAyWRr2nsGIrfa0E3pEeTZefvwrE2fsU%0d%0aL8WQwwklqQyAa7kuh14bPIVOMKAXg7%2btuPnWk%2b4qCBLNOBANp7%2b1cOlOCxlRmkiN%0d%0axegV9cWvT3R4%2bpOxZ4VnQTU8EroZN2DkGqI47M1K6JR1I8%2b%2fejt8SbcLgcFM3TdJ%0d%0a2CcM%2bbABxw%3d%3d%0d%0a%3d5XC3%0d%0aEND+SIGNATURE
2014-08-07 00:58:57,292 : [INFO ] - Done
2014-08-07 00:58:57,505 : [INFO ] - Inside the Process Method.
2014-08-07 00:58:57,505 : [INFO ] -  URL : https://in.cyberplat.com/cgi-bin/at/at_pay_check.cgi
2014-08-07 00:58:57,632 : [INFO ] - Response str : 0000045101SM000000980000009800000217
inist_in            00000040
                    00000000
BEGIN
DATE=07.08.2014 00:58:59
SESSION=p4x6Wkck1UyTiMTE3Klf
ERROR=0
RESULT=0
TRANSID=1000399168373

END
BEGIN SIGNATURE
iQCRAwkBAAAAKFPigfsBAVTmBACXiZ+a/nMRMVH04iG271yUcgnvurgaxBm6UGw5
npASBfFcXGuwcGKAxMJwybxZaRulNZs4pqT05r2+zwQBaR5T8L+GfO41G+ZzJ4ex
XS+6dcDXbYdXsyoQW4QFNkBrMe3a+rMDqIKLqTcq3ZUKRS2Bqso7OmWVNb45u+37
H2IgtLABxw==
=/fbk
END SIGNATURE
2014-08-07 00:58:58,262 : [INFO ] - Go for payment
2014-08-07 00:59:03,596 : [INFO ] - Inside the Process Method.
2014-08-07 00:59:03,597 : [INFO ] -  URL : https://in.cyberplat.com/cgi-bin/at/at_pay.cgi
2014-08-07 00:59:04,167 : [INFO ] - Response str : 0000047201SM000001190000011900000217
inist_in            00000040
                    00000000
BEGIN
DATE=07.08.2014 00:59:05
SESSION=p4x6Wkck1UyTiMTE3Klf
ERROR=23
RESULT=1
TRANSID=1000399168373
AUTHCODE=992983345

END
BEGIN SIGNATURE
iQCRAwkBAAAAKFPiggEBAZetBACgw4PESrzHIP8lOqZNiEAVWbkjPI9l1N+UbI5C
F53MipRqPAW32pmtmcJIJbZrHrcdMoCXEsaGPETu1PW25JNwzPrO+WCGcYqN8uDH
gdAoIPuwmUQor8Orx/8ecadIa/auU8RYf8XaXYA4rODPofOj+umyTkwbUBOO2m8h
6VedNbABxw==
=cF0J
END SIGNATURE
2014-08-07 01:01:44,608 : [ERROR] - Error Message  : Invalid Operator Number
2014-08-07 01:01:44,619 : [WARN ] - cyberplate-error  : Payment Error- Invalid Operator Number
2014-08-07 01:01:44,619 : [INFO ] - Inside GetDataSet Method
2014-08-07 01:01:44,620 : [INFO ] - ConnStr : Data Source=dhsrecharge.db.9223203.hostedresource.com;database=DhsRecharge;uid=dhsrecharge;password=DHS009rch!
2014-08-07 01:01:44,620 : [INFO ] - Params : @UserId value :7506260128
2014-08-07 01:01:44,621 : [INFO ] - Params : @UserType value :4
2014-08-07 01:01:44,621 : [INFO ] - Params : @Number value :7506260128
2014-08-07 01:01:44,622 : [INFO ] - Params : @Amount value :0
2014-08-07 01:01:44,622 : [INFO ] - Params : @Profit value :0
2014-08-07 01:01:44,623 : [INFO ] - Params : @TransactionType value :1
2014-08-07 01:01:44,623 : [INFO ] - Params : @InsuranceDob value :
2014-08-07 01:01:44,623 : [INFO ] - Params : @TransactionId value :-1
2014-08-07 01:01:44,624 : [INFO ] - Params : @OperaterId value :35
2014-08-07 01:01:44,624 : [INFO ] - Params : @Status value :0
2014-08-07 01:01:44,625 : [INFO ] - Params : @Source value :android
2014-08-07 01:01:44,625 : [INFO ] - Params : @ApiId value :CyberPate
2014-08-07 01:01:44,625 : [INFO ] - Params : @BillRecieptId value :
2014-08-07 01:01:44,626 : [INFO ] - Now Fill SqlDataAdapter
2014-08-07 01:01:44,954 : [INFO ] - Return Ds
2014-08-07 01:01:52,642 : [INFO ] - CalledService api
2014-08-07 01:01:52,642 : [INFO ] - Params | UserId : 7506260128UserType :4 TransactionType : 1 Source :androidOperatorId : 35 Number: 7739481613 InsuranceDob : Amount :10
2014-08-07 01:01:54,042 : [INFO ] - Going to Process
2014-08-07 01:01:54,304 : [INFO ] - Param => userId : 7506260128 UserType : 4
2014-08-07 01:01:54,304 : [INFO ] - Inside GetDataSet Method
2014-08-07 01:01:54,305 : [INFO ] - ConnStr : Data Source=dhsrecharge.db.9223203.hostedresource.com;database=DhsRecharge;uid=dhsrecharge;password=DHS009rch!
2014-08-07 01:01:54,307 : [INFO ] - Params : @UserId value :7506260128
2014-08-07 01:01:54,310 : [INFO ] - Params : @UserType value :4
2014-08-07 01:01:54,311 : [INFO ] - Params : @OpId value :35
2014-08-07 01:01:54,313 : [INFO ] - Now Fill SqlDataAdapter
2014-08-07 01:01:54,660 : [INFO ] - Return Ds
2014-08-07 01:01:54,661 : [INFO ] - Got Data from Db
2014-08-07 01:01:54,662 : [INFO ] - Avaialable balance : 95 Service Status : true Margin1.8
2014-08-07 01:01:54,663 : [INFO ] - Going to process the Transaction.
2014-08-07 01:01:55,389 : [INFO ] - Inside Process request Method.
2014-08-07 01:01:56,012 : [INFO ] - Session : IaEFXRcoPk6zHlBFXxc1
2014-08-07 01:02:17,987 : [INFO ] - SD : 105539 |AP : 175413 |OP : 175447 |Mobile : 7739481613
2014-08-07 01:02:18,247 : [INFO ] - reqStr : inputmessage=0000048701SM000001340000013400000217%0d%0aapi175413+++++++++++00039311%0d%0a++++++++++++++++++++00000000%0d%0aBEGIN%0d%0aSD%3d105539%0d%0aAP%3d175413%0d%0aOP%3d175447%0d%0aTERM_ID%3d175447%0d%0aSESSION%3dIaEFXRcoPk6zHlBFXxc1%0d%0aNUMBER%3d7739481613%0d%0aAMOUNT%3d10%0d%0aAMOUNT_ALL%3d10%0d%0aCOMMENT%3d%0d%0a%0d%0aEND%0d%0aBEGIN+SIGNATURE%0d%0aiQCRAwkBAACZj1PigsIBAcSxA%2f0Zp4P6JGC7DEJ7lPZjOILMdeDpXVYgsX3tSgdj%0d%0a%2f38NZ6YJc8hQ8%2b7WqB3QlUWfc87kbJao9j6zIU1Jfc%2bcaX3Z64HsPnON2yvdo6Bg%0d%0aqr3Unnm8buJquqWM63iRHyWcpxiLz7FCNdHy1o2YLM5l1SgSN03Oihi40eSADHRk%0d%0aAYWVNbABxw%3d%3d%0d%0a%3dNIAz%0d%0aEND+SIGNATURE
2014-08-07 01:02:18,247 : [INFO ] - Done
2014-08-07 01:02:18,398 : [INFO ] - Inside the Process Method.
2014-08-07 01:02:18,399 : [INFO ] -  URL : https://in.cyberplat.com/cgi-bin/at/at_pay_check.cgi
2014-08-07 01:02:18,706 : [INFO ] - Response str : 0000045101SM000000980000009800000217
inist_in            00000040
                    00000000
BEGIN
DATE=07.08.2014 01:02:20
SESSION=IaEFXRcoPk6zHlBFXxc1
ERROR=0
RESULT=0
TRANSID=1000399168472

END
BEGIN SIGNATURE
iQCRAwkBAAAAKFPigsQBAeZ2A/9uuvLWoCjtXKtDpbJ+O44n5abHRjo6YOL2KkWO
z5QcZLut1CfAm4ZMLMcbyEAOSsHIL+MAdampZEtgFnfk5vkpYNCeVhusNZgM6h+V
TX9OcCCNPRSlcl5XrzNndK2c0jqGsVRpeHf/0ht8bgdTHHjmTky9GpeVizvXU394
OvSmRLABxw==
=qbw6
END SIGNATURE
2014-08-07 01:02:19,441 : [INFO ] - Go for payment
2014-08-07 01:02:25,373 : [INFO ] - Inside the Process Method.
2014-08-07 01:02:25,374 : [INFO ] -  URL : https://in.cyberplat.com/cgi-bin/at/at_pay.cgi
2014-08-07 01:02:25,878 : [INFO ] - Response str : 0000047301SM000001200000012000000217
inist_in            00000040
                    00000000
BEGIN
DATE=07.08.2014 01:02:27
SESSION=IaEFXRcoPk6zHlBFXxc1
ERROR=224
RESULT=1
TRANSID=1000399168472
AUTHCODE=992984297

END
BEGIN SIGNATURE
iQCRAwkBAAAAKFPigssBAToIA/9vcsmFF2MqtV3puJFE1D/LJhQoqaH4EcQ9y8pi
c14C8IwuF8r72FJciyoDgls6ZdS04BwQvqSr9vXU9v7qTYroPLdDww60wC6K4WDJ
4unnL8oNd56HcmZReSwH5A+tZLLNBXOQ8tS799MVkcWgjNZ7dmAY6/3Fmev+ON5t
1Lf3crABxw==
=rjsM
END SIGNATURE
2014-08-07 01:02:31,922 : [ERROR] - Error Message  : UnKnown Error
2014-08-07 01:02:32,407 : [WARN ] - cyberplate-error  : Payment Error- UnKnown Error
2014-08-07 01:02:34,234 : [INFO ] - Inside GetDataSet Method
2014-08-07 01:02:34,235 : [INFO ] - ConnStr : Data Source=dhsrecharge.db.9223203.hostedresource.com;database=DhsRecharge;uid=dhsrecharge;password=DHS009rch!
2014-08-07 01:02:34,235 : [INFO ] - Params : @UserId value :7506260128
2014-08-07 01:02:34,235 : [INFO ] - Params : @UserType value :4
2014-08-07 01:02:34,236 : [INFO ] - Params : @Number value :7739481613
2014-08-07 01:02:34,236 : [INFO ] - Params : @Amount value :0
2014-08-07 01:02:34,236 : [INFO ] - Params : @Profit value :0
2014-08-07 01:02:34,236 : [INFO ] - Params : @TransactionType value :1
2014-08-07 01:02:34,236 : [INFO ] - Params : @InsuranceDob value :
2014-08-07 01:02:34,237 : [INFO ] - Params : @TransactionId value :-1
2014-08-07 01:02:34,237 : [INFO ] - Params : @OperaterId value :35
2014-08-07 01:02:34,237 : [INFO ] - Params : @Status value :0
2014-08-07 01:02:34,237 : [INFO ] - Params : @Source value :android
2014-08-07 01:02:34,238 : [INFO ] - Params : @ApiId value :CyberPate
2014-08-07 01:02:34,238 : [INFO ] - Params : @BillRecieptId value :
2014-08-07 01:02:34,238 : [INFO ] - Now Fill SqlDataAdapter
2014-08-07 01:02:34,547 : [INFO ] - Return Ds
