2014-07-11 01:36:21,403 : [INFO ] - Called GetOperators api
2014-07-11 01:36:21,462 : [INFO ] - Request : http://localhost:52811/dhs/operators
2014-07-11 01:36:21,576 : [INFO ] - Inside GetOperators Method
2014-07-11 01:36:21,579 : [INFO ] - SpName :GetOperaters
2014-07-11 01:36:21,585 : [INFO ] - Inside GetDataSet Method
2014-07-11 01:36:21,587 : [INFO ] - ConnStr : Data Source=dhsrecharge.db.9223203.hostedresource.com;database=DhsRecharge;uid=dhsrecharge;password=DHS009rch!
2014-07-11 01:36:21,668 : [INFO ] - Now Fill SqlDataAdapter
2014-07-11 01:36:24,269 : [INFO ] - Return Ds
2014-07-11 01:36:24,282 : [INFO ] - table count : 1
2014-07-11 01:36:24,814 : [INFO ] - Json Data : [{"Id":2,"OperaterId":"AT ","OperaterName":"Airtel","ServiceType":2},{"Id":3,"OperaterId":"AP","OperaterName":"Airtel PCO","ServiceType":2},{"Id":4,"OperaterId":"ID","OperaterName":"Idea","ServiceType":2},{"Id":5,"OperaterId":"IP","OperaterName":"Idea PCO","ServiceType":2},{"Id":6,"OperaterId":"BS","OperaterName":"BSNL","ServiceType":2},{"Id":7,"OperaterId":"BT","OperaterName":"BSNL Validity","ServiceType":2},{"Id":8,"OperaterId":"BP","OperaterName":"BPL Prepaid","ServiceType":2},{"Id":9,"OperaterId":"RG","OperaterName":"Reliance GSM","ServiceType":2},{"Id":10,"OperaterId":"RC","OperaterName":"Reliance CDMA","ServiceType":2},{"Id":11,"OperaterId":"RW","OperaterName":"Reliance Walky","ServiceType":2},{"Id":12,"OperaterId":"AC","OperaterName":"Aircel","ServiceType":2},{"Id":13,"OperaterId":"MT","OperaterName":"MTS","ServiceType":2},{"Id":14,"OperaterId":"TI","OperaterName":"Tata Indicom","ServiceType":2},{"Id":15,"OperaterId":"DT","OperaterName":"Tata Docomo","ServiceType":2},{"Id":16,"OperaterId":"DS","OperaterName":"Tata Docomo Special","ServiceType":2},{"Id":17,"OperaterId":"TP","OperaterName":"Tata CDMA PCO","ServiceType":2},{"Id":18,"OperaterId":"TW","OperaterName":"Tata Walky","ServiceType":2},{"Id":19,"OperaterId":"TF","OperaterName":"T24 Flexi","ServiceType":2},{"Id":20,"OperaterId":"TL","OperaterName":"T24 Special","ServiceType":2},{"Id":21,"OperaterId":"LP","OperaterName":"Loop Mobile","ServiceType":2},{"Id":22,"OperaterId":"VF","OperaterName":"Vodafone","ServiceType":2},{"Id":23,"OperaterId":"VP","OperaterName":"Vodafone PCO","ServiceType":2},{"Id":24,"OperaterId":"UN","OperaterName":"Uninor","ServiceType":2},{"Id":25,"OperaterId":"US","OperaterName":"Uninor Special","ServiceType":2},{"Id":26,"OperaterId":"MM","OperaterName":"MTNL Topup Mumbai","ServiceType":2},{"Id":27,"OperaterId":"MD","OperaterName":"MTNL Topup Delhi","ServiceType":2},{"Id":28,"OperaterId":"MV","OperaterName":"MTNL Validity Mumbai","ServiceType":2},{"Id":29,"OperaterId":"VC","OperaterName":"Vergin CDMA","ServiceType":2},{"Id":30,"OperaterId":"VL","OperaterName":"Vergin GSM","ServiceType":2},{"Id":31,"OperaterId":"VS","OperaterName":"Videocon Special","ServiceType":2},{"Id":32,"OperaterId":"VT","OperaterName":"Videocon (Flexi)","ServiceType":2},{"Id":33,"OperaterId":"ST","OperaterName":"STEL","ServiceType":2},{"Id":34,"OperaterId":"BG","OperaterName":"DTH Big TV","ServiceType":3},{"Id":35,"OperaterId":"DH","OperaterName":"DTH Dish TV","ServiceType":3},{"Id":36,"OperaterId":"AH","OperaterName":"DTH Airtel","ServiceType":3},{"Id":37,"OperaterId":" SD","OperaterName":"DTH SUN TV","ServiceType":3},{"Id":38,"OperaterId":"VD","OperaterName":"DTH VideoconD2h","ServiceType":3},{"Id":39,"OperaterId":"TS","OperaterName":"DTH Tata Sky","ServiceType":3},{"Id":40,"OperaterId":"PB","OperaterName":"Cellone PostPaid","ServiceType":1},{"Id":41,"OperaterId":"Idea Postpaid","OperaterName":"Idea Postpaid","ServiceType":1},{"Id":42,"OperaterId":"PA","OperaterName":"Airtel Postpaid","ServiceType":1},{"Id":43,"OperaterId":"PL","OperaterName":"Airtel Landline","ServiceType":1},{"Id":45,"OperaterId":"PV","OperaterName":"Vodafone Postpaid","ServiceType":1},{"Id":44,"OperaterId":"PO","OperaterName":"Tata Docomo","ServiceType":1},{"Id":46,"OperaterId":"PM","OperaterName":"Loop Mobile Postpaid","ServiceType":1},{"Id":47,"OperaterId":"Tata TeleServices PostPaid","OperaterName":"Tata TeleServices PostPaid","ServiceType":1}]
2014-07-11 01:50:27,086 : [INFO ] - Got transactionDetails req.
2014-07-11 01:51:14,509 : [INFO ] - Params | UserId : ret23UserType :4 FromDate : 01/09/1998 ToDate :01/08/2015
2014-07-11 01:51:14,510 : [INFO ] - Going to Process
2014-07-11 01:51:14,515 : [INFO ] - Inside TransactionSummary method
2014-07-11 01:51:14,521 : [INFO ] - process request
2014-07-11 01:51:14,534 : [INFO ] - Inside GetDataSet Method
2014-07-11 01:51:14,561 : [INFO ] - ConnStr : Data Source=dhsrecharge.db.9223203.hostedresource.com;database=DhsRecharge;uid=dhsrecharge;password=DHS009rch!
2014-07-11 01:51:14,613 : [INFO ] - Params : @UserId value :ret23
2014-07-11 01:51:14,699 : [INFO ] - Params : @UserType value :4
2014-07-11 01:51:14,701 : [INFO ] - Params : @FromDate value :01/09/1998
2014-07-11 01:51:14,703 : [INFO ] - Params : @ToDate value :01/08/2015
2014-07-11 01:51:14,706 : [INFO ] - Now Fill SqlDataAdapter
2014-07-11 01:51:21,809 : [INFO ] - Return Ds
2014-07-11 01:51:21,810 : [INFO ] - Get the data from db
2014-07-11 01:51:21,932 : [INFO ] - JSON Data : [
  {
    "Total": 11294.0,
    "Successful": 302.0,
    "Failed": 10992.0,
    "Portal": 822.0,
    "Android": 10472.0,
    "J2ME": null
  }
]
2014-07-11 01:51:21,934 : [INFO ] - Inside the transactionDetails api | _IsSuccess : True
2014-07-11 01:57:41,092 : [INFO ] - CalledService api
2014-07-11 01:57:41,094 : [INFO ] - Params | UserId : ret23UserType :4 TransactionType : 2 Source :androidOperatorId : AT Number: 4950000003 InsuranceDob : Amount :1234
2014-07-11 01:57:41,095 : [INFO ] - Going to Process
2014-07-11 01:57:41,106 : [INFO ] - Inside Service method.
2014-07-11 01:57:41,108 : [INFO ] - Check Balance in the account 
2014-07-11 01:57:41,110 : [INFO ] - Param => userId : ret23 UserType : 4
2014-07-11 01:57:41,112 : [INFO ] - Inside GetDataSet Method
2014-07-11 01:57:41,113 : [INFO ] - ConnStr : Data Source=dhsrecharge.db.9223203.hostedresource.com;database=DhsRecharge;uid=dhsrecharge;password=DHS009rch!
2014-07-11 01:57:41,115 : [INFO ] - Params : @UserId value :ret23
2014-07-11 01:57:41,117 : [INFO ] - Params : @UserType value :4
2014-07-11 01:57:41,118 : [INFO ] - Now Fill SqlDataAdapter
2014-07-11 01:57:44,086 : [INFO ] - Return Ds
2014-07-11 01:57:44,087 : [INFO ] - Got Data from Db
2014-07-11 01:57:44,089 : [INFO ] - Avaialable balance : 8481 Service Status : true
2014-07-11 01:57:44,091 : [INFO ] - Going to process the Transaction.
2014-07-11 01:57:44,098 : [INFO ] - Inside Process request Method.
2014-07-11 01:57:44,101 : [INFO ] - Session : XKdoffBXk0KHdatDFOgE
2014-07-11 01:57:44,106 : [INFO ] - SD :  |AP :  |OP :  |SubscriberMobile : 4950000003
2014-07-11 01:57:44,280 : [ERROR] - Exception  : Error while generating input message for cyberplat| Ex Message : Unable to load DLL 'libipriv': The specified module could not be found. (Exception from HRESULT: 0x8007007E)
2014-07-11 01:57:44,281 : [INFO ] - inputMessageforValidatSubscriberNumber : 
2014-07-11 01:57:44,284 : [INFO ] - requestUrl : http://ru-demo.cyberplat.com/cgi-bin/DealerSertification/de_pay_check.cgi
2014-07-11 01:57:44,288 : [INFO ] - Inside the Process Method.
2014-07-11 01:57:44,289 : [INFO ] -  URL : http://ru-demo.cyberplat.com/cgi-bin/DealerSertification/de_pay_check.cgi
2014-07-11 01:57:47,136 : [INFO ] - Response str : 0000032701SM000000660000006600000125
0J0005              00064182
                    00000000
BEGIN
DATE=11.07.2014 00:27:48
SESSION=
ERROR=10
RESULT=1
TRANSID=

END
BEGIN SIGNATURE
iQBRAwkBAAD6tlO+90QBAaSZAfwNOnA/2z8vcZoslSOjDD/Y502W3g9A5Io1tM1T
fbBrcL79zBFp35m9ltXIIcXEG0nchI7LuJvfhb2eH9m6kXDFsAHH
=efeL
END SIGNATURE
2014-07-11 01:57:47,137 : [INFO ] - ValidateResponse : 0000032701SM000000660000006600000125
0J0005              00064182
                    00000000
BEGIN
DATE=11.07.2014 00:27:48
SESSION=
ERROR=10
RESULT=1
TRANSID=

END
BEGIN SIGNATURE
iQBRAwkBAAD6tlO+90QBAaSZAfwNOnA/2z8vcZoslSOjDD/Y502W3g9A5Io1tM1T
fbBrcL79zBFp35m9ltXIIcXEG0nchI7LuJvfhb2eH9m6kXDFsAHH
=efeL
END SIGNATURE
2014-07-11 01:57:47,143 : [ERROR] - Error Message  : Invalid request message format.
2014-07-11 01:57:47,156 : [WARN ] - cyber-plate error : Validation Error- Invalid request message format.
2014-07-11 01:57:47,159 : [INFO ] - Inside GetDataSet Method
2014-07-11 01:57:47,160 : [INFO ] - ConnStr : Data Source=dhsrecharge.db.9223203.hostedresource.com;database=DhsRecharge;uid=dhsrecharge;password=DHS009rch!
2014-07-11 01:57:47,162 : [INFO ] - Params : @UserId value :ret23
2014-07-11 01:57:47,164 : [INFO ] - Params : @UserType value :4
2014-07-11 01:57:47,165 : [INFO ] - Params : @Number value :4950000003
2014-07-11 01:57:47,166 : [INFO ] - Params : @Amount value :1234
2014-07-11 01:57:47,169 : [INFO ] - Params : @ServiceCharge value :
2014-07-11 01:57:47,170 : [INFO ] - Params : @TransactionType value :2
2014-07-11 01:57:47,171 : [INFO ] - Params : @InsuranceDob value :
2014-07-11 01:57:47,173 : [INFO ] - Params : @TransactionId value :
2014-07-11 01:57:47,174 : [INFO ] - Params : @OperaterId value :AT
2014-07-11 01:57:47,176 : [INFO ] - Params : @Status value :0
2014-07-11 01:57:47,178 : [INFO ] - Params : @Source value :android
2014-07-11 01:57:47,179 : [INFO ] - Params : @ApiId value :CyberPate
2014-07-11 01:57:47,181 : [INFO ] - Params : @BillRecieptId value :
2014-07-11 01:57:47,182 : [INFO ] - Now Fill SqlDataAdapter
