2014-09-16 01:49:39,763 : [INFO ] - Inside GetDataSet Method
2014-09-16 01:49:39,790 : [INFO ] - ConnStr : Data Source=dhsrecharge.db.9223203.hostedresource.com;database=DhsRecharge;uid=dhsrecharge;password=DHS009rch!
2014-09-16 01:49:39,887 : [INFO ] - Now Fill SqlDataAdapter
2014-09-16 01:49:42,425 : [INFO ] - Return Ds
2014-09-16 01:54:44,505 : [WARN ] - Server Error
2014-09-16 01:54:45,193 : [ERROR] - SendSMS | Error : Invalid template or template mismatch
2014-09-16 01:54:45,287 : [ERROR] - SendSMS | Error : Invalid template or template mismatch
2014-09-16 01:54:45,428 : [ERROR] - SendSMS | Error : Invalid template or template mismatch
2014-09-16 01:54:45,528 : [ERROR] - SendSMS | Error : Invalid template or template mismatch
2014-09-16 01:54:45,622 : [ERROR] - SendSMS | Error : Invalid template or template mismatch
2014-09-16 01:54:45,727 : [ERROR] - SendSMS | Error : Invalid template or template mismatch
2014-09-16 01:54:45,822 : [ERROR] - SendSMS | Error : Invalid template or template mismatch
2014-09-16 01:54:46,149 : [ERROR] - SendSMS | Error : Invalid template or template mismatch
2014-09-16 01:54:46,237 : [ERROR] - SendSMS | Error : Invalid template or template mismatch
2014-09-16 01:54:46,324 : [ERROR] - SendSMS | Error : Invalid template or template mismatch
2014-09-16 01:54:46,409 : [ERROR] - SendSMS | Error : Invalid template or template mismatch
2014-09-16 01:54:46,495 : [ERROR] - SendSMS | Error : Invalid template or template mismatch
2014-09-16 01:54:46,580 : [ERROR] - SendSMS | Error : Invalid template or template mismatch
2014-09-16 01:54:46,709 : [ERROR] - SendSMS | Error : Invalid template or template mismatch
2014-09-16 01:54:47,018 : [ERROR] - SendSMS | Error : Invalid template or template mismatch
2014-09-16 01:54:47,103 : [ERROR] - SendSMS | Error : Invalid template or template mismatch
2014-09-16 01:54:47,190 : [ERROR] - SendSMS | Error : Invalid template or template mismatch
2014-09-16 01:59:39,836 : [INFO ] - Inside GetDataSet Method
2014-09-16 01:59:39,866 : [INFO ] - ConnStr : Data Source=dhsrecharge.db.9223203.hostedresource.com;database=DhsRecharge;uid=dhsrecharge;password=DHS009rch!
2014-09-16 01:59:39,880 : [INFO ] - Now Fill SqlDataAdapter
2014-09-16 01:59:41,770 : [INFO ] - Return Ds
2014-09-16 02:04:13,864 : [ERROR] - SendSMS | Error : Invalid template or template mismatch
