2014-07-22 00:38:30,741 : [ERROR] - Got ProfitSummary req.
2014-07-22 00:38:30,767 : [ERROR] - Process request |  UserId : ret23 UserType : 4
2014-07-22 00:38:30,812 : [INFO ] - Inside GetDataSet Method
2014-07-22 00:38:30,814 : [INFO ] - ConnStr : Data Source=dhsrecharge.db.9223203.hostedresource.com;database=DhsRecharge;uid=dhsrecharge;password=DHS009rch!
2014-07-22 00:38:30,828 : [INFO ] - Params : @UserId value :ret23
2014-07-22 00:38:30,829 : [INFO ] - Params : @UserType value :4
2014-07-22 00:38:30,829 : [INFO ] - Params : @FromDate value :01/09/2000
2014-07-22 00:38:30,830 : [INFO ] - Params : @ToDate value :01/08/2014
2014-07-22 00:38:30,857 : [INFO ] - Now Fill SqlDataAdapter
2014-07-22 00:38:33,223 : [INFO ] - Return Ds
2014-07-22 00:44:46,690 : [ERROR] - Got ProfitSummary req.
2014-07-22 00:44:46,715 : [ERROR] - Process request |  UserId : ret23 UserType : 4
2014-07-22 00:44:46,723 : [INFO ] - Inside GetDataSet Method
2014-07-22 00:44:46,725 : [INFO ] - ConnStr : Data Source=dhsrecharge.db.9223203.hostedresource.com;database=DhsRecharge;uid=dhsrecharge;password=DHS009rch!
2014-07-22 00:44:46,740 : [INFO ] - Params : @UserId value :ret23
2014-07-22 00:44:46,740 : [INFO ] - Params : @UserType value :4
2014-07-22 00:44:46,741 : [INFO ] - Params : @FromDate value :01/09/2000
2014-07-22 00:44:46,743 : [INFO ] - Params : @ToDate value :01/08/2014
2014-07-22 00:44:46,744 : [INFO ] - Now Fill SqlDataAdapter
2014-07-22 00:44:48,694 : [INFO ] - Return Ds
2014-07-22 00:52:21,848 : [ERROR] - Got BalanceUseSummary req.
2014-07-22 00:52:21,849 : [ERROR] - Process req. | UserId :ret23 UserType : 4
2014-07-22 00:52:21,852 : [INFO ] - Inside GetDataSet Method
2014-07-22 00:52:21,852 : [INFO ] - ConnStr : Data Source=dhsrecharge.db.9223203.hostedresource.com;database=DhsRecharge;uid=dhsrecharge;password=DHS009rch!
2014-07-22 00:52:21,854 : [INFO ] - Params : @UserId value :ret23
2014-07-22 00:52:21,855 : [INFO ] - Params : @UserType value :4
2014-07-22 00:52:21,856 : [INFO ] - Params : @FromDate value :01/09/1998
2014-07-22 00:52:21,857 : [INFO ] - Params : @ToDate value :01/08/2015
2014-07-22 00:52:21,857 : [INFO ] - Now Fill SqlDataAdapter
2014-07-22 00:52:23,923 : [INFO ] - Return Ds
2014-07-22 00:55:01,476 : [INFO ] - Called GetOperators api
2014-07-22 00:55:01,477 : [INFO ] - Request : http://localhost:52811/dhs/operators
2014-07-22 00:55:01,482 : [INFO ] - Inside GetOperators Method
2014-07-22 00:55:01,484 : [INFO ] - SpName :GetOperaters
2014-07-22 00:55:01,485 : [INFO ] - Inside GetDataSet Method
2014-07-22 00:55:01,486 : [INFO ] - ConnStr : Data Source=dhsrecharge.db.9223203.hostedresource.com;database=DhsRecharge;uid=dhsrecharge;password=DHS009rch!
2014-07-22 00:55:01,490 : [INFO ] - Now Fill SqlDataAdapter
2014-07-22 00:55:01,864 : [INFO ] - Return Ds
2014-07-22 00:55:01,865 : [INFO ] - table count : 1
2014-07-22 00:55:01,885 : [INFO ] - Json Data : [{"Id":54,"OperaterId":"261","OperaterName":"Tikona Postpaid | broadband  ","ServiceType":8,"OperaterCode":" Tikona Postpaid | broadband "},{"Id":53,"OperaterId":"243","OperaterName":"ICICI Pru Life  ","ServiceType":7,"OperaterCode":"ICICI Pru Life "},{"Id":52,"OperaterId":"242","OperaterName":"Tata AIG Life  ","ServiceType":7,"OperaterCode":"Tata AIG Life  "},{"Id":51,"OperaterId":"241","OperaterName":"Mahanagar Gas Limitedi ","ServiceType":6,"OperaterCode":"Mahanagar Gas Limited "},{"Id":50,"OperaterId":"240","OperaterName":"MTNL Delhi ","ServiceType":5,"OperaterCode":"MTNL Delhi "},{"Id":49,"OperaterId":"235","OperaterName":"Reliance Energy (Mumbai) ","ServiceType":4,"OperaterCode":"Reliance Energy (Mumbai) Reliance Energy (Mumbai) "},{"Id":34,"OperaterId":"11","OperaterName":"DTH Big TV","ServiceType":3,"OperaterCode":"BG"},{"Id":35,"OperaterId":"12","OperaterName":"DTH Dish TV","ServiceType":3,"OperaterCode":"DH"},{"Id":37,"OperaterId":"213","OperaterName":"DTH SUN TV","ServiceType":3,"OperaterCode":" SD"},{"Id":38,"OperaterId":"13","OperaterName":"DTH VideoconD2h","ServiceType":3,"OperaterCode":"VD"},{"Id":39,"OperaterId":"14","OperaterName":"DTH Tata Sky","ServiceType":3,"OperaterCode":"TS"},{"Id":58,"OperaterId":"212","OperaterName":"MTNL Topup","ServiceType":2,"OperaterCode":"MTT"},{"Id":21,"OperaterId":"2","OperaterName":"Loop Mobile","ServiceType":2,"OperaterCode":"LP"},{"Id":22,"OperaterId":"10","OperaterName":"Vodafone","ServiceType":2,"OperaterCode":"VF"},{"Id":6,"OperaterId":"205","OperaterName":"BSNL","ServiceType":2,"OperaterCode":"BS"},{"Id":7,"OperaterId":"219","OperaterName":"BSNL Validity","ServiceType":2,"OperaterCode":"BT"},{"Id":57,"OperaterId":"17","OperaterName":"Idea  Prepaid","ServiceType":2,"OperaterCode":"IDP"},{"Id":9,"OperaterId":"4","OperaterName":"Reliance GSM","ServiceType":2,"OperaterCode":"RG"},{"Id":10,"OperaterId":"4","OperaterName":"Reliance CDMA","ServiceType":2,"OperaterCode":"RC"},{"Id":12,"OperaterId":"1","OperaterName":"Aircel","ServiceType":2,"OperaterCode":"AC"},{"Id":13,"OperaterId":"3","OperaterName":"MTS","ServiceType":2,"OperaterCode":"MT"},{"Id":14,"OperaterId":"5","OperaterName":"Tata Indicom","ServiceType":2,"OperaterCode":"TI"},{"Id":15,"OperaterId":"6","OperaterName":"Tata Docomo","ServiceType":2,"OperaterCode":"DT"},{"Id":16,"OperaterId":"7","OperaterName":"Tata Docomo Special","ServiceType":2,"OperaterCode":"DS"},{"Id":56,"OperaterId":"225","OperaterName":"Airtel Landline Postpaid","ServiceType":1,"OperaterCode":"ALP"},{"Id":48,"OperaterId":"251","OperaterName":"Reliance Postpaid","ServiceType":1,"OperaterCode":"Reliance Postpaid"},{"Id":40,"OperaterId":"231","OperaterName":"Cellone PostPaid","ServiceType":1,"OperaterCode":"PB"},{"Id":41,"OperaterId":"232","OperaterName":"Idea Postpaid","ServiceType":1,"OperaterCode":"Idea Postpaid"},{"Id":45,"OperaterId":"234","OperaterName":"Vodafone Postpaid","ServiceType":1,"OperaterCode":"PV"},{"Id":44,"OperaterId":"228","OperaterName":"Tata Docomo","ServiceType":1,"OperaterCode":"PO"},{"Id":46,"OperaterId":"230","OperaterName":"Loop Mobile Postpaid","ServiceType":1,"OperaterCode":"PM"},{"Id":47,"OperaterId":"233","OperaterName":"Tata TeleServices PostPaid","ServiceType":1,"OperaterCode":"Tata TeleServices PostPaid"},{"Id":55,"OperaterId":"225","OperaterName":"Airtel Mobile Pospaid","ServiceType":1,"OperaterCode":"AMP"}]
2014-07-22 00:56:48,977 : [INFO ] - Called GetOperators api
2014-07-22 00:56:48,978 : [INFO ] - Request : http://localhost:52811/dhs/operators
2014-07-22 00:56:48,979 : [INFO ] - Inside GetOperators Method
2014-07-22 00:56:48,979 : [INFO ] - SpName :GetOperaters
2014-07-22 00:56:48,980 : [INFO ] - Inside GetDataSet Method
2014-07-22 00:56:48,980 : [INFO ] - ConnStr : Data Source=dhsrecharge.db.9223203.hostedresource.com;database=DhsRecharge;uid=dhsrecharge;password=DHS009rch!
2014-07-22 00:56:48,981 : [INFO ] - Now Fill SqlDataAdapter
2014-07-22 00:56:49,298 : [INFO ] - Return Ds
2014-07-22 00:56:49,300 : [INFO ] - table count : 1
2014-07-22 00:56:49,303 : [INFO ] - Json Data : [{"Id":54,"OperaterId":"261","OperaterName":"Tikona Postpaid | broadband  ","ServiceType":8,"OperaterCode":" Tikona Postpaid | broadband "},{"Id":53,"OperaterId":"243","OperaterName":"ICICI Pru Life  ","ServiceType":7,"OperaterCode":"ICICI Pru Life "},{"Id":52,"OperaterId":"242","OperaterName":"Tata AIG Life  ","ServiceType":7,"OperaterCode":"Tata AIG Life  "},{"Id":51,"OperaterId":"241","OperaterName":"Mahanagar Gas Limitedi ","ServiceType":6,"OperaterCode":"Mahanagar Gas Limited "},{"Id":50,"OperaterId":"240","OperaterName":"MTNL Delhi ","ServiceType":5,"OperaterCode":"MTNL Delhi "},{"Id":49,"OperaterId":"235","OperaterName":"Reliance Energy (Mumbai) ","ServiceType":4,"OperaterCode":"Reliance Energy (Mumbai) Reliance Energy (Mumbai) "},{"Id":34,"OperaterId":"11","OperaterName":"DTH Big TV","ServiceType":3,"OperaterCode":"BG"},{"Id":35,"OperaterId":"12","OperaterName":"DTH Dish TV","ServiceType":3,"OperaterCode":"DH"},{"Id":37,"OperaterId":"213","OperaterName":"DTH SUN TV","ServiceType":3,"OperaterCode":" SD"},{"Id":38,"OperaterId":"13","OperaterName":"DTH VideoconD2h","ServiceType":3,"OperaterCode":"VD"},{"Id":39,"OperaterId":"14","OperaterName":"DTH Tata Sky","ServiceType":3,"OperaterCode":"TS"},{"Id":58,"OperaterId":"212","OperaterName":"MTNL Topup","ServiceType":2,"OperaterCode":"MTT"},{"Id":21,"OperaterId":"2","OperaterName":"Loop Mobile","ServiceType":2,"OperaterCode":"LP"},{"Id":22,"OperaterId":"10","OperaterName":"Vodafone","ServiceType":2,"OperaterCode":"VF"},{"Id":6,"OperaterId":"205","OperaterName":"BSNL","ServiceType":2,"OperaterCode":"BS"},{"Id":7,"OperaterId":"219","OperaterName":"BSNL Validity","ServiceType":2,"OperaterCode":"BT"},{"Id":57,"OperaterId":"17","OperaterName":"Idea  Prepaid","ServiceType":2,"OperaterCode":"IDP"},{"Id":9,"OperaterId":"4","OperaterName":"Reliance GSM","ServiceType":2,"OperaterCode":"RG"},{"Id":10,"OperaterId":"4","OperaterName":"Reliance CDMA","ServiceType":2,"OperaterCode":"RC"},{"Id":12,"OperaterId":"1","OperaterName":"Aircel","ServiceType":2,"OperaterCode":"AC"},{"Id":13,"OperaterId":"3","OperaterName":"MTS","ServiceType":2,"OperaterCode":"MT"},{"Id":14,"OperaterId":"5","OperaterName":"Tata Indicom","ServiceType":2,"OperaterCode":"TI"},{"Id":15,"OperaterId":"6","OperaterName":"Tata Docomo","ServiceType":2,"OperaterCode":"DT"},{"Id":16,"OperaterId":"7","OperaterName":"Tata Docomo Special","ServiceType":2,"OperaterCode":"DS"},{"Id":56,"OperaterId":"225","OperaterName":"Airtel Landline Postpaid","ServiceType":1,"OperaterCode":"ALP"},{"Id":48,"OperaterId":"251","OperaterName":"Reliance Postpaid","ServiceType":1,"OperaterCode":"Reliance Postpaid"},{"Id":40,"OperaterId":"231","OperaterName":"Cellone PostPaid","ServiceType":1,"OperaterCode":"PB"},{"Id":41,"OperaterId":"232","OperaterName":"Idea Postpaid","ServiceType":1,"OperaterCode":"Idea Postpaid"},{"Id":45,"OperaterId":"234","OperaterName":"Vodafone Postpaid","ServiceType":1,"OperaterCode":"PV"},{"Id":44,"OperaterId":"228","OperaterName":"Tata Docomo","ServiceType":1,"OperaterCode":"PO"},{"Id":46,"OperaterId":"230","OperaterName":"Loop Mobile Postpaid","ServiceType":1,"OperaterCode":"PM"},{"Id":47,"OperaterId":"233","OperaterName":"Tata TeleServices PostPaid","ServiceType":1,"OperaterCode":"Tata TeleServices PostPaid"},{"Id":55,"OperaterId":"225","OperaterName":"Airtel Mobile Pospaid","ServiceType":1,"OperaterCode":"AMP"}]
