2014-08-30 13:13:03,294 : [INFO ] - CalledService api
2014-08-30 13:13:03,305 : [INFO ] - Params | UserId : 7506260128UserType :4 TransactionType : 1 Source :androidOperatorId : 26 Number: 7506260128 InsuranceDob : Amount :5
2014-08-30 13:13:03,306 : [INFO ] - Going to Process
2014-08-30 13:13:03,863 : [INFO ] - Param => userId : 7506260128 UserType : 4
2014-08-30 13:13:04,156 : [INFO ] - Inside GetDataSet Method
2014-08-30 13:13:04,157 : [INFO ] - ConnStr : Data Source=dhsrecharge.db.9223203.hostedresource.com;database=DhsRecharge;uid=dhsrecharge;password=DHS009rch!
2014-08-30 13:13:04,160 : [INFO ] - Params : @UserId value :7506260128
2014-08-30 13:13:04,161 : [INFO ] - Params : @UserType value :4
2014-08-30 13:13:04,161 : [INFO ] - Params : @OpId value :26
2014-08-30 13:13:04,526 : [INFO ] - Now Fill SqlDataAdapter
2014-08-30 13:13:09,392 : [INFO ] - Return Ds
2014-08-30 13:13:09,393 : [INFO ] - Got Data from Db
2014-08-30 13:13:09,395 : [INFO ] - Avaialable balance : 11 Service Status : true Margin3.1
2014-08-30 13:13:09,396 : [INFO ] - Going to process the Transaction.
2014-08-30 13:13:18,031 : [INFO ] - Inside Process request Method.
2014-08-30 13:14:41,570 : [INFO ] - Session : 8E8qXwa9XdTquo3orA2X
2014-08-30 13:14:44,966 : [INFO ] - SD : 105539 |AP : 175413 |OP : 175447 |Mobile : 7506260128
2014-08-30 13:14:45,654 : [INFO ] - reqStr : inputmessage=0000046901SM000001160000011600000217%0d%0aapi175413+++++++++++00039311%0d%0a++++++++++++++++++++00000000%0d%0aBEGIN%0d%0aSD%3d105539%0d%0aAP%3d175413%0d%0aOP%3d175447%0d%0aSESSION%3d8E8qXwa9XdTquo3orA2X%0d%0aNUMBER%3d7506260128%0d%0aAMOUNT%3d5%0d%0aAMOUNT_ALL%3d5%0d%0aCOMMENT%3d%0d%0a%0d%0aEND%0d%0aBEGIN+SIGNATURE%0d%0aiQCRAwkBAACZj1QBgO0BAXsCA%2f4vwgusklmcebYbw7ACFMvuOfeHBEylBkV6O6vP%0d%0aSREzsWdTynj0CgtPSOGKRl6XlEU9%2bzUYRcronH7enhRE0FwELK8SnYVk7Yx%2b%2b2ux%0d%0adlfcAqGhdnCoXRn9gfNyDHJIrQZjp14uHSSrOTQLofI9X1U6zAPwq2DDNSMHgcIy%0d%0aiQpDbbABxw%3d%3d%0d%0a%3dcOcK%0d%0aEND+SIGNATURE
2014-08-30 13:14:45,656 : [INFO ] - Done
2014-08-30 13:14:49,920 : [INFO ] - Inside the Process Method.
2014-08-30 13:14:49,922 : [INFO ] -  URL : https://in.cyberplat.com/cgi-bin/un/un_pay_check.cgi
2014-08-30 13:14:50,837 : [INFO ] - Response str : 0000043901SM000000860000008600000217
inist_in            00000040
                    00000000
BEGIN
DATE=30.08.2014 13:14:55
SESSION=8E8qXwa9XdTquo3orA2X
ERROR=23
RESULT=1
TRANSID=

END
BEGIN SIGNATURE
iQCRAwkBAAAAKFQBgPcBAVGEA/sE/J9JloSEuOlOiGu9G+sUZD7VLBJUfLMjJuqa
ji/Tuo5JcCzleV69trrh8C6V7/yk4Ch755sCFYuWBEzEoiMIUf+UmrdMl68vdrR5
G5+IW9PXLhYMfJu4E4rQ4APohhe0hvhTVzMUHsaO6EvHSfGrNUNTBZ1XpQA/kpXA
3Bji6rABxw==
=5gui
END SIGNATURE
2014-08-30 13:15:05,514 : [ERROR] - Error Message  : Invalid Operator Number
2014-08-30 13:15:06,420 : [WARN ] - cyber-plate error : Validation Error- Invalid Operator Number
2014-08-30 13:15:18,232 : [INFO ] - Inside GetDataSet Method
2014-08-30 13:15:18,232 : [INFO ] - ConnStr : Data Source=dhsrecharge.db.9223203.hostedresource.com;database=DhsRecharge;uid=dhsrecharge;password=DHS009rch!
2014-08-30 13:15:18,233 : [INFO ] - Params : @UserId value :7506260128
2014-08-30 13:15:18,235 : [INFO ] - Params : @UserType value :4
2014-08-30 13:15:18,236 : [INFO ] - Params : @Number value :7506260128
2014-08-30 13:15:18,236 : [INFO ] - Params : @Amount value :0
2014-08-30 13:15:18,237 : [INFO ] - Params : @Profit value :0
2014-08-30 13:15:18,237 : [INFO ] - Params : @TransactionType value :1
2014-08-30 13:15:18,237 : [INFO ] - Params : @InsuranceDob value :
2014-08-30 13:15:18,238 : [INFO ] - Params : @TransactionId value :-1
2014-08-30 13:15:18,238 : [INFO ] - Params : @OperaterId value :26
2014-08-30 13:15:18,238 : [INFO ] - Params : @Status value :0
2014-08-30 13:15:18,239 : [INFO ] - Params : @Source value :android
2014-08-30 13:15:18,239 : [INFO ] - Params : @ApiId value :CyberPate
2014-08-30 13:15:18,239 : [INFO ] - Params : @BillRecieptId value :
2014-08-30 13:15:18,240 : [INFO ] - Now Fill SqlDataAdapter
2014-08-30 13:15:18,714 : [INFO ] - Return Ds
2014-08-30 13:15:44,264 : [INFO ] - CalledService api
2014-08-30 13:15:44,264 : [INFO ] - Params | UserId : 7506260128UserType :4 TransactionType : 1 Source :androidOperatorId : 7 Number: 7506260128 InsuranceDob : Amount :5
2014-08-30 13:15:44,265 : [INFO ] - Going to Process
2014-08-30 13:15:44,265 : [INFO ] - Param => userId : 7506260128 UserType : 4
2014-08-30 13:15:44,265 : [INFO ] - Inside GetDataSet Method
2014-08-30 13:15:44,265 : [INFO ] - ConnStr : Data Source=dhsrecharge.db.9223203.hostedresource.com;database=DhsRecharge;uid=dhsrecharge;password=DHS009rch!
2014-08-30 13:15:44,265 : [INFO ] - Params : @UserId value :7506260128
2014-08-30 13:15:44,265 : [INFO ] - Params : @UserType value :4
2014-08-30 13:15:44,266 : [INFO ] - Params : @OpId value :7
2014-08-30 13:15:44,266 : [INFO ] - Now Fill SqlDataAdapter
2014-08-30 13:15:44,576 : [INFO ] - Return Ds
2014-08-30 13:15:44,576 : [INFO ] - Got Data from Db
2014-08-30 13:15:44,600 : [INFO ] - Avaialable balance : 11 Service Status : true Margin0
2014-08-30 13:15:44,600 : [INFO ] - Going to process the Transaction.
2014-08-30 13:15:56,210 : [INFO ] - Inside Process request Method.
2014-08-30 13:15:56,835 : [INFO ] - Session : ofkQTh4b2vv4tYee23ui
2014-08-30 13:15:58,907 : [INFO ] - SD : 105539 |AP : 175413 |OP : 175447 |Mobile : 7506260128
2014-08-30 13:15:59,609 : [INFO ] - reqStr : inputmessage=0000046901SM000001160000011600000217%0d%0aapi175413+++++++++++00039311%0d%0a++++++++++++++++++++00000000%0d%0aBEGIN%0d%0aSD%3d105539%0d%0aAP%3d175413%0d%0aOP%3d175447%0d%0aSESSION%3dofkQTh4b2vv4tYee23ui%0d%0aNUMBER%3d7506260128%0d%0aAMOUNT%3d5%0d%0aAMOUNT_ALL%3d5%0d%0aCOMMENT%3d%0d%0a%0d%0aEND%0d%0aBEGIN+SIGNATURE%0d%0aiQCRAwkBAACZj1QBgTcBAcdwA%2foDS4BW4P7sp9uJ2npSVcvlC2EDCvucv%2bus9mCc%0d%0akF7IUtNUJ%2fD%2fjDv2FioQSrdqt6lCi3EZ6Cq8NxeMhJdStaiplug1KY8KHPc17RyR%0d%0aHkEbLrk3AJzKPdLQvehbJir7L3dsBhHZqgV7xa30EPVesvGn4yHpBdVNABxbbaBo%0d%0aBuUhRrABxw%3d%3d%0d%0a%3d4LwJ%0d%0aEND+SIGNATURE
2014-08-30 13:15:59,610 : [INFO ] - Done
2014-08-30 13:16:00,051 : [INFO ] - Inside the Process Method.
2014-08-30 13:16:00,052 : [INFO ] -  URL : https://in.cyberplat.com/cgi-bin/bu/bu_pay_check.cgi/234
2014-08-30 13:16:02,610 : [INFO ] - Response str : 0000057101SM000002180000021800000217
inist_in            00000040
                    00000000
BEGIN
DATE=30.08.2014 13:16:07
SESSION=ofkQTh4b2vv4tYee23ui
ERROR=0
RESULT=0
TRANSID=1000408182966
ADDINFO=bill amount 5.00
PRICE=5.00
RELATIONSHIPNUM=1.25572722
OPERATORID=9920704658
VALUE2=WAP
VALUE1=Hutch User

END
BEGIN SIGNATURE
iQCRAwkBAAAAKFQBgT8BAaDzA/4ouBA8p/H0mTkRYhuf23NdKv3INkNk2Pg0wEAq
/R0qfBvbP8PziN1IxHpt0jo0pa6rFCpvfGu0f8oCIyo+ju+eDD8KDgNEElNo7hER
12Spt91XiFKiBjugIxIoOHKFAHHqavBSlQKYWhS5Dx73sPy1VQRZ6VhRsZMHrf3n
Ad89abABxw==
=tjlt
END SIGNATURE
2014-08-30 13:16:18,696 : [INFO ] - Go for payment
2014-08-30 13:16:35,148 : [INFO ] - Inside the Process Method.
2014-08-30 13:16:35,149 : [INFO ] -  URL : https://in.cyberplat.com/cgi-bin/bu/bu_pay.cgi/234
2014-08-30 13:16:35,944 : [INFO ] - Response str : 0000047601SM000001230000012300000217
inist_in            00000040
                    00000000
BEGIN
DATE=30.08.2014 13:16:40
SESSION=ofkQTh4b2vv4tYee23ui
ERROR=0
RESULT=0
TRANSID=1000408182966
AUTHCODE=ACY23467640971

END
BEGIN SIGNATURE
iQCRAwkBAAAAKFQBgWABAXmlA/98lccescXbLXJ7724jL/BBzwnm0yDB7c6bhZhp
0oXyC34adSBj4LqiRnY5bBMrVRyzai0fUlZMvnNkdbG7am3GfTtXZRIU8x41oaPM
MI5Jz3ij0wt6PQfOxJnMaJ/Iu/T7CwekhU3ciIOqH8bnInq5gQnmQ5wLcTWrMy/X
Hqqj/rABxw==
=1EIS
END SIGNATURE
2014-08-30 13:16:40,009 : [INFO ] - Success : Check Transaction status
2014-08-30 13:16:45,201 : [INFO ] - TransactionId: 1000408182966
2014-08-30 13:16:46,994 : [INFO ] - Inside the Process Method.
2014-08-30 13:16:46,995 : [INFO ] -  URL : https://in.cyberplat.com/cgi-bin/bu/bu_pay_status.cgi
2014-08-30 13:16:47,112 : [INFO ] - Response str : 0000046201SM000001090000010900000217
inist_in            00000040
                    00000000
BEGIN
DATE=30.08.2014 13:16:07
SESSION=ofkQTh4b2vv4tYee23ui
ERROR=0
RESULT=7
AUTHCODE=
TRANSID=1000408182966

END
BEGIN SIGNATURE
iQCRAwkBAAAAKFQBgWsBAboVA/0dr1WdNBDiR54w0xOhf2NoR6U3kM40qLBXvoD0
Bit++Mj+EfbDaI1R8xoAnL5Dm3tQ/WA0BCx8X2/A0O4+n6cDgEU2z6YpFHxfSWTZ
MCw94QP40pZICLkdCF8/5GvgAEYczBYqM0mgMfflxmJieJ4oTDCJfOnO0r/DBEp5
ashSW7ABxw==
=lMbJ
END SIGNATURE
2014-08-30 13:16:50,639 : [INFO ] - Finally Success recharge => TransactionId : 1000408182966
2014-08-30 13:17:22,584 : [INFO ] - Inside GetDataSet Method
2014-08-30 13:17:22,585 : [INFO ] - ConnStr : Data Source=dhsrecharge.db.9223203.hostedresource.com;database=DhsRecharge;uid=dhsrecharge;password=DHS009rch!
2014-08-30 13:17:22,585 : [INFO ] - Params : @UserId value :7506260128
2014-08-30 13:17:22,585 : [INFO ] - Params : @UserType value :4
2014-08-30 13:17:22,586 : [INFO ] - Params : @Number value :7506260128
2014-08-30 13:17:22,587 : [INFO ] - Params : @Amount value :10
2014-08-30 13:17:22,587 : [INFO ] - Params : @Profit value :0
2014-08-30 13:17:22,590 : [INFO ] - Params : @TransactionType value :1
2014-08-30 13:17:22,594 : [INFO ] - Params : @InsuranceDob value :
2014-08-30 13:17:22,597 : [INFO ] - Params : @TransactionId value :1000408182966
2014-08-30 13:17:22,598 : [INFO ] - Params : @OperaterId value :7
2014-08-30 13:17:22,598 : [INFO ] - Params : @Status value :1
2014-08-30 13:17:22,598 : [INFO ] - Params : @Source value :android
2014-08-30 13:17:22,599 : [INFO ] - Params : @ApiId value :CyberPate
2014-08-30 13:17:22,599 : [INFO ] - Params : @BillRecieptId value :
2014-08-30 13:17:22,599 : [INFO ] - Now Fill SqlDataAdapter
2014-08-30 13:17:22,914 : [INFO ] - Return Ds
2014-08-30 13:26:32,335 : [INFO ] - CalledService api
2014-08-30 13:26:32,336 : [INFO ] - Params | UserId : 7506260128UserType :4 TransactionType : 2 Source :androidOperatorId : 23 Number: 7385658701 InsuranceDob : Amount :5
2014-08-30 13:26:32,336 : [INFO ] - Going to Process
2014-08-30 13:26:32,336 : [INFO ] - Param => userId : 7506260128 UserType : 4
2014-08-30 13:26:32,340 : [INFO ] - Inside GetDataSet Method
2014-08-30 13:26:32,341 : [INFO ] - ConnStr : Data Source=dhsrecharge.db.9223203.hostedresource.com;database=DhsRecharge;uid=dhsrecharge;password=DHS009rch!
2014-08-30 13:26:32,342 : [INFO ] - Params : @UserId value :7506260128
2014-08-30 13:26:32,343 : [INFO ] - Params : @UserType value :4
2014-08-30 13:26:32,343 : [INFO ] - Params : @OpId value :23
2014-08-30 13:26:32,344 : [INFO ] - Now Fill SqlDataAdapter
2014-08-30 13:26:33,908 : [INFO ] - Return Ds
2014-08-30 13:26:33,909 : [INFO ] - Got Data from Db
2014-08-30 13:26:33,910 : [INFO ] - Avaialable balance : -5 Service Status : true Margin0
2014-08-30 13:26:53,880 : [INFO ] - Param => userId : 7506260128 UserType : 4
2014-08-30 13:26:53,882 : [INFO ] - Inside GetDataSet Method
2014-08-30 13:26:53,890 : [INFO ] - ConnStr : Data Source=dhsrecharge.db.9223203.hostedresource.com;database=DhsRecharge;uid=dhsrecharge;password=DHS009rch!
2014-08-30 13:26:53,893 : [INFO ] - Params : @UserId value :7506260128
2014-08-30 13:26:53,894 : [INFO ] - Params : @UserType value :4
2014-08-30 13:26:53,981 : [INFO ] - Params : @OpId value :23
2014-08-30 13:26:53,982 : [INFO ] - Now Fill SqlDataAdapter
2014-08-30 13:26:54,293 : [INFO ] - Return Ds
2014-08-30 13:26:54,294 : [INFO ] - Got Data from Db
2014-08-30 13:26:54,294 : [INFO ] - Avaialable balance : -5 Service Status : true Margin0
2014-08-30 13:27:05,691 : [INFO ] - Param => userId : 7506260128 UserType : 4
2014-08-30 13:27:07,616 : [INFO ] - Inside GetDataSet Method
2014-08-30 13:27:07,617 : [INFO ] - ConnStr : Data Source=dhsrecharge.db.9223203.hostedresource.com;database=DhsRecharge;uid=dhsrecharge;password=DHS009rch!
2014-08-30 13:27:07,618 : [INFO ] - Params : @UserId value :7506260128
2014-08-30 13:27:07,618 : [INFO ] - Params : @UserType value :4
2014-08-30 13:27:07,618 : [INFO ] - Params : @OpId value :23
2014-08-30 13:27:07,618 : [INFO ] - Now Fill SqlDataAdapter
2014-08-30 13:27:07,931 : [INFO ] - Return Ds
2014-08-30 13:27:32,906 : [INFO ] - Got Data from Db
2014-08-30 13:27:35,353 : [INFO ] - Avaialable balance : 100 Service Status : true Margin0
2014-08-30 13:27:36,947 : [INFO ] - Going to process the Transaction.
2014-08-30 13:27:39,164 : [INFO ] - Inside Process request Method.
2014-08-30 13:27:39,988 : [INFO ] - Session : g6my9ihxHJngy13mgWrT
2014-08-30 13:27:42,549 : [INFO ] - SD : 105539 |AP : 175413 |OP : 175447 |Mobile : 7385658701
2014-08-30 13:27:43,147 : [INFO ] - reqStr : inputmessage=0000046901SM000001160000011600000217%0d%0aapi175413+++++++++++00039311%0d%0a++++++++++++++++++++00000000%0d%0aBEGIN%0d%0aSD%3d105539%0d%0aAP%3d175413%0d%0aOP%3d175447%0d%0aSESSION%3dg6my9ihxHJngy13mgWrT%0d%0aNUMBER%3d7385658701%0d%0aAMOUNT%3d5%0d%0aAMOUNT_ALL%3d5%0d%0aCOMMENT%3d%0d%0a%0d%0aEND%0d%0aBEGIN+SIGNATURE%0d%0aiQCRAwkBAACZj1QBg%2fcBAZ6%2fBACVbZOTb8nwV0WrE%2bJgsdpQ5%2fhUcA1ZiXRwfPV2%0d%0aZPqD9a%2fUkCsHxKeZvS0cvo%2f4dvvN1ANrYrDOgYLlrUI1Xi3UitIkv8JATZ1SLrL0%0d%0aExxSep0k5eUQzlwMc6xAKWciDINYWK96BUpLyYsrOf3rYCtqJE5B774qno%2fSaylE%0d%0apLGfELABxw%3d%3d%0d%0a%3dYkRd%0d%0aEND+SIGNATURE
2014-08-30 13:27:43,147 : [INFO ] - Done
2014-08-30 13:27:44,154 : [INFO ] - Inside the Process Method.
2014-08-30 13:27:44,154 : [INFO ] -  URL : https://in.cyberplat.com/cgi-bin/mm/mm_pay_check.cgi/219
2014-08-30 13:27:44,706 : [INFO ] - Response str : 0000045101SM000000980000009800000217
inist_in            00000040
                    00000000
BEGIN
DATE=30.08.2014 13:27:49
SESSION=g6my9ihxHJngy13mgWrT
ERROR=0
RESULT=0
TRANSID=1000408187389

END
BEGIN SIGNATURE
iQCRAwkBAAAAKFQBg/0BAS2FBAC8vzys0dQv7LrULEHbL0Q3EKlhGYxo94wBAew9
yPtbjBwND46LinAOPsZKm79JbB20/uNsCmnTt4MqBnvX04RwrL6IZDq9lw67DJ/3
4I+iPd1mqPIoOpButCayNr5mTsL91vnDcBGDjafC2kQUW0KyhvbGi1Pd7y1q6e4p
VCN9GLABxw==
=di/H
END SIGNATURE
2014-08-30 13:28:03,006 : [INFO ] - Go for payment
2014-08-30 13:28:15,409 : [INFO ] - Inside the Process Method.
2014-08-30 13:28:15,409 : [INFO ] -  URL : https://in.cyberplat.com/cgi-bin/mm/mm_pay.cgi/219
2014-08-30 13:28:16,166 : [INFO ] - Response str : 0000045101SM000000980000009800000217
inist_in            00000040
                    00000000
BEGIN
DATE=30.08.2014 13:28:21
SESSION=g6my9ihxHJngy13mgWrT
ERROR=0
RESULT=0
TRANSID=1000408187389

END
BEGIN SIGNATURE
iQCRAwkBAAAAKFQBhB0BAdL6A/935UF+5KAjI7q/lgtFJpLxQ3tEwRxnK2NUUOsc
QY0g4gbvkKxIOXfkCGftetWj1+O58o+BNx4P2SpdVplqgHdNiJlth4Bxucd2247M
/r3lHi/YH/rvTk7WBNczwRf2LRPgZre2pZ5QnAZ/HSSBEykNtt26n2rucu1sBpHl
fWaVprABxw==
=DW2s
END SIGNATURE
2014-08-30 13:28:56,642 : [INFO ] - Success : Check Transaction status
2014-08-30 13:28:59,073 : [INFO ] - TransactionId: 1000408187389
2014-08-30 13:29:01,644 : [INFO ] - Inside the Process Method.
2014-08-30 13:29:01,645 : [INFO ] -  URL : https://in.cyberplat.com/cgi-bin/mm/mm_pay_status.cgi
2014-08-30 13:29:01,673 : [INFO ] - Response str : 0000046201SM000001090000010900000217
inist_in            00000040
                    00000000
BEGIN
DATE=30.08.2014 13:27:49
SESSION=g6my9ihxHJngy13mgWrT
ERROR=0
RESULT=3
AUTHCODE=
TRANSID=1000408187389

END
BEGIN SIGNATURE
iQCRAwkBAAAAKFQBhEoBAVAZA/9LfGp+EY8jK3e6XR8kUNmT7rPqok1YTgyhSSJO
sXYwLPbL0j7qfLxJROJQGhFofkWOYtJqASzdGxhbmOPtlo/iZOBwkg5TEPfu43Sc
qbieUBwA5jyj/fNyGPNmMW3psy3bJejSJusJH1JR5KrKmffGVYsuTWbvOFEyWv21
rAzqHrABxw==
=052H
END SIGNATURE
2014-08-30 13:29:47,186 : [INFO ] - Finally Success recharge => TransactionId : 1000408187389
2014-08-30 13:55:34,513 : [INFO ] - CalledService api
2014-08-30 13:55:34,520 : [INFO ] - Params | UserId : 7506260128UserType :4 TransactionType : 2 Source :androidOperatorId : 26 Number: 7385658701 InsuranceDob : Amount :5
2014-08-30 13:55:34,522 : [INFO ] - Going to Process
2014-08-30 13:55:34,527 : [INFO ] - Param => userId : 7506260128 UserType : 4
2014-08-30 13:55:34,529 : [INFO ] - Inside GetDataSet Method
2014-08-30 13:55:34,530 : [INFO ] - ConnStr : Data Source=dhsrecharge.db.9223203.hostedresource.com;database=DhsRecharge;uid=dhsrecharge;password=DHS009rch!
2014-08-30 13:55:34,534 : [INFO ] - Params : @UserId value :7506260128
2014-08-30 13:55:34,535 : [INFO ] - Params : @UserType value :4
2014-08-30 13:55:34,536 : [INFO ] - Params : @OpId value :26
2014-08-30 13:55:34,538 : [INFO ] - Now Fill SqlDataAdapter
2014-08-30 13:55:36,415 : [INFO ] - Return Ds
2014-08-30 13:55:36,415 : [INFO ] - Got Data from Db
2014-08-30 13:55:36,416 : [INFO ] - Avaialable balance : -5 Service Status : true Margin3.1
2014-08-30 13:55:56,410 : [INFO ] - Param => userId : 7506260128 UserType : 4
2014-08-30 13:55:58,065 : [INFO ] - Inside GetDataSet Method
2014-08-30 13:55:58,066 : [INFO ] - ConnStr : Data Source=dhsrecharge.db.9223203.hostedresource.com;database=DhsRecharge;uid=dhsrecharge;password=DHS009rch!
2014-08-30 13:55:58,067 : [INFO ] - Params : @UserId value :7506260128
2014-08-30 13:55:58,068 : [INFO ] - Params : @UserType value :4
2014-08-30 13:55:58,068 : [INFO ] - Params : @OpId value :26
2014-08-30 13:55:58,069 : [INFO ] - Now Fill SqlDataAdapter
2014-08-30 13:55:58,380 : [INFO ] - Return Ds
2014-08-30 13:56:12,728 : [INFO ] - Got Data from Db
2014-08-30 13:56:15,412 : [INFO ] - Avaialable balance : 1000 Service Status : true Margin3.1
2014-08-30 13:56:16,550 : [INFO ] - Going to process the Transaction.
2014-08-30 13:56:20,025 : [INFO ] - Inside Process request Method.
2014-08-30 13:56:21,711 : [INFO ] - Session : Z3xGkNTYXXwXGlOUFiWs
2014-08-30 13:56:28,249 : [INFO ] - SD : 105539 |AP : 175413 |OP : 175447 |Mobile : 7385658701
2014-08-30 13:56:29,361 : [INFO ] - reqStr : inputmessage=0000046901SM000001160000011600000217%0d%0aapi175413+++++++++++00039311%0d%0a++++++++++++++++++++00000000%0d%0aBEGIN%0d%0aSD%3d105539%0d%0aAP%3d175413%0d%0aOP%3d175447%0d%0aSESSION%3dZ3xGkNTYXXwXGlOUFiWs%0d%0aNUMBER%3d7385658701%0d%0aAMOUNT%3d5%0d%0aAMOUNT_ALL%3d5%0d%0aCOMMENT%3d%0d%0a%0d%0aEND%0d%0aBEGIN+SIGNATURE%0d%0aiQCRAwkBAACZj1QBirUBAb3hBACQmpZEHeaSwYDP17qq%2fXPkGP22Iz%2fkmfjagPrV%0d%0an6NI88eGV72qXHhXgAhz0nmNS%2bimIA%2byjr%2fC0a5wnlteAwP5nh7LMCi%2bGXwnuby2%0d%0axBa%2bzWQsgCpCi%2bYevs6EqFB7K4DUCc8cMBPLmUz%2fxwZLOv2KeDjGSExsln9fGSqL%0d%0a0Zjm9bABxw%3d%3d%0d%0a%3d70qy%0d%0aEND+SIGNATURE
2014-08-30 13:56:29,364 : [INFO ] - Done
2014-08-30 13:56:47,837 : [INFO ] - Inside the Process Method.
2014-08-30 13:56:47,838 : [INFO ] -  URL : https://in.cyberplat.com/cgi-bin/un/un_pay_check.cgi
2014-08-30 13:56:48,174 : [INFO ] - Response str : 0000045101SM000000980000009800000217
inist_in            00000040
                    00000000
BEGIN
DATE=30.08.2014 13:56:53
SESSION=Z3xGkNTYXXwXGlOUFiWs
ERROR=0
RESULT=0
TRANSID=1000408197926

END
BEGIN SIGNATURE
iQCRAwkBAAAAKFQBis0BAfWDA/9Bu2XJPdQpzJm6sMYGsXr3kqvH0EddgfgFHw9Y
XdyrXKPqRxCdvGbmHdqEns7c8Upc7D9klMkm0gsZfLXmvyBFRnnDW6Us5w0EHZth
V6kScnqlWKSaVrCSwZRDYcIBPcYEGUArMJxpZSo0H5shHg1Qrg+ou8t8GxWeUThb
O5og4rABxw==
=eNs0
END SIGNATURE
2014-08-30 13:56:55,231 : [INFO ] - Go for payment
2014-08-30 13:57:06,861 : [INFO ] - Inside the Process Method.
2014-08-30 13:57:06,862 : [INFO ] -  URL : https://in.cyberplat.com/cgi-bin/un/un_pay_check.cgi
2014-08-30 13:57:06,982 : [INFO ] - Response str : 0000041801SM000000650000006500000217
inist_in            00000040
                    00000000
BEGIN
DATE=30.08.2014 13:57:11
SESSION=
ERROR=1
RESULT=1
TRANSID=

END
BEGIN SIGNATURE
iQCRAwkBAAAAKFQBit8BAS3CA/9hKCG1G4iflTwi7rChGlePMSa6Wxv/tq+uyNcM
tr6BClNCUT3nOR0+Y9qFFew6bvHv6H3vfsBChdR1EwnfppRVoVUzWtrJgjQwA06u
Lza2EPYeWbhuNAK0NqPRqor67QvsuqAItv/Nv/6gVcTYQ5HrBrrydHOlhz32dQ/C
c4tohbABxw==
=19DK
END SIGNATURE
2014-08-30 13:57:31,027 : [ERROR] - Error Message  : Session with this number already exists.
2014-08-30 13:57:31,749 : [WARN ] - cyberplate-error  : Payment Error- Session with this number already exists.
2014-08-30 14:17:26,735 : [INFO ] - Inside Process request Method.
2014-08-30 14:17:27,441 : [INFO ] - Session : HweUry6iDoiI9kinMvOj
2014-08-30 14:18:30,760 : [INFO ] - SD : 105539 |AP : 175413 |OP : 175447 |Mobile : 7385658701
2014-08-30 14:18:32,432 : [INFO ] - reqStr : inputmessage=0000046901SM000001160000011600000217%0d%0aapi175413+++++++++++00039311%0d%0a++++++++++++++++++++00000000%0d%0aBEGIN%0d%0aSD%3d105539%0d%0aAP%3d175413%0d%0aOP%3d175447%0d%0aSESSION%3dHweUry6iDoiI9kinMvOj%0d%0aNUMBER%3d7385658701%0d%0aAMOUNT%3d5%0d%0aAMOUNT_ALL%3d5%0d%0aCOMMENT%3d%0d%0a%0d%0aEND%0d%0aBEGIN+SIGNATURE%0d%0aiQCRAwkBAACZj1QBj%2bABAUo6BACrqDQV87%2b7CbLIfAeITQlwbybHDT24YCSadFdR%0d%0a9RLCCpK57VMXHANoNPgXrN%2f8P6K1zWr7bErb%2fbRmaoSpIcFcy9jbNoYCXW3PPrWy%0d%0aOXe44aFbc7Uphp8orJq2vmATcWAPTe%2bFPpiufgLrG0rRfavniAbCKgC9grSGxg0I%0d%0awQGdgbABxw%3d%3d%0d%0a%3dHrH6%0d%0aEND+SIGNATURE
2014-08-30 14:18:32,432 : [INFO ] - Done
2014-08-30 14:18:37,183 : [INFO ] - Inside the Process Method.
2014-08-30 14:18:37,184 : [INFO ] -  URL : https://in.cyberplat.com/cgi-bin/un/un_pay_check.cgi
2014-08-30 14:18:37,435 : [INFO ] - Response str : 0000045101SM000000980000009800000217
inist_in            00000040
                    00000000
BEGIN
DATE=30.08.2014 14:18:42
SESSION=HweUry6iDoiI9kinMvOj
ERROR=0
RESULT=0
TRANSID=1000408205530

END
BEGIN SIGNATURE
iQCRAwkBAAAAKFQBj+oBAUM6A/44JaGgYH2ebwQeb14+U8EY6307w/D1IYjfL5lq
QfChR9uYNNZKJZJK9y1iLXTQ9AnJI8HNH4+4xXMGdtRzKafX2VNHFqOWwDqRg8+6
yQzpUJOXQe8VG6yIxmCDxmBioKwtSXN+RvD1bvMOXhTB1+sgFb4ogIxj4UWvylkN
F7S117ABxw==
=5KGd
END SIGNATURE
2014-08-30 14:18:53,030 : [INFO ] - Go for payment
2014-08-30 14:19:37,917 : [INFO ] - Inside the Process Method.
2014-08-30 14:19:37,918 : [INFO ] -  URL : https://in.cyberplat.com/cgi-bin/un/un_pay_check.cgi
2014-08-30 14:19:38,206 : [INFO ] - Response str : 0000041801SM000000650000006500000217
inist_in            00000040
                    00000000
BEGIN
DATE=30.08.2014 14:19:43
SESSION=
ERROR=1
RESULT=1
TRANSID=

END
BEGIN SIGNATURE
iQCRAwkBAAAAKFQBkCcBAYnLA/4wruZnJoNLZID6ZLeUf+HIEGFuMEYj0u47R39s
/RU6+NME9VT6yRsCV1lMTqlsSSifpFmf0UNViSo7ykKkuvhUMKJC58q8nl1kvNhq
1bk+XY9N4BuDhoxkZt263r/YrpMibml9OsKg0EhLzmeLPJpZWBkXq96+/bgWWyVa
apu6KrABxw==
=zmmb
END SIGNATURE
2014-08-30 14:24:05,139 : [ERROR] - Error Message  : Session with this number already exists.
2014-08-30 14:24:05,140 : [WARN ] - cyberplate-error  : Payment Error- Session with this number already exists.
2014-08-30 14:24:05,141 : [INFO ] - Inside GetDataSet Method
2014-08-30 14:24:05,141 : [INFO ] - ConnStr : Data Source=dhsrecharge.db.9223203.hostedresource.com;database=DhsRecharge;uid=dhsrecharge;password=DHS009rch!
2014-08-30 14:24:05,142 : [INFO ] - Params : @UserId value :7506260128
2014-08-30 14:24:05,142 : [INFO ] - Params : @UserType value :4
2014-08-30 14:24:05,143 : [INFO ] - Params : @Number value :7385658701
2014-08-30 14:24:05,143 : [INFO ] - Params : @Amount value :0
2014-08-30 14:24:05,144 : [INFO ] - Params : @Profit value :0
2014-08-30 14:24:05,144 : [INFO ] - Params : @TransactionType value :2
2014-08-30 14:24:05,145 : [INFO ] - Params : @InsuranceDob value :
2014-08-30 14:24:05,145 : [INFO ] - Params : @TransactionId value :-1
2014-08-30 14:24:05,145 : [INFO ] - Params : @OperaterId value :26
2014-08-30 14:24:05,146 : [INFO ] - Params : @Status value :0
2014-08-30 14:24:05,146 : [INFO ] - Params : @Source value :android
2014-08-30 14:24:05,147 : [INFO ] - Params : @ApiId value :CyberPate
2014-08-30 14:24:05,147 : [INFO ] - Params : @BillRecieptId value :
2014-08-30 14:24:05,148 : [INFO ] - Now Fill SqlDataAdapter
2014-08-30 14:24:05,464 : [INFO ] - Return Ds
2014-08-30 14:25:11,279 : [INFO ] - CalledService api
2014-08-30 14:25:11,280 : [INFO ] - Params | UserId : 7506260128UserType :4 TransactionType : 2 Source :androidOperatorId : 26 Number: 7385658701 InsuranceDob : Amount :5
2014-08-30 14:25:11,280 : [INFO ] - Going to Process
2014-08-30 14:25:11,281 : [INFO ] - Param => userId : 7506260128 UserType : 4
2014-08-30 14:25:11,298 : [INFO ] - Inside GetDataSet Method
2014-08-30 14:25:11,298 : [INFO ] - ConnStr : Data Source=dhsrecharge.db.9223203.hostedresource.com;database=DhsRecharge;uid=dhsrecharge;password=DHS009rch!
2014-08-30 14:25:11,298 : [INFO ] - Params : @UserId value :7506260128
2014-08-30 14:25:11,298 : [INFO ] - Params : @UserType value :4
2014-08-30 14:25:11,298 : [INFO ] - Params : @OpId value :26
2014-08-30 14:25:11,298 : [INFO ] - Now Fill SqlDataAdapter
2014-08-30 14:25:11,607 : [INFO ] - Return Ds
2014-08-30 14:25:11,608 : [INFO ] - Got Data from Db
2014-08-30 14:25:11,608 : [INFO ] - Avaialable balance : -5 Service Status : true Margin3.1
2014-08-30 14:25:21,061 : [INFO ] - Param => userId : 7506260128 UserType : 4
2014-08-30 14:25:22,003 : [INFO ] - Inside GetDataSet Method
2014-08-30 14:25:22,003 : [INFO ] - ConnStr : Data Source=dhsrecharge.db.9223203.hostedresource.com;database=DhsRecharge;uid=dhsrecharge;password=DHS009rch!
2014-08-30 14:25:22,004 : [INFO ] - Params : @UserId value :7506260128
2014-08-30 14:25:22,005 : [INFO ] - Params : @UserType value :4
2014-08-30 14:25:22,005 : [INFO ] - Params : @OpId value :26
2014-08-30 14:25:22,006 : [INFO ] - Now Fill SqlDataAdapter
2014-08-30 14:25:22,316 : [INFO ] - Return Ds
2014-08-30 14:25:23,538 : [INFO ] - Got Data from Db
2014-08-30 14:25:38,518 : [INFO ] - Avaialable balance : 100 Service Status : true Margin3.1
2014-08-30 14:25:39,617 : [INFO ] - Going to process the Transaction.
2014-08-30 14:25:40,699 : [INFO ] - Inside Process request Method.
2014-08-30 14:25:41,584 : [INFO ] - Session : xsJse9LZvIGBM2U3hh4O
2014-08-30 14:25:44,402 : [INFO ] - SD : 105539 |AP : 175413 |OP : 175447 |Mobile : 7385658701
2014-08-30 14:25:44,779 : [INFO ] - reqStr : inputmessage=0000046901SM000001160000011600000217%0d%0aapi175413+++++++++++00039311%0d%0a++++++++++++++++++++00000000%0d%0aBEGIN%0d%0aSD%3d105539%0d%0aAP%3d175413%0d%0aOP%3d175447%0d%0aSESSION%3dxsJse9LZvIGBM2U3hh4O%0d%0aNUMBER%3d7385658701%0d%0aAMOUNT%3d5%0d%0aAMOUNT_ALL%3d5%0d%0aCOMMENT%3d%0d%0a%0d%0aEND%0d%0aBEGIN+SIGNATURE%0d%0aiQCRAwkBAACZj1QBkZABAfk%2fBAC0gRZx6lIE8dndYVeJ3xjIATadUYTUeRn63926%0d%0aD0SlqgYcRnazf63rKS95DsFC9lKaYiOCZB1N4CF8AU%2fzI444rwAOfKsnq7YXdFU0%0d%0alUPND8Gw6OWDXFojyj47V8oXrSi1DXtwHFqAVcjA2JOTXVe6bxhFMjQuqm5Hz1T%2f%0d%0aFiWfZ7ABxw%3d%3d%0d%0a%3d4dOo%0d%0aEND+SIGNATURE
2014-08-30 14:25:44,780 : [INFO ] - Done
2014-08-30 14:25:49,691 : [INFO ] - Inside the Process Method.
2014-08-30 14:25:49,692 : [INFO ] -  URL : https://in.cyberplat.com/cgi-bin/un/un_pay_check.cgi
2014-08-30 14:28:04,549 : [INFO ] - CalledService api
2014-08-30 14:28:04,557 : [INFO ] - Params | UserId : 7506260128UserType :4 TransactionType : 2 Source :androidOperatorId : 26 Number: 7385658701 InsuranceDob : Amount :5
2014-08-30 14:28:04,557 : [INFO ] - Going to Process
2014-08-30 14:28:04,561 : [INFO ] - Param => userId : 7506260128 UserType : 4
2014-08-30 14:28:04,563 : [INFO ] - Inside GetDataSet Method
2014-08-30 14:28:04,563 : [INFO ] - ConnStr : Data Source=dhsrecharge.db.9223203.hostedresource.com;database=DhsRecharge;uid=dhsrecharge;password=DHS009rch!
2014-08-30 14:28:04,571 : [INFO ] - Params : @UserId value :7506260128
2014-08-30 14:28:04,572 : [INFO ] - Params : @UserType value :4
2014-08-30 14:28:04,572 : [INFO ] - Params : @OpId value :26
2014-08-30 14:28:04,572 : [INFO ] - Now Fill SqlDataAdapter
2014-08-30 14:28:06,469 : [INFO ] - Return Ds
2014-08-30 14:28:06,470 : [INFO ] - Got Data from Db
2014-08-30 14:28:06,471 : [INFO ] - Avaialable balance : -5 Service Status : true Margin3.1
2014-08-30 14:28:16,852 : [INFO ] - Param => userId : 7506260128 UserType : 4
2014-08-30 14:28:18,791 : [INFO ] - Inside GetDataSet Method
2014-08-30 14:28:18,792 : [INFO ] - ConnStr : Data Source=dhsrecharge.db.9223203.hostedresource.com;database=DhsRecharge;uid=dhsrecharge;password=DHS009rch!
2014-08-30 14:28:18,793 : [INFO ] - Params : @UserId value :7506260128
2014-08-30 14:28:18,794 : [INFO ] - Params : @UserType value :4
2014-08-30 14:28:18,794 : [INFO ] - Params : @OpId value :26
2014-08-30 14:28:18,794 : [INFO ] - Now Fill SqlDataAdapter
2014-08-30 14:28:19,089 : [INFO ] - Return Ds
2014-08-30 14:28:21,542 : [INFO ] - Got Data from Db
2014-08-30 14:28:50,206 : [INFO ] - Avaialable balance : 100 Service Status : true Margin3.1
2014-08-30 14:28:51,317 : [INFO ] - Going to process the Transaction.
2014-08-30 14:28:54,690 : [INFO ] - Inside Process request Method.
2014-08-30 14:28:55,349 : [INFO ] - Session : JA7uoqpTW91luHXPzPUk
2014-08-30 14:28:56,997 : [INFO ] - SD : 105539 |AP : 175413 |OP : 175447 |Mobile : 7385658701
2014-08-30 14:28:57,171 : [INFO ] - reqStr : inputmessage=0000046901SM000001160000011600000217%0d%0aapi175413+++++++++++00039311%0d%0a++++++++++++++++++++00000000%0d%0aBEGIN%0d%0aSD%3d105539%0d%0aAP%3d175413%0d%0aOP%3d175447%0d%0aSESSION%3dJA7uoqpTW91luHXPzPUk%0d%0aNUMBER%3d7385658701%0d%0aAMOUNT%3d5%0d%0aAMOUNT_ALL%3d5%0d%0aCOMMENT%3d%0d%0a%0d%0aEND%0d%0aBEGIN+SIGNATURE%0d%0aiQCRAwkBAACZj1QBklEBAdvIA%2f96eIN4vkI5xCzuNFcp%2b0Shsoc2yMqfs562jnPQ%0d%0a62b84RtT%2fwUiCxbvee77v5iL7r1GaVXk0ZiuG2B%2bt2dK8JkRZdni0vdCU1mnnrqV%0d%0a5RY0kvrYgHgbyxxKub%2bD7TOz6%2bvikAg5jBkLz7%2bpsGkHTQtJ8PcK5j9OyQOml1FL%0d%0aRCdhfrABxw%3d%3d%0d%0a%3dtDer%0d%0aEND+SIGNATURE
2014-08-30 14:28:57,172 : [INFO ] - Done
2014-08-30 14:29:03,647 : [INFO ] - Inside the Process Method.
2014-08-30 14:29:03,648 : [INFO ] -  URL : https://in.cyberplat.com/cgi-bin/un/un_pay_check.cgi
2014-08-30 14:29:03,883 : [INFO ] - Response str : 0000045101SM000000980000009800000217
inist_in            00000040
                    00000000
BEGIN
DATE=30.08.2014 14:29:08
SESSION=JA7uoqpTW91luHXPzPUk
ERROR=0
RESULT=0
TRANSID=1000408208993

END
BEGIN SIGNATURE
iQCRAwkBAAAAKFQBklwBATT1BADIee6d+Q4r+t4E2rBT8zcQ9ydtFquFLUoL9mgz
24+bXIicfOt/Asx1dyqW5HBeB6ajehRqqDgOqoc/GrNiYixQ3FVLENNG8oRXT4n+
T4mqO+v61jN9G5Tc1bIt5tcI1eM9O4jvCIgTjjmRQXq0HcWfPxqv5vYf3KyCVpjT
+jWyE7ABxw==
=xITh
END SIGNATURE
2014-08-30 14:29:06,095 : [INFO ] - Go for payment
2014-08-30 14:34:49,926 : [INFO ] - CalledService api
2014-08-30 14:34:49,933 : [INFO ] - Params | UserId : 7506260128UserType :4 TransactionType : 2 Source :androidOperatorId : 26 Number: 7385658701 InsuranceDob : Amount :5
2014-08-30 14:34:50,935 : [INFO ] - Going to Process
2014-08-30 14:34:50,943 : [INFO ] - Param => userId : 7506260128 UserType : 4
2014-08-30 14:34:50,946 : [INFO ] - Inside GetDataSet Method
2014-08-30 14:34:50,947 : [INFO ] - ConnStr : Data Source=dhsrecharge.db.9223203.hostedresource.com;database=DhsRecharge;uid=dhsrecharge;password=DHS009rch!
2014-08-30 14:34:50,955 : [INFO ] - Params : @UserId value :7506260128
2014-08-30 14:34:50,956 : [INFO ] - Params : @UserType value :4
2014-08-30 14:34:50,956 : [INFO ] - Params : @OpId value :26
2014-08-30 14:34:50,956 : [INFO ] - Now Fill SqlDataAdapter
2014-08-30 14:34:52,833 : [INFO ] - Return Ds
2014-08-30 14:34:52,834 : [INFO ] - Got Data from Db
2014-08-30 14:34:52,835 : [INFO ] - Avaialable balance : -5 Service Status : true Margin3.1
2014-08-30 14:35:03,506 : [INFO ] - Param => userId : 7506260128 UserType : 4
2014-08-30 14:35:04,879 : [INFO ] - Inside GetDataSet Method
2014-08-30 14:35:04,879 : [INFO ] - ConnStr : Data Source=dhsrecharge.db.9223203.hostedresource.com;database=DhsRecharge;uid=dhsrecharge;password=DHS009rch!
2014-08-30 14:35:04,879 : [INFO ] - Params : @UserId value :7506260128
2014-08-30 14:35:04,880 : [INFO ] - Params : @UserType value :4
2014-08-30 14:35:04,880 : [INFO ] - Params : @OpId value :26
2014-08-30 14:35:04,880 : [INFO ] - Now Fill SqlDataAdapter
2014-08-30 14:35:05,190 : [INFO ] - Return Ds
2014-08-30 14:35:17,931 : [INFO ] - Got Data from Db
2014-08-30 14:35:19,969 : [INFO ] - Avaialable balance : 100 Service Status : true Margin3.1
2014-08-30 14:35:21,088 : [INFO ] - Going to process the Transaction.
2014-08-30 14:35:22,920 : [INFO ] - Inside Process request Method.
2014-08-30 14:35:23,803 : [INFO ] - Session : eugID7vLwTIkF9jkrLsa
2014-08-30 14:35:25,406 : [INFO ] - SD : 105539 |AP : 175413 |OP : 175447 |Mobile : 7385658701
2014-08-30 14:35:25,610 : [INFO ] - reqStr : inputmessage=0000046901SM000001160000011600000217%0d%0aapi175413+++++++++++00039311%0d%0a++++++++++++++++++++00000000%0d%0aBEGIN%0d%0aSD%3d105539%0d%0aAP%3d175413%0d%0aOP%3d175447%0d%0aSESSION%3deugID7vLwTIkF9jkrLsa%0d%0aNUMBER%3d7385658701%0d%0aAMOUNT%3d5%0d%0aAMOUNT_ALL%3d5%0d%0aCOMMENT%3d%0d%0a%0d%0aEND%0d%0aBEGIN+SIGNATURE%0d%0aiQCRAwkBAACZj1QBk9UBASTtBACWAQHctZb6KAymXot5i7b2XM4mGWC7CuNrKcEF%0d%0a0ud4TJ2ma3v648Tw0I3J4sUYS0zl74XQW9IBxEPqC%2fIlQAtmCUB%2fwA0OiGjAikmj%0d%0aQfQU6tJUV0AGrf1c0QsJWwuIX6z3r75N52ZGobhVNHjmsk0RdrSFCczoFJyRz3a8%0d%0aQ9T8xbABxw%3d%3d%0d%0a%3dIZl0%0d%0aEND+SIGNATURE
2014-08-30 14:35:25,611 : [INFO ] - Done
2014-08-30 14:35:29,373 : [INFO ] - Inside the Process Method.
2014-08-30 14:35:29,374 : [INFO ] -  URL : https://in.cyberplat.com/cgi-bin/un/un_pay_check.cgi
2014-08-30 14:35:30,711 : [INFO ] - Response str : 0000045101SM000000980000009800000217
inist_in            00000040
                    00000000
BEGIN
DATE=30.08.2014 14:35:35
SESSION=eugID7vLwTIkF9jkrLsa
ERROR=0
RESULT=0
TRANSID=1000408211182

END
BEGIN SIGNATURE
iQCRAwkBAAAAKFQBk98BAQ71BACg0r6pwLk9GwWsWk4/z3wyIymLYzqGJIJeAaUN
GLeen3RNdmqwYM4a/Kx3Vg/DTYPe66+vwyYGNPfJm/4HFBfhijZavNg/dhR3cws3
ZK3001ahpH9jGhV/O9eNjHYWub8ExfpEIQIgV8nfwyGVkVjUP2txHS+ZOpUqwVVO
FZNrqbABxw==
=Ggs8
END SIGNATURE
2014-08-30 14:35:39,266 : [INFO ] - Go for payment
2014-08-30 14:35:47,120 : [INFO ] - Inside the Process Method.
2014-08-30 14:35:47,121 : [INFO ] -  URL : https://in.cyberplat.com/cgi-bin/un/un_pay.cgi
2014-08-30 14:35:48,839 : [INFO ] - Response str : 0000047101SM000001180000011800000217
inist_in            00000040
                    00000000
BEGIN
DATE=30.08.2014 14:35:53
SESSION=eugID7vLwTIkF9jkrLsa
ERROR=0
RESULT=0
TRANSID=1000408211182
AUTHCODE=570207742

END
BEGIN SIGNATURE
iQCRAwkBAAAAKFQBk/EBAcu3A/sFz3cBA+t+YxB8ya/XBWnX4X0Tr5pkxg90vPBc
kcdodlbfrEiwYG2fNMaseEur7ROXlVgK88MAfpZ3raujzwPYJMhRDnnuobqEL7Hf
Oy0IOhaNq99dq/E9It69rKcSMJxqzNYblVV4beon5c3mYRklXXfYeDxcNVSmklVe
YZx3ErABxw==
=Hmnp
END SIGNATURE
2014-08-30 14:36:36,742 : [INFO ] - Inside the Process Method.
2014-08-30 14:36:36,743 : [INFO ] -  URL : https://in.cyberplat.com/cgi-bin/un/un_pay.cgi
2014-08-30 14:36:36,860 : [INFO ] - Response str : 0000041901SM000000660000006600000217
inist_in            00000040
                    00000000
BEGIN
DATE=30.08.2014 14:36:41
SESSION=
ERROR=36
RESULT=1
TRANSID=

END
BEGIN SIGNATURE
iQCRAwkBAAAAKFQBlCEBAc5JA/9eNRu3wWIKXE23euvK2BRj//uTbbhXpT1oVTl1
lAPbdUAA2jn+a3LpncK8J6IhtkYKEVusupoSJbRB08iKwr0mgxXJouYtNO7YPR+t
wx0CmYC900ZvgCMWhzGckQLfps8XK21X7rp2zq0ag3BGCrUzbEkbzmLo1zIp0k4j
7Wo97rABxw==
=nyWB
END SIGNATURE
2014-08-30 14:36:51,591 : [ERROR] - Error Message  : Invalid payment status.
2014-08-30 14:36:52,345 : [WARN ] - cyberplate-error  : Payment Error- Invalid payment status.
2014-08-30 14:36:55,444 : [INFO ] - Inside GetDataSet Method
2014-08-30 14:36:55,445 : [INFO ] - ConnStr : Data Source=dhsrecharge.db.9223203.hostedresource.com;database=DhsRecharge;uid=dhsrecharge;password=DHS009rch!
2014-08-30 14:36:55,445 : [INFO ] - Params : @UserId value :7506260128
2014-08-30 14:36:55,446 : [INFO ] - Params : @UserType value :4
2014-08-30 14:36:55,446 : [INFO ] - Params : @Number value :7385658701
2014-08-30 14:36:55,451 : [INFO ] - Params : @Amount value :0
2014-08-30 14:36:55,451 : [INFO ] - Params : @Profit value :0
2014-08-30 14:36:55,452 : [INFO ] - Params : @TransactionType value :2
2014-08-30 14:36:55,452 : [INFO ] - Params : @InsuranceDob value :
2014-08-30 14:36:55,453 : [INFO ] - Params : @TransactionId value :-1
2014-08-30 14:36:55,453 : [INFO ] - Params : @OperaterId value :26
2014-08-30 14:36:55,453 : [INFO ] - Params : @Status value :0
2014-08-30 14:36:55,454 : [INFO ] - Params : @Source value :android
2014-08-30 14:36:55,454 : [INFO ] - Params : @ApiId value :CyberPate
2014-08-30 14:36:55,454 : [INFO ] - Params : @BillRecieptId value :
2014-08-30 14:36:55,454 : [INFO ] - Now Fill SqlDataAdapter
2014-08-30 14:36:55,767 : [INFO ] - Return Ds
2014-08-30 14:37:02,970 : [INFO ] - CalledService api
2014-08-30 14:37:02,971 : [INFO ] - Params | UserId : 7506260128UserType :4 TransactionType : 2 Source :androidOperatorId : 26 Number: 7385658701 InsuranceDob : Amount :5
2014-08-30 14:37:02,971 : [INFO ] - Going to Process
2014-08-30 14:37:02,972 : [INFO ] - Param => userId : 7506260128 UserType : 4
2014-08-30 14:37:02,972 : [INFO ] - Inside GetDataSet Method
2014-08-30 14:37:02,972 : [INFO ] - ConnStr : Data Source=dhsrecharge.db.9223203.hostedresource.com;database=DhsRecharge;uid=dhsrecharge;password=DHS009rch!
2014-08-30 14:37:02,973 : [INFO ] - Params : @UserId value :7506260128
2014-08-30 14:37:02,973 : [INFO ] - Params : @UserType value :4
2014-08-30 14:37:02,974 : [INFO ] - Params : @OpId value :26
2014-08-30 14:37:02,974 : [INFO ] - Now Fill SqlDataAdapter
2014-08-30 14:37:03,284 : [INFO ] - Return Ds
2014-08-30 14:37:03,285 : [INFO ] - Got Data from Db
2014-08-30 14:37:03,285 : [INFO ] - Avaialable balance : -5 Service Status : true Margin3.1
2014-08-30 14:37:14,681 : [INFO ] - CalledService api
2014-08-30 14:37:14,682 : [INFO ] - Params | UserId : 7506260128UserType :4 TransactionType : 2 Source :androidOperatorId : 26 Number: 7385658701 InsuranceDob : Amount :5
2014-08-30 14:37:14,684 : [INFO ] - Going to Process
2014-08-30 14:37:17,901 : [INFO ] - Param => userId : 7506260128 UserType : 4
2014-08-30 14:37:18,940 : [INFO ] - Inside GetDataSet Method
2014-08-30 14:37:18,940 : [INFO ] - ConnStr : Data Source=dhsrecharge.db.9223203.hostedresource.com;database=DhsRecharge;uid=dhsrecharge;password=DHS009rch!
2014-08-30 14:37:18,940 : [INFO ] - Params : @UserId value :7506260128
2014-08-30 14:37:18,941 : [INFO ] - Params : @UserType value :4
2014-08-30 14:37:18,941 : [INFO ] - Params : @OpId value :26
2014-08-30 14:37:18,941 : [INFO ] - Now Fill SqlDataAdapter
2014-08-30 14:37:19,251 : [INFO ] - Return Ds
2014-08-30 14:37:20,259 : [INFO ] - Got Data from Db
2014-08-30 14:37:32,875 : [INFO ] - Avaialable balance : 100 Service Status : true Margin3.1
2014-08-30 14:37:33,972 : [INFO ] - Going to process the Transaction.
2014-08-30 14:37:35,879 : [INFO ] - Inside Process request Method.
2014-08-30 14:37:36,895 : [INFO ] - Session : tIIXaPNnokWI6FFHtwfW
2014-08-30 14:37:39,302 : [INFO ] - SD : 105539 |AP : 175413 |OP : 175447 |Mobile : 7385658701
2014-08-30 14:37:40,105 : [INFO ] - reqStr : inputmessage=0000046901SM000001160000011600000217%0d%0aapi175413+++++++++++00039311%0d%0a++++++++++++++++++++00000000%0d%0aBEGIN%0d%0aSD%3d105539%0d%0aAP%3d175413%0d%0aOP%3d175447%0d%0aSESSION%3dtIIXaPNnokWI6FFHtwfW%0d%0aNUMBER%3d7385658701%0d%0aAMOUNT%3d5%0d%0aAMOUNT_ALL%3d5%0d%0aCOMMENT%3d%0d%0a%0d%0aEND%0d%0aBEGIN+SIGNATURE%0d%0aiQCRAwkBAACZj1QBlFwBAV0nA%2f4i6dHjud4HVyr5NWU1Hx2w5ujMwfKPgd1LYdKN%0d%0aXiqm1kFoB4zM23k%2fRESjoKTSFiApi2nCrTJteboknq7WHMVCy24KxOxsWTDtWQbt%0d%0a%2fzSyOe23yMzZbpow8urODklTG9XO0fXNZU01qzRnAR5BYnKys2lP1jY03XbkpKPi%0d%0aNg8947ABxw%3d%3d%0d%0a%3dnh%2bP%0d%0aEND+SIGNATURE
2014-08-30 14:37:40,105 : [INFO ] - Done
2014-08-30 14:37:48,444 : [INFO ] - Inside the Process Method.
2014-08-30 14:37:48,464 : [INFO ] -  URL : https://in.cyberplat.com/cgi-bin/un/un_pay_check.cgi
2014-08-30 14:37:48,800 : [INFO ] - Response str : 0000041901SM000000660000006600000217
inist_in            00000040
                    00000000
BEGIN
DATE=30.08.2014 14:37:53
SESSION=
ERROR=32
RESULT=1
TRANSID=

END
BEGIN SIGNATURE
iQCRAwkBAAAAKFQBlGkBAe9kA/0RPrS6favYJ5w4TI0SNtFtnrRzhpTKT36pOZxJ
UCRzQ968E+SKyU6Nt0C7oYanBdieXWl/eXw+JLgs7r4ddsW4CX+2+su0C+ZPOlFg
CHVPTEnk/mwMIGqX0Ve/8rfavQ0C8I0zNQ5/oBkedvP6xEvrpo+VwqeUk8h0anpC
y7a9VbABxw==
=808Y
END SIGNATURE
2014-08-30 14:37:53,500 : [ERROR] - Error Message  : Try after one hour
2014-08-30 14:37:54,280 : [WARN ] - cyber-plate error : Validation Error- Try after one hour
2014-08-30 14:38:13,865 : [INFO ] - Inside GetDataSet Method
2014-08-30 14:38:13,865 : [INFO ] - ConnStr : Data Source=dhsrecharge.db.9223203.hostedresource.com;database=DhsRecharge;uid=dhsrecharge;password=DHS009rch!
2014-08-30 14:38:13,865 : [INFO ] - Params : @UserId value :7506260128
2014-08-30 14:38:13,865 : [INFO ] - Params : @UserType value :4
2014-08-30 14:38:13,866 : [INFO ] - Params : @Number value :7385658701
2014-08-30 14:38:13,866 : [INFO ] - Params : @Amount value :0
2014-08-30 14:38:13,866 : [INFO ] - Params : @Profit value :0
2014-08-30 14:38:13,866 : [INFO ] - Params : @TransactionType value :2
2014-08-30 14:38:13,866 : [INFO ] - Params : @InsuranceDob value :
2014-08-30 14:38:13,866 : [INFO ] - Params : @TransactionId value :-1
2014-08-30 14:38:13,866 : [INFO ] - Params : @OperaterId value :26
2014-08-30 14:38:13,867 : [INFO ] - Params : @Status value :0
2014-08-30 14:38:13,867 : [INFO ] - Params : @Source value :android
2014-08-30 14:38:13,872 : [INFO ] - Params : @ApiId value :CyberPate
2014-08-30 14:38:13,873 : [INFO ] - Params : @BillRecieptId value :
2014-08-30 14:38:13,873 : [INFO ] - Now Fill SqlDataAdapter
2014-08-30 14:38:14,194 : [INFO ] - Return Ds
