2014-08-03 00:14:17,741 : [INFO ] - CalledService api
2014-08-03 00:14:17,766 : [INFO ] - Params | UserId : 8451845162UserType :4 TransactionType : 1 Source :androidOperatorId : 7 Number: 7506260128 InsuranceDob : Amount :10
2014-08-03 00:14:22,419 : [INFO ] - Going to Process
2014-08-03 00:14:25,867 : [INFO ] - Param => userId : 8451845162 UserType : 4
2014-08-03 00:14:36,322 : [INFO ] - Inside GetDataSet Method
2014-08-03 00:14:36,324 : [INFO ] - ConnStr : Data Source=dhsrecharge.db.9223203.hostedresource.com;database=DhsRecharge;uid=dhsrecharge;password=DHS009rch!
2014-08-03 00:14:36,341 : [INFO ] - Params : @UserId value :8451845162
2014-08-03 00:14:36,342 : [INFO ] - Params : @UserType value :4
2014-08-03 00:14:36,343 : [INFO ] - Params : @OpId value :7
2014-08-03 00:14:36,345 : [INFO ] - Now Fill SqlDataAdapter
2014-08-03 00:14:38,375 : [INFO ] - Return Ds
2014-08-03 00:14:42,686 : [INFO ] - Got Data from Db
2014-08-03 00:14:46,193 : [INFO ] - Avaialable balance : 72 Service Status : true Margin0
2014-08-03 00:14:50,612 : [INFO ] - Going to process the Transaction.
2014-08-03 00:14:52,307 : [INFO ] - Inside Process request Method.
2014-08-03 00:14:53,495 : [INFO ] - Session : gNpmNouaIEcgFcp4J9Fr
2014-08-03 00:14:55,480 : [INFO ] - SD : 105539 |AP : 175413 |OP : 175447 |Mobile : 7506260128
2014-08-03 00:14:56,097 : [INFO ] - reqStr : inputmessage=0000047101SM000001180000011800000217%0d%0aapi175413+++++++++++00039311%0d%0a++++++++++++++++++++00000000%0d%0aBEGIN%0d%0aSD%3d105539%0d%0aAP%3d175413%0d%0aOP%3d175447%0d%0aSESSION%3dgNpmNouaIEcgFcp4J9Fr%0d%0aNUMBER%3d7506260128%0d%0aAMOUNT%3d10%0d%0aAMOUNT_ALL%3d10%0d%0aCOMMENT%3d%0d%0a%0d%0aEND%0d%0aBEGIN+SIGNATURE%0d%0aiQCRAwkBAACZj1PdMacBAQLGA%2f9hAXWlMPaoLQ7yvB4l1rP0jQL9%2fr1PaUOBmVHZ%0d%0aI8QDgzBXYyEBjlBoDlsCBh4y2sfsnchjNiSJh3lJl8g6f%2fNfJ0B6bF5rziFNXBKL%0d%0aKrVP3BmqNwJdXKtNZsnTnSCcGhwctp9l8JqKTzTmKGes0LcXJmEEN6huSh9%2bkIJw%0d%0aLCqB%2fLABxw%3d%3d%0d%0a%3dVZ6T%0d%0aEND+SIGNATURE
2014-08-03 00:14:56,100 : [INFO ] - Done
2014-08-03 00:14:56,845 : [INFO ] - inputMessageforValidateNumber : inputmessage=0000047101SM000001180000011800000217%0d%0aapi175413+++++++++++00039311%0d%0a++++++++++++++++++++00000000%0d%0aBEGIN%0d%0aSD%3d105539%0d%0aAP%3d175413%0d%0aOP%3d175447%0d%0aSESSION%3dgNpmNouaIEcgFcp4J9Fr%0d%0aNUMBER%3d7506260128%0d%0aAMOUNT%3d10%0d%0aAMOUNT_ALL%3d10%0d%0aCOMMENT%3d%0d%0a%0d%0aEND%0d%0aBEGIN+SIGNATURE%0d%0aiQCRAwkBAACZj1PdMacBAQLGA%2f9hAXWlMPaoLQ7yvB4l1rP0jQL9%2fr1PaUOBmVHZ%0d%0aI8QDgzBXYyEBjlBoDlsCBh4y2sfsnchjNiSJh3lJl8g6f%2fNfJ0B6bF5rziFNXBKL%0d%0aKrVP3BmqNwJdXKtNZsnTnSCcGhwctp9l8JqKTzTmKGes0LcXJmEEN6huSh9%2bkIJw%0d%0aLCqB%2fLABxw%3d%3d%0d%0a%3dVZ6T%0d%0aEND+SIGNATURE
2014-08-03 00:14:57,308 : [INFO ] - Inside the Process Method.
2014-08-03 00:14:57,309 : [INFO ] -  URL : https://in.cyberplat.com/cgi-bin/bu/bu_pay_check.cgi/234
2014-08-03 00:14:58,727 : [INFO ] - Response str : 0000057301SM000002200000022000000217
inist_in            00000040
                    00000000
BEGIN
DATE=03.08.2014 00:15:04
SESSION=gNpmNouaIEcgFcp4J9Fr
ERROR=0
RESULT=0
TRANSID=1000397654205
ADDINFO=bill amount 10.00
PRICE=10.00
RELATIONSHIPNUM=1.25572722
OPERATORID=9917339464
VALUE2=WAP
VALUE1=Hutch User

END
BEGIN SIGNATURE
iQCRAwkBAAAAKFPdMbABAeAVBAClZztDV77Ikf0vPCdbnKYCupShchmvsZTV0bmL
Z+l3Lvet2I5EXsLt0ZV0fcJ8tRqqXKsSLrda7GvuFWp/p8msv0s+ZqCKKUcpALTo
Qsw6a15NJY0s2bergsQnUeUEV1IE4Rmqviadlq/JIUGlxCVnCXc1GY0ytITTeYJF
fNsbnrABxw==
=4fvt
END SIGNATURE
2014-08-03 00:14:59,565 : [INFO ] - ValidateResponse : 0000057301SM000002200000022000000217
inist_in            00000040
                    00000000
BEGIN
DATE=03.08.2014 00:15:04
SESSION=gNpmNouaIEcgFcp4J9Fr
ERROR=0
RESULT=0
TRANSID=1000397654205
ADDINFO=bill amount 10.00
PRICE=10.00
RELATIONSHIPNUM=1.25572722
OPERATORID=9917339464
VALUE2=WAP
VALUE1=Hutch User

END
BEGIN SIGNATURE
iQCRAwkBAAAAKFPdMbABAeAVBAClZztDV77Ikf0vPCdbnKYCupShchmvsZTV0bmL
Z+l3Lvet2I5EXsLt0ZV0fcJ8tRqqXKsSLrda7GvuFWp/p8msv0s+ZqCKKUcpALTo
Qsw6a15NJY0s2bergsQnUeUEV1IE4Rmqviadlq/JIUGlxCVnCXc1GY0ytITTeYJF
fNsbnrABxw==
=4fvt
END SIGNATURE
2014-08-03 00:15:01,153 : [INFO ] - Go for payment
2014-08-03 00:15:01,762 : [INFO ] - stringInputMsgPayment : inputmessage=0000044601SM000000930000009300000217%0d%0aapi175413+++++++++++00039311%0d%0a++++++++++++++++++++00000000%0d%0aBEGIN%0d%0aSD%3d105539%0d%0aAP%3d175413%0d%0aOP%3d175447%0d%0aSESSION%3dgNpmNouaIEcgFcp4J9Fr%0d%0aNUMBER%3d7506260128%0d%0aAMOUNT%3d10%0d%0a%0d%0aEND%0d%0aBEGIN+SIGNATURE%0d%0aiQCRAwkBAACZj1PdMa0BATFVA%2f45U4tXPRXh0UqTNTLfnjJufpQQ4vK4gZxu5xOR%0d%0aSdFdUeQVIxTtXJ%2bpTBNlOHAuMFsgqk6Z%2b8k14iJ8IH6OD%2bNbuC0EX72OJ8cqTjhQ%0d%0agur1IWY%2fIfQltQh0MjhTu9WN6l%2ff8SLKbN%2f6QKOUifFK1ZLb5QBJAMMuIeyw6fll%0d%0aJ3m1zrABxw%3d%3d%0d%0a%3d7USR%0d%0aEND+SIGNATURE
2014-08-03 00:15:04,784 : [INFO ] - Inside the Process Method.
2014-08-03 00:15:04,785 : [INFO ] -  URL : https://in.cyberplat.com/cgi-bin/bu/bu_pay.cgi/234
2014-08-03 00:15:05,989 : [INFO ] - Response str : 0000047601SM000001230000012300000217
inist_in            00000040
                    00000000
BEGIN
DATE=03.08.2014 00:15:11
SESSION=gNpmNouaIEcgFcp4J9Fr
ERROR=0
RESULT=0
TRANSID=1000397654205
AUTHCODE=MCY23436469020

END
BEGIN SIGNATURE
iQCRAwkBAAAAKFPdMbcBAdvCBACaAWY5w6aU0gzRBsn2bLrH5j84Ir+sRckqOfGZ
Hu2AtGAVb7QdP14F4Ck7G2emEr11KvU4kf6mHGl4R40crwyEj2LmZYEdcXFjJf4d
52EuBurHzoP+M+BGc7/k5k8AE3fMaLRMusZ+WG9ousA6bvafqhAdi6WPBfO0aDRO
eTavtrABxw==
=wwpg
END SIGNATURE
2014-08-03 00:15:06,838 : [INFO ] - PaymentResponse : 0000047601SM000001230000012300000217
inist_in            00000040
                    00000000
BEGIN
DATE=03.08.2014 00:15:11
SESSION=gNpmNouaIEcgFcp4J9Fr
ERROR=0
RESULT=0
TRANSID=1000397654205
AUTHCODE=MCY23436469020

END
BEGIN SIGNATURE
iQCRAwkBAAAAKFPdMbcBAdvCBACaAWY5w6aU0gzRBsn2bLrH5j84Ir+sRckqOfGZ
Hu2AtGAVb7QdP14F4Ck7G2emEr11KvU4kf6mHGl4R40crwyEj2LmZYEdcXFjJf4d
52EuBurHzoP+M+BGc7/k5k8AE3fMaLRMusZ+WG9ousA6bvafqhAdi6WPBfO0aDRO
eTavtrABxw==
=wwpg
END SIGNATURE
2014-08-03 00:15:08,894 : [INFO ] - Success : Check Transaction status
2014-08-03 00:15:09,645 : [INFO ] - TransactionId: 1000397654205
2014-08-03 00:15:10,708 : [INFO ] - CheckTransation Status Input Msg  : inputmessage=0000038301SM000000300000003000000217%0d%0aapi175413+++++++++++00039311%0d%0a++++++++++++++++++++00000000%0d%0aBEGIN%0d%0aSESSION%3dgNpmNouaIEcgFcp4J9Fr%0d%0a%0d%0aEND%0d%0aBEGIN+SIGNATURE%0d%0aiQCRAwkBAACZj1PdMbYBAc4xBACP%2fwJFSblDu62%2b6AYOW789P0QfQ9H397M1h0B6%0d%0aexYCA3joLt5u5rWhFhE6IM4CDPJvpZtIJmjHOVYNMKVP3U0D4D5%2bk1UWgI8OPbZ%2f%0d%0a5uVJ5mwGd9hd2qQU4gZ7QorCWkY3NZCDAtuuPFkGB%2fBmVeiS4HDZgppjGm6SGC%2bB%0d%0aNhEFULABxw%3d%3d%0d%0a%3dSrO1%0d%0aEND+SIGNATURE
2014-08-03 00:15:10,944 : [INFO ] - Inside the Process Method.
2014-08-03 00:15:10,945 : [INFO ] -  URL : https://in.cyberplat.com/cgi-bin/bu/bu_pay_status.cgi
2014-08-03 00:15:12,281 : [INFO ] - Response str : 0000046201SM000001090000010900000217
inist_in            00000040
                    00000000
BEGIN
DATE=03.08.2014 00:15:04
SESSION=gNpmNouaIEcgFcp4J9Fr
ERROR=0
RESULT=7
AUTHCODE=
TRANSID=1000397654205

END
BEGIN SIGNATURE
iQCRAwkBAAAAKFPdMb4BAY6LA/9PwVZlFY4lnJbJp2ZlY+R750iuJFCORnNPV3Ru
1wXfiTS79tleuourGQtjReb/sAGk64IxfWLHflg5FLZ2xisb2YuOzzaghSujZEYR
ZlnsZq+V35lZ3p3tZIBofd4//JHFFzMFsp6hGkMVcnHXjQjb4SOyKh5vgNMKLSRN
B2iWVrABxw==
=9+qY
END SIGNATURE
2014-08-03 00:15:12,535 : [INFO ] - CheckTransation Status statusResponse  : 0000046201SM000001090000010900000217
inist_in            00000040
                    00000000
BEGIN
DATE=03.08.2014 00:15:04
SESSION=gNpmNouaIEcgFcp4J9Fr
ERROR=0
RESULT=7
AUTHCODE=
TRANSID=1000397654205

END
BEGIN SIGNATURE
iQCRAwkBAAAAKFPdMb4BAY6LA/9PwVZlFY4lnJbJp2ZlY+R750iuJFCORnNPV3Ru
1wXfiTS79tleuourGQtjReb/sAGk64IxfWLHflg5FLZ2xisb2YuOzzaghSujZEYR
ZlnsZq+V35lZ3p3tZIBofd4//JHFFzMFsp6hGkMVcnHXjQjb4SOyKh5vgNMKLSRN
B2iWVrABxw==
=9+qY
END SIGNATURE
2014-08-03 00:15:14,126 : [INFO ] - Finally Success recharge => TransactionId : 1000397654205
2014-08-03 00:15:37,453 : [INFO ] - Inside GetDataSet Method
2014-08-03 00:15:37,454 : [INFO ] - ConnStr : Data Source=dhsrecharge.db.9223203.hostedresource.com;database=DhsRecharge;uid=dhsrecharge;password=DHS009rch!
2014-08-03 00:15:37,454 : [INFO ] - Params : @UserId value :8451845162
2014-08-03 00:15:37,455 : [INFO ] - Params : @UserType value :4
2014-08-03 00:15:37,456 : [INFO ] - Params : @Number value :7506260128
2014-08-03 00:15:37,458 : [INFO ] - Params : @Amount value :15
2014-08-03 00:15:37,459 : [INFO ] - Params : @Profit value :0
2014-08-03 00:15:37,460 : [INFO ] - Params : @TransactionType value :1
2014-08-03 00:15:37,460 : [INFO ] - Params : @InsuranceDob value :
2014-08-03 00:15:37,463 : [INFO ] - Params : @TransactionId value :1000397654205
2014-08-03 00:15:37,464 : [INFO ] - Params : @OperaterId value :7
2014-08-03 00:15:37,465 : [INFO ] - Params : @Status value :1
2014-08-03 00:15:37,465 : [INFO ] - Params : @Source value :android
2014-08-03 00:15:37,466 : [INFO ] - Params : @ApiId value :CyberPate
2014-08-03 00:15:37,466 : [INFO ] - Params : @BillRecieptId value :
2014-08-03 00:15:37,467 : [INFO ] - Now Fill SqlDataAdapter
2014-08-03 00:15:37,931 : [INFO ] - Return Ds
2014-08-03 00:25:43,301 : [INFO ] - CalledService api
2014-08-03 00:25:43,303 : [INFO ] - Params | UserId : 7506260128UserType :4 TransactionType : 1 Source :androidOperatorId : 7 Number: 7506260128 InsuranceDob : Amount :10
2014-08-03 00:25:46,447 : [INFO ] - Going to Process
2014-08-03 00:25:49,459 : [INFO ] - Param => userId : 7506260128 UserType : 4
2014-08-03 00:25:50,999 : [INFO ] - Inside GetDataSet Method
2014-08-03 00:25:51,001 : [INFO ] - ConnStr : Data Source=dhsrecharge.db.9223203.hostedresource.com;database=DhsRecharge;uid=dhsrecharge;password=DHS009rch!
2014-08-03 00:25:51,003 : [INFO ] - Params : @UserId value :7506260128
2014-08-03 00:25:51,005 : [INFO ] - Params : @UserType value :4
2014-08-03 00:25:51,017 : [INFO ] - Params : @OpId value :7
2014-08-03 00:25:51,021 : [INFO ] - Now Fill SqlDataAdapter
2014-08-03 00:25:52,694 : [INFO ] - Return Ds
2014-08-03 00:25:54,730 : [INFO ] - Got Data from Db
2014-08-03 00:25:55,899 : [INFO ] - Avaialable balance : 100 Service Status : true Margin0
2014-08-03 00:25:58,386 : [INFO ] - Going to process the Transaction.
2014-08-03 00:25:59,631 : [INFO ] - Inside Process request Method.
2014-08-03 00:26:01,465 : [INFO ] - Session : DpGdOYXPmLaiLDCFuHy9
2014-08-03 00:26:03,660 : [INFO ] - SD : 105539 |AP : 175413 |OP : 175447 |Mobile : 7506260128
2014-08-03 00:26:04,054 : [INFO ] - reqStr : inputmessage=0000047101SM000001180000011800000217%0d%0aapi175413+++++++++++00039311%0d%0a++++++++++++++++++++00000000%0d%0aBEGIN%0d%0aSD%3d105539%0d%0aAP%3d175413%0d%0aOP%3d175447%0d%0aSESSION%3dDpGdOYXPmLaiLDCFuHy9%0d%0aNUMBER%3d7506260128%0d%0aAMOUNT%3d10%0d%0aAMOUNT_ALL%3d10%0d%0aCOMMENT%3d%0d%0a%0d%0aEND%0d%0aBEGIN+SIGNATURE%0d%0aiQCRAwkBAACZj1PdNEMBAQt4A%2f0Z2luAJW%2fIKhmXg6MzdTmaBRHzHQUDhHiBpnEO%0d%0abyxBicI0dFQHUs%2bFiZ2mSvRLTCcDKEq5G9sOdFO19l3O61kT8F7XnJpaHwTgzKPE%0d%0aiKhFFRD71GSd5u%2bO2SfuLagv8aNx0svQ08IJ5RRcXV8qJR%2frL23KYQ7G058c8AJr%0d%0aa%2fpSxLABxw%3d%3d%0d%0a%3d%2b%2bdH%0d%0aEND+SIGNATURE
2014-08-03 00:26:04,062 : [INFO ] - Done
2014-08-03 00:26:04,746 : [INFO ] - inputMessageforValidateNumber : inputmessage=0000047101SM000001180000011800000217%0d%0aapi175413+++++++++++00039311%0d%0a++++++++++++++++++++00000000%0d%0aBEGIN%0d%0aSD%3d105539%0d%0aAP%3d175413%0d%0aOP%3d175447%0d%0aSESSION%3dDpGdOYXPmLaiLDCFuHy9%0d%0aNUMBER%3d7506260128%0d%0aAMOUNT%3d10%0d%0aAMOUNT_ALL%3d10%0d%0aCOMMENT%3d%0d%0a%0d%0aEND%0d%0aBEGIN+SIGNATURE%0d%0aiQCRAwkBAACZj1PdNEMBAQt4A%2f0Z2luAJW%2fIKhmXg6MzdTmaBRHzHQUDhHiBpnEO%0d%0abyxBicI0dFQHUs%2bFiZ2mSvRLTCcDKEq5G9sOdFO19l3O61kT8F7XnJpaHwTgzKPE%0d%0aiKhFFRD71GSd5u%2bO2SfuLagv8aNx0svQ08IJ5RRcXV8qJR%2frL23KYQ7G058c8AJr%0d%0aa%2fpSxLABxw%3d%3d%0d%0a%3d%2b%2bdH%0d%0aEND+SIGNATURE
2014-08-03 00:26:05,328 : [INFO ] - Inside the Process Method.
2014-08-03 00:26:05,330 : [INFO ] -  URL : https://in.cyberplat.com/cgi-bin/bu/bu_pay_check.cgi/234
2014-08-03 00:26:06,041 : [INFO ] - Response str : 0000041901SM000000660000006600000217
inist_in            00000040
                    00000000
BEGIN
DATE=03.08.2014 00:26:11
SESSION=
ERROR=32
RESULT=1
TRANSID=

END
BEGIN SIGNATURE
iQCRAwkBAAAAKFPdNEsBAZgvBAC8YiHFESUciFm2UH+tNuXw4JvQcghW+157ISk4
8vnkvcA7EjhjR6o8lENvom1fUGISQDDqv3/tHejpChXuz+8OZEUSrBBxqS/fPrAG
kGMckUEVndPU+2bUzVf8SmxZ9bEIILpiJ/pLGa1NeL5hz8wjiNGo8Vm5IUSf4ItO
wPZdrLABxw==
=YvNs
END SIGNATURE
2014-08-03 00:26:06,708 : [INFO ] - ValidateResponse : 0000041901SM000000660000006600000217
inist_in            00000040
                    00000000
BEGIN
DATE=03.08.2014 00:26:11
SESSION=
ERROR=32
RESULT=1
TRANSID=

END
BEGIN SIGNATURE
iQCRAwkBAAAAKFPdNEsBAZgvBAC8YiHFESUciFm2UH+tNuXw4JvQcghW+157ISk4
8vnkvcA7EjhjR6o8lENvom1fUGISQDDqv3/tHejpChXuz+8OZEUSrBBxqS/fPrAG
kGMckUEVndPU+2bUzVf8SmxZ9bEIILpiJ/pLGa1NeL5hz8wjiNGo8Vm5IUSf4ItO
wPZdrLABxw==
=YvNs
END SIGNATURE
2014-08-03 00:26:07,543 : [ERROR] - Error Message  : Try after one hour
2014-08-03 00:26:08,142 : [WARN ] - cyber-plate error : Validation Error- Try after one hour
2014-08-03 00:26:37,896 : [INFO ] - Inside GetDataSet Method
2014-08-03 00:26:37,898 : [INFO ] - ConnStr : Data Source=dhsrecharge.db.9223203.hostedresource.com;database=DhsRecharge;uid=dhsrecharge;password=DHS009rch!
2014-08-03 00:26:37,899 : [INFO ] - Params : @UserId value :7506260128
2014-08-03 00:26:37,902 : [INFO ] - Params : @UserType value :4
2014-08-03 00:26:37,904 : [INFO ] - Params : @Number value :7506260128
2014-08-03 00:26:37,906 : [INFO ] - Params : @Amount value :0
2014-08-03 00:26:37,908 : [INFO ] - Params : @Profit value :0
2014-08-03 00:26:37,909 : [INFO ] - Params : @TransactionType value :1
2014-08-03 00:26:37,911 : [INFO ] - Params : @InsuranceDob value :
2014-08-03 00:26:37,913 : [INFO ] - Params : @TransactionId value :-1
2014-08-03 00:26:37,914 : [INFO ] - Params : @OperaterId value :7
2014-08-03 00:26:37,916 : [INFO ] - Params : @Status value :0
2014-08-03 00:26:37,916 : [INFO ] - Params : @Source value :android
2014-08-03 00:26:37,917 : [INFO ] - Params : @ApiId value :CyberPate
2014-08-03 00:26:37,923 : [INFO ] - Params : @BillRecieptId value :
2014-08-03 00:26:37,925 : [INFO ] - Now Fill SqlDataAdapter
2014-08-03 00:26:38,258 : [INFO ] - Return Ds
