2014-08-08 10:29:33,839 : [INFO ] - CalledService api
2014-08-08 10:29:33,847 : [INFO ] - Params | UserId : 7506260128UserType :4 TransactionType : 2 Source :androidOperatorId : 35 Number: 7739481613 InsuranceDob : Amount :10
2014-08-08 10:29:40,445 : [INFO ] - Going to Process
2014-08-08 10:29:43,647 : [INFO ] - Param => userId : 7506260128 UserType : 4
2014-08-08 10:29:46,406 : [INFO ] - Inside GetDataSet Method
2014-08-08 10:29:46,406 : [INFO ] - ConnStr : Data Source=dhsrecharge.db.9223203.hostedresource.com;database=DhsRecharge;uid=dhsrecharge;password=DHS009rch!
2014-08-08 10:29:46,411 : [INFO ] - Params : @UserId value :7506260128
2014-08-08 10:29:46,412 : [INFO ] - Params : @UserType value :4
2014-08-08 10:29:46,413 : [INFO ] - Params : @OpId value :35
2014-08-08 10:29:46,458 : [INFO ] - Now Fill SqlDataAdapter
2014-08-08 10:29:48,968 : [INFO ] - Return Ds
2014-08-08 10:29:52,846 : [INFO ] - Got Data from Db
2014-08-08 10:30:01,639 : [INFO ] - Avaialable balance : 95 Service Status : true Margin1.8
2014-08-08 10:30:03,839 : [INFO ] - Going to process the Transaction.
2014-08-08 10:30:06,987 : [INFO ] - Inside Process request Method.
2014-08-08 10:30:07,603 : [INFO ] - Session : kFFE7DMGldvO5TgYO1GO
2014-08-08 10:30:16,060 : [INFO ] - SD : 105539 |AP : 175413 |OP : 175447 |Mobile : 7739481613
2014-08-08 10:30:31,627 : [INFO ] - reqStr : inputmessage=0000048701SM000001340000013400000217%0d%0aapi175413+++++++++++00039311%0d%0a++++++++++++++++++++00000000%0d%0aBEGIN%0d%0aSD%3d105539%0d%0aAP%3d175413%0d%0aOP%3d175447%0d%0aTERM_ID%3d105549%0d%0aSESSION%3dkFFE7DMGldvO5TgYO1GO%0d%0aNUMBER%3d7739481613%0d%0aAMOUNT%3d10%0d%0aAMOUNT_ALL%3d10%0d%0aCOMMENT%3d%0d%0a%0d%0aEND%0d%0aBEGIN+SIGNATURE%0d%0aiQCRAwkBAACZj1PkWW8BAatTA%2f4%2bTSWjASmHH5ESom9hlO56ndbD3ChVYJv6J24s%0d%0a5z17TXcmzAtgjya01lQGeWmwakbMfamhx%2bnf4%2f0e968WUEut8%2fFLbl1A8Y2mnFEY%0d%0aIfpPzqHKw%2bySlZnW%2b%2fL5whLfuFJBM25MZBlWPyEN0CzAK%2b8kiwiiTkSt3qpGO5i9%0d%0aU7UjobABxw%3d%3d%0d%0a%3dAImY%0d%0aEND+SIGNATURE
2014-08-08 10:30:31,628 : [INFO ] - Done
2014-08-08 10:30:32,215 : [INFO ] - Inside the Process Method.
2014-08-08 10:30:32,215 : [INFO ] -  URL : https://in.cyberplat.com/cgi-bin/at/at_pay_check.cgi
2014-08-08 10:30:32,959 : [INFO ] - Response str : 0000045101SM000000980000009800000217
inist_in            00000040
                    00000000
BEGIN
DATE=08.08.2014 10:30:36
SESSION=kFFE7DMGldvO5TgYO1GO
ERROR=0
RESULT=0
TRANSID=1000399648498

END
BEGIN SIGNATURE
iQCRAwkBAAAAKFPkWXQBAWanA/sF2BbVlSFxr+N/4EQqly8kngsnqjHIlaoLjzAa
oDhHFxVZcZ7StBCwpwwJT5nySUUR6J8Nqc76HmmZ0FpJPn0+82MBJqPSJjBp8/BS
D8T0sLFQBPKhPodWw7xgndQyHYiHuBN2520r0LkpP7zxNpEeWFlrD9tUGmKHMPRJ
GSq5MLABxw==
=pz1+
END SIGNATURE
2014-08-08 10:30:41,455 : [INFO ] - Go for payment
2014-08-08 10:31:52,986 : [INFO ] - Inside the Process Method.
2014-08-08 10:31:52,987 : [INFO ] -  URL : https://in.cyberplat.com/cgi-bin/at/at_pay.cgi
2014-08-08 10:31:53,661 : [INFO ] - Response str : 0000047201SM000001190000011900000217
inist_in            00000040
                    00000000
BEGIN
DATE=08.08.2014 10:31:56
SESSION=kFFE7DMGldvO5TgYO1GO
ERROR=23
RESULT=1
TRANSID=1000399648498
AUTHCODE=995149811

END
BEGIN SIGNATURE
iQCRAwkBAAAAKFPkWcQBAZ/yA/9W47hpyAVkbOdzQ9JCqZYkCZPi7JomsMO5amQl
ta1RnjyBEOnUhpQGl9B5rZLIZVFzF3oXSVIh3KzfOkeEW0da77/joFbqvqh/1HZu
o1bMmpgcGDJtGej5/pPrDrEokBFDS/4JOjtBErCJWK0aJrZe75+xue0j61/2mH7p
bCf0GLABxw==
=uE3Q
END SIGNATURE
2014-08-08 10:36:48,029 : [INFO ] - Session : i4v2sKGnQUun6Ajn7kBJ
2014-08-08 10:36:50,626 : [INFO ] - SD : 105539 |AP : 175413 |OP : 175447 |Mobile : 7739481613
2014-08-08 10:36:50,896 : [INFO ] - reqStr : inputmessage=0000048701SM000001340000013400000217%0d%0aapi175413+++++++++++00039311%0d%0a++++++++++++++++++++00000000%0d%0aBEGIN%0d%0aSD%3d105539%0d%0aAP%3d175413%0d%0aOP%3d175447%0d%0aTERM_ID%3d105549%0d%0aSESSION%3di4v2sKGnQUun6Ajn7kBJ%0d%0aNUMBER%3d7739481613%0d%0aAMOUNT%3d10%0d%0aAMOUNT_ALL%3d10%0d%0aCOMMENT%3d%0d%0a%0d%0aEND%0d%0aBEGIN+SIGNATURE%0d%0aiQCRAwkBAACZj1PkWuoBAf6hBAC4Z5SDr%2b08kCLcFeF0OXE1zRurAMqXLJ6B5RCd%0d%0axAba7dByqGDiwJpQU0ONtYRQic%2fM%2bN7hDJ3mZbUkPcELEGYbcOafDho3gsECEneW%0d%0aP%2fayPq7LARnVr0Wk8hDtdt3fVttyn3SgnJJSy2Fd%2fEoPMlnYIxmD4adqqcbrVcIM%0d%0aoCNXO7ABxw%3d%3d%0d%0a%3daquC%0d%0aEND+SIGNATURE
2014-08-08 10:36:50,897 : [INFO ] - Done
2014-08-08 10:37:20,077 : [INFO ] - Inside the Process Method.
2014-08-08 10:37:20,090 : [INFO ] -  URL : https://in.cyberplat.com/cgi-bin/at/at_pay_check.cgi/209
2014-08-08 10:37:22,894 : [INFO ] - Response str : 0000041901SM000000660000006600000217
inist_in            00000040
                    00000000
BEGIN
DATE=08.08.2014 10:37:26
SESSION=
ERROR=45
RESULT=1
TRANSID=

END
BEGIN SIGNATURE
iQCRAwkBAAAAKFPkWw4BAfnuA/wL+4kwIDRx1qeRCjoG1bURUxYLLuM6lydvDJY8
AB4EbEGB/lvS0iF66ZLUaA8sQ67gFsbqRj8ib6M72Clvxhj7yKzYlpeSXAPPvIO8
lRlMgD3n9550ufUxREVTMcd6bevgsG5du2WGJ8NKlvnjSQu/+fU8o9RrtwAl3MKe
LJl3W7ABxw==
=18Jl
END SIGNATURE
2014-08-08 10:38:03,258 : [ERROR] - Error Message  : No license is available for accepting payments to the benefit of this operator.
2014-08-08 13:02:13,962 : [INFO ] - CalledService api
2014-08-08 13:02:13,970 : [INFO ] - Params | UserId : 7506260128UserType :4 TransactionType : 2 Source :androidOperatorId : 35 Number: 7739481613 InsuranceDob : Amount :10
2014-08-08 13:02:15,464 : [INFO ] - Going to Process
2014-08-08 13:02:17,924 : [INFO ] - Param => userId : 7506260128 UserType : 4
2014-08-08 13:02:19,209 : [INFO ] - Inside GetDataSet Method
2014-08-08 13:02:19,211 : [INFO ] - ConnStr : Data Source=dhsrecharge.db.9223203.hostedresource.com;database=DhsRecharge;uid=dhsrecharge;password=DHS009rch!
2014-08-08 13:02:19,225 : [INFO ] - Params : @UserId value :7506260128
2014-08-08 13:02:19,226 : [INFO ] - Params : @UserType value :4
2014-08-08 13:02:19,226 : [INFO ] - Params : @OpId value :35
2014-08-08 13:02:19,226 : [INFO ] - Now Fill SqlDataAdapter
2014-08-08 13:02:21,645 : [INFO ] - Return Ds
2014-08-08 13:02:22,884 : [INFO ] - Got Data from Db
2014-08-08 13:02:24,156 : [INFO ] - Avaialable balance : 95 Service Status : true Margin1.8
2014-08-08 13:02:24,696 : [INFO ] - Going to process the Transaction.
2014-08-08 13:02:25,466 : [INFO ] - Inside Process request Method.
2014-08-08 13:02:26,082 : [INFO ] - Session : HKjmIR47hHAfpj3y8cBl
2014-08-08 13:02:27,721 : [INFO ] - SD : 105539 |AP : 175413 |OP : 175447 |Mobile : 7739481613
2014-08-08 13:02:27,914 : [INFO ] - reqStr : inputmessage=0000048701SM000001340000013400000217%0d%0aapi175413+++++++++++00039311%0d%0a++++++++++++++++++++00000000%0d%0aBEGIN%0d%0aSD%3d105539%0d%0aAP%3d175413%0d%0aOP%3d175447%0d%0aTERM_ID%3d105549%0d%0aSESSION%3dHKjmIR47hHAfpj3y8cBl%0d%0aNUMBER%3d7739481613%0d%0aAMOUNT%3d10%0d%0aAMOUNT_ALL%3d10%0d%0aCOMMENT%3d%0d%0a%0d%0aEND%0d%0aBEGIN+SIGNATURE%0d%0aiQCRAwkBAACZj1PkfQsBAXblBACq0BnlLPvjb6Ao%2bysD8IDfbQTPQ4VwT0EDKIku%0d%0acZHuxDjY%2b5zTmxCPb5KHbARTlYZEI6YaBkwcEhocXCszCgNN3AIkh39NXdeizCwg%0d%0ae%2fv7SWnSI6NKwRCVEdwDDXIGXTHk64M3RvCHadp%2bb5lqJqu%2bPLmfXMFO5z3Lm6x3%0d%0amRSEoLABxw%3d%3d%0d%0a%3dnZgT%0d%0aEND+SIGNATURE
2014-08-08 13:02:27,915 : [INFO ] - Done
2014-08-08 13:02:28,088 : [INFO ] - Inside the Process Method.
2014-08-08 13:02:28,089 : [INFO ] -  URL : https://in.cyberplat.com/cgi-bin/at/at_pay_check.cgi
2014-08-08 13:02:28,290 : [INFO ] - Response str : 0000041901SM000000660000006600000217
inist_in            00000040
                    00000000
BEGIN
DATE=08.08.2014 13:02:31
SESSION=
ERROR=45
RESULT=1
TRANSID=

END
BEGIN SIGNATURE
iQCRAwkBAAAAKFPkfQ8BAawyA/9JSrnw+e1zeOhMb32yI3zPKWca6FyjPprYfJcq
tOjDnUFCMCZxR+w7qEn3tpzME7BIOHdCBWXotZ86An5QIUmKaQ+g6ABjAyB11CNl
kNsWKNT7XFgHhpca+84/KCS+DEVS8e9kx4N9EAvDRBMyZok9YwG98iHMj7YzdogI
pCUx5rABxw==
=XUcu
END SIGNATURE
2014-08-08 13:02:39,275 : [INFO ] - Inside Process request Method.
2014-08-08 13:02:39,832 : [INFO ] - Session : tj3X9MdPs9Q529mkjBWi
2014-08-08 13:02:41,516 : [INFO ] - SD : 105539 |AP : 175413 |OP : 175447 |Mobile : 7739481613
2014-08-08 13:02:41,747 : [INFO ] - reqStr : inputmessage=0000048701SM000001340000013400000217%0d%0aapi175413+++++++++++00039311%0d%0a++++++++++++++++++++00000000%0d%0aBEGIN%0d%0aSD%3d105539%0d%0aAP%3d175413%0d%0aOP%3d175447%0d%0aTERM_ID%3d105549%0d%0aSESSION%3dtj3X9MdPs9Q529mkjBWi%0d%0aNUMBER%3d7739481613%0d%0aAMOUNT%3d10%0d%0aAMOUNT_ALL%3d10%0d%0aCOMMENT%3d%0d%0a%0d%0aEND%0d%0aBEGIN+SIGNATURE%0d%0aiQCRAwkBAACZj1PkfRkBAWsKA%2f9RyEViApCV1vLFmuqW8PEUmeGilk6L4vrcH22Q%0d%0aiuYEBzVFHY4QypsLzMd6YzIzNWspSvDWEb%2fIOBnwE83noKmzQ4vxOX3ysaTdYTIs%0d%0aHqh1n656Mvm%2bby1KnYEOMvXy2p50tETeF1cx5Cv%2bY8HAv04yOZED4sVx7cXD62ep%0d%0aaZ%2fr5LABxw%3d%3d%0d%0a%3dWyim%0d%0aEND+SIGNATURE
2014-08-08 13:02:41,748 : [INFO ] - Done
2014-08-08 13:03:08,925 : [INFO ] - Inside the Process Method.
2014-08-08 13:03:09,361 : [INFO ] -  URL : https://in.cyberplat.com/cgi-bin/at/at_pay_check.cgi/209
2014-08-08 13:03:12,676 : [INFO ] - Response str : 0000045101SM000000980000009800000217
inist_in            00000040
                    00000000
BEGIN
DATE=08.08.2014 13:03:14
SESSION=tj3X9MdPs9Q529mkjBWi
ERROR=0
RESULT=0
TRANSID=1000399712645

END
BEGIN SIGNATURE
iQCRAwkBAAAAKFPkfToBAY4UA/4pW9MfQGAqEgEXkBVTBuvRvScnnmlVrKqqbron
TCwxusDDNkfFGMw+naX6Cx+CttjuXhwTh2zeWboOXRmlyeWACoHqqi7g00X9AHHc
0LpvGUhqfgjCQWzO4kjV0u7cy2701+ZHVg2oIHBh4b2C+O/BKI2m+TJZevWKrfd3
S08lLbABxw==
=BlSa
END SIGNATURE
2014-08-08 13:03:18,433 : [INFO ] - Go for payment
2014-08-08 13:03:25,329 : [INFO ] - Inside the Process Method.
2014-08-08 13:03:25,330 : [INFO ] -  URL : https://in.cyberplat.com/cgi-bin/at/at_pay.cgi
2014-08-08 13:03:26,715 : [INFO ] - Response str : 0000041901SM000000660000006600000217
inist_in            00000040
                    00000000
BEGIN
DATE=08.08.2014 13:03:29
SESSION=
ERROR=37
RESULT=1
TRANSID=

END
BEGIN SIGNATURE
iQCRAwkBAAAAKFPkfUkBASmIBACxneNbzp+JRXA2HL3Xj7Xsv9kZB+zasJjjn63C
JxYecrzMb0xEh9gw0ET2tSSDXI9KYpsb8MobMYNk5MkZjT0kBzdyNG4qmdgQkhVo
qCVa1V5PVWMYdXPgDH+0AZcBFczwhOpVurmP8X8p1n99DeattSloExG8SpRRySry
BG246rABxw==
=X1hZ
END SIGNATURE
2014-08-08 13:03:34,232 : [INFO ] - Go for payment
2014-08-08 13:03:59,694 : [INFO ] - Inside the Process Method.
2014-08-08 13:03:59,695 : [INFO ] -  URL : https://in.cyberplat.com/cgi-bin/at/at_pay.cgi/209
2014-08-08 13:04:02,068 : [INFO ] - Response str : 0000047101SM000001180000011800000217
inist_in            00000040
                    00000000
BEGIN
DATE=08.08.2014 13:04:05
SESSION=tj3X9MdPs9Q529mkjBWi
ERROR=0
RESULT=0
TRANSID=1000399712645
AUTHCODE=995450763

END
BEGIN SIGNATURE
iQCRAwkBAAAAKFPkfW0BAR5mBADEMWGjXTcLkdvKOGtmPPXAVo6zDpNg3mPvMxAi
ZKwTDRkl5A9oXkbc6SNDpI5sqZkCfxCPjUMJ1oc+B53ldsGYsepibn/htzN+4xNA
59qhyDXB8sIkOVkoiTfAhn1gtdpDH8PFu6uboSQ2sXDHSIe6hQzUu9PnpKwSK9hH
MwinQ7ABxw==
=jVpY
END SIGNATURE
2014-08-08 13:04:10,776 : [INFO ] - Success : Check Transaction status
2014-08-08 13:04:12,059 : [INFO ] - TransactionId: 1000399712645
2014-08-08 13:04:24,779 : [INFO ] - Inside the Process Method.
2014-08-08 13:04:24,779 : [INFO ] -  URL : https://in.cyberplat.com/cgi-bin/at/at_pay_status.cgi
2014-08-08 13:04:24,825 : [INFO ] - Response str : 0000047101SM000001180000011800000217
inist_in            00000040
                    00000000
BEGIN
DATE=08.08.2014 13:03:14
SESSION=tj3X9MdPs9Q529mkjBWi
ERROR=0
RESULT=7
AUTHCODE=995450763
TRANSID=1000399712645

END
BEGIN SIGNATURE
iQCRAwkBAAAAKFPkfYQBAccrA/9GvVPC+tDUGaWU/DfYZfmtclqwIyVlMg9yCj8G
ic3LITYrr52iWYSSFgxJhSx/gnSrv+WQScUKQieTmK2tRkkuEYBqfNcRLT77XaMr
fkKgwbJvbgeVItRm1+CWe5dBs5qIQYAH3gcAQ/F6CzQd1ee/Qtoe7zih2y+edYP0
C+/au7ABxw==
=6B3V
END SIGNATURE
2014-08-08 13:04:36,376 : [INFO ] - Finally Success recharge => TransactionId : 1000399712645
2014-08-08 13:04:39,734 : [INFO ] - Inside GetDataSet Method
2014-08-08 13:04:39,735 : [INFO ] - ConnStr : Data Source=dhsrecharge.db.9223203.hostedresource.com;database=DhsRecharge;uid=dhsrecharge;password=DHS009rch!
2014-08-08 13:04:39,737 : [INFO ] - Params : @UserId value :7506260128
2014-08-08 13:04:39,737 : [INFO ] - Params : @UserType value :4
2014-08-08 13:04:39,738 : [INFO ] - Params : @Number value :7739481613
2014-08-08 13:04:39,738 : [INFO ] - Params : @Amount value :10
2014-08-08 13:04:39,739 : [INFO ] - Params : @Profit value :0.18
2014-08-08 13:04:39,739 : [INFO ] - Params : @TransactionType value :2
2014-08-08 13:04:39,740 : [INFO ] - Params : @InsuranceDob value :
2014-08-08 13:04:39,740 : [INFO ] - Params : @TransactionId value :1000399712645
2014-08-08 13:04:39,741 : [INFO ] - Params : @OperaterId value :35
2014-08-08 13:04:39,741 : [INFO ] - Params : @Status value :1
2014-08-08 13:04:39,743 : [INFO ] - Params : @Source value :android
2014-08-08 13:04:39,743 : [INFO ] - Params : @ApiId value :CyberPate
2014-08-08 13:04:39,744 : [INFO ] - Params : @BillRecieptId value :
2014-08-08 13:04:39,744 : [INFO ] - Now Fill SqlDataAdapter
2014-08-08 13:04:40,119 : [INFO ] - Return Ds
2014-08-08 13:07:35,499 : [INFO ] - CalledService api
2014-08-08 13:07:35,506 : [INFO ] - Params | UserId : 7506260128UserType :4 TransactionType : 1 Source :androidOperatorId : 35 Number: 8451845162 InsuranceDob : Amount :10
2014-08-08 13:07:37,483 : [INFO ] - Going to Process
2014-08-08 13:07:40,474 : [INFO ] - Param => userId : 7506260128 UserType : 4
2014-08-08 13:07:41,641 : [INFO ] - Inside GetDataSet Method
2014-08-08 13:07:41,642 : [INFO ] - ConnStr : Data Source=dhsrecharge.db.9223203.hostedresource.com;database=DhsRecharge;uid=dhsrecharge;password=DHS009rch!
2014-08-08 13:07:41,645 : [INFO ] - Params : @UserId value :7506260128
2014-08-08 13:07:41,646 : [INFO ] - Params : @UserType value :4
2014-08-08 13:07:41,646 : [INFO ] - Params : @OpId value :35
2014-08-08 13:07:41,646 : [INFO ] - Now Fill SqlDataAdapter
2014-08-08 13:07:43,509 : [INFO ] - Return Ds
2014-08-08 13:07:45,325 : [INFO ] - Got Data from Db
2014-08-08 13:07:46,893 : [INFO ] - Avaialable balance : 85 Service Status : true Margin1.8
2014-08-08 13:07:49,152 : [INFO ] - Going to process the Transaction.
2014-08-08 13:07:51,222 : [INFO ] - Inside Process request Method.
2014-08-08 13:07:51,896 : [INFO ] - Session : evHzBENnjefx9PZ6bDXZ
2014-08-08 13:07:53,678 : [INFO ] - SD : 105539 |AP : 175413 |OP : 175447 |Mobile : 8451845162
2014-08-08 13:07:54,492 : [INFO ] - reqStr : inputmessage=0000048701SM000001340000013400000217%0d%0aapi175413+++++++++++00039311%0d%0a++++++++++++++++++++00000000%0d%0aBEGIN%0d%0aSD%3d105539%0d%0aAP%3d175413%0d%0aOP%3d175447%0d%0aTERM_ID%3d105549%0d%0aSESSION%3devHzBENnjefx9PZ6bDXZ%0d%0aNUMBER%3d8451845162%0d%0aAMOUNT%3d10%0d%0aAMOUNT_ALL%3d10%0d%0aCOMMENT%3d%0d%0a%0d%0aEND%0d%0aBEGIN+SIGNATURE%0d%0aiQCRAwkBAACZj1PkflIBAav6BACqaxg9%2fYXjH64nl0cwSPSUZZ0XuMjpgbPRx1Cx%0d%0a2igaFkcFofBz2qXBHReMfDl7Dz0KT9LwR17etIrGNNQelR1jRfLFAooN0FOBARxb%0d%0a%2bkH1vAbpyacV1%2baQvT2xMNs7bMVBf7L%2bRoPQi4XyGm9nimilN9kp24541AO68p9N%0d%0ay48f3LABxw%3d%3d%0d%0a%3dm3o7%0d%0aEND+SIGNATURE
2014-08-08 13:07:54,493 : [INFO ] - Done
2014-08-08 13:08:01,228 : [INFO ] - Inside the Process Method.
2014-08-08 13:08:01,229 : [INFO ] -  URL : https://in.cyberplat.com/cgi-bin/at/at_pay_check.cgi/209
2014-08-08 13:08:01,582 : [INFO ] - Response str : 0000045101SM000000980000009800000217
inist_in            00000040
                    00000000
BEGIN
DATE=08.08.2014 13:08:04
SESSION=evHzBENnjefx9PZ6bDXZ
ERROR=0
RESULT=0
TRANSID=1000399714440

END
BEGIN SIGNATURE
iQCRAwkBAAAAKFPkflwBAe8GBADDH1bxRvJ6fbUzKI8sPIFszECPgffQJUeDDmyx
Vs2Dhx7OtmiYLWzfsA0lfZWQ+IvxHxVTaZ9AEMwatRVxeGbUlTNMQlWq99FBOZgh
+Bw398KLRT9eyWDz9LvlD6/ghZBSq+RjQt8xOfGiU9OoM+3EgIHVnOetJrWvRY1G
EoHZGbABxw==
=U+U9
END SIGNATURE
2014-08-08 13:08:03,506 : [INFO ] - Go for payment
2014-08-08 13:08:15,079 : [INFO ] - Inside the Process Method.
2014-08-08 13:08:15,084 : [INFO ] -  URL : https://in.cyberplat.com/cgi-bin/at/at_pay.cgi/209
2014-08-08 13:08:16,510 : [INFO ] - Response str : 0000047201SM000001190000011900000217
inist_in            00000040
                    00000000
BEGIN
DATE=08.08.2014 13:08:19
SESSION=evHzBENnjefx9PZ6bDXZ
ERROR=23
RESULT=1
TRANSID=1000399714440
AUTHCODE=995459209

END
BEGIN SIGNATURE
iQCRAwkBAAAAKFPkfmsBAXvkA/9fhrDxsPtG5iwr4ODok7WMoS1FKFyZKD0GPysl
ZaJoVE9Q36N2aR5Ro1Aq0npFmhuicrMY7+EEIJjdnHvudsx7MYuhVB2vPMmnRyEs
YD+RWsAKU9qx1Tja/a3jpceb28rpgGELV5kYTK0QnsfsHtQnqxaV6y9OLZMjt6B6
wbAUYbABxw==
=C6VP
END SIGNATURE
2014-08-08 13:08:17,607 : [ERROR] - Error Message  : Invalid Operator Number
2014-08-08 13:09:16,828 : [INFO ] - Inside the Process Method.
2014-08-08 13:09:16,829 : [INFO ] -  URL : https://in.cyberplat.com/cgi-bin/at/at_pay.cgi/209
2014-08-08 13:09:16,960 : [INFO ] - Response str : 0000041901SM000000660000006600000217
inist_in            00000040
                    00000000
BEGIN
DATE=08.08.2014 13:09:20
SESSION=
ERROR=34
RESULT=1
TRANSID=

END
BEGIN SIGNATURE
iQCRAwkBAAAAKFPkfqgBAdHUA/sEZA9kZvj8fnAmco0qHDs2W80+UIQnM46wc6iH
NQbBYnY+dIJZMc2cSpP1ZT29WNIfSjqmzZTddkhkWr0QzyjmWPCUZnLPFp45bpqV
qRiqSlS3Rb0tYhV3os5XqMobJuyPN2SQvM92FC8Vpu/Tj7LMh9RceRjuoquDS7qq
NdhecbABxw==
=PX5b
END SIGNATURE
2014-08-08 13:09:16,961 : [ERROR] - Error Message  : Transaction with such number could not be found.
2014-08-08 13:09:16,962 : [WARN ] - cyberplate-error  : Payment Error- Transaction with such number could not be found.
2014-08-08 13:09:16,963 : [INFO ] - Inside GetDataSet Method
2014-08-08 13:09:16,964 : [INFO ] - ConnStr : Data Source=dhsrecharge.db.9223203.hostedresource.com;database=DhsRecharge;uid=dhsrecharge;password=DHS009rch!
2014-08-08 13:09:16,964 : [INFO ] - Params : @UserId value :7506260128
2014-08-08 13:09:16,965 : [INFO ] - Params : @UserType value :4
2014-08-08 13:09:16,966 : [INFO ] - Params : @Number value :8451845162
2014-08-08 13:09:16,967 : [INFO ] - Params : @Amount value :0
2014-08-08 13:09:16,967 : [INFO ] - Params : @Profit value :0
2014-08-08 13:09:16,968 : [INFO ] - Params : @TransactionType value :1
2014-08-08 13:09:16,968 : [INFO ] - Params : @InsuranceDob value :
2014-08-08 13:09:16,969 : [INFO ] - Params : @TransactionId value :-1
2014-08-08 13:09:16,969 : [INFO ] - Params : @OperaterId value :35
2014-08-08 13:09:16,970 : [INFO ] - Params : @Status value :0
2014-08-08 13:09:16,970 : [INFO ] - Params : @Source value :android
2014-08-08 13:09:16,971 : [INFO ] - Params : @ApiId value :CyberPate
2014-08-08 13:09:16,971 : [INFO ] - Params : @BillRecieptId value :
2014-08-08 13:09:16,972 : [INFO ] - Now Fill SqlDataAdapter
2014-08-08 13:09:17,274 : [INFO ] - Return Ds
2014-08-08 13:09:27,395 : [INFO ] - CalledService api
2014-08-08 13:09:27,395 : [INFO ] - Params | UserId : 7506260128UserType :4 TransactionType : 1 Source :androidOperatorId : 1 Number: 8451845162 InsuranceDob : Amount :10
2014-08-08 13:09:28,924 : [INFO ] - Going to Process
2014-08-08 13:09:30,119 : [INFO ] - Param => userId : 7506260128 UserType : 4
2014-08-08 13:09:30,120 : [INFO ] - Inside GetDataSet Method
2014-08-08 13:09:30,120 : [INFO ] - ConnStr : Data Source=dhsrecharge.db.9223203.hostedresource.com;database=DhsRecharge;uid=dhsrecharge;password=DHS009rch!
2014-08-08 13:09:30,121 : [INFO ] - Params : @UserId value :7506260128
2014-08-08 13:09:30,122 : [INFO ] - Params : @UserType value :4
2014-08-08 13:09:30,122 : [INFO ] - Params : @OpId value :1
2014-08-08 13:09:30,123 : [INFO ] - Now Fill SqlDataAdapter
2014-08-08 13:09:30,433 : [INFO ] - Return Ds
2014-08-08 13:09:30,434 : [INFO ] - Got Data from Db
2014-08-08 13:09:30,446 : [INFO ] - Avaialable balance : 85 Service Status : true Margin0
2014-08-08 13:09:30,447 : [INFO ] - Going to process the Transaction.
2014-08-08 13:09:30,985 : [INFO ] - Inside Process request Method.
2014-08-08 13:09:31,549 : [INFO ] - Session : 2lNPJg3jRHhK1hbOYzRj
2014-08-08 13:09:33,135 : [INFO ] - SD : 105539 |AP : 175413 |OP : 175447 |Mobile : 8451845162
2014-08-08 13:09:34,111 : [INFO ] - reqStr : inputmessage=0000048701SM000001340000013400000217%0d%0aapi175413+++++++++++00039311%0d%0a++++++++++++++++++++00000000%0d%0aBEGIN%0d%0aSD%3d105539%0d%0aAP%3d175413%0d%0aOP%3d175447%0d%0aTERM_ID%3d105549%0d%0aSESSION%3d2lNPJg3jRHhK1hbOYzRj%0d%0aNUMBER%3d8451845162%0d%0aAMOUNT%3d10%0d%0aAMOUNT_ALL%3d10%0d%0aCOMMENT%3d%0d%0a%0d%0aEND%0d%0aBEGIN+SIGNATURE%0d%0aiQCRAwkBAACZj1PkfrYBAVJWA%2fwIVD04WeDEuXWZmcBKAwPIjeuu844jPVC%2bWlcf%0d%0a9Y9L84ibnQTIHderT9%2f0EC1KWvhg%2fdbP%2bS7VHGxzLPNWvH%2b3MfONSzd9Oqct1SW5%0d%0alg0JX3ZbG7Aapct0OeeH%2bfn1NQROqGXD9DvAIDMVTqSPD6S0YEmvwD3KeSDCjBJk%0d%0aP0MQ9bABxw%3d%3d%0d%0a%3d3YLi%0d%0aEND+SIGNATURE
2014-08-08 13:09:34,112 : [INFO ] - Done
2014-08-08 13:09:43,615 : [INFO ] - Inside the Process Method.
2014-08-08 13:09:43,616 : [INFO ] -  URL : https://in.cyberplat.com/cgi-bin/ad/ad_pay_check.cgi/225
2014-08-08 13:09:43,760 : [INFO ] - Response str : 0000045101SM000000980000009800000217
inist_in            00000040
                    00000000
BEGIN
DATE=08.08.2014 13:09:47
SESSION=2lNPJg3jRHhK1hbOYzRj
ERROR=0
RESULT=0
TRANSID=1000399715048

END
BEGIN SIGNATURE
iQCRAwkBAAAAKFPkfsMBAV1CBACF0jXsqCWwIwCZtsypTlPHeV7Ec8l0tM2fJaiZ
3VWSxYVwYsOOamxj28BkevLsDivpe1wzlxZWklbT6LfmJ4V6Tu5/MSac53OKhtV1
0uAkpLLLXA5bhW38fxDljmjmRNUSyIz+EIe2Cq/mcEffW66QlRrycZDqAiAjIW2F
wDdrw7ABxw==
=YPk3
END SIGNATURE
2014-08-08 13:09:44,753 : [INFO ] - Go for payment
2014-08-08 13:09:59,375 : [INFO ] - Inside the Process Method.
2014-08-08 13:09:59,376 : [INFO ] -  URL : https://in.cyberplat.com/cgi-bin/ad/ad_pay.cgi/225
2014-08-08 13:10:01,706 : [INFO ] - Response str : 0000047101SM000001180000011800000217
inist_in            00000040
                    00000000
BEGIN
DATE=08.08.2014 13:10:05
SESSION=2lNPJg3jRHhK1hbOYzRj
ERROR=0
RESULT=0
TRANSID=1000399715048
AUTHCODE=995462501

END
BEGIN SIGNATURE
iQCRAwkBAAAAKFPkftUBAThXBACNSB5m5gAJZYtqHIhAdirjoO1Pp65bDIqR4t+z
C/F19Pbjdx+dI6Wu73q6Frodb0jbs05lgtLAMjQi4mvUCE1Ct/qcyC7ftBhqEZev
3KRvIFNtUs0tolJNiVF4mUh8crx2p3T4d1AqrceOMk9f/+ogohYeQI2XOHPgiumj
j+IUzLABxw==
=/ht/
END SIGNATURE
2014-08-08 13:10:02,877 : [INFO ] - Success : Check Transaction status
2014-08-08 13:10:03,586 : [INFO ] - TransactionId: 1000399715048
2014-08-08 13:10:04,454 : [INFO ] - Inside the Process Method.
2014-08-08 13:10:04,461 : [INFO ] -  URL : https://in.cyberplat.com/cgi-bin/ad/ad_pay_status.cgi/225
2014-08-08 13:10:04,517 : [INFO ] - Response str : 0000047101SM000001180000011800000217
inist_in            00000040
                    00000000
BEGIN
DATE=08.08.2014 13:09:47
SESSION=2lNPJg3jRHhK1hbOYzRj
ERROR=0
RESULT=7
AUTHCODE=995462501
TRANSID=1000399715048

END
BEGIN SIGNATURE
iQCRAwkBAAAAKFPkftcBAfxaA/4n3jY/7JtnLKMz96HvXeDi+npWf4OTK6xvTdA5
WV3/XbUfZRX8fS/UHNrWQFx6z2HIVx+ucQ7/MNye+5aYwcHHhq5HI6uT6wsEudgm
q8xt9He8EwxGD2z772akv2smfwjV1KrsLydA35ewZRLBXxgQDLiDcmOP51KYRXGO
W8bh4rABxw==
=Xx4g
END SIGNATURE
2014-08-08 13:10:05,405 : [INFO ] - Finally Success recharge => TransactionId : 1000399715048
2014-08-08 13:10:12,945 : [INFO ] - Inside GetDataSet Method
2014-08-08 13:10:12,945 : [INFO ] - ConnStr : Data Source=dhsrecharge.db.9223203.hostedresource.com;database=DhsRecharge;uid=dhsrecharge;password=DHS009rch!
2014-08-08 13:10:12,945 : [INFO ] - Params : @UserId value :7506260128
2014-08-08 13:10:12,945 : [INFO ] - Params : @UserType value :4
2014-08-08 13:10:12,946 : [INFO ] - Params : @Number value :8451845162
2014-08-08 13:10:12,946 : [INFO ] - Params : @Amount value :15
2014-08-08 13:10:12,946 : [INFO ] - Params : @Profit value :0
2014-08-08 13:10:12,947 : [INFO ] - Params : @TransactionType value :1
2014-08-08 13:10:12,947 : [INFO ] - Params : @InsuranceDob value :
2014-08-08 13:10:12,948 : [INFO ] - Params : @TransactionId value :1000399715048
2014-08-08 13:10:12,948 : [INFO ] - Params : @OperaterId value :1
2014-08-08 13:10:12,949 : [INFO ] - Params : @Status value :1
2014-08-08 13:10:12,949 : [INFO ] - Params : @Source value :android
2014-08-08 13:10:12,950 : [INFO ] - Params : @ApiId value :CyberPate
2014-08-08 13:10:12,950 : [INFO ] - Params : @BillRecieptId value :
2014-08-08 13:10:12,950 : [INFO ] - Now Fill SqlDataAdapter
2014-08-08 13:10:13,251 : [INFO ] - Return Ds
2014-08-08 13:20:36,022 : [INFO ] - CalledService api
2014-08-08 13:20:36,031 : [INFO ] - Params | UserId : 7506260128UserType :4 TransactionType : 1 Source :androidOperatorId : 21 Number: 8451845162 InsuranceDob : Amount :10
2014-08-08 13:20:40,562 : [INFO ] - Going to Process
2014-08-08 13:20:43,754 : [INFO ] - Param => userId : 7506260128 UserType : 4
2014-08-08 13:20:45,240 : [INFO ] - Inside GetDataSet Method
2014-08-08 13:20:45,241 : [INFO ] - ConnStr : Data Source=dhsrecharge.db.9223203.hostedresource.com;database=DhsRecharge;uid=dhsrecharge;password=DHS009rch!
2014-08-08 13:20:45,249 : [INFO ] - Params : @UserId value :7506260128
2014-08-08 13:20:45,249 : [INFO ] - Params : @UserType value :4
2014-08-08 13:20:45,249 : [INFO ] - Params : @OpId value :21
2014-08-08 13:20:45,250 : [INFO ] - Now Fill SqlDataAdapter
2014-08-08 13:20:47,099 : [INFO ] - Return Ds
2014-08-08 13:20:49,157 : [INFO ] - Got Data from Db
2014-08-08 13:20:50,193 : [INFO ] - Avaialable balance : 70 Service Status : true Margin0
2014-08-08 13:20:51,196 : [INFO ] - Going to process the Transaction.
2014-08-08 13:20:52,814 : [INFO ] - Inside Process request Method.
2014-08-08 13:20:53,886 : [INFO ] - Session : 93lxVwGw4wpOfQZHmwbA
2014-08-08 13:20:56,123 : [INFO ] - SD : 105539 |AP : 175413 |OP : 175447 |Mobile : 8451845162
2014-08-08 13:20:58,921 : [INFO ] - reqStr : inputmessage=0000047101SM000001180000011800000217%0d%0aapi175413+++++++++++00039311%0d%0a++++++++++++++++++++00000000%0d%0aBEGIN%0d%0aSD%3d105539%0d%0aAP%3d175413%0d%0aOP%3d175447%0d%0aSESSION%3d93lxVwGw4wpOfQZHmwbA%0d%0aNUMBER%3d8451845162%0d%0aAMOUNT%3d10%0d%0aAMOUNT_ALL%3d10%0d%0aCOMMENT%3d%0d%0a%0d%0aEND%0d%0aBEGIN+SIGNATURE%0d%0aiQCRAwkBAACZj1PkgWIBATngBAC5kjFwlonNGWdF95LVmWAKwrYbdgiSEzbnitqL%0d%0aKMUhyR04CKOVDnAE%2b8vWdk8pPYBMaLhiucCdDViUbbmYI4V%2bkCZUimM2n8N1ENel%0d%0axZREaj9Nw1X%2bAd8S%2fS9nvgQJZESabJlTPG6nUELL2bD9E2qZjeDy3dHDoLRzXIwY%0d%0anuQqSrABxw%3d%3d%0d%0a%3d1TEz%0d%0aEND+SIGNATURE
2014-08-08 13:20:58,922 : [INFO ] - Done
2014-08-08 13:21:12,087 : [INFO ] - Inside the Process Method.
2014-08-08 13:21:12,090 : [INFO ] -  URL : https://in.cyberplat.com/cgi-bin/dc/dc_pay_check.cgi
2014-08-08 13:21:14,385 : [INFO ] - Response str : 0000043901SM000000860000008600000217
inist_in            00000040
                    00000000
BEGIN
DATE=08.08.2014 13:21:16
SESSION=93lxVwGw4wpOfQZHmwbA
ERROR=23
RESULT=1
TRANSID=

END
BEGIN SIGNATURE
iQCRAwkBAAAAKFPkgXQBAdldA/9/FsFTFcRabnT9eGRwAed9uYW2ikmuwEFvXl8U
hecUTchnCuwGK3niAESz/jpb4Wp8FPuw+oYK5jLGo9vf+LwJYPMFULHHUB1y/pqj
RHiTGqJmGUieKi4P7zP7gaq0v3+wqb1dA4ttyaQl2afLzWxSI4cp8VKGGvnNttP7
oo/JybABxw==
=TupO
END SIGNATURE
2014-08-08 13:21:26,015 : [ERROR] - Error Message  : Invalid Operator Number
2014-08-08 13:22:40,026 : [WARN ] - cyber-plate error : Validation Error- Invalid Operator Number
2014-08-08 13:22:40,027 : [INFO ] - Inside GetDataSet Method
2014-08-08 13:22:40,028 : [INFO ] - ConnStr : Data Source=dhsrecharge.db.9223203.hostedresource.com;database=DhsRecharge;uid=dhsrecharge;password=DHS009rch!
2014-08-08 13:22:40,029 : [INFO ] - Params : @UserId value :7506260128
2014-08-08 13:22:40,030 : [INFO ] - Params : @UserType value :4
2014-08-08 13:22:40,030 : [INFO ] - Params : @Number value :8451845162
2014-08-08 13:22:40,031 : [INFO ] - Params : @Amount value :0
2014-08-08 13:22:40,032 : [INFO ] - Params : @Profit value :0
2014-08-08 13:22:40,032 : [INFO ] - Params : @TransactionType value :1
2014-08-08 13:22:40,033 : [INFO ] - Params : @InsuranceDob value :
2014-08-08 13:22:40,033 : [INFO ] - Params : @TransactionId value :-1
2014-08-08 13:22:40,034 : [INFO ] - Params : @OperaterId value :21
2014-08-08 13:22:40,034 : [INFO ] - Params : @Status value :0
2014-08-08 13:22:40,035 : [INFO ] - Params : @Source value :android
2014-08-08 13:22:40,035 : [INFO ] - Params : @ApiId value :CyberPate
2014-08-08 13:22:40,036 : [INFO ] - Params : @BillRecieptId value :
2014-08-08 13:22:40,037 : [INFO ] - Now Fill SqlDataAdapter
2014-08-08 13:22:40,346 : [INFO ] - Return Ds
2014-08-08 13:22:46,211 : [INFO ] - CalledService api
2014-08-08 13:22:46,212 : [INFO ] - Params | UserId : 7506260128UserType :4 TransactionType : 1 Source :androidOperatorId : 21 Number: 8451845162 InsuranceDob : Amount :10
2014-08-08 13:22:50,413 : [INFO ] - Going to Process
2014-08-08 13:22:50,660 : [INFO ] - Param => userId : 7506260128 UserType : 4
2014-08-08 13:22:50,661 : [INFO ] - Inside GetDataSet Method
2014-08-08 13:22:50,661 : [INFO ] - ConnStr : Data Source=dhsrecharge.db.9223203.hostedresource.com;database=DhsRecharge;uid=dhsrecharge;password=DHS009rch!
2014-08-08 13:22:50,662 : [INFO ] - Params : @UserId value :7506260128
2014-08-08 13:22:50,662 : [INFO ] - Params : @UserType value :4
2014-08-08 13:22:50,662 : [INFO ] - Params : @OpId value :21
2014-08-08 13:22:50,663 : [INFO ] - Now Fill SqlDataAdapter
2014-08-08 13:22:50,969 : [INFO ] - Return Ds
2014-08-08 13:22:50,970 : [INFO ] - Got Data from Db
2014-08-08 13:22:50,971 : [INFO ] - Avaialable balance : 70 Service Status : true Margin0
2014-08-08 13:22:50,971 : [INFO ] - Going to process the Transaction.
2014-08-08 13:22:51,187 : [INFO ] - Inside Process request Method.
2014-08-08 13:22:52,211 : [INFO ] - Session : muaeRkMTWamCzegJdobn
2014-08-08 13:22:53,583 : [INFO ] - SD : 105539 |AP : 175413 |OP : 175447 |Mobile : 8451845162
2014-08-08 13:22:53,801 : [INFO ] - reqStr : inputmessage=0000047101SM000001180000011800000217%0d%0aapi175413+++++++++++00039311%0d%0a++++++++++++++++++++00000000%0d%0aBEGIN%0d%0aSD%3d105539%0d%0aAP%3d175413%0d%0aOP%3d175447%0d%0aSESSION%3dmuaeRkMTWamCzegJdobn%0d%0aNUMBER%3d8451845162%0d%0aAMOUNT%3d10%0d%0aAMOUNT_ALL%3d10%0d%0aCOMMENT%3d%0d%0a%0d%0aEND%0d%0aBEGIN+SIGNATURE%0d%0aiQCRAwkBAACZj1PkgdUBAdUjA%2f9%2fW%2fd%2fazqkDCjByTwVHpQMV8Ht4HsvxQqUYHqu%0d%0aweFiZk1lrWuSyu4nwv1TYJ91PA6Ozqie7RlYMq8upXUGIn1nHN2k9zXUCBfH0MQF%0d%0auaQh0zDUZAmZuCLivufIutr0i%2b9mL0oCKqR1T6tPPfL6Eot3ejVHnh4W8b7LGj2v%0d%0a1ulsE7ABxw%3d%3d%0d%0a%3dB9Cs%0d%0aEND+SIGNATURE
2014-08-08 13:22:53,801 : [INFO ] - Done
2014-08-08 13:22:53,969 : [INFO ] - Inside the Process Method.
2014-08-08 13:22:53,969 : [INFO ] -  URL : https://in.cyberplat.com/cgi-bin/dc/dc_pay_check.cgi
2014-08-08 13:22:54,207 : [INFO ] - Response str : 0000043901SM000000860000008600000217
inist_in            00000040
                    00000000
BEGIN
DATE=08.08.2014 13:22:57
SESSION=muaeRkMTWamCzegJdobn
ERROR=23
RESULT=1
TRANSID=

END
BEGIN SIGNATURE
iQCRAwkBAAAAKFPkgdkBAaAiA/0dyoCCX9iyGM8W5qXd40DfxJHzfED9r8Z40baL
3miFvGAb0OuSETe5k85+nxPuu4LjfNQhXJVnuSckKKJuFlmO9BX0oyXXASQTBlvH
5UjKvwEzjUVpdcDAtfXtxmoF7+VvLc9dctlKuK3kAQCGSlV+5cqpvAodY7daP7AX
ocze7LABxw==
=WBbY
END SIGNATURE
2014-08-08 13:23:01,109 : [INFO ] - reqStr : inputmessage=0000047101SM000001180000011800000217%0d%0aapi175413+++++++++++00039311%0d%0a++++++++++++++++++++00000000%0d%0aBEGIN%0d%0aSD%3d105539%0d%0aAP%3d175413%0d%0aOP%3d175447%0d%0aSESSION%3dmuaeRkMTWamCzegJdobn%0d%0aNUMBER%3d8451845162%0d%0aAMOUNT%3d10%0d%0aAMOUNT_ALL%3d10%0d%0aCOMMENT%3d%0d%0a%0d%0aEND%0d%0aBEGIN+SIGNATURE%0d%0aiQCRAwkBAACZj1Pkgd0BAfvTA%2f9MXKHRnak7eOFpcqNKO8CMoNtfa1LBHbT4%2bq5b%0d%0abOt9UQhbEnZqWLDFeaSXoon7%2bUhnP4Hcvf1WgAd6ogEBpjtMPbkQDZ2T%2bemGyJCu%0d%0a5k4LXwjRg2B%2bTrpT10KNo%2b88sfM7bmlqfLxiDUChKWRsPzlItWilXj%2f%2bUA1sz3Wp%0d%0a27jJt7ABxw%3d%3d%0d%0a%3dnz2n%0d%0aEND+SIGNATURE
2014-08-08 13:23:01,109 : [INFO ] - Done
2014-08-08 13:23:08,258 : [INFO ] - Inside the Process Method.
2014-08-08 13:23:09,008 : [INFO ] -  URL : https://in.cyberplat.com/cgi-bin/dc/dc_pay_check.cgi
2014-08-08 13:23:15,385 : [INFO ] - Response str : 0000043901SM000000860000008600000217
inist_in            00000040
                    00000000
BEGIN
DATE=08.08.2014 13:23:16
SESSION=muaeRkMTWamCzegJdobn
ERROR=23
RESULT=1
TRANSID=

END
BEGIN SIGNATURE
iQCRAwkBAAAAKFPkgewBAYTwBACsjxP3tNn4GkwADMlEXlAC1ax8v1AhmJWlRouV
Ng7UWnBGNSDpNas2j4lYTNa1uvmFnCY/drant7Z64STzHhOfCcvTxz+w800rm5Fd
8bEIRad9chJXZ+/SCYPkn1b7zAoCUXUoIp67l9BzN3RyDZfi4wGKv+HSHPI8OqFo
jUhMZbABxw==
=pKrB
END SIGNATURE
2014-08-08 13:23:43,304 : [ERROR] - Error Message  : Invalid Operator Number
2014-08-08 13:23:43,305 : [WARN ] - cyber-plate error : Validation Error- Invalid Operator Number
2014-08-08 13:23:43,305 : [INFO ] - Inside GetDataSet Method
2014-08-08 13:23:43,305 : [INFO ] - ConnStr : Data Source=dhsrecharge.db.9223203.hostedresource.com;database=DhsRecharge;uid=dhsrecharge;password=DHS009rch!
2014-08-08 13:23:43,306 : [INFO ] - Params : @UserId value :7506260128
2014-08-08 13:23:43,306 : [INFO ] - Params : @UserType value :4
2014-08-08 13:23:43,306 : [INFO ] - Params : @Number value :8451845162
2014-08-08 13:23:43,306 : [INFO ] - Params : @Amount value :0
2014-08-08 13:23:43,307 : [INFO ] - Params : @Profit value :0
2014-08-08 13:23:43,307 : [INFO ] - Params : @TransactionType value :1
2014-08-08 13:23:43,307 : [INFO ] - Params : @InsuranceDob value :
2014-08-08 13:23:43,307 : [INFO ] - Params : @TransactionId value :-1
2014-08-08 13:23:43,308 : [INFO ] - Params : @OperaterId value :21
2014-08-08 13:23:43,308 : [INFO ] - Params : @Status value :0
2014-08-08 13:23:43,308 : [INFO ] - Params : @Source value :android
2014-08-08 13:23:43,309 : [INFO ] - Params : @ApiId value :CyberPate
2014-08-08 13:23:43,309 : [INFO ] - Params : @BillRecieptId value :
2014-08-08 13:23:43,309 : [INFO ] - Now Fill SqlDataAdapter
2014-08-08 13:23:43,618 : [INFO ] - Return Ds
2014-08-08 13:24:17,655 : [INFO ] - CalledService api
2014-08-08 13:24:17,655 : [INFO ] - Params | UserId : 7506260128UserType :4 TransactionType : 2 Source :androidOperatorId : 21 Number: 8446349153 InsuranceDob : Amount :10
2014-08-08 13:24:21,892 : [INFO ] - Going to Process
2014-08-08 13:24:22,068 : [INFO ] - Param => userId : 7506260128 UserType : 4
2014-08-08 13:24:22,069 : [INFO ] - Inside GetDataSet Method
2014-08-08 13:24:22,070 : [INFO ] - ConnStr : Data Source=dhsrecharge.db.9223203.hostedresource.com;database=DhsRecharge;uid=dhsrecharge;password=DHS009rch!
2014-08-08 13:24:22,071 : [INFO ] - Params : @UserId value :7506260128
2014-08-08 13:24:22,073 : [INFO ] - Params : @UserType value :4
2014-08-08 13:24:22,074 : [INFO ] - Params : @OpId value :21
2014-08-08 13:24:22,075 : [INFO ] - Now Fill SqlDataAdapter
2014-08-08 13:24:22,382 : [INFO ] - Return Ds
2014-08-08 13:24:22,383 : [INFO ] - Got Data from Db
2014-08-08 13:24:22,385 : [INFO ] - Avaialable balance : 70 Service Status : true Margin0
2014-08-08 13:24:22,386 : [INFO ] - Going to process the Transaction.
2014-08-08 13:24:22,532 : [INFO ] - Inside Process request Method.
2014-08-08 13:24:23,196 : [INFO ] - Session : NOLT2DRGvzXdcbo1v9Rh
2014-08-08 13:24:24,907 : [INFO ] - SD : 105539 |AP : 175413 |OP : 175447 |Mobile : 8446349153
2014-08-08 13:24:25,178 : [INFO ] - reqStr : inputmessage=0000047101SM000001180000011800000217%0d%0aapi175413+++++++++++00039311%0d%0a++++++++++++++++++++00000000%0d%0aBEGIN%0d%0aSD%3d105539%0d%0aAP%3d175413%0d%0aOP%3d175447%0d%0aSESSION%3dNOLT2DRGvzXdcbo1v9Rh%0d%0aNUMBER%3d8446349153%0d%0aAMOUNT%3d10%0d%0aAMOUNT_ALL%3d10%0d%0aCOMMENT%3d%0d%0a%0d%0aEND%0d%0aBEGIN+SIGNATURE%0d%0aiQCRAwkBAACZj1PkgjEBAYuCA%2f9Taw%2bq4KcQyYeyzCepEjo33eYLFGpnSHPX8Y3N%0d%0a0LcpWeGsbZbQDRTZyIpLFJZU%2fKFZcMHQ8lSQj%2bkp710%2bcwQ%2bMiAvQuKp08BljfqK%0d%0aelVswPLQyHEnti4znSGknSHb7GLCiU9tj%2b4VLd2jmYsXsaY9sINoWwPa8VHEGYde%0d%0aW417R7ABxw%3d%3d%0d%0a%3dIqjT%0d%0aEND+SIGNATURE
2014-08-08 13:24:25,179 : [INFO ] - Done
2014-08-08 13:24:26,616 : [INFO ] - Inside the Process Method.
2014-08-08 13:24:26,616 : [INFO ] -  URL : https://in.cyberplat.com/cgi-bin/dc/dc_pay_check.cgi
2014-08-08 13:24:26,941 : [INFO ] - Response str : 0000045101SM000000980000009800000217
inist_in            00000040
                    00000000
BEGIN
DATE=08.08.2014 13:24:30
SESSION=NOLT2DRGvzXdcbo1v9Rh
ERROR=0
RESULT=0
TRANSID=1000399720123

END
BEGIN SIGNATURE
iQCRAwkBAAAAKFPkgjYBAUJoA/4+m1dKsnAK/DuwtlqQAmhOculsiaBSZqbQMAQY
bCu+FnSw+hkkNsVaJrf+868Oo7gK5JC90UKxgwz0nx9RmN+M1wVe5q0q4nTfX3LQ
GaYRjl8lwVNIr5OfCWx5GH50kQxhMR3gvWMbkzP+qJ3IgsSbbb//LGoQuiQBHcFd
Xxm2BbABxw==
=Nbwv
END SIGNATURE
2014-08-08 13:24:39,056 : [INFO ] - Go for payment
2014-08-08 13:25:01,268 : [INFO ] - Inside the Process Method.
2014-08-08 13:25:01,856 : [INFO ] -  URL : https://in.cyberplat.com/cgi-bin/dc/dc_pay.cgi
2014-08-08 13:25:06,821 : [INFO ] - Response str : 0000047701SM000001240000012400000217
inist_in            00000040
                    00000000
BEGIN
DATE=08.08.2014 13:25:08
SESSION=NOLT2DRGvzXdcbo1v9Rh
ERROR=0
RESULT=0
TRANSID=1000399720123
AUTHCODE=100004095497047

END
BEGIN SIGNATURE
iQCRAwkBAAAAKFPkglwBAYvNBACoRPTwRTm09D9dcUwvGOhfkC9XaqXitRTjLQ8+
w+MUGnUvd9FtNSz+zd9Im3w+sM9ChyjMbTCn4b7n7Ytx/M5p/5aZPWvl+dnwjvP1
s1EJ0Qi6uMZEFFtVLRD1weqQPddT+05vD8tCMCJoD5TnAbyf/wW6fnRCZ8m1P9LL
8aSJZbABxw==
=/XhX
END SIGNATURE
2014-08-08 13:25:20,024 : [INFO ] - Success : Check Transaction status
2014-08-08 13:25:23,805 : [INFO ] - TransactionId: 1000399720123
2014-08-08 13:25:35,545 : [INFO ] - Inside the Process Method.
2014-08-08 13:25:35,545 : [INFO ] -  URL : https://in.cyberplat.com/cgi-bin/dc/dc_pay_status.cgi
2014-08-08 13:25:35,669 : [INFO ] - Response str : 0000047701SM000001240000012400000217
inist_in            00000040
                    00000000
BEGIN
DATE=08.08.2014 13:24:30
SESSION=NOLT2DRGvzXdcbo1v9Rh
ERROR=0
RESULT=7
AUTHCODE=100004095497047
TRANSID=1000399720123

END
BEGIN SIGNATURE
iQCRAwkBAAAAKFPkgnsBAa+uA/93ugutmTzLRaNB2SH7YGeKmxyw5NA6Ejha9znC
uWeiGzmRdKvHNf7YfwD5PdrPI1H6HGA+BAzNE0YgwmtbnXEKz+j11RuLOo2enobr
+DBmhCgEpeoxLC4fwLHQabvUB0EryTBrZDFjUCUTIwULBSABykfQNjKbmxFYvwZE
pQeSRrABxw==
=EQv0
END SIGNATURE
2014-08-08 13:25:38,378 : [INFO ] - Finally Success recharge => TransactionId : 1000399720123
2014-08-08 13:25:44,763 : [INFO ] - Inside GetDataSet Method
2014-08-08 13:25:44,767 : [INFO ] - ConnStr : Data Source=dhsrecharge.db.9223203.hostedresource.com;database=DhsRecharge;uid=dhsrecharge;password=DHS009rch!
2014-08-08 13:25:44,784 : [INFO ] - Params : @UserId value :7506260128
2014-08-08 13:25:44,784 : [INFO ] - Params : @UserType value :4
2014-08-08 13:25:44,784 : [INFO ] - Params : @Number value :8446349153
2014-08-08 13:25:44,785 : [INFO ] - Params : @Amount value :10
2014-08-08 13:25:44,785 : [INFO ] - Params : @Profit value :0
2014-08-08 13:25:44,785 : [INFO ] - Params : @TransactionType value :2
2014-08-08 13:25:44,785 : [INFO ] - Params : @InsuranceDob value :
2014-08-08 13:25:44,786 : [INFO ] - Params : @TransactionId value :1000399720123
2014-08-08 13:25:44,786 : [INFO ] - Params : @OperaterId value :21
2014-08-08 13:25:44,786 : [INFO ] - Params : @Status value :1
2014-08-08 13:25:44,786 : [INFO ] - Params : @Source value :android
2014-08-08 13:25:44,787 : [INFO ] - Params : @ApiId value :CyberPate
2014-08-08 13:25:44,787 : [INFO ] - Params : @BillRecieptId value :
2014-08-08 13:25:44,787 : [INFO ] - Now Fill SqlDataAdapter
2014-08-08 13:25:45,097 : [INFO ] - Return Ds
