2014-07-27 04:33:10,960 : [INFO ] - Called SignUp api
2014-07-27 04:33:17,867 : [INFO ] - Inside GetDataSet Method
2014-07-27 04:33:17,869 : [INFO ] - ConnStr : Data Source=dhsrecharge.db.9223203.hostedresource.com;database=DhsRecharge;uid=dhsrecharge;password=DHS009rch!
2014-07-27 04:33:17,991 : [INFO ] - Params : @SupDisId value :
2014-07-27 04:33:17,992 : [INFO ] - Params : @DisId value :
2014-07-27 04:33:17,992 : [INFO ] - Params : @FirstName value :Rana
2014-07-27 04:33:17,993 : [INFO ] - Params : @LastName value :kumar
2014-07-27 04:33:17,995 : [INFO ] - Params : @UserName value :Ranjeet
2014-07-27 04:33:17,996 : [INFO ] - Params : @Password value :123
2014-07-27 04:33:17,996 : [INFO ] - Params : @Mobile value :7506060128
2014-07-27 04:33:17,997 : [INFO ] - Params : @Email value :test@test.com
2014-07-27 04:33:17,997 : [INFO ] - Params : @Address value :Navi
2014-07-27 04:33:17,998 : [INFO ] - Params : @Zip value :400706
2014-07-27 04:33:18,000 : [INFO ] - Params : @UserType value :4
2014-07-27 04:33:18,043 : [INFO ] - Now Fill SqlDataAdapter
2014-07-27 04:33:21,128 : [INFO ] - Return Ds
2014-07-27 04:34:14,927 : [INFO ] - Called SignUp api
2014-07-27 04:34:20,194 : [INFO ] - Inside GetDataSet Method
2014-07-27 04:34:20,195 : [INFO ] - ConnStr : Data Source=dhsrecharge.db.9223203.hostedresource.com;database=DhsRecharge;uid=dhsrecharge;password=DHS009rch!
2014-07-27 04:34:20,196 : [INFO ] - Params : @SupDisId value :
2014-07-27 04:34:20,197 : [INFO ] - Params : @DisId value :
2014-07-27 04:34:20,197 : [INFO ] - Params : @FirstName value :Ranjeet
2014-07-27 04:34:20,198 : [INFO ] - Params : @LastName value :kumar
2014-07-27 04:34:20,199 : [INFO ] - Params : @UserName value :rana
2014-07-27 04:34:20,200 : [INFO ] - Params : @Password value :123
2014-07-27 04:34:20,201 : [INFO ] - Params : @Mobile value :7506060128
2014-07-27 04:34:20,201 : [INFO ] - Params : @Email value :test@test.com
2014-07-27 04:34:20,202 : [INFO ] - Params : @Address value :Navi
2014-07-27 04:34:20,203 : [INFO ] - Params : @Zip value :400706
2014-07-27 04:34:20,204 : [INFO ] - Params : @UserType value :4
2014-07-27 04:34:20,204 : [INFO ] - Now Fill SqlDataAdapter
2014-07-27 04:34:20,545 : [INFO ] - Return Ds
2014-07-27 04:35:18,357 : [INFO ] - Called SignUp api
2014-07-27 04:35:23,399 : [INFO ] - Inside GetDataSet Method
2014-07-27 04:35:23,400 : [INFO ] - ConnStr : Data Source=dhsrecharge.db.9223203.hostedresource.com;database=DhsRecharge;uid=dhsrecharge;password=DHS009rch!
2014-07-27 04:35:23,402 : [INFO ] - Params : @SupDisId value :
2014-07-27 04:35:23,403 : [INFO ] - Params : @DisId value :
2014-07-27 04:35:23,404 : [INFO ] - Params : @FirstName value :Ranjeet
2014-07-27 04:35:23,404 : [INFO ] - Params : @LastName value :kumar
2014-07-27 04:35:23,405 : [INFO ] - Params : @UserName value :rana4
2014-07-27 04:35:23,406 : [INFO ] - Params : @Password value :123
2014-07-27 04:35:23,407 : [INFO ] - Params : @Mobile value :7506060128
2014-07-27 04:35:23,408 : [INFO ] - Params : @Email value :tet@test.com
2014-07-27 04:35:23,409 : [INFO ] - Params : @Address value :Navi
2014-07-27 04:35:23,410 : [INFO ] - Params : @Zip value :400706
2014-07-27 04:35:23,411 : [INFO ] - Params : @UserType value :4
2014-07-27 04:35:23,412 : [INFO ] - Now Fill SqlDataAdapter
2014-07-27 04:35:23,733 : [INFO ] - Return Ds
2014-07-27 04:37:49,637 : [INFO ] - Called SignUp api
2014-07-27 04:37:54,570 : [INFO ] - Inside GetDataSet Method
2014-07-27 04:37:54,571 : [INFO ] - ConnStr : Data Source=dhsrecharge.db.9223203.hostedresource.com;database=DhsRecharge;uid=dhsrecharge;password=DHS009rch!
2014-07-27 04:37:54,573 : [INFO ] - Params : @SupDisId value :
2014-07-27 04:37:54,574 : [INFO ] - Params : @DisId value :
2014-07-27 04:37:54,575 : [INFO ] - Params : @FirstName value :Ranjeet
2014-07-27 04:37:54,576 : [INFO ] - Params : @LastName value :kumar
2014-07-27 04:37:54,576 : [INFO ] - Params : @UserName value :rana4
2014-07-27 04:37:54,577 : [INFO ] - Params : @Password value :123
2014-07-27 04:37:54,578 : [INFO ] - Params : @Mobile value :7506260128
2014-07-27 04:37:54,578 : [INFO ] - Params : @Email value :tet@test.com
2014-07-27 04:37:54,579 : [INFO ] - Params : @Address value :Navi
2014-07-27 04:37:54,580 : [INFO ] - Params : @Zip value :400706
2014-07-27 04:37:54,580 : [INFO ] - Params : @UserType value :4
2014-07-27 04:37:54,581 : [INFO ] - Now Fill SqlDataAdapter
2014-07-27 04:37:54,907 : [INFO ] - Return Ds
2014-07-27 11:20:10,546 : [INFO ] - Called SignUp api
2014-07-27 11:20:10,594 : [INFO ] - Inside GetDataSet Method
2014-07-27 11:20:10,594 : [INFO ] - ConnStr : Data Source=dhsrecharge.db.9223203.hostedresource.com;database=DhsRecharge;uid=dhsrecharge;password=DHS009rch!
2014-07-27 11:20:10,638 : [INFO ] - Params : @SupDisId value :
2014-07-27 11:20:10,639 : [INFO ] - Params : @DisId value :
2014-07-27 11:20:10,639 : [INFO ] - Params : @FirstName value :Ranjeet
2014-07-27 11:20:10,639 : [INFO ] - Params : @LastName value :kumar
2014-07-27 11:20:10,639 : [INFO ] - Params : @UserName value :rana4
2014-07-27 11:20:10,639 : [INFO ] - Params : @Password value :123
2014-07-27 11:20:10,640 : [INFO ] - Params : @Mobile value :7506060128
2014-07-27 11:20:10,640 : [INFO ] - Params : @Email value :tet@test.com
2014-07-27 11:20:10,640 : [INFO ] - Params : @Address value :Navi
2014-07-27 11:20:10,640 : [INFO ] - Params : @Zip value :400706
2014-07-27 11:20:10,640 : [INFO ] - Params : @UserType value :4
2014-07-27 11:20:10,640 : [INFO ] - Now Fill SqlDataAdapter
2014-07-27 11:20:12,735 : [INFO ] - Return Ds
2014-07-27 11:20:57,563 : [INFO ] - Called SignUp api
2014-07-27 11:20:57,564 : [INFO ] - Inside GetDataSet Method
2014-07-27 11:20:57,564 : [INFO ] - ConnStr : Data Source=dhsrecharge.db.9223203.hostedresource.com;database=DhsRecharge;uid=dhsrecharge;password=DHS009rch!
2014-07-27 11:20:57,565 : [INFO ] - Params : @SupDisId value :
2014-07-27 11:20:57,565 : [INFO ] - Params : @DisId value :
2014-07-27 11:20:57,566 : [INFO ] - Params : @FirstName value :Ranjeet
2014-07-27 11:20:57,566 : [INFO ] - Params : @LastName value :kumar
2014-07-27 11:20:57,567 : [INFO ] - Params : @UserName value :rana4
2014-07-27 11:20:57,567 : [INFO ] - Params : @Password value :123
2014-07-27 11:20:57,568 : [INFO ] - Params : @Mobile value :7506260128
2014-07-27 11:20:57,568 : [INFO ] - Params : @Email value :tet@test.com
2014-07-27 11:20:57,569 : [INFO ] - Params : @Address value :Navi
2014-07-27 11:20:57,569 : [INFO ] - Params : @Zip value :400706
2014-07-27 11:20:57,570 : [INFO ] - Params : @UserType value :4
2014-07-27 11:20:57,570 : [INFO ] - Now Fill SqlDataAdapter
2014-07-27 11:20:57,898 : [INFO ] - Return Ds
2014-07-27 11:26:33,879 : [INFO ] - Called SignUp api
2014-07-27 11:26:51,078 : [INFO ] - Inside GetDataSet Method
2014-07-27 11:26:51,265 : [INFO ] - ConnStr : Data Source=dhsrecharge.db.9223203.hostedresource.com;database=DhsRecharge;uid=dhsrecharge;password=DHS009rch!
2014-07-27 11:26:52,839 : [INFO ] - Params : @SupDisId value :
2014-07-27 11:26:54,513 : [INFO ] - Params : @DisId value :
2014-07-27 11:26:55,475 : [INFO ] - Params : @FirstName value :Ranjeet
2014-07-27 11:26:56,751 : [INFO ] - Params : @LastName value :kumar
2014-07-27 11:26:56,961 : [INFO ] - Params : @UserName value :rana4
2014-07-27 11:26:57,867 : [INFO ] - Params : @Password value :123
2014-07-27 11:26:58,395 : [INFO ] - Params : @Mobile value :7506260128
2014-07-27 11:26:59,284 : [INFO ] - Params : @Email value :tet@test.com
2014-07-27 11:27:00,350 : [INFO ] - Params : @Address value :Navi
2014-07-27 11:27:01,282 : [INFO ] - Params : @Zip value :400706
2014-07-27 11:27:02,329 : [INFO ] - Params : @UserType value :4
2014-07-27 11:27:04,861 : [INFO ] - Now Fill SqlDataAdapter
2014-07-27 11:27:13,187 : [INFO ] - Return Ds
2014-07-27 11:30:19,351 : [INFO ] - Called SignUp api
2014-07-27 11:30:20,491 : [INFO ] - Inside GetDataSet Method
2014-07-27 11:30:20,491 : [INFO ] - ConnStr : Data Source=dhsrecharge.db.9223203.hostedresource.com;database=DhsRecharge;uid=dhsrecharge;password=DHS009rch!
2014-07-27 11:30:20,491 : [INFO ] - Params : @SupDisId value :
2014-07-27 11:30:20,492 : [INFO ] - Params : @DisId value :
2014-07-27 11:30:20,492 : [INFO ] - Params : @FirstName value :suresh
2014-07-27 11:30:20,492 : [INFO ] - Params : @LastName value :c
2014-07-27 11:30:20,492 : [INFO ] - Params : @UserName value :suresg1
2014-07-27 11:30:20,492 : [INFO ] - Params : @Password value :123
2014-07-27 11:30:20,493 : [INFO ] - Params : @Mobile value :8451845162
2014-07-27 11:30:20,493 : [INFO ] - Params : @Email value :tet@test.com
2014-07-27 11:30:20,493 : [INFO ] - Params : @Address value :Navi
2014-07-27 11:30:20,493 : [INFO ] - Params : @Zip value :400706
2014-07-27 11:30:20,493 : [INFO ] - Params : @UserType value :4
2014-07-27 11:30:20,493 : [INFO ] - Now Fill SqlDataAdapter
2014-07-27 11:30:20,844 : [INFO ] - Return Ds
2014-07-27 11:55:25,897 : [INFO ] - Called SignUp api
2014-07-27 11:55:31,259 : [INFO ] - Inside GetDataSet Method
2014-07-27 11:55:31,268 : [INFO ] - ConnStr : Data Source=dhsrecharge.db.9223203.hostedresource.com;database=DhsRecharge;uid=dhsrecharge;password=DHS009rch!
2014-07-27 11:55:31,271 : [INFO ] - Params : @SupDisId value :
2014-07-27 11:55:31,272 : [INFO ] - Params : @DisId value :
2014-07-27 11:55:31,272 : [INFO ] - Params : @FirstName value :Ranjeet
2014-07-27 11:55:31,273 : [INFO ] - Params : @LastName value :kumar
2014-07-27 11:55:31,273 : [INFO ] - Params : @UserName value :rana4
2014-07-27 11:55:31,273 : [INFO ] - Params : @Password value :123
2014-07-27 11:55:31,273 : [INFO ] - Params : @Mobile value :7506260128
2014-07-27 11:55:31,273 : [INFO ] - Params : @Email value :tet@test.com
2014-07-27 11:55:31,273 : [INFO ] - Params : @Address value :Navi
2014-07-27 11:55:31,273 : [INFO ] - Params : @Zip value :400706
2014-07-27 11:55:31,274 : [INFO ] - Params : @UserType value :4
2014-07-27 11:55:31,274 : [INFO ] - Now Fill SqlDataAdapter
2014-07-27 11:55:33,160 : [INFO ] - Return Ds
2014-07-27 11:58:26,656 : [INFO ] - Called SignUp api
2014-07-27 11:58:32,375 : [INFO ] - Inside GetDataSet Method
2014-07-27 11:58:32,375 : [INFO ] - ConnStr : Data Source=dhsrecharge.db.9223203.hostedresource.com;database=DhsRecharge;uid=dhsrecharge;password=DHS009rch!
2014-07-27 11:58:32,384 : [INFO ] - Params : @SupDisId value :
2014-07-27 11:58:32,385 : [INFO ] - Params : @DisId value :
2014-07-27 11:58:32,385 : [INFO ] - Params : @FirstName value :Ranjeet
2014-07-27 11:58:32,386 : [INFO ] - Params : @LastName value :kumar
2014-07-27 11:58:32,386 : [INFO ] - Params : @UserName value :rana4
2014-07-27 11:58:32,386 : [INFO ] - Params : @Password value :123
2014-07-27 11:58:32,387 : [INFO ] - Params : @Mobile value :7506260128
2014-07-27 11:58:32,387 : [INFO ] - Params : @Email value :tet@test.com
2014-07-27 11:58:32,387 : [INFO ] - Params : @Address value :Navi
2014-07-27 11:58:32,387 : [INFO ] - Params : @Zip value :400706
2014-07-27 11:58:32,387 : [INFO ] - Params : @UserType value :4
2014-07-27 11:58:32,390 : [INFO ] - Now Fill SqlDataAdapter
2014-07-27 11:58:34,490 : [INFO ] - Return Ds
2014-07-27 15:17:42,513 : [ERROR] - Got  TransferFund req. 
2014-07-27 15:17:42,544 : [INFO ] - Process request | MobileTo :7506260128 UserId : ret23 UserType : 4 Amount: 1
2014-07-27 15:17:51,443 : [INFO ] - Inside GetDataSet Method
2014-07-27 15:17:51,444 : [INFO ] - ConnStr : Data Source=dhsrecharge.db.9223203.hostedresource.com;database=DhsRecharge;uid=dhsrecharge;password=DHS009rch!
2014-07-27 15:17:51,501 : [INFO ] - Params : @UserId value :ret23
2014-07-27 15:17:51,501 : [INFO ] - Params : @UserType value :4
2014-07-27 15:17:51,501 : [INFO ] - Params : @MobileTo value :7506260128
2014-07-27 15:17:51,501 : [INFO ] - Params : @Amount value :1
2014-07-27 15:17:51,622 : [INFO ] - Now Fill SqlDataAdapter
2014-07-27 15:17:54,662 : [INFO ] - Return Ds
2014-07-27 15:19:24,926 : [ERROR] - Got  TransferFund req. 
2014-07-27 15:19:24,936 : [INFO ] - Process request | MobileTo :7506260128 UserId : ret23 UserType : 4 Amount: 1
2014-07-27 15:19:34,992 : [INFO ] - Inside GetDataSet Method
2014-07-27 15:19:34,993 : [INFO ] - ConnStr : Data Source=dhsrecharge.db.9223203.hostedresource.com;database=DhsRecharge;uid=dhsrecharge;password=DHS009rch!
2014-07-27 15:19:34,998 : [INFO ] - Params : @UserId value :ret23
2014-07-27 15:19:35,000 : [INFO ] - Params : @UserType value :4
2014-07-27 15:19:35,000 : [INFO ] - Params : @MobileTo value :7506260128
2014-07-27 15:19:35,001 : [INFO ] - Params : @Amount value :1
2014-07-27 15:19:35,001 : [INFO ] - Now Fill SqlDataAdapter
2014-07-27 15:19:37,124 : [INFO ] - Return Ds
2014-07-27 16:33:15,691 : [INFO ] - Called ChangePassword api
2014-07-27 16:33:23,198 : [INFO ] - Inside GetDataSet Method
2014-07-27 16:33:23,203 : [INFO ] - ConnStr : Data Source=dhsrecharge.db.9223203.hostedresource.com;database=DhsRecharge;uid=dhsrecharge;password=DHS009rch!
2014-07-27 16:33:23,211 : [INFO ] - Params : @UserId value :ret23
2014-07-27 16:33:23,215 : [INFO ] - Params : @OldPassword value :1234
2014-07-27 16:33:23,216 : [INFO ] - Params : @NewPassword value :1234
2014-07-27 16:33:23,216 : [INFO ] - Params : @UserType value :4
2014-07-27 16:33:23,217 : [INFO ] - Now Fill SqlDataAdapter
2014-07-27 16:33:25,873 : [INFO ] - Return Ds
2014-07-27 17:13:36,649 : [INFO ] - Called ForgotPassword api
2014-07-27 17:13:44,033 : [INFO ] - Inside GetDataSet Method
2014-07-27 17:13:44,034 : [INFO ] - ConnStr : Data Source=dhsrecharge.db.9223203.hostedresource.com;database=DhsRecharge;uid=dhsrecharge;password=DHS009rch!
2014-07-27 17:13:44,046 : [INFO ] - Params : @Mobile value :7506260128
2014-07-27 17:13:44,047 : [INFO ] - Now Fill SqlDataAdapter
2014-07-27 17:13:46,129 : [INFO ] - Return Ds
2014-07-27 17:15:03,219 : [INFO ] - Called ForgotPassword api
2014-07-27 17:15:06,485 : [INFO ] - Inside GetDataSet Method
2014-07-27 17:15:06,486 : [INFO ] - ConnStr : Data Source=dhsrecharge.db.9223203.hostedresource.com;database=DhsRecharge;uid=dhsrecharge;password=DHS009rch!
2014-07-27 17:15:06,487 : [INFO ] - Params : @Mobile value :7506260128
2014-07-27 17:15:06,487 : [INFO ] - Now Fill SqlDataAdapter
2014-07-27 17:15:06,826 : [INFO ] - Return Ds
2014-07-27 17:15:26,270 : [ERROR] - SendSMS | Error : Invalid template or template mismatch
2014-07-27 18:14:35,070 : [INFO ] - CalledService api
2014-07-27 18:14:35,077 : [INFO ] - Params | UserId : 8451845162UserType :4 TransactionType : 2 Source :androidOperatorId : 35 Number: :9665474728 InsuranceDob : Amount :50
2014-07-27 18:14:38,733 : [INFO ] - Going to Process
2014-07-27 18:14:59,646 : [INFO ] - Inside Service method.
2014-07-27 18:15:04,754 : [INFO ] - Check Balance in the account 
2014-07-27 18:15:05,499 : [INFO ] - Param => userId : 8451845162 UserType : 4
2014-07-27 18:15:07,710 : [INFO ] - Inside GetDataSet Method
2014-07-27 18:15:07,712 : [INFO ] - ConnStr : Data Source=dhsrecharge.db.9223203.hostedresource.com;database=DhsRecharge;uid=dhsrecharge;password=DHS009rch!
2014-07-27 18:15:07,717 : [INFO ] - Params : @UserId value :8451845162
2014-07-27 18:15:07,718 : [INFO ] - Params : @UserType value :4
2014-07-27 18:15:07,719 : [INFO ] - Params : @OpId value :35
2014-07-27 18:15:07,719 : [INFO ] - Now Fill SqlDataAdapter
2014-07-27 18:15:09,742 : [INFO ] - Return Ds
2014-07-27 18:15:12,472 : [INFO ] - Got Data from Db
2014-07-27 18:15:15,577 : [INFO ] - Avaialable balance : 10 Service Status : true Margin1.8
2014-07-27 18:15:21,861 : [INFO ] - Going to process the Transaction.
2014-07-27 18:15:26,172 : [INFO ] - Inside Process request Method.
2014-07-27 18:15:27,434 : [INFO ] - Session : dILuqyFfTJAb3QtdWqAf
2014-07-27 18:15:29,815 : [INFO ] - SD : 105539 |AP : 175413 |OP : 175447 |Mobile : :9665474728
2014-07-27 18:15:30,919 : [INFO ] - reqStr : inputmessage=0000047201SM000001190000011900000217%0d%0aapi175413+++++++++++00039311%0d%0a++++++++++++++++++++00000000%0d%0aBEGIN%0d%0aSD%3d105539%0d%0aAP%3d175413%0d%0aOP%3d175447%0d%0aSESSION%3ddILuqyFfTJAb3QtdWqAf%0d%0aNUMBER%3d%3a9665474728%0d%0aAMOUNT%3d10%0d%0aAMOUNT_ALL%3d10%0d%0aCOMMENT%3d%0d%0a%0d%0aEND%0d%0aBEGIN+SIGNATURE%0d%0aiQCRAwkBAACZj1PU9GoBAaGCBACGunxKfI5IX0bixXJ5wLS1ZXUR%2fhKlTULyKgrf%0d%0aznf4ilI2pVgO160IhDZ0hQd3n8eaV93%2bX1yHaoqwRCmAN7ggR%2fEK4tJDdocXoqtC%0d%0ak5ugBksuKv9noIHRUy0ACKiqs8U9dqT3grb6bX8RWG6HtFUudv%2bEn0tN3lED3zRJ%0d%0a1qA%2f1LABxw%3d%3d%0d%0a%3dctkq%0d%0aEND+SIGNATURE
2014-07-27 18:15:30,923 : [INFO ] - Done
2014-07-27 18:15:31,479 : [INFO ] - inputMessageforValidateNumber : inputmessage=0000047201SM000001190000011900000217%0d%0aapi175413+++++++++++00039311%0d%0a++++++++++++++++++++00000000%0d%0aBEGIN%0d%0aSD%3d105539%0d%0aAP%3d175413%0d%0aOP%3d175447%0d%0aSESSION%3ddILuqyFfTJAb3QtdWqAf%0d%0aNUMBER%3d%3a9665474728%0d%0aAMOUNT%3d10%0d%0aAMOUNT_ALL%3d10%0d%0aCOMMENT%3d%0d%0a%0d%0aEND%0d%0aBEGIN+SIGNATURE%0d%0aiQCRAwkBAACZj1PU9GoBAaGCBACGunxKfI5IX0bixXJ5wLS1ZXUR%2fhKlTULyKgrf%0d%0aznf4ilI2pVgO160IhDZ0hQd3n8eaV93%2bX1yHaoqwRCmAN7ggR%2fEK4tJDdocXoqtC%0d%0ak5ugBksuKv9noIHRUy0ACKiqs8U9dqT3grb6bX8RWG6HtFUudv%2bEn0tN3lED3zRJ%0d%0a1qA%2f1LABxw%3d%3d%0d%0a%3dctkq%0d%0aEND+SIGNATURE
2014-07-27 18:15:47,171 : [INFO ] - Inside the Process Method.
2014-07-27 18:15:47,172 : [INFO ] -  URL : https://in.cyberplat.com/cgi-bin/at/at_pay_check.cgi/209
2014-07-27 18:15:47,526 : [INFO ] - Response str : 0000043801SM000000850000008500000217
inist_in            00000040
                    00000000
BEGIN
DATE=27.07.2014 18:15:48
SESSION=dILuqyFfTJAb3QtdWqAf
ERROR=8
RESULT=1
TRANSID=

END
BEGIN SIGNATURE
iQCRAwkBAAAAKFPU9HwBAeJcA/40+aCwV18tI1SY/aHzIebHPFHW9oKhDk/nVUiS
u4r084JL7Dy9jpXfKjzd0DxnxxXc5KvUBUhEZMw+eVlwZcZpG/+2i11fOpZHu0A/
1hSDroT/p20aydcsT8QKvaq0jXfuEb42wdIUWPFaiuZc7deaEZHwfNsj4lfMPmBf
T1SMD7ABxw==
=LIC2
END SIGNATURE
2014-07-27 18:15:48,437 : [INFO ] - ValidateResponse : 0000043801SM000000850000008500000217
inist_in            00000040
                    00000000
BEGIN
DATE=27.07.2014 18:15:48
SESSION=dILuqyFfTJAb3QtdWqAf
ERROR=8
RESULT=1
TRANSID=

END
BEGIN SIGNATURE
iQCRAwkBAAAAKFPU9HwBAeJcA/40+aCwV18tI1SY/aHzIebHPFHW9oKhDk/nVUiS
u4r084JL7Dy9jpXfKjzd0DxnxxXc5KvUBUhEZMw+eVlwZcZpG/+2i11fOpZHu0A/
1hSDroT/p20aydcsT8QKvaq0jXfuEb42wdIUWPFaiuZc7deaEZHwfNsj4lfMPmBf
T1SMD7ABxw==
=LIC2
END SIGNATURE
2014-07-27 18:15:51,737 : [ERROR] - Error Message  : Invalid phone number format.
2014-07-27 18:15:52,965 : [WARN ] - cyber-plate error : Validation Error- Invalid phone number format.
2014-07-27 18:16:13,343 : [INFO ] - Inside GetDataSet Method
2014-07-27 18:16:13,358 : [INFO ] - ConnStr : Data Source=dhsrecharge.db.9223203.hostedresource.com;database=DhsRecharge;uid=dhsrecharge;password=DHS009rch!
2014-07-27 18:16:13,359 : [INFO ] - Params : @UserId value :8451845162
2014-07-27 18:16:13,359 : [INFO ] - Params : @UserType value :4
2014-07-27 18:16:13,359 : [INFO ] - Params : @Number value ::9665474728
2014-07-27 18:16:13,359 : [INFO ] - Params : @Amount value :0
2014-07-27 18:16:13,359 : [INFO ] - Params : @Profit value :0
2014-07-27 18:16:13,359 : [INFO ] - Params : @TransactionType value :2
2014-07-27 18:16:13,379 : [INFO ] - Params : @InsuranceDob value :
2014-07-27 18:16:13,380 : [INFO ] - Params : @TransactionId value :-1
2014-07-27 18:16:13,380 : [INFO ] - Params : @OperaterId value :35
2014-07-27 18:16:13,381 : [INFO ] - Params : @Status value :0
2014-07-27 18:16:13,381 : [INFO ] - Params : @Source value :android
2014-07-27 18:16:13,381 : [INFO ] - Params : @ApiId value :CyberPate
2014-07-27 18:16:13,381 : [INFO ] - Params : @BillRecieptId value :
2014-07-27 18:16:13,382 : [INFO ] - Now Fill SqlDataAdapter
2014-07-27 18:16:13,730 : [INFO ] - Return Ds
2014-07-27 18:16:38,178 : [INFO ] - CalledService api
2014-07-27 18:16:38,178 : [INFO ] - Params | UserId : 8451845162UserType :4 TransactionType : 2 Source :androidOperatorId : 35 Number: :9665474728 InsuranceDob : Amount :10
2014-07-27 18:16:39,510 : [INFO ] - Going to Process
2014-07-27 18:16:39,698 : [INFO ] - Inside Service method.
2014-07-27 18:16:39,699 : [INFO ] - Check Balance in the account 
2014-07-27 18:16:39,700 : [INFO ] - Param => userId : 8451845162 UserType : 4
2014-07-27 18:16:39,701 : [INFO ] - Inside GetDataSet Method
2014-07-27 18:16:39,702 : [INFO ] - ConnStr : Data Source=dhsrecharge.db.9223203.hostedresource.com;database=DhsRecharge;uid=dhsrecharge;password=DHS009rch!
2014-07-27 18:16:39,702 : [INFO ] - Params : @UserId value :8451845162
2014-07-27 18:16:39,703 : [INFO ] - Params : @UserType value :4
2014-07-27 18:16:39,703 : [INFO ] - Params : @OpId value :35
2014-07-27 18:16:39,704 : [INFO ] - Now Fill SqlDataAdapter
2014-07-27 18:16:40,076 : [INFO ] - Return Ds
2014-07-27 18:16:40,084 : [INFO ] - Got Data from Db
2014-07-27 18:16:40,091 : [INFO ] - Avaialable balance : 10 Service Status : true Margin1.8
2014-07-27 18:16:40,097 : [INFO ] - Going to process the Transaction.
2014-07-27 18:16:40,211 : [INFO ] - Inside Process request Method.
2014-07-27 18:16:41,375 : [INFO ] - Session : rksPZg8ypz4UQh5PY0ww
2014-07-27 18:16:42,919 : [INFO ] - SD : 105539 |AP : 175413 |OP : 175447 |Mobile : :9665474728
2014-07-27 18:16:43,063 : [INFO ] - reqStr : inputmessage=0000047201SM000001190000011900000217%0d%0aapi175413+++++++++++00039311%0d%0a++++++++++++++++++++00000000%0d%0aBEGIN%0d%0aSD%3d105539%0d%0aAP%3d175413%0d%0aOP%3d175447%0d%0aSESSION%3drksPZg8ypz4UQh5PY0ww%0d%0aNUMBER%3d%3a9665474728%0d%0aAMOUNT%3d10%0d%0aAMOUNT_ALL%3d10%0d%0aCOMMENT%3d%0d%0a%0d%0aEND%0d%0aBEGIN+SIGNATURE%0d%0aiQCRAwkBAACZj1PU9LMBAXvYA%2f43e%2bv%2fCwZjj0SB8qTwJ6sQN95LiVhOd04FeeMy%0d%0a%2f8MRz%2fyseHKVLihc3%2f8plvelXG38mg2I2EjkrkE80vO6GH8QK2gYa8dyas8OSWMS%0d%0azxGGb4tBx7cjbkCEqdStd4E0B5VZBHOJQ9RoaQroz6kf6CvL8V4o6IW3ER%2bFMauU%0d%0aQ5tRs7ABxw%3d%3d%0d%0a%3d3%2b2i%0d%0aEND+SIGNATURE
2014-07-27 18:16:43,063 : [INFO ] - Done
2014-07-27 18:16:43,243 : [INFO ] - inputMessageforValidateNumber : inputmessage=0000047201SM000001190000011900000217%0d%0aapi175413+++++++++++00039311%0d%0a++++++++++++++++++++00000000%0d%0aBEGIN%0d%0aSD%3d105539%0d%0aAP%3d175413%0d%0aOP%3d175447%0d%0aSESSION%3drksPZg8ypz4UQh5PY0ww%0d%0aNUMBER%3d%3a9665474728%0d%0aAMOUNT%3d10%0d%0aAMOUNT_ALL%3d10%0d%0aCOMMENT%3d%0d%0a%0d%0aEND%0d%0aBEGIN+SIGNATURE%0d%0aiQCRAwkBAACZj1PU9LMBAXvYA%2f43e%2bv%2fCwZjj0SB8qTwJ6sQN95LiVhOd04FeeMy%0d%0a%2f8MRz%2fyseHKVLihc3%2f8plvelXG38mg2I2EjkrkE80vO6GH8QK2gYa8dyas8OSWMS%0d%0azxGGb4tBx7cjbkCEqdStd4E0B5VZBHOJQ9RoaQroz6kf6CvL8V4o6IW3ER%2bFMauU%0d%0aQ5tRs7ABxw%3d%3d%0d%0a%3d3%2b2i%0d%0aEND+SIGNATURE
2014-07-27 18:16:43,422 : [INFO ] - Inside the Process Method.
2014-07-27 18:16:43,424 : [INFO ] -  URL : https://in.cyberplat.com/cgi-bin/at/at_pay_check.cgi/209
2014-07-27 18:16:43,570 : [INFO ] - Response str : 0000043801SM000000850000008500000217
inist_in            00000040
                    00000000
BEGIN
DATE=27.07.2014 18:16:44
SESSION=rksPZg8ypz4UQh5PY0ww
ERROR=8
RESULT=1
TRANSID=

END
BEGIN SIGNATURE
iQCRAwkBAAAAKFPU9LQBAflzA/wJejmjbVzPNllQXXi7JsGUC7UkFN9ljJOW0Rda
6GVVA+ErwPBuf4VR6SvLVpErG9kyPqEoNWBqYn9n/TTPb3vYbdha+aLtqJhRemcJ
EiiDNGlT6uW8UnAoUOAgnVX+7qcNhoH98wkHvMwWWjXLiPmC9J3ixgDFP6avHB4q
3wZhuLABxw==
=4oso
END SIGNATURE
2014-07-27 18:16:46,279 : [INFO ] - ValidateResponse : 0000043801SM000000850000008500000217
inist_in            00000040
                    00000000
BEGIN
DATE=27.07.2014 18:16:44
SESSION=rksPZg8ypz4UQh5PY0ww
ERROR=8
RESULT=1
TRANSID=

END
BEGIN SIGNATURE
iQCRAwkBAAAAKFPU9LQBAflzA/wJejmjbVzPNllQXXi7JsGUC7UkFN9ljJOW0Rda
6GVVA+ErwPBuf4VR6SvLVpErG9kyPqEoNWBqYn9n/TTPb3vYbdha+aLtqJhRemcJ
EiiDNGlT6uW8UnAoUOAgnVX+7qcNhoH98wkHvMwWWjXLiPmC9J3ixgDFP6avHB4q
3wZhuLABxw==
=4oso
END SIGNATURE
2014-07-27 18:16:50,627 : [ERROR] - Error Message  : Invalid phone number format.
2014-07-27 18:17:37,842 : [WARN ] - cyber-plate error : Validation Error- Invalid phone number format.
2014-07-27 18:17:37,846 : [INFO ] - Inside GetDataSet Method
2014-07-27 18:17:37,849 : [INFO ] - ConnStr : Data Source=dhsrecharge.db.9223203.hostedresource.com;database=DhsRecharge;uid=dhsrecharge;password=DHS009rch!
2014-07-27 18:17:37,853 : [INFO ] - Params : @UserId value :8451845162
2014-07-27 18:17:37,856 : [INFO ] - Params : @UserType value :4
2014-07-27 18:17:37,858 : [INFO ] - Params : @Number value ::9665474728
2014-07-27 18:17:37,861 : [INFO ] - Params : @Amount value :0
2014-07-27 18:17:37,863 : [INFO ] - Params : @Profit value :0
2014-07-27 18:17:37,866 : [INFO ] - Params : @TransactionType value :2
2014-07-27 18:17:37,869 : [INFO ] - Params : @InsuranceDob value :
2014-07-27 18:17:37,872 : [INFO ] - Params : @TransactionId value :-1
2014-07-27 18:17:37,875 : [INFO ] - Params : @OperaterId value :35
2014-07-27 18:17:37,993 : [INFO ] - Params : @Status value :0
2014-07-27 18:17:38,003 : [INFO ] - Params : @Source value :android
2014-07-27 18:17:38,006 : [INFO ] - Params : @ApiId value :CyberPate
2014-07-27 18:17:38,006 : [INFO ] - Params : @BillRecieptId value :
2014-07-27 18:17:38,007 : [INFO ] - Now Fill SqlDataAdapter
2014-07-27 18:17:38,316 : [INFO ] - Return Ds
2014-07-27 18:17:53,071 : [INFO ] - CalledService api
2014-07-27 18:17:53,071 : [INFO ] - Params | UserId : 8451845162UserType :4 TransactionType : 2 Source :androidOperatorId : 35 Number: :9665474728 InsuranceDob : Amount :10
2014-07-27 18:17:58,425 : [INFO ] - Going to Process
2014-07-27 18:18:01,613 : [INFO ] - Inside Service method.
2014-07-27 18:18:02,897 : [INFO ] - Check Balance in the account 
2014-07-27 18:18:03,143 : [INFO ] - Param => userId : 8451845162 UserType : 4
2014-07-27 18:18:04,573 : [INFO ] - Inside GetDataSet Method
2014-07-27 18:18:04,574 : [INFO ] - ConnStr : Data Source=dhsrecharge.db.9223203.hostedresource.com;database=DhsRecharge;uid=dhsrecharge;password=DHS009rch!
2014-07-27 18:18:04,574 : [INFO ] - Params : @UserId value :8451845162
2014-07-27 18:18:04,574 : [INFO ] - Params : @UserType value :4
2014-07-27 18:18:04,574 : [INFO ] - Params : @OpId value :35
2014-07-27 18:18:04,574 : [INFO ] - Now Fill SqlDataAdapter
2014-07-27 18:18:04,885 : [INFO ] - Return Ds
2014-07-27 18:18:07,855 : [INFO ] - Got Data from Db
2014-07-27 18:18:11,122 : [INFO ] - Avaialable balance : 10 Service Status : true Margin1.8
2014-07-27 18:18:14,727 : [INFO ] - Going to process the Transaction.
2014-07-27 18:18:17,717 : [INFO ] - Inside Process request Method.
2014-07-27 18:18:38,498 : [INFO ] - Session : Vfv57VTdOiY377zBzc5G
2014-07-27 18:18:38,498 : [INFO ] - SD : 105539 |AP : 175413 |OP : 175447 |Mobile : :9665474728
2014-07-27 18:18:38,538 : [INFO ] - reqStr : inputmessage=0000047201SM000001190000011900000217%0d%0aapi175413+++++++++++00039311%0d%0a++++++++++++++++++++00000000%0d%0aBEGIN%0d%0aSD%3d105539%0d%0aAP%3d175413%0d%0aOP%3d175447%0d%0aSESSION%3dVfv57VTdOiY377zBzc5G%0d%0aNUMBER%3d%3a9665474728%0d%0aAMOUNT%3d10%0d%0aAMOUNT_ALL%3d10%0d%0aCOMMENT%3d%0d%0a%0d%0aEND%0d%0aBEGIN+SIGNATURE%0d%0aiQCRAwkBAACZj1PU9SYBAfThA%2f9Cuzz5c92Vc013kMyDU8SJG%2bTDtP%2bk19%2bwZMT3%0d%0a4pEwT%2bx3kiMfG4Im73jXe8NEkH4WFzf6Lz26tvMSxa%2fXLGhgDjeIrwWbB4Z8551N%0d%0aQeOFfvogFyVoxHV8%2bF1vD3%2f2TneEL%2b5V63Y0lIdl5tgSzjirPUsqkQ4oC8lLBWQs%0d%0aFVEavrABxw%3d%3d%0d%0a%3d78S3%0d%0aEND+SIGNATURE
2014-07-27 18:18:38,539 : [INFO ] - Done
2014-07-27 18:18:38,539 : [INFO ] - inputMessageforValidateNumber : inputmessage=0000047201SM000001190000011900000217%0d%0aapi175413+++++++++++00039311%0d%0a++++++++++++++++++++00000000%0d%0aBEGIN%0d%0aSD%3d105539%0d%0aAP%3d175413%0d%0aOP%3d175447%0d%0aSESSION%3dVfv57VTdOiY377zBzc5G%0d%0aNUMBER%3d%3a9665474728%0d%0aAMOUNT%3d10%0d%0aAMOUNT_ALL%3d10%0d%0aCOMMENT%3d%0d%0a%0d%0aEND%0d%0aBEGIN+SIGNATURE%0d%0aiQCRAwkBAACZj1PU9SYBAfThA%2f9Cuzz5c92Vc013kMyDU8SJG%2bTDtP%2bk19%2bwZMT3%0d%0a4pEwT%2bx3kiMfG4Im73jXe8NEkH4WFzf6Lz26tvMSxa%2fXLGhgDjeIrwWbB4Z8551N%0d%0aQeOFfvogFyVoxHV8%2bF1vD3%2f2TneEL%2b5V63Y0lIdl5tgSzjirPUsqkQ4oC8lLBWQs%0d%0aFVEavrABxw%3d%3d%0d%0a%3d78S3%0d%0aEND+SIGNATURE
2014-07-27 18:18:38,539 : [INFO ] - Inside the Process Method.
2014-07-27 18:18:38,542 : [INFO ] -  URL : https://in.cyberplat.com/cgi-bin/at/at_pay_check.cgi/209
2014-07-27 18:18:38,799 : [INFO ] - Response str : 0000043801SM000000850000008500000217
inist_in            00000040
                    00000000
BEGIN
DATE=27.07.2014 18:18:39
SESSION=Vfv57VTdOiY377zBzc5G
ERROR=8
RESULT=1
TRANSID=

END
BEGIN SIGNATURE
iQCRAwkBAAAAKFPU9ScBAa8qA/4g8zo/LZy1gp21a61JpxvFfeu9QfeGa8efc/0+
vhmtephpqkG83UHh47AM2xJ9NCw+2PQox/dkGis8YQQvJBZDjQM7mMoquq/saa9q
dUzHuiBi/s2Gwc/mMfq+s025hcyx8McW+nXsUcf5wMy9mND+dXNl0rkQLMqHS0iY
fAhKSLABxw==
=9KFk
END SIGNATURE
2014-07-27 18:18:38,800 : [INFO ] - ValidateResponse : 0000043801SM000000850000008500000217
inist_in            00000040
                    00000000
BEGIN
DATE=27.07.2014 18:18:39
SESSION=Vfv57VTdOiY377zBzc5G
ERROR=8
RESULT=1
TRANSID=

END
BEGIN SIGNATURE
iQCRAwkBAAAAKFPU9ScBAa8qA/4g8zo/LZy1gp21a61JpxvFfeu9QfeGa8efc/0+
vhmtephpqkG83UHh47AM2xJ9NCw+2PQox/dkGis8YQQvJBZDjQM7mMoquq/saa9q
dUzHuiBi/s2Gwc/mMfq+s025hcyx8McW+nXsUcf5wMy9mND+dXNl0rkQLMqHS0iY
fAhKSLABxw==
=9KFk
END SIGNATURE
2014-07-27 18:18:38,800 : [ERROR] - Error Message  : Invalid phone number format.
2014-07-27 18:18:38,800 : [WARN ] - cyber-plate error : Validation Error- Invalid phone number format.
2014-07-27 18:18:38,801 : [INFO ] - Inside GetDataSet Method
2014-07-27 18:18:38,801 : [INFO ] - ConnStr : Data Source=dhsrecharge.db.9223203.hostedresource.com;database=DhsRecharge;uid=dhsrecharge;password=DHS009rch!
2014-07-27 18:18:38,801 : [INFO ] - Params : @UserId value :8451845162
2014-07-27 18:18:38,802 : [INFO ] - Params : @UserType value :4
2014-07-27 18:18:38,802 : [INFO ] - Params : @Number value ::9665474728
2014-07-27 18:18:38,802 : [INFO ] - Params : @Amount value :0
2014-07-27 18:18:38,803 : [INFO ] - Params : @Profit value :0
2014-07-27 18:18:38,803 : [INFO ] - Params : @TransactionType value :2
2014-07-27 18:18:38,803 : [INFO ] - Params : @InsuranceDob value :
2014-07-27 18:18:38,803 : [INFO ] - Params : @TransactionId value :-1
2014-07-27 18:18:38,803 : [INFO ] - Params : @OperaterId value :35
2014-07-27 18:18:38,804 : [INFO ] - Params : @Status value :0
2014-07-27 18:18:38,804 : [INFO ] - Params : @Source value :android
2014-07-27 18:18:38,804 : [INFO ] - Params : @ApiId value :CyberPate
2014-07-27 18:18:38,804 : [INFO ] - Params : @BillRecieptId value :
2014-07-27 18:18:38,804 : [INFO ] - Now Fill SqlDataAdapter
2014-07-27 18:18:39,115 : [INFO ] - Return Ds
2014-07-27 18:18:41,623 : [INFO ] - CalledService api
2014-07-27 18:18:41,624 : [INFO ] - Params | UserId : 8451845162UserType :4 TransactionType : 2 Source :androidOperatorId : 35 Number: 9665474728 InsuranceDob : Amount :10
2014-07-27 18:18:43,175 : [INFO ] - Going to Process
2014-07-27 18:18:45,442 : [INFO ] - Inside Service method.
2014-07-27 18:18:46,107 : [INFO ] - Check Balance in the account 
2014-07-27 18:18:47,493 : [INFO ] - Param => userId : 8451845162 UserType : 4
2014-07-27 18:18:49,195 : [INFO ] - Inside GetDataSet Method
2014-07-27 18:18:49,197 : [INFO ] - ConnStr : Data Source=dhsrecharge.db.9223203.hostedresource.com;database=DhsRecharge;uid=dhsrecharge;password=DHS009rch!
2014-07-27 18:18:49,198 : [INFO ] - Params : @UserId value :8451845162
2014-07-27 18:18:49,198 : [INFO ] - Params : @UserType value :4
2014-07-27 18:18:49,198 : [INFO ] - Params : @OpId value :35
2014-07-27 18:18:49,201 : [INFO ] - Now Fill SqlDataAdapter
2014-07-27 18:18:49,554 : [INFO ] - Return Ds
2014-07-27 18:18:50,861 : [INFO ] - Got Data from Db
2014-07-27 18:18:53,246 : [INFO ] - Avaialable balance : 10 Service Status : true Margin1.8
2014-07-27 18:18:55,072 : [INFO ] - Going to process the Transaction.
2014-07-27 18:18:58,124 : [INFO ] - Inside Process request Method.
2014-07-27 18:18:58,797 : [INFO ] - Session : Ed6nAawwGHjs4hV78VzB
2014-07-27 18:19:00,314 : [INFO ] - SD : 105539 |AP : 175413 |OP : 175447 |Mobile : 9665474728
2014-07-27 18:19:00,520 : [INFO ] - reqStr : inputmessage=0000047101SM000001180000011800000217%0d%0aapi175413+++++++++++00039311%0d%0a++++++++++++++++++++00000000%0d%0aBEGIN%0d%0aSD%3d105539%0d%0aAP%3d175413%0d%0aOP%3d175447%0d%0aSESSION%3dEd6nAawwGHjs4hV78VzB%0d%0aNUMBER%3d9665474728%0d%0aAMOUNT%3d10%0d%0aAMOUNT_ALL%3d10%0d%0aCOMMENT%3d%0d%0a%0d%0aEND%0d%0aBEGIN+SIGNATURE%0d%0aiQCRAwkBAACZj1PU9TwBARPdBACiEsho3NgDLGPdHvKqNsjPxlB6SqlU09cXJBic%0d%0aIpiAVPmPuc7jCDwunzVi5TV0qSd8oY70sL1AoWVUzSGPiEK35a%2fBYYWzyI9txUSF%0d%0aXxLJVmwcpDLgAWG%2fRJPtZ0%2bOthKYHTbC8jNmO2sINoYR9Gxp6zQbAf96Z47asoQW%0d%0aE1bctrABxw%3d%3d%0d%0a%3d0OrT%0d%0aEND+SIGNATURE
2014-07-27 18:19:00,520 : [INFO ] - Done
2014-07-27 18:19:01,018 : [INFO ] - inputMessageforValidateNumber : inputmessage=0000047101SM000001180000011800000217%0d%0aapi175413+++++++++++00039311%0d%0a++++++++++++++++++++00000000%0d%0aBEGIN%0d%0aSD%3d105539%0d%0aAP%3d175413%0d%0aOP%3d175447%0d%0aSESSION%3dEd6nAawwGHjs4hV78VzB%0d%0aNUMBER%3d9665474728%0d%0aAMOUNT%3d10%0d%0aAMOUNT_ALL%3d10%0d%0aCOMMENT%3d%0d%0a%0d%0aEND%0d%0aBEGIN+SIGNATURE%0d%0aiQCRAwkBAACZj1PU9TwBARPdBACiEsho3NgDLGPdHvKqNsjPxlB6SqlU09cXJBic%0d%0aIpiAVPmPuc7jCDwunzVi5TV0qSd8oY70sL1AoWVUzSGPiEK35a%2fBYYWzyI9txUSF%0d%0aXxLJVmwcpDLgAWG%2fRJPtZ0%2bOthKYHTbC8jNmO2sINoYR9Gxp6zQbAf96Z47asoQW%0d%0aE1bctrABxw%3d%3d%0d%0a%3d0OrT%0d%0aEND+SIGNATURE
2014-07-27 18:19:01,920 : [INFO ] - Inside the Process Method.
2014-07-27 18:19:01,922 : [INFO ] -  URL : https://in.cyberplat.com/cgi-bin/at/at_pay_check.cgi/209
2014-07-27 18:19:02,473 : [INFO ] - Response str : 0000045101SM000000980000009800000217
inist_in            00000040
                    00000000
BEGIN
DATE=27.07.2014 18:19:03
SESSION=Ed6nAawwGHjs4hV78VzB
ERROR=0
RESULT=0
TRANSID=1000395123805

END
BEGIN SIGNATURE
iQCRAwkBAAAAKFPU9T8BAa/sBACvO4lKhADhipZ/OKQKVbRA9n856CrzY8f+YUuo
H/JvyBCdVN6lXRPP00QM4MNTBGtckabe/SiqQ9N6X7GKC9VMcf6Nun0yjkrMT94L
YRuTOwpR67QKPGo/dk9wi8LbV49PKAsVkmdU0XJppjsPSvcGnacl5wsYLBCaVm0p
uHRepLABxw==
=omLp
END SIGNATURE
2014-07-27 18:19:03,002 : [INFO ] - ValidateResponse : 0000045101SM000000980000009800000217
inist_in            00000040
                    00000000
BEGIN
DATE=27.07.2014 18:19:03
SESSION=Ed6nAawwGHjs4hV78VzB
ERROR=0
RESULT=0
TRANSID=1000395123805

END
BEGIN SIGNATURE
iQCRAwkBAAAAKFPU9T8BAa/sBACvO4lKhADhipZ/OKQKVbRA9n856CrzY8f+YUuo
H/JvyBCdVN6lXRPP00QM4MNTBGtckabe/SiqQ9N6X7GKC9VMcf6Nun0yjkrMT94L
YRuTOwpR67QKPGo/dk9wi8LbV49PKAsVkmdU0XJppjsPSvcGnacl5wsYLBCaVm0p
uHRepLABxw==
=omLp
END SIGNATURE
2014-07-27 18:19:06,014 : [INFO ] - Go for payment
2014-07-27 18:19:20,560 : [INFO ] - stringInputMsgPayment : inputmessage=0000044601SM000000930000009300000217%0d%0aapi175413+++++++++++00039311%0d%0a++++++++++++++++++++00000000%0d%0aBEGIN%0d%0aSD%3d105539%0d%0aAP%3d175413%0d%0aOP%3d175447%0d%0aSESSION%3dEd6nAawwGHjs4hV78VzB%0d%0aNUMBER%3d9665474728%0d%0aAMOUNT%3d10%0d%0a%0d%0aEND%0d%0aBEGIN+SIGNATURE%0d%0aiQCRAwkBAACZj1PU9UsBAWHpA%2f0VhtVV5U18FOKvpGfLX0uIlbAWl9lw2dEaSNxK%0d%0abUQukBGCq%2fm%2bPaj89k5Dfg4Ak3ws71YjuHRvgX%2bE0RB7UBRgZA9DYNUDzDifoRW9%0d%0aYHkzHbUhNr9NB%2fvPtpiWSXChpFdMqhNe8zxLyVOrNqWjs1wFH%2bTiMWhLHJwW5sQo%0d%0aC7C1pLABxw%3d%3d%0d%0a%3dC2Lj%0d%0aEND+SIGNATURE
2014-07-27 18:20:10,793 : [INFO ] - Inside the Process Method.
2014-07-27 18:20:16,026 : [INFO ] -  URL : https://in.cyberplat.com/cgi-bin/at/at_pay.cgi/209
2014-07-27 18:20:20,394 : [INFO ] - Response str : 0000047301SM000001200000012000000217
inist_in            00000040
                    00000000
BEGIN
DATE=27.07.2014 18:20:18
SESSION=Ed6nAawwGHjs4hV78VzB
ERROR=224
RESULT=1
TRANSID=1000395123805
AUTHCODE=973916541

END
BEGIN SIGNATURE
iQCRAwkBAAAAKFPU9YoBAcS0A/4wgcXFDWb1E85nb0gbTzVJs5+kAv2n2IBSwr8a
kQ+iZnvo3lEQIFqcZL6CJVCJiOpMCo+8YwhuUx4ko3TxqQSovpq+0irruED6UytJ
+clHNBT4cSTiSciwBmCOa09YN9ImIggyttzchJG5+vL50miqQo9SuIgZhQmB33ow
fDBpgLABxw==
=5EDg
END SIGNATURE
2014-07-27 18:20:34,838 : [INFO ] - PaymentResponse : 0000047301SM000001200000012000000217
inist_in            00000040
                    00000000
BEGIN
DATE=27.07.2014 18:20:18
SESSION=Ed6nAawwGHjs4hV78VzB
ERROR=224
RESULT=1
TRANSID=1000395123805
AUTHCODE=973916541

END
BEGIN SIGNATURE
iQCRAwkBAAAAKFPU9YoBAcS0A/4wgcXFDWb1E85nb0gbTzVJs5+kAv2n2IBSwr8a
kQ+iZnvo3lEQIFqcZL6CJVCJiOpMCo+8YwhuUx4ko3TxqQSovpq+0irruED6UytJ
+clHNBT4cSTiSciwBmCOa09YN9ImIggyttzchJG5+vL50miqQo9SuIgZhQmB33ow
fDBpgLABxw==
=5EDg
END SIGNATURE
2014-07-27 18:20:36,102 : [ERROR] - Error Message  : UnKnown Error
2014-07-27 18:20:37,517 : [WARN ] - cyberplate-error  : Payment Error- UnKnown Error
2014-07-27 18:20:48,396 : [INFO ] - Inside GetDataSet Method
2014-07-27 18:20:48,396 : [INFO ] - ConnStr : Data Source=dhsrecharge.db.9223203.hostedresource.com;database=DhsRecharge;uid=dhsrecharge;password=DHS009rch!
2014-07-27 18:20:48,397 : [INFO ] - Params : @UserId value :8451845162
2014-07-27 18:20:48,397 : [INFO ] - Params : @UserType value :4
2014-07-27 18:20:48,398 : [INFO ] - Params : @Number value :9665474728
2014-07-27 18:20:48,398 : [INFO ] - Params : @Amount value :0
2014-07-27 18:20:48,398 : [INFO ] - Params : @Profit value :0
2014-07-27 18:20:48,399 : [INFO ] - Params : @TransactionType value :2
2014-07-27 18:20:48,399 : [INFO ] - Params : @InsuranceDob value :
2014-07-27 18:20:48,399 : [INFO ] - Params : @TransactionId value :-1
2014-07-27 18:20:48,400 : [INFO ] - Params : @OperaterId value :35
2014-07-27 18:20:48,400 : [INFO ] - Params : @Status value :0
2014-07-27 18:20:48,400 : [INFO ] - Params : @Source value :android
2014-07-27 18:20:48,401 : [INFO ] - Params : @ApiId value :CyberPate
2014-07-27 18:20:48,401 : [INFO ] - Params : @BillRecieptId value :
2014-07-27 18:20:48,401 : [INFO ] - Now Fill SqlDataAdapter
2014-07-27 18:20:48,819 : [INFO ] - Return Ds
2014-07-27 20:53:18,412 : [INFO ] - Called SignUp api
2014-07-27 21:13:47,386 : [INFO ] - Called SignUp api
2014-07-27 21:13:47,391 : [INFO ] - Inside GetDataSet Method
2014-07-27 21:13:47,392 : [INFO ] - ConnStr : Data Source=dhsrecharge.db.9223203.hostedresource.com;database=DhsRecharge;uid=dhsrecharge;password=DHS009rch!
2014-07-27 21:13:47,410 : [INFO ] - Params : @Name value :Ranjeet
2014-07-27 21:13:47,416 : [INFO ] - Params : @Password value :123
2014-07-27 21:13:47,416 : [INFO ] - Params : @Mobile value :7506260128
2014-07-27 21:13:47,416 : [INFO ] - Params : @UserType value :4
2014-07-27 21:13:47,416 : [INFO ] - Now Fill SqlDataAdapter
2014-07-27 21:13:49,743 : [INFO ] - Return Ds
2014-07-27 21:13:50,251 : [ERROR] - SendSMS | Error : Invalid template or template mismatch
2014-07-27 21:14:12,072 : [INFO ] - Called SignUp api
2014-07-27 21:14:12,073 : [INFO ] - Inside GetDataSet Method
2014-07-27 21:14:12,074 : [INFO ] - ConnStr : Data Source=dhsrecharge.db.9223203.hostedresource.com;database=DhsRecharge;uid=dhsrecharge;password=DHS009rch!
2014-07-27 21:14:12,074 : [INFO ] - Params : @Name value :Suresh
2014-07-27 21:14:12,075 : [INFO ] - Params : @Password value :123
2014-07-27 21:14:12,075 : [INFO ] - Params : @Mobile value :8451845162
2014-07-27 21:14:12,076 : [INFO ] - Params : @UserType value :4
2014-07-27 21:14:12,076 : [INFO ] - Now Fill SqlDataAdapter
2014-07-27 21:14:12,578 : [INFO ] - Return Ds
2014-07-27 21:14:12,733 : [ERROR] - SendSMS | Error : Invalid template or template mismatch
2014-07-27 21:21:16,469 : [INFO ] - CalledService api
2014-07-27 21:21:16,470 : [INFO ] - Params | UserId : 7506260128UserType :4 TransactionType : 1 Source :androidOperatorId : 7 Number: 7506260128 InsuranceDob : Amount :10
2014-07-27 21:21:20,237 : [INFO ] - Going to Process
2014-07-27 21:21:43,090 : [INFO ] - Inside Service method.
2014-07-27 21:21:43,091 : [INFO ] - Check Balance in the account 
2014-07-27 21:21:43,092 : [INFO ] - Param => userId : 7506260128 UserType : 4
2014-07-27 21:21:43,093 : [INFO ] - Inside GetDataSet Method
2014-07-27 21:21:43,093 : [INFO ] - ConnStr : Data Source=dhsrecharge.db.9223203.hostedresource.com;database=DhsRecharge;uid=dhsrecharge;password=DHS009rch!
2014-07-27 21:21:43,094 : [INFO ] - Params : @UserId value :7506260128
2014-07-27 21:21:43,097 : [INFO ] - Params : @UserType value :4
2014-07-27 21:21:43,099 : [INFO ] - Params : @OpId value :7
2014-07-27 21:21:43,101 : [INFO ] - Now Fill SqlDataAdapter
2014-07-27 21:21:45,283 : [INFO ] - Return Ds
2014-07-27 21:21:45,284 : [INFO ] - Got Data from Db
2014-07-27 21:21:45,326 : [INFO ] - Avaialable balance : 70 Service Status : true Margin0
2014-07-27 21:21:45,327 : [INFO ] - Going to process the Transaction.
2014-07-27 21:21:47,289 : [INFO ] - Inside Process request Method.
2014-07-27 21:21:47,903 : [INFO ] - Session : fsNsuxLZt5vLtkUgZiDg
2014-07-27 21:21:49,321 : [INFO ] - SD : 105539 |AP : 175413 |OP : 175447 |Mobile : 7506260128
2014-07-27 21:21:49,594 : [INFO ] - reqStr : inputmessage=0000047101SM000001180000011800000217%0d%0aapi175413+++++++++++00039311%0d%0a++++++++++++++++++++00000000%0d%0aBEGIN%0d%0aSD%3d105539%0d%0aAP%3d175413%0d%0aOP%3d175447%0d%0aSESSION%3dfsNsuxLZt5vLtkUgZiDg%0d%0aNUMBER%3d7506260128%0d%0aAMOUNT%3d10%0d%0aAMOUNT_ALL%3d10%0d%0aCOMMENT%3d%0d%0a%0d%0aEND%0d%0aBEGIN+SIGNATURE%0d%0aiQCRAwkBAACZj1PVIBUBATC5BACnakZngaNOjWSWzVuWfcooeUFW90j6dwdkNant%0d%0aa07c%2bwh3HfYf%2fch615C9Cgz0rU1bMI2fAAXBRq%2f5O7PPCiCKhjsrCOrIAoQvtTNh%0d%0ah7m3CPzlthVBH%2fm%2fPFh7h95IHF14d5FhouKfu9f0InQ8pY%2f996r7V5BNfsoC5viX%0d%0acCTwAbABxw%3d%3d%0d%0a%3dd2cu%0d%0aEND+SIGNATURE
2014-07-27 21:21:49,596 : [INFO ] - Done
2014-07-27 21:21:49,663 : [INFO ] - inputMessageforValidateNumber : inputmessage=0000047101SM000001180000011800000217%0d%0aapi175413+++++++++++00039311%0d%0a++++++++++++++++++++00000000%0d%0aBEGIN%0d%0aSD%3d105539%0d%0aAP%3d175413%0d%0aOP%3d175447%0d%0aSESSION%3dfsNsuxLZt5vLtkUgZiDg%0d%0aNUMBER%3d7506260128%0d%0aAMOUNT%3d10%0d%0aAMOUNT_ALL%3d10%0d%0aCOMMENT%3d%0d%0a%0d%0aEND%0d%0aBEGIN+SIGNATURE%0d%0aiQCRAwkBAACZj1PVIBUBATC5BACnakZngaNOjWSWzVuWfcooeUFW90j6dwdkNant%0d%0aa07c%2bwh3HfYf%2fch615C9Cgz0rU1bMI2fAAXBRq%2f5O7PPCiCKhjsrCOrIAoQvtTNh%0d%0ah7m3CPzlthVBH%2fm%2fPFh7h95IHF14d5FhouKfu9f0InQ8pY%2f996r7V5BNfsoC5viX%0d%0acCTwAbABxw%3d%3d%0d%0a%3dd2cu%0d%0aEND+SIGNATURE
2014-07-27 21:21:49,885 : [INFO ] - Inside the Process Method.
2014-07-27 21:21:49,887 : [INFO ] -  URL : https://in.cyberplat.com/cgi-bin/bu/bu_pay_check.cgi/234
2014-07-27 21:21:51,018 : [INFO ] - Response str : 0000057301SM000002200000022000000217
inist_in            00000040
                    00000000
BEGIN
DATE=27.07.2014 21:21:51
SESSION=fsNsuxLZt5vLtkUgZiDg
ERROR=0
RESULT=0
TRANSID=1000395225917
ADDINFO=bill amount 10.00
PRICE=10.00
RELATIONSHIPNUM=1.25572722
OPERATORID=9916640432
VALUE2=WAP
VALUE1=Hutch User

END
BEGIN SIGNATURE
iQCRAwkBAAAAKFPVIBcBASfrA/4yBT6mZbIx2kdyet36aQZEebi6GNNLyV9lWiYo
L+l52nfcz9c6VHuD+Hgu2g71lDmmTvkyZCQFiX2/zjqHsSuQrsf1FlZA34wImBxI
9b7G2CdcTFWRkWgCHD3Oeha46etpcuA3QrZBTwTG4YNr1riZbPevwiIKH7Cs4G65
hQZn5rABxw==
=tgFj
END SIGNATURE
2014-07-27 21:21:51,671 : [INFO ] - ValidateResponse : 0000057301SM000002200000022000000217
inist_in            00000040
                    00000000
BEGIN
DATE=27.07.2014 21:21:51
SESSION=fsNsuxLZt5vLtkUgZiDg
ERROR=0
RESULT=0
TRANSID=1000395225917
ADDINFO=bill amount 10.00
PRICE=10.00
RELATIONSHIPNUM=1.25572722
OPERATORID=9916640432
VALUE2=WAP
VALUE1=Hutch User

END
BEGIN SIGNATURE
iQCRAwkBAAAAKFPVIBcBASfrA/4yBT6mZbIx2kdyet36aQZEebi6GNNLyV9lWiYo
L+l52nfcz9c6VHuD+Hgu2g71lDmmTvkyZCQFiX2/zjqHsSuQrsf1FlZA34wImBxI
9b7G2CdcTFWRkWgCHD3Oeha46etpcuA3QrZBTwTG4YNr1riZbPevwiIKH7Cs4G65
hQZn5rABxw==
=tgFj
END SIGNATURE
2014-07-27 21:21:52,223 : [INFO ] - Go for payment
2014-07-27 21:21:52,635 : [INFO ] - stringInputMsgPayment : inputmessage=0000044601SM000000930000009300000217%0d%0aapi175413+++++++++++00039311%0d%0a++++++++++++++++++++00000000%0d%0aBEGIN%0d%0aSD%3d105539%0d%0aAP%3d175413%0d%0aOP%3d175447%0d%0aSESSION%3dfsNsuxLZt5vLtkUgZiDg%0d%0aNUMBER%3d7506260128%0d%0aAMOUNT%3d10%0d%0a%0d%0aEND%0d%0aBEGIN+SIGNATURE%0d%0aiQCRAwkBAACZj1PVIBgBAbWAA%2fsGLqqpHcDsV5XAqVi7QOUD6qrv5GA%2f%2fhXDCI24%0d%0atDpkQig1G3nNGBJ33DaCV5yBF1mh5KVHUX3ylAt5M%2b1Hkxwo3gCV%2bZIgjtAgc2sn%0d%0aXFPbayhDQUv1KZPenLOD86%2bsSxw%2fAf%2bF93a%2f8YwozsQellCOsUaSalPyDArN69or%0d%0aS7Avd7ABxw%3d%3d%0d%0a%3dFYL4%0d%0aEND+SIGNATURE
2014-07-27 21:21:53,601 : [INFO ] - Inside the Process Method.
2014-07-27 21:21:53,601 : [INFO ] -  URL : https://in.cyberplat.com/cgi-bin/bu/bu_pay.cgi/234
2014-07-27 21:21:55,140 : [INFO ] - Response str : 0000047601SM000001230000012300000217
inist_in            00000040
                    00000000
BEGIN
DATE=27.07.2014 21:21:55
SESSION=fsNsuxLZt5vLtkUgZiDg
ERROR=0
RESULT=0
TRANSID=1000395225917
AUTHCODE=MCY23429024532

END
BEGIN SIGNATURE
iQCRAwkBAAAAKFPVIBsBAQMVA/9s/TXI608paDj1vvVjRHrg/hyC4oFtMtu0FMk1
wyunZiQDOKBe7wt4mHfbzYHGmnRixlYz5P4/LHgc5jK4wqvNvn/8uih2NfORnHJe
zYTCa91EAaXiQElOOF/xm/oCAqnkhwXY0B5hAzeLqQHGdnffOj7RgRBMdeQLAYZS
FbQlo7ABxw==
=vhFF
END SIGNATURE
2014-07-27 21:21:55,819 : [INFO ] - PaymentResponse : 0000047601SM000001230000012300000217
inist_in            00000040
                    00000000
BEGIN
DATE=27.07.2014 21:21:55
SESSION=fsNsuxLZt5vLtkUgZiDg
ERROR=0
RESULT=0
TRANSID=1000395225917
AUTHCODE=MCY23429024532

END
BEGIN SIGNATURE
iQCRAwkBAAAAKFPVIBsBAQMVA/9s/TXI608paDj1vvVjRHrg/hyC4oFtMtu0FMk1
wyunZiQDOKBe7wt4mHfbzYHGmnRixlYz5P4/LHgc5jK4wqvNvn/8uih2NfORnHJe
zYTCa91EAaXiQElOOF/xm/oCAqnkhwXY0B5hAzeLqQHGdnffOj7RgRBMdeQLAYZS
FbQlo7ABxw==
=vhFF
END SIGNATURE
2014-07-27 21:21:56,400 : [INFO ] - Success : Check Transaction status
2014-07-27 21:21:57,063 : [INFO ] - TransactionId: 1000395225917
2014-07-27 21:21:57,409 : [INFO ] - CheckTransation Status Input Msg  : inputmessage=0000038301SM000000300000003000000217%0d%0aapi175413+++++++++++00039311%0d%0a++++++++++++++++++++00000000%0d%0aBEGIN%0d%0aSESSION%3dfsNsuxLZt5vLtkUgZiDg%0d%0a%0d%0aEND%0d%0aBEGIN+SIGNATURE%0d%0aiQCRAwkBAACZj1PVIB0BAdhmA%2f9XiyqIkT7lY2qxWJSPszSwjlrGH2uJU2lQQnfD%0d%0azfvA5elTrDAcl0vJgZrjPK%2b5BkEyOJWRYWD%2fzhnVkoQVQgNMxSR1lCPkNl%2f6UVoT%0d%0aH%2f7N23GsT2PQar3p9QmNJJ7nK74PjMvQloF%2fCrE1QR1mff8d%2f60yXxDVm9jaoCqn%0d%0aLYv5NbABxw%3d%3d%0d%0a%3dJFY7%0d%0aEND+SIGNATURE
2014-07-27 21:21:57,636 : [INFO ] - Inside the Process Method.
2014-07-27 21:21:57,637 : [INFO ] -  URL : https://in.cyberplat.com/cgi-bin/bu/bu_pay_status.cgi
2014-07-27 21:21:57,997 : [INFO ] - Response str : 0000046201SM000001090000010900000217
inist_in            00000040
                    00000000
BEGIN
DATE=27.07.2014 21:21:51
SESSION=fsNsuxLZt5vLtkUgZiDg
ERROR=0
RESULT=7
AUTHCODE=
TRANSID=1000395225917

END
BEGIN SIGNATURE
iQCRAwkBAAAAKFPVIB4BATerA/0QjXndZxt+P/uqd3Wl4rjp1azdU8laygs3UTSr
i79oPLiaiXMuwhA8HCn33cMchEWyGAVO1cqtjnvyDhcli5einSHgaK82VToKW5yj
v6lYZuByZO4qiB5FPuZcePiZ9XRS17XtO0LlDNlEJ8wDgMBU6dcJ1lZ/Fw3H5Ik5
iXXsHrABxw==
=467Y
END SIGNATURE
2014-07-27 21:21:58,178 : [INFO ] - CheckTransation Status statusResponse  : 0000046201SM000001090000010900000217
inist_in            00000040
                    00000000
BEGIN
DATE=27.07.2014 21:21:51
SESSION=fsNsuxLZt5vLtkUgZiDg
ERROR=0
RESULT=7
AUTHCODE=
TRANSID=1000395225917

END
BEGIN SIGNATURE
iQCRAwkBAAAAKFPVIB4BATerA/0QjXndZxt+P/uqd3Wl4rjp1azdU8laygs3UTSr
i79oPLiaiXMuwhA8HCn33cMchEWyGAVO1cqtjnvyDhcli5einSHgaK82VToKW5yj
v6lYZuByZO4qiB5FPuZcePiZ9XRS17XtO0LlDNlEJ8wDgMBU6dcJ1lZ/Fw3H5Ik5
iXXsHrABxw==
=467Y
END SIGNATURE
2014-07-27 21:21:58,961 : [INFO ] - Finally Success recharge => TransactionId : 1000395225917
2014-07-27 21:22:04,454 : [INFO ] - Inside GetDataSet Method
2014-07-27 21:22:04,454 : [INFO ] - ConnStr : Data Source=dhsrecharge.db.9223203.hostedresource.com;database=DhsRecharge;uid=dhsrecharge;password=DHS009rch!
2014-07-27 21:22:04,455 : [INFO ] - Params : @UserId value :7506260128
2014-07-27 21:22:04,455 : [INFO ] - Params : @UserType value :4
2014-07-27 21:22:04,455 : [INFO ] - Params : @Number value :7506260128
2014-07-27 21:22:04,455 : [INFO ] - Params : @Amount value :15
2014-07-27 21:22:04,456 : [INFO ] - Params : @Profit value :0
2014-07-27 21:22:04,456 : [INFO ] - Params : @TransactionType value :1
2014-07-27 21:22:04,456 : [INFO ] - Params : @InsuranceDob value :
2014-07-27 21:22:04,457 : [INFO ] - Params : @TransactionId value :1000395225917
2014-07-27 21:22:04,457 : [INFO ] - Params : @OperaterId value :7
2014-07-27 21:22:04,458 : [INFO ] - Params : @Status value :1
2014-07-27 21:22:04,459 : [INFO ] - Params : @Source value :android
2014-07-27 21:22:04,459 : [INFO ] - Params : @ApiId value :CyberPate
2014-07-27 21:22:04,459 : [INFO ] - Params : @BillRecieptId value :
2014-07-27 21:22:04,459 : [INFO ] - Now Fill SqlDataAdapter
2014-07-27 21:22:04,812 : [INFO ] - Return Ds
2014-07-27 21:22:05,793 : [ERROR] - SendSMS | Error : Invalid template or template mismatch
2014-07-27 23:10:50,824 : [ERROR] - Got BalanceUseSummary req.
2014-07-27 23:10:53,092 : [ERROR] - Process req. | UserId :8451845162 UserType : 4
2014-07-27 23:10:53,095 : [INFO ] - Inside GetDataSet Method
2014-07-27 23:10:53,096 : [INFO ] - ConnStr : Data Source=dhsrecharge.db.9223203.hostedresource.com;database=DhsRecharge;uid=dhsrecharge;password=DHS009rch!
2014-07-27 23:10:53,101 : [INFO ] - Params : @UserId value :8451845162
2014-07-27 23:10:53,102 : [INFO ] - Params : @UserType value :4
2014-07-27 23:10:53,102 : [INFO ] - Params : @FromDate value :01/09/1998
2014-07-27 23:10:53,103 : [INFO ] - Params : @ToDate value :01/08/2015
2014-07-27 23:10:53,103 : [INFO ] - Now Fill SqlDataAdapter
2014-07-27 23:10:55,294 : [INFO ] - Return Ds
2014-07-27 23:11:09,640 : [ERROR] - Got BalanceUseSummary req.
2014-07-27 23:11:10,954 : [ERROR] - Inside the BalanceUseSummary api | Error : Invalid request Data!!.
2014-07-27 23:11:30,101 : [ERROR] - Got BalanceUseSummary req.
2014-07-27 23:12:19,633 : [ERROR] - Inside the BalanceUseSummary api | Error : Invalid request Data!!.
2014-07-27 23:12:22,027 : [ERROR] - Got BalanceUseSummary req.
2014-07-27 23:12:25,505 : [ERROR] - Process req. | UserId :8451845162 UserType : 4
2014-07-27 23:12:25,653 : [INFO ] - Inside GetDataSet Method
2014-07-27 23:12:25,653 : [INFO ] - ConnStr : Data Source=dhsrecharge.db.9223203.hostedresource.com;database=DhsRecharge;uid=dhsrecharge;password=DHS009rch!
2014-07-27 23:12:25,653 : [INFO ] - Params : @UserId value :8451845162
2014-07-27 23:12:25,654 : [INFO ] - Params : @UserType value :4
2014-07-27 23:12:25,654 : [INFO ] - Params : @FromDate value :
2014-07-27 23:12:25,654 : [INFO ] - Params : @ToDate value :
2014-07-27 23:12:25,654 : [INFO ] - Now Fill SqlDataAdapter
2014-07-27 23:12:26,011 : [INFO ] - Return Ds
