2014-07-28 00:02:49,367 : [ERROR] - Got  TransferFund req. 
2014-07-28 00:02:49,381 : [INFO ] - Process request | MobileTo :7506260128 UserId : 7506260128 UserType : 4 Amount: 1
2014-07-28 00:02:53,445 : [INFO ] - Inside GetDataSet Method
2014-07-28 00:02:53,448 : [INFO ] - ConnStr : Data Source=dhsrecharge.db.9223203.hostedresource.com;database=DhsRecharge;uid=dhsrecharge;password=DHS009rch!
2014-07-28 00:02:53,452 : [INFO ] - Params : @UserId value :7506260128
2014-07-28 00:02:53,452 : [INFO ] - Params : @UserType value :4
2014-07-28 00:02:53,452 : [INFO ] - Params : @MobileTo value :7506260128
2014-07-28 00:02:53,453 : [INFO ] - Params : @Amount value :1
2014-07-28 00:02:53,453 : [INFO ] - Now Fill SqlDataAdapter
2014-07-28 00:02:55,603 : [INFO ] - Return Ds
2014-07-28 00:03:00,686 : [ERROR] - SendSMS | Error : Invalid template or template mismatch
2014-07-28 00:03:00,774 : [ERROR] - SendSMS | Error : Invalid template or template mismatch
2014-07-28 00:03:14,797 : [ERROR] - Got  TransferFund req. 
2014-07-28 00:03:14,798 : [INFO ] - Process request | MobileTo :7506260128 UserId : 7506260128 UserType : 4 Amount: 10
2014-07-28 00:03:16,435 : [INFO ] - Inside GetDataSet Method
2014-07-28 00:03:16,435 : [INFO ] - ConnStr : Data Source=dhsrecharge.db.9223203.hostedresource.com;database=DhsRecharge;uid=dhsrecharge;password=DHS009rch!
2014-07-28 00:03:16,436 : [INFO ] - Params : @UserId value :7506260128
2014-07-28 00:03:16,437 : [INFO ] - Params : @UserType value :4
2014-07-28 00:03:16,441 : [INFO ] - Params : @MobileTo value :7506260128
2014-07-28 00:03:16,441 : [INFO ] - Params : @Amount value :10
2014-07-28 00:03:16,441 : [INFO ] - Now Fill SqlDataAdapter
2014-07-28 00:03:16,755 : [INFO ] - Return Ds
2014-07-28 00:03:17,204 : [ERROR] - SendSMS | Error : Invalid template or template mismatch
2014-07-28 00:03:17,314 : [ERROR] - SendSMS | Error : Invalid template or template mismatch
2014-07-28 00:03:55,120 : [ERROR] - Got  TransferFund req. 
2014-07-28 00:03:55,121 : [INFO ] - Process request | MobileTo :8451845162 UserId : 7506260128 UserType : 4 Amount: 10
2014-07-28 00:03:56,913 : [INFO ] - Inside GetDataSet Method
2014-07-28 00:03:56,914 : [INFO ] - ConnStr : Data Source=dhsrecharge.db.9223203.hostedresource.com;database=DhsRecharge;uid=dhsrecharge;password=DHS009rch!
2014-07-28 00:03:56,914 : [INFO ] - Params : @UserId value :7506260128
2014-07-28 00:03:56,915 : [INFO ] - Params : @UserType value :4
2014-07-28 00:03:56,915 : [INFO ] - Params : @MobileTo value :8451845162
2014-07-28 00:03:56,915 : [INFO ] - Params : @Amount value :10
2014-07-28 00:03:56,916 : [INFO ] - Now Fill SqlDataAdapter
2014-07-28 00:03:57,283 : [INFO ] - Return Ds
2014-07-28 00:03:57,469 : [ERROR] - SendSMS | Error : Invalid template or template mismatch
2014-07-28 00:03:57,594 : [ERROR] - SendSMS | Error : Invalid template or template mismatch
2014-07-28 00:04:10,564 : [ERROR] - Got  TransferFund req. 
2014-07-28 00:04:10,565 : [INFO ] - Process request | MobileTo :8451845162 UserId : 7506260128 UserType : 4 Amount: 10
2014-07-28 00:04:12,107 : [INFO ] - Inside GetDataSet Method
2014-07-28 00:04:12,108 : [INFO ] - ConnStr : Data Source=dhsrecharge.db.9223203.hostedresource.com;database=DhsRecharge;uid=dhsrecharge;password=DHS009rch!
2014-07-28 00:04:12,109 : [INFO ] - Params : @UserId value :7506260128
2014-07-28 00:04:12,109 : [INFO ] - Params : @UserType value :4
2014-07-28 00:04:12,110 : [INFO ] - Params : @MobileTo value :8451845162
2014-07-28 00:04:12,110 : [INFO ] - Params : @Amount value :10
2014-07-28 00:04:12,110 : [INFO ] - Now Fill SqlDataAdapter
2014-07-28 00:04:12,639 : [INFO ] - Return Ds
2014-07-28 00:04:13,598 : [ERROR] - SendSMS | Error : Invalid template or template mismatch
2014-07-28 00:04:13,813 : [ERROR] - SendSMS | Error : Invalid template or template mismatch
